<?xml version="1.0" encoding="UTF-8"?>
<testsuite xmlns:xsi="http://www.w3.org/2001/XMLSchema-instance" xsi:noNamespaceSchemaLocation="https://maven.apache.org/surefire/maven-surefire-plugin/xsd/surefire-test-report-3.0.xsd" version="3.0" name="ca.bc.gov.backendstartapi.service.OrchardServiceTest" time="0.035" tests="7" errors="0" skipped="0" failures="0">
  <properties>
[...]
</properties>
  <testcase name="findParentTreeGeneticQualityDataEmptyServiceTest" classname="ca.bc.gov.backendstartapi.service.OrchardServiceTest" time="0.003">
    <system-out><![CDATA[2024-04-10 20:15:46.593 &amp#27;[34mINFO &amp#27;[0;39m [&amp#27;[34mmain&amp#27;[0;39m] &amp#27;[33morg.springframework.test.context.support.AnnotationConfigContextLoaderUtils&amp#27;[0;39m: Could not detect default configuration classes for test class [ca.bc.gov.backendstartapi.service.OrchardServiceTest]: OrchardServiceTest does not declare any static, non-private, non-final, nested classes annotated with @Configuration.
2024-04-10 20:15:46.600 &amp#27;[34mINFO &amp#27;[0;39m [&amp#27;[34mmain&amp#27;[0;39m] &amp#27;[33mca.bc.gov.backendstartapi.service.OrchardService&amp#27;[0;39m: Fetching Parent Tree data for Orchard ID: 405
2024-04-10 20:15:46.600 &amp#27;[34mINFO &amp#27;[0;39m [&amp#27;[34mmain&amp#27;[0;39m] &amp#27;[33mca.bc.gov.backendstartapi.service.OrchardService&amp#27;[0;39m: Finding SPU id for orchard id 405
2024-04-10 20:15:46.600 &amp#27;[34mINFO &amp#27;[0;39m [&amp#27;[34mmain&amp#27;[0;39m] &amp#27;[33mca.bc.gov.backendstartapi.service.OrchardService&amp#27;[0;39m: Finding SPU id for orchard id 405 and active true
2024-04-10 20:15:46.600 &amp#27;[34mINFO &amp#27;[0;39m [&amp#27;[34mmain&amp#27;[0;39m] &amp#27;[33mca.bc.gov.backendstartapi.service.OrchardService&amp#27;[0;39m: 0 Orchards for this spu id found.
]]></system-out>
  </testcase>
  <testcase name="findOrchardByVegCodeSuccessServiceTest" classname="ca.bc.gov.backendstartapi.service.OrchardServiceTest" time="0.004">
    <system-out><![CDATA[2024-04-10 20:15:46.605 &amp#27;[34mINFO &amp#27;[0;39m [&amp#27;[34mmain&amp#27;[0;39m] &amp#27;[33mca.bc.gov.backendstartapi.service.OrchardService&amp#27;[0;39m: Finding all orchards by veg code for code FDI
2024-04-10 20:15:46.606 &amp#27;[34mINFO &amp#27;[0;39m [&amp#27;[34mmain&amp#27;[0;39m] &amp#27;[33mca.bc.gov.backendstartapi.service.OrchardService&amp#27;[0;39m: 2 orchards found for veg code FDI
]]></system-out>
  </testcase>
  <testcase name="findParentTreesByVegCodeTest" classname="ca.bc.gov.backendstartapi.service.OrchardServiceTest" time="0.003">
    <system-out><![CDATA[2024-04-10 20:15:46.609 &amp#27;[34mINFO &amp#27;[0;39m [&amp#27;[34mmain&amp#27;[0;39m] &amp#27;[33mca.bc.gov.backendstartapi.service.OrchardService&amp#27;[0;39m: Finding all orchard seed planning unit by active state true
2024-04-10 20:15:46.609 &amp#27;[34mINFO &amp#27;[0;39m [&amp#27;[34mmain&amp#27;[0;39m] &amp#27;[33mca.bc.gov.backendstartapi.service.OrchardService&amp#27;[0;39m: 0 orchard seed planning unit by active state found
2024-04-10 20:15:46.610 &amp#27;[34mINFO &amp#27;[0;39m [&amp#27;[34mmain&amp#27;[0;39m] &amp#27;[33mca.bc.gov.backendstartapi.service.OrchardService&amp#27;[0;39m: Finding parent trees by veg code with code FDI
2024-04-10 20:15:46.610 &amp#27;[34mINFO &amp#27;[0;39m [&amp#27;[34mmain&amp#27;[0;39m] &amp#27;[33mca.bc.gov.backendstartapi.service.OrchardService&amp#27;[0;39m: Finding all orchard seed planning unit by active state true
2024-04-10 20:15:46.610 &amp#27;[34mINFO &amp#27;[0;39m [&amp#27;[34mmain&amp#27;[0;39m] &amp#27;[33mca.bc.gov.backendstartapi.service.OrchardService&amp#27;[0;39m: 1 orchard seed planning unit by active state found
2024-04-10 20:15:46.611 &amp#27;[34mINFO &amp#27;[0;39m [&amp#27;[34mmain&amp#27;[0;39m] &amp#27;[33mca.bc.gov.backendstartapi.service.OrchardService&amp#27;[0;39m: 2 parent tree by veg code found.
]]></system-out>
  </testcase>
  <testcase name="findParentTreeGeneticQualityDataSuccessServiceTest" classname="ca.bc.gov.backendstartapi.service.OrchardServiceTest" time="0.003">
    <system-out><![CDATA[2024-04-10 20:15:46.614 &amp#27;[34mINFO &amp#27;[0;39m [&amp#27;[34mmain&amp#27;[0;39m] &amp#27;[33mca.bc.gov.backendstartapi.service.OrchardService&amp#27;[0;39m: Fetching Parent Tree data for Orchard ID: 405
2024-04-10 20:15:46.614 &amp#27;[34mINFO &amp#27;[0;39m [&amp#27;[34mmain&amp#27;[0;39m] &amp#27;[33mca.bc.gov.backendstartapi.service.OrchardService&amp#27;[0;39m: Finding SPU id for orchard id 405
2024-04-10 20:15:46.614 &amp#27;[34mINFO &amp#27;[0;39m [&amp#27;[34mmain&amp#27;[0;39m] &amp#27;[33mca.bc.gov.backendstartapi.service.OrchardService&amp#27;[0;39m: Finding SPU id for orchard id 405 and active true
2024-04-10 20:15:46.614 &amp#27;[34mINFO &amp#27;[0;39m [&amp#27;[34mmain&amp#27;[0;39m] &amp#27;[33mca.bc.gov.backendstartapi.service.OrchardService&amp#27;[0;39m: 1 Orchards for this spu id found.
2024-04-10 20:15:46.615 &amp#27;[34mINFO &amp#27;[0;39m [&amp#27;[34mmain&amp#27;[0;39m] &amp#27;[33mca.bc.gov.backendstartapi.service.OrchardService&amp#27;[0;39m: Found SPU Id 1 for Orchard Id 405
2024-04-10 20:15:46.615 &amp#27;[34mINFO &amp#27;[0;39m [&amp#27;[34mmain&amp#27;[0;39m] &amp#27;[33mca.bc.gov.backendstartapi.service.OrchardService&amp#27;[0;39m: Finished fetching Parent Tree data for Orchard ID: 405
]]></system-out>
  </testcase>
  <testcase name="findOrchardByVegCodeEmptyServiceTest" classname="ca.bc.gov.backendstartapi.service.OrchardServiceTest" time="0.002">
    <system-out><![CDATA[2024-04-10 20:15:46.619 &amp#27;[34mINFO &amp#27;[0;39m [&amp#27;[34mmain&amp#27;[0;39m] &amp#27;[33mca.bc.gov.backendstartapi.service.OrchardService&amp#27;[0;39m: Finding all orchards by veg code for code FDI
2024-04-10 20:15:46.620 &amp#27;[34mINFO &amp#27;[0;39m [&amp#27;[34mmain&amp#27;[0;39m] &amp#27;[33mca.bc.gov.backendstartapi.service.OrchardService&amp#27;[0;39m: 0 orchards found for veg code FDI
]]></system-out>
  </testcase>
  <testcase name="findSpuIdByOrchardInactiveServiceTest" classname="ca.bc.gov.backendstartapi.service.OrchardServiceTest" time="0.001">
    <system-out><![CDATA[2024-04-10 20:15:46.622 &amp#27;[34mINFO &amp#27;[0;39m [&amp#27;[34mmain&amp#27;[0;39m] &amp#27;[33mca.bc.gov.backendstartapi.service.OrchardService&amp#27;[0;39m: Finding SPU id for orchard id 129
2024-04-10 20:15:46.623 &amp#27;[34mINFO &amp#27;[0;39m [&amp#27;[34mmain&amp#27;[0;39m] &amp#27;[33mca.bc.gov.backendstartapi.service.OrchardService&amp#27;[0;39m: Finding SPU id for orchard id 129 and active true
2024-04-10 20:15:46.623 &amp#27;[34mINFO &amp#27;[0;39m [&amp#27;[34mmain&amp#27;[0;39m] &amp#27;[33mca.bc.gov.backendstartapi.service.OrchardService&amp#27;[0;39m: 1 Orchards for this spu id found.
]]></system-out>
  </testcase>
  <testcase name="findSpuIdByOrchardActiveServiceTest" classname="ca.bc.gov.backendstartapi.service.OrchardServiceTest" time="0.003">
    <system-out><![CDATA[2024-04-10 20:15:46.625 &amp#27;[34mINFO &amp#27;[0;39m [&amp#27;[34mmain&amp#27;[0;39m] &amp#27;[33mca.bc.gov.backendstartapi.service.OrchardService&amp#27;[0;39m: Finding SPU id for orchard id 127
2024-04-10 20:15:46.626 &amp#27;[34mINFO &amp#27;[0;39m [&amp#27;[34mmain&amp#27;[0;39m] &amp#27;[33mca.bc.gov.backendstartapi.service.OrchardService&amp#27;[0;39m: Finding SPU id for orchard id 127 and active true
2024-04-10 20:15:46.626 &amp#27;[34mINFO &amp#27;[0;39m [&amp#27;[34mmain&amp#27;[0;39m] &amp#27;[33mca.bc.gov.backendstartapi.service.OrchardService&amp#27;[0;39m: 1 Orchards for this spu id found.
]]></system-out>
  </testcase>
</testsuite>