<?xml version="1.0" encoding="UTF-8"?>
<testsuite xmlns:xsi="http://www.w3.org/2001/XMLSchema-instance" xsi:noNamespaceSchemaLocation="https://maven.apache.org/surefire/maven-surefire-plugin/xsd/surefire-test-report-3.0.xsd" version="3.0" name="ca.bc.gov.backendstartapi.endpoint.SeedlotEndpointTest" time="1.426" tests="29" errors="0" skipped="0" failures="0">
  <properties>
[...]
</properties>
  <testcase name="getSingleSeedlotInfoTest" classname="ca.bc.gov.backendstartapi.endpoint.SeedlotEndpointTest" time="0.084">
    <system-out><![CDATA[2024-04-10 20:15:38.654 &amp#27;[34mINFO &amp#27;[0;39m [&amp#27;[34mmain&amp#27;[0;39m] &amp#27;[33morg.springframework.test.context.support.AnnotationConfigContextLoaderUtils&amp#27;[0;39m: Could not detect default configuration classes for test class [ca.bc.gov.backendstartapi.endpoint.SeedlotEndpointTest]: SeedlotEndpointTest does not declare any static, non-private, non-final, nested classes annotated with @Configuration.
2024-04-10 20:15:38.665 &amp#27;[34mINFO &amp#27;[0;39m [&amp#27;[34mmain&amp#27;[0;39m] &amp#27;[33morg.springframework.boot.test.context.SpringBootTestContextBootstrapper&amp#27;[0;39m: Found @SpringBootConfiguration ca.bc.gov.backendstartapi.BackendStartApiApplication for test class ca.bc.gov.backendstartapi.endpoint.SeedlotEndpointTest
2024-04-10 20:15:38.676 &amp#27;[34mINFO &amp#27;[0;39m [&amp#27;[34mmain&amp#27;[0;39m] &amp#27;[33morg.springframework.boot.devtools.restart.RestartApplicationListener&amp#27;[0;39m: Restart disabled due to context in which it is running

  .   ____          _            __ _ _
 /\\ / ___'_ __ _ _(_)_ __  __ _ \ \ \ \
( ( )\___ | '_ | '_| | '_ \/ _` | \ \ \ \
 \\/  ___)| |_)| | | | | || (_| |  ) ) ) )
  '  |____| .__|_| |_|_| |_\__, | / / / /
 =========|_|==============|___/=/_/_/_/
 :: Spring Boot ::                (v3.2.4)

2024-04-10 20:15:38.697 &amp#27;[34mINFO &amp#27;[0;39m [&amp#27;[34mmain&amp#27;[0;39m] &amp#27;[33mca.bc.gov.backendstartapi.endpoint.SeedlotEndpointTest&amp#27;[0;39m: Starting SeedlotEndpointTest using Java 17.0.10 with PID 2431 (started by root in /app)
2024-04-10 20:15:38.697 &amp#27;[39mDEBUG&amp#27;[0;39m [&amp#27;[34mmain&amp#27;[0;39m] &amp#27;[33mca.bc.gov.backendstartapi.endpoint.SeedlotEndpointTest&amp#27;[0;39m: Running with Spring Boot v3.2.4, Spring v6.1.5
2024-04-10 20:15:38.697 &amp#27;[34mINFO &amp#27;[0;39m [&amp#27;[34mmain&amp#27;[0;39m] &amp#27;[33mca.bc.gov.backendstartapi.endpoint.SeedlotEndpointTest&amp#27;[0;39m: The following 1 profile is active: "dev"
2024-04-10 20:15:39.147 &amp#27;[34mINFO &amp#27;[0;39m [&amp#27;[34mmain&amp#27;[0;39m] &amp#27;[33mca.bc.gov.backendstartapi.config.CorsConfig&amp#27;[0;39m: allowedOrigins: [http://localhost:*]
2024-04-10 20:15:39.239 &amp#27;[34mINFO &amp#27;[0;39m [&amp#27;[34mmain&amp#27;[0;39m] &amp#27;[33morg.springframework.security.web.DefaultSecurityFilterChain&amp#27;[0;39m: Will secure any request with [org.springframework.security.web.session.DisableEncodeUrlFilter@241410c5, org.springframework.security.web.context.request.async.WebAsyncManagerIntegrationFilter@46f7c5c1, org.springframework.security.web.context.SecurityContextHolderFilter@398c2298, org.springframework.security.web.header.HeaderWriterFilter@45f854e9, org.springframework.web.filter.CorsFilter@6a82a388, org.springframework.security.web.csrf.CsrfFilter@668c8c55, org.springframework.security.web.authentication.logout.LogoutFilter@706b68e6, org.springframework.security.oauth2.server.resource.web.authentication.BearerTokenAuthenticationFilter@22e3d222, org.springframework.security.web.savedrequest.RequestCacheAwareFilter@3b60efd8, org.springframework.security.web.servletapi.SecurityContextHolderAwareRequestFilter@2ff35182, org.springframework.security.web.authentication.AnonymousAuthenticationFilter@564c0e38, org.springframework.security.web.access.ExceptionTranslationFilter@bf3fe88, org.springframework.security.web.access.intercept.AuthorizationFilter@964a7b0]
2024-04-10 20:15:39.250 &amp#27;[34mINFO &amp#27;[0;39m [&amp#27;[34mmain&amp#27;[0;39m] &amp#27;[33morg.springframework.boot.test.mock.web.SpringBootMockServletContext&amp#27;[0;39m: Initializing Spring TestDispatcherServlet ''
2024-04-10 20:15:39.250 &amp#27;[34mINFO &amp#27;[0;39m [&amp#27;[34mmain&amp#27;[0;39m] &amp#27;[33morg.springframework.test.web.servlet.TestDispatcherServlet&amp#27;[0;39m: Initializing Servlet ''
2024-04-10 20:15:39.251 &amp#27;[34mINFO &amp#27;[0;39m [&amp#27;[34mmain&amp#27;[0;39m] &amp#27;[33morg.springframework.test.web.servlet.TestDispatcherServlet&amp#27;[0;39m: Completed initialization in 1 ms
2024-04-10 20:15:39.261 &amp#27;[34mINFO &amp#27;[0;39m [&amp#27;[34mmain&amp#27;[0;39m] &amp#27;[33mca.bc.gov.backendstartapi.endpoint.SeedlotEndpointTest&amp#27;[0;39m: Started SeedlotEndpointTest in 0.586 seconds (process running for 9.096)
2024-04-10 20:15:39.277 &amp#27;[34mINFO &amp#27;[0;39m [&amp#27;[34mmain&amp#27;[0;39m] &amp#27;[33morg.springframework.boot.test.mock.web.SpringBootMockServletContext&amp#27;[0;39m: Initializing Spring TestDispatcherServlet ''
2024-04-10 20:15:39.277 &amp#27;[34mINFO &amp#27;[0;39m [&amp#27;[34mmain&amp#27;[0;39m] &amp#27;[33morg.springframework.test.web.servlet.TestDispatcherServlet&amp#27;[0;39m: Initializing Servlet ''
2024-04-10 20:15:39.278 &amp#27;[34mINFO &amp#27;[0;39m [&amp#27;[34mmain&amp#27;[0;39m] &amp#27;[33morg.springframework.test.web.servlet.TestDispatcherServlet&amp#27;[0;39m: Completed initialization in 1 ms
]]></system-out>
  </testcase>
  <testcase name="createSeedlotBadRequestTest" classname="ca.bc.gov.backendstartapi.endpoint.SeedlotEndpointTest" time="0.078">
    <system-out><![CDATA[2024-04-10 20:15:39.360 &amp#27;[34mINFO &amp#27;[0;39m [&amp#27;[34mmain&amp#27;[0;39m] &amp#27;[33morg.springframework.boot.test.mock.web.SpringBootMockServletContext&amp#27;[0;39m: Initializing Spring TestDispatcherServlet ''
2024-04-10 20:15:39.360 &amp#27;[34mINFO &amp#27;[0;39m [&amp#27;[34mmain&amp#27;[0;39m] &amp#27;[33morg.springframework.test.web.servlet.TestDispatcherServlet&amp#27;[0;39m: Initializing Servlet ''
2024-04-10 20:15:39.361 &amp#27;[34mINFO &amp#27;[0;39m [&amp#27;[34mmain&amp#27;[0;39m] &amp#27;[33morg.springframework.test.web.servlet.TestDispatcherServlet&amp#27;[0;39m: Completed initialization in 1 ms
2024-04-10 20:15:39.429 &amp#27;[31mWARN &amp#27;[0;39m [&amp#27;[34mmain&amp#27;[0;39m] &amp#27;[33morg.springframework.web.servlet.mvc.support.DefaultHandlerExceptionResolver&amp#27;[0;39m: Resolved [org.springframework.http.converter.HttpMessageNotReadableException: JSON parse error: Unrecognized token 'here': was expecting (JSON String, Number, Array, Object or token 'null', 'true' or 'false')]

MockHttpServletRequest:
      HTTP Method = POST
      Request URI = /api/seedlots
       Parameters = {}
          Headers = [Content-Type:"application/json", Accept:"application/json", Content-Length:"4", X-CSRF-TOKEN:"QRczdnT5t_29Sq_G1rueuMEsHmUM1Vu1UAwRG9_UqWSqWDkpeCNRR0HAgs6QLJz35paq2aUYM1w44GKYNT4pLerkkFKePg0R"]
             Body = <no character encoding set>
    Session Attrs = {}

Handler:
             Type = ca.bc.gov.backendstartapi.endpoint.SeedlotEndpoint
           Method = ca.bc.gov.backendstartapi.endpoint.SeedlotEndpoint#createSeedlot(SeedlotCreateDto)

Async:
    Async started = false
     Async result = null

Resolved Exception:
             Type = org.springframework.http.converter.HttpMessageNotReadableException

ModelAndView:
        View name = null
             View = null
            Model = null

FlashMap:
       Attributes = null

MockHttpServletResponse:
           Status = 400
    Error message = null
          Headers = [Vary:"Origin", "Access-Control-Request-Method", "Access-Control-Request-Headers"]
     Content type = null
             Body = 
    Forwarded URL = null
   Redirected URL = null
          Cookies = []
]]></system-out>
  </testcase>
  <testcase name="uploadConeAndPollenCountTableWrongExtension" classname="ca.bc.gov.backendstartapi.endpoint.SeedlotEndpointTest" time="0.019">
    <system-out><![CDATA[2024-04-10 20:15:39.439 &amp#27;[34mINFO &amp#27;[0;39m [&amp#27;[34mmain&amp#27;[0;39m] &amp#27;[33morg.springframework.boot.test.mock.web.SpringBootMockServletContext&amp#27;[0;39m: Initializing Spring TestDispatcherServlet ''
2024-04-10 20:15:39.439 &amp#27;[34mINFO &amp#27;[0;39m [&amp#27;[34mmain&amp#27;[0;39m] &amp#27;[33morg.springframework.test.web.servlet.TestDispatcherServlet&amp#27;[0;39m: Initializing Servlet ''
2024-04-10 20:15:39.440 &amp#27;[34mINFO &amp#27;[0;39m [&amp#27;[34mmain&amp#27;[0;39m] &amp#27;[33morg.springframework.test.web.servlet.TestDispatcherServlet&amp#27;[0;39m: Completed initialization in 1 ms
]]></system-out>
  </testcase>
  <testcase name="getSeedPlanZoneData_seedlotOrchardNotFound_shouldFail" classname="ca.bc.gov.backendstartapi.endpoint.SeedlotEndpointTest" time="0.007">
    <system-out><![CDATA[2024-04-10 20:15:39.460 &amp#27;[34mINFO &amp#27;[0;39m [&amp#27;[34mmain&amp#27;[0;39m] &amp#27;[33morg.springframework.boot.test.mock.web.SpringBootMockServletContext&amp#27;[0;39m: Initializing Spring TestDispatcherServlet ''
2024-04-10 20:15:39.460 &amp#27;[34mINFO &amp#27;[0;39m [&amp#27;[34mmain&amp#27;[0;39m] &amp#27;[33morg.springframework.test.web.servlet.TestDispatcherServlet&amp#27;[0;39m: Initializing Servlet ''
2024-04-10 20:15:39.461 &amp#27;[34mINFO &amp#27;[0;39m [&amp#27;[34mmain&amp#27;[0;39m] &amp#27;[33morg.springframework.test.web.servlet.TestDispatcherServlet&amp#27;[0;39m: Completed initialization in 0 ms
]]></system-out>
  </testcase>
  <testcase name="getSingleSeedlotInfoNotFoundNoPageTest" classname="ca.bc.gov.backendstartapi.endpoint.SeedlotEndpointTest" time="0.027">
    <system-out><![CDATA[2024-04-10 20:15:39.471 &amp#27;[34mINFO &amp#27;[0;39m [&amp#27;[34mmain&amp#27;[0;39m] &amp#27;[33morg.springframework.boot.test.mock.web.SpringBootMockServletContext&amp#27;[0;39m: Initializing Spring TestDispatcherServlet ''
2024-04-10 20:15:39.471 &amp#27;[34mINFO &amp#27;[0;39m [&amp#27;[34mmain&amp#27;[0;39m] &amp#27;[33morg.springframework.test.web.servlet.TestDispatcherServlet&amp#27;[0;39m: Initializing Servlet ''
2024-04-10 20:15:39.472 &amp#27;[34mINFO &amp#27;[0;39m [&amp#27;[34mmain&amp#27;[0;39m] &amp#27;[33morg.springframework.test.web.servlet.TestDispatcherServlet&amp#27;[0;39m: Completed initialization in 1 ms
]]></system-out>
  </testcase>
  <testcase name="getSingleSeedlotInfoNotFoundTest" classname="ca.bc.gov.backendstartapi.endpoint.SeedlotEndpointTest" time="0.015">
    <system-out><![CDATA[2024-04-10 20:15:39.500 &amp#27;[34mINFO &amp#27;[0;39m [&amp#27;[34mmain&amp#27;[0;39m] &amp#27;[33morg.springframework.boot.test.mock.web.SpringBootMockServletContext&amp#27;[0;39m: Initializing Spring TestDispatcherServlet ''
2024-04-10 20:15:39.500 &amp#27;[34mINFO &amp#27;[0;39m [&amp#27;[34mmain&amp#27;[0;39m] &amp#27;[33morg.springframework.test.web.servlet.TestDispatcherServlet&amp#27;[0;39m: Initializing Servlet ''
2024-04-10 20:15:39.502 &amp#27;[34mINFO &amp#27;[0;39m [&amp#27;[34mmain&amp#27;[0;39m] &amp#27;[33morg.springframework.test.web.servlet.TestDispatcherServlet&amp#27;[0;39m: Completed initialization in 2 ms

MockHttpServletRequest:
      HTTP Method = GET
      Request URI = /api/seedlots/0000000
       Parameters = {}
          Headers = [Accept:"application/json"]
             Body = <no character encoding set>
    Session Attrs = {}

Handler:
             Type = ca.bc.gov.backendstartapi.endpoint.SeedlotEndpoint
           Method = ca.bc.gov.backendstartapi.endpoint.SeedlotEndpoint#getSingleSeedlotInfo(String)

Async:
    Async started = false
     Async result = null

Resolved Exception:
             Type = ca.bc.gov.backendstartapi.exception.SeedlotNotFoundException

ModelAndView:
        View name = null
             View = null
            Model = null

FlashMap:
       Attributes = null

MockHttpServletResponse:
           Status = 404
    Error message = Seedlot doesn't exist
          Headers = [Vary:"Origin", "Access-Control-Request-Method", "Access-Control-Request-Headers"]
     Content type = null
             Body = 
    Forwarded URL = null
   Redirected URL = null
          Cookies = []
]]></system-out>
  </testcase>
  <testcase name="uploadSmpMixTable" classname="ca.bc.gov.backendstartapi.endpoint.SeedlotEndpointTest" time="0.026">
    <system-out><![CDATA[2024-04-10 20:15:39.517 &amp#27;[34mINFO &amp#27;[0;39m [&amp#27;[34mmain&amp#27;[0;39m] &amp#27;[33morg.springframework.boot.test.mock.web.SpringBootMockServletContext&amp#27;[0;39m: Initializing Spring TestDispatcherServlet ''
2024-04-10 20:15:39.518 &amp#27;[34mINFO &amp#27;[0;39m [&amp#27;[34mmain&amp#27;[0;39m] &amp#27;[33morg.springframework.test.web.servlet.TestDispatcherServlet&amp#27;[0;39m: Initializing Servlet ''
2024-04-10 20:15:39.519 &amp#27;[34mINFO &amp#27;[0;39m [&amp#27;[34mmain&amp#27;[0;39m] &amp#27;[33morg.springframework.test.web.servlet.TestDispatcherServlet&amp#27;[0;39m: Completed initialization in 1 ms
]]></system-out>
  </testcase>
  <testcase name="getUserSeedlotInfoTestChangePageNumber" classname="ca.bc.gov.backendstartapi.endpoint.SeedlotEndpointTest" time="0.018">
    <system-out><![CDATA[2024-04-10 20:15:39.546 &amp#27;[34mINFO &amp#27;[0;39m [&amp#27;[34mmain&amp#27;[0;39m] &amp#27;[33morg.springframework.boot.test.mock.web.SpringBootMockServletContext&amp#27;[0;39m: Initializing Spring TestDispatcherServlet ''
2024-04-10 20:15:39.546 &amp#27;[34mINFO &amp#27;[0;39m [&amp#27;[34mmain&amp#27;[0;39m] &amp#27;[33morg.springframework.test.web.servlet.TestDispatcherServlet&amp#27;[0;39m: Initializing Servlet ''
2024-04-10 20:15:39.548 &amp#27;[34mINFO &amp#27;[0;39m [&amp#27;[34mmain&amp#27;[0;39m] &amp#27;[33morg.springframework.test.web.servlet.TestDispatcherServlet&amp#27;[0;39m: Completed initialization in 2 ms
]]></system-out>
  </testcase>
  <testcase name="submitSeedlotForm_notFoundSeedlot_shouldThrowException" classname="ca.bc.gov.backendstartapi.endpoint.SeedlotEndpointTest" time="0.051">
    <system-out><![CDATA[2024-04-10 20:15:39.564 &amp#27;[34mINFO &amp#27;[0;39m [&amp#27;[34mmain&amp#27;[0;39m] &amp#27;[33morg.springframework.boot.test.mock.web.SpringBootMockServletContext&amp#27;[0;39m: Initializing Spring TestDispatcherServlet ''
2024-04-10 20:15:39.564 &amp#27;[34mINFO &amp#27;[0;39m [&amp#27;[34mmain&amp#27;[0;39m] &amp#27;[33morg.springframework.test.web.servlet.TestDispatcherServlet&amp#27;[0;39m: Initializing Servlet ''
2024-04-10 20:15:39.566 &amp#27;[34mINFO &amp#27;[0;39m [&amp#27;[34mmain&amp#27;[0;39m] &amp#27;[33morg.springframework.test.web.servlet.TestDispatcherServlet&amp#27;[0;39m: Completed initialization in 2 ms
]]></system-out>
  </testcase>
  <testcase name="getSeedlotFormProgress_shouldSucceed" classname="ca.bc.gov.backendstartapi.endpoint.SeedlotEndpointTest" time="0.009">
    <system-out><![CDATA[2024-04-10 20:15:39.617 &amp#27;[34mINFO &amp#27;[0;39m [&amp#27;[34mmain&amp#27;[0;39m] &amp#27;[33morg.springframework.boot.test.mock.web.SpringBootMockServletContext&amp#27;[0;39m: Initializing Spring TestDispatcherServlet ''
2024-04-10 20:15:39.617 &amp#27;[34mINFO &amp#27;[0;39m [&amp#27;[34mmain&amp#27;[0;39m] &amp#27;[33morg.springframework.test.web.servlet.TestDispatcherServlet&amp#27;[0;39m: Initializing Servlet ''
2024-04-10 20:15:39.618 &amp#27;[34mINFO &amp#27;[0;39m [&amp#27;[34mmain&amp#27;[0;39m] &amp#27;[33morg.springframework.test.web.servlet.TestDispatcherServlet&amp#27;[0;39m: Completed initialization in 1 ms
]]></system-out>
  </testcase>
  <testcase name="submitSeedlotForm_happyPath_shouldSucceed" classname="ca.bc.gov.backendstartapi.endpoint.SeedlotEndpointTest" time="0.017">
    <system-out><![CDATA[2024-04-10 20:15:39.630 &amp#27;[34mINFO &amp#27;[0;39m [&amp#27;[34mmain&amp#27;[0;39m] &amp#27;[33morg.springframework.boot.test.mock.web.SpringBootMockServletContext&amp#27;[0;39m: Initializing Spring TestDispatcherServlet ''
2024-04-10 20:15:39.630 &amp#27;[34mINFO &amp#27;[0;39m [&amp#27;[34mmain&amp#27;[0;39m] &amp#27;[33morg.springframework.test.web.servlet.TestDispatcherServlet&amp#27;[0;39m: Initializing Servlet ''
2024-04-10 20:15:39.632 &amp#27;[34mINFO &amp#27;[0;39m [&amp#27;[34mmain&amp#27;[0;39m] &amp#27;[33morg.springframework.test.web.servlet.TestDispatcherServlet&amp#27;[0;39m: Completed initialization in 1 ms
]]></system-out>
  </testcase>
  <testcase name="getSeedlotFormProgressStatus_notFound_shouldThrowException" classname="ca.bc.gov.backendstartapi.endpoint.SeedlotEndpointTest" time="0.01">
    <system-out><![CDATA[2024-04-10 20:15:39.650 &amp#27;[34mINFO &amp#27;[0;39m [&amp#27;[34mmain&amp#27;[0;39m] &amp#27;[33morg.springframework.boot.test.mock.web.SpringBootMockServletContext&amp#27;[0;39m: Initializing Spring TestDispatcherServlet ''
2024-04-10 20:15:39.650 &amp#27;[34mINFO &amp#27;[0;39m [&amp#27;[34mmain&amp#27;[0;39m] &amp#27;[33morg.springframework.test.web.servlet.TestDispatcherServlet&amp#27;[0;39m: Initializing Servlet ''
2024-04-10 20:15:39.651 &amp#27;[34mINFO &amp#27;[0;39m [&amp#27;[34mmain&amp#27;[0;39m] &amp#27;[33morg.springframework.test.web.servlet.TestDispatcherServlet&amp#27;[0;39m: Completed initialization in 1 ms
]]></system-out>
  </testcase>
  <testcase name="getSeedPlanZoneData_seedlotNotFound_shouldFail" classname="ca.bc.gov.backendstartapi.endpoint.SeedlotEndpointTest" time="0.007">
    <system-out><![CDATA[2024-04-10 20:15:39.661 &amp#27;[34mINFO &amp#27;[0;39m [&amp#27;[34mmain&amp#27;[0;39m] &amp#27;[33morg.springframework.boot.test.mock.web.SpringBootMockServletContext&amp#27;[0;39m: Initializing Spring TestDispatcherServlet ''
2024-04-10 20:15:39.661 &amp#27;[34mINFO &amp#27;[0;39m [&amp#27;[34mmain&amp#27;[0;39m] &amp#27;[33morg.springframework.test.web.servlet.TestDispatcherServlet&amp#27;[0;39m: Initializing Servlet ''
2024-04-10 20:15:39.662 &amp#27;[34mINFO &amp#27;[0;39m [&amp#27;[34mmain&amp#27;[0;39m] &amp#27;[33morg.springframework.test.web.servlet.TestDispatcherServlet&amp#27;[0;39m: Completed initialization in 0 ms
]]></system-out>
  </testcase>
  <testcase name="patchSeedlotApplicationBadIdTest" classname="ca.bc.gov.backendstartapi.endpoint.SeedlotEndpointTest" time="0.153">
    <system-out><![CDATA[2024-04-10 20:15:39.671 &amp#27;[34mINFO &amp#27;[0;39m [&amp#27;[34mmain&amp#27;[0;39m] &amp#27;[33morg.springframework.boot.test.mock.web.SpringBootMockServletContext&amp#27;[0;39m: Initializing Spring TestDispatcherServlet ''
2024-04-10 20:15:39.671 &amp#27;[34mINFO &amp#27;[0;39m [&amp#27;[34mmain&amp#27;[0;39m] &amp#27;[33morg.springframework.test.web.servlet.TestDispatcherServlet&amp#27;[0;39m: Initializing Servlet ''
2024-04-10 20:15:39.672 &amp#27;[34mINFO &amp#27;[0;39m [&amp#27;[34mmain&amp#27;[0;39m] &amp#27;[33morg.springframework.test.web.servlet.TestDispatcherServlet&amp#27;[0;39m: Completed initialization in 1 ms
]]></system-out>
  </testcase>
  <testcase name="uploadConeAndPollenCountTable" classname="ca.bc.gov.backendstartapi.endpoint.SeedlotEndpointTest" time="0.009">
    <system-out><![CDATA[2024-04-10 20:15:39.824 &amp#27;[34mINFO &amp#27;[0;39m [&amp#27;[34mmain&amp#27;[0;39m] &amp#27;[33morg.springframework.boot.test.mock.web.SpringBootMockServletContext&amp#27;[0;39m: Initializing Spring TestDispatcherServlet ''
2024-04-10 20:15:39.824 &amp#27;[34mINFO &amp#27;[0;39m [&amp#27;[34mmain&amp#27;[0;39m] &amp#27;[33morg.springframework.test.web.servlet.TestDispatcherServlet&amp#27;[0;39m: Initializing Servlet ''
2024-04-10 20:15:39.825 &amp#27;[34mINFO &amp#27;[0;39m [&amp#27;[34mmain&amp#27;[0;39m] &amp#27;[33morg.springframework.test.web.servlet.TestDispatcherServlet&amp#27;[0;39m: Completed initialization in 1 ms
]]></system-out>
  </testcase>
  <testcase name="badRequestForCsvTableParsingException" classname="ca.bc.gov.backendstartapi.endpoint.SeedlotEndpointTest" time="0.01">
    <system-out><![CDATA[2024-04-10 20:15:39.834 &amp#27;[34mINFO &amp#27;[0;39m [&amp#27;[34mmain&amp#27;[0;39m] &amp#27;[33morg.springframework.boot.test.mock.web.SpringBootMockServletContext&amp#27;[0;39m: Initializing Spring TestDispatcherServlet ''
2024-04-10 20:15:39.835 &amp#27;[34mINFO &amp#27;[0;39m [&amp#27;[34mmain&amp#27;[0;39m] &amp#27;[33morg.springframework.test.web.servlet.TestDispatcherServlet&amp#27;[0;39m: Initializing Servlet ''
2024-04-10 20:15:39.835 &amp#27;[34mINFO &amp#27;[0;39m [&amp#27;[34mmain&amp#27;[0;39m] &amp#27;[33morg.springframework.test.web.servlet.TestDispatcherServlet&amp#27;[0;39m: Completed initialization in 0 ms

MockHttpServletRequest:
      HTTP Method = POST
      Request URI = /api/seedlots/parent-trees-contribution/smp-calculation-table/upload
       Parameters = {}
          Headers = [Content-Type:"multipart/form-data", Accept:"application/json"]
             Body = <no character encoding set>
    Session Attrs = {}

Handler:
             Type = ca.bc.gov.backendstartapi.endpoint.SeedlotEndpoint
           Method = ca.bc.gov.backendstartapi.endpoint.SeedlotEndpoint#handleSmpCalculationTableUpload(MultipartFile)

Async:
    Async started = false
     Async result = null

Resolved Exception:
             Type = org.springframework.web.server.ResponseStatusException

ModelAndView:
        View name = null
             View = null
            Model = null

FlashMap:
       Attributes = null

MockHttpServletResponse:
           Status = 400
    Error message = reason
          Headers = [Vary:"Origin", "Access-Control-Request-Method", "Access-Control-Request-Headers"]
     Content type = null
             Body = 
    Forwarded URL = null
   Redirected URL = null
          Cookies = []
]]></system-out>
  </testcase>
  <testcase name="patchSeedlotApplicationSuccessTest" classname="ca.bc.gov.backendstartapi.endpoint.SeedlotEndpointTest" time="0.022">
    <system-out><![CDATA[2024-04-10 20:15:39.856 &amp#27;[34mINFO &amp#27;[0;39m [&amp#27;[34mmain&amp#27;[0;39m] &amp#27;[33morg.springframework.boot.test.mock.web.SpringBootMockServletContext&amp#27;[0;39m: Initializing Spring TestDispatcherServlet ''
2024-04-10 20:15:39.857 &amp#27;[34mINFO &amp#27;[0;39m [&amp#27;[34mmain&amp#27;[0;39m] &amp#27;[33morg.springframework.test.web.servlet.TestDispatcherServlet&amp#27;[0;39m: Initializing Servlet ''
2024-04-10 20:15:39.858 &amp#27;[34mINFO &amp#27;[0;39m [&amp#27;[34mmain&amp#27;[0;39m] &amp#27;[33morg.springframework.test.web.servlet.TestDispatcherServlet&amp#27;[0;39m: Completed initialization in 1 ms
]]></system-out>
  </testcase>
  <testcase name="getSeedPlanZoneData_success_shouldSucceed" classname="ca.bc.gov.backendstartapi.endpoint.SeedlotEndpointTest" time="0.013">
    <system-out><![CDATA[2024-04-10 20:15:39.873 &amp#27;[34mINFO &amp#27;[0;39m [&amp#27;[34mmain&amp#27;[0;39m] &amp#27;[33morg.springframework.boot.test.mock.web.SpringBootMockServletContext&amp#27;[0;39m: Initializing Spring TestDispatcherServlet ''
2024-04-10 20:15:39.873 &amp#27;[34mINFO &amp#27;[0;39m [&amp#27;[34mmain&amp#27;[0;39m] &amp#27;[33morg.springframework.test.web.servlet.TestDispatcherServlet&amp#27;[0;39m: Initializing Servlet ''
2024-04-10 20:15:39.874 &amp#27;[34mINFO &amp#27;[0;39m [&amp#27;[34mmain&amp#27;[0;39m] &amp#27;[33morg.springframework.test.web.servlet.TestDispatcherServlet&amp#27;[0;39m: Completed initialization in 1 ms
]]></system-out>
  </testcase>
  <testcase name="getSeedlotFormProgress_notFound_shouldThrowException" classname="ca.bc.gov.backendstartapi.endpoint.SeedlotEndpointTest" time="0.009">
    <system-out><![CDATA[2024-04-10 20:15:39.889 &amp#27;[34mINFO &amp#27;[0;39m [&amp#27;[34mmain&amp#27;[0;39m] &amp#27;[33morg.springframework.boot.test.mock.web.SpringBootMockServletContext&amp#27;[0;39m: Initializing Spring TestDispatcherServlet ''
2024-04-10 20:15:39.889 &amp#27;[34mINFO &amp#27;[0;39m [&amp#27;[34mmain&amp#27;[0;39m] &amp#27;[33morg.springframework.test.web.servlet.TestDispatcherServlet&amp#27;[0;39m: Initializing Servlet ''
2024-04-10 20:15:39.890 &amp#27;[34mINFO &amp#27;[0;39m [&amp#27;[34mmain&amp#27;[0;39m] &amp#27;[33morg.springframework.test.web.servlet.TestDispatcherServlet&amp#27;[0;39m: Completed initialization in 1 ms
]]></system-out>
  </testcase>
  <testcase name="saveSeedlotFormProgress_notFoundSeedlot_shouldSucceed" classname="ca.bc.gov.backendstartapi.endpoint.SeedlotEndpointTest" time="0.028">
    <system-out><![CDATA[2024-04-10 20:15:39.901 &amp#27;[34mINFO &amp#27;[0;39m [&amp#27;[34mmain&amp#27;[0;39m] &amp#27;[33morg.springframework.boot.test.mock.web.SpringBootMockServletContext&amp#27;[0;39m: Initializing Spring TestDispatcherServlet ''
2024-04-10 20:15:39.901 &amp#27;[34mINFO &amp#27;[0;39m [&amp#27;[34mmain&amp#27;[0;39m] &amp#27;[33morg.springframework.test.web.servlet.TestDispatcherServlet&amp#27;[0;39m: Initializing Servlet ''
2024-04-10 20:15:39.902 &amp#27;[34mINFO &amp#27;[0;39m [&amp#27;[34mmain&amp#27;[0;39m] &amp#27;[33morg.springframework.test.web.servlet.TestDispatcherServlet&amp#27;[0;39m: Completed initialization in 1 ms
]]></system-out>
  </testcase>
  <testcase name="getSeedlotFormProgressStatus_shouldSucceed" classname="ca.bc.gov.backendstartapi.endpoint.SeedlotEndpointTest" time="0.011">
    <system-out><![CDATA[2024-04-10 20:15:39.930 &amp#27;[34mINFO &amp#27;[0;39m [&amp#27;[34mmain&amp#27;[0;39m] &amp#27;[33morg.springframework.boot.test.mock.web.SpringBootMockServletContext&amp#27;[0;39m: Initializing Spring TestDispatcherServlet ''
2024-04-10 20:15:39.930 &amp#27;[34mINFO &amp#27;[0;39m [&amp#27;[34mmain&amp#27;[0;39m] &amp#27;[33morg.springframework.test.web.servlet.TestDispatcherServlet&amp#27;[0;39m: Initializing Servlet ''
2024-04-10 20:15:39.932 &amp#27;[34mINFO &amp#27;[0;39m [&amp#27;[34mmain&amp#27;[0;39m] &amp#27;[33morg.springframework.test.web.servlet.TestDispatcherServlet&amp#27;[0;39m: Completed initialization in 2 ms
]]></system-out>
  </testcase>
  <testcase name="patchSeedlotApplicationBadSourceTest" classname="ca.bc.gov.backendstartapi.endpoint.SeedlotEndpointTest" time="0.013">
    <system-out><![CDATA[2024-04-10 20:15:39.943 &amp#27;[34mINFO &amp#27;[0;39m [&amp#27;[34mmain&amp#27;[0;39m] &amp#27;[33morg.springframework.boot.test.mock.web.SpringBootMockServletContext&amp#27;[0;39m: Initializing Spring TestDispatcherServlet ''
2024-04-10 20:15:39.944 &amp#27;[34mINFO &amp#27;[0;39m [&amp#27;[34mmain&amp#27;[0;39m] &amp#27;[33morg.springframework.test.web.servlet.TestDispatcherServlet&amp#27;[0;39m: Initializing Servlet ''
2024-04-10 20:15:39.945 &amp#27;[34mINFO &amp#27;[0;39m [&amp#27;[34mmain&amp#27;[0;39m] &amp#27;[33morg.springframework.test.web.servlet.TestDispatcherServlet&amp#27;[0;39m: Completed initialization in 1 ms
]]></system-out>
  </testcase>
  <testcase name="saveSeedlotFormProgress_notFoundSeedlot_shouldThrowException" classname="ca.bc.gov.backendstartapi.endpoint.SeedlotEndpointTest" time="0.012">
    <system-out><![CDATA[2024-04-10 20:15:39.959 &amp#27;[34mINFO &amp#27;[0;39m [&amp#27;[34mmain&amp#27;[0;39m] &amp#27;[33morg.springframework.boot.test.mock.web.SpringBootMockServletContext&amp#27;[0;39m: Initializing Spring TestDispatcherServlet ''
2024-04-10 20:15:39.959 &amp#27;[34mINFO &amp#27;[0;39m [&amp#27;[34mmain&amp#27;[0;39m] &amp#27;[33morg.springframework.test.web.servlet.TestDispatcherServlet&amp#27;[0;39m: Initializing Servlet ''
2024-04-10 20:15:39.960 &amp#27;[34mINFO &amp#27;[0;39m [&amp#27;[34mmain&amp#27;[0;39m] &amp#27;[33morg.springframework.test.web.servlet.TestDispatcherServlet&amp#27;[0;39m: Completed initialization in 1 ms
]]></system-out>
  </testcase>
  <testcase name="uploadSmpMixTableWrongExtension" classname="ca.bc.gov.backendstartapi.endpoint.SeedlotEndpointTest" time="0.008">
    <system-out><![CDATA[2024-04-10 20:15:39.972 &amp#27;[34mINFO &amp#27;[0;39m [&amp#27;[34mmain&amp#27;[0;39m] &amp#27;[33morg.springframework.boot.test.mock.web.SpringBootMockServletContext&amp#27;[0;39m: Initializing Spring TestDispatcherServlet ''
2024-04-10 20:15:39.973 &amp#27;[34mINFO &amp#27;[0;39m [&amp#27;[34mmain&amp#27;[0;39m] &amp#27;[33morg.springframework.test.web.servlet.TestDispatcherServlet&amp#27;[0;39m: Initializing Servlet ''
2024-04-10 20:15:39.974 &amp#27;[34mINFO &amp#27;[0;39m [&amp#27;[34mmain&amp#27;[0;39m] &amp#27;[33morg.springframework.test.web.servlet.TestDispatcherServlet&amp#27;[0;39m: Completed initialization in 1 ms
]]></system-out>
  </testcase>
  <testcase name="getSingleSeedlotAclassFullInfoTest" classname="ca.bc.gov.backendstartapi.endpoint.SeedlotEndpointTest" time="0.026">
    <system-out><![CDATA[2024-04-10 20:15:39.984 &amp#27;[34mINFO &amp#27;[0;39m [&amp#27;[34mmain&amp#27;[0;39m] &amp#27;[33morg.springframework.boot.test.mock.web.SpringBootMockServletContext&amp#27;[0;39m: Initializing Spring TestDispatcherServlet ''
2024-04-10 20:15:39.984 &amp#27;[34mINFO &amp#27;[0;39m [&amp#27;[34mmain&amp#27;[0;39m] &amp#27;[33morg.springframework.test.web.servlet.TestDispatcherServlet&amp#27;[0;39m: Initializing Servlet ''
2024-04-10 20:15:39.985 &amp#27;[34mINFO &amp#27;[0;39m [&amp#27;[34mmain&amp#27;[0;39m] &amp#27;[33morg.springframework.test.web.servlet.TestDispatcherServlet&amp#27;[0;39m: Completed initialization in 1 ms
]]></system-out>
  </testcase>
  <testcase name="getUserSeedlotInfoTestDefaultPagination" classname="ca.bc.gov.backendstartapi.endpoint.SeedlotEndpointTest" time="0.011">
    <system-out><![CDATA[2024-04-10 20:15:40.010 &amp#27;[34mINFO &amp#27;[0;39m [&amp#27;[34mmain&amp#27;[0;39m] &amp#27;[33morg.springframework.boot.test.mock.web.SpringBootMockServletContext&amp#27;[0;39m: Initializing Spring TestDispatcherServlet ''
2024-04-10 20:15:40.011 &amp#27;[34mINFO &amp#27;[0;39m [&amp#27;[34mmain&amp#27;[0;39m] &amp#27;[33morg.springframework.test.web.servlet.TestDispatcherServlet&amp#27;[0;39m: Initializing Servlet ''
2024-04-10 20:15:40.012 &amp#27;[34mINFO &amp#27;[0;39m [&amp#27;[34mmain&amp#27;[0;39m] &amp#27;[33morg.springframework.test.web.servlet.TestDispatcherServlet&amp#27;[0;39m: Completed initialization in 1 ms
]]></system-out>
  </testcase>
  <testcase name="createSeedlotSuccessTest" classname="ca.bc.gov.backendstartapi.endpoint.SeedlotEndpointTest" time="0.025">
    <system-out><![CDATA[2024-04-10 20:15:40.024 &amp#27;[34mINFO &amp#27;[0;39m [&amp#27;[34mmain&amp#27;[0;39m] &amp#27;[33morg.springframework.boot.test.mock.web.SpringBootMockServletContext&amp#27;[0;39m: Initializing Spring TestDispatcherServlet ''
2024-04-10 20:15:40.024 &amp#27;[34mINFO &amp#27;[0;39m [&amp#27;[34mmain&amp#27;[0;39m] &amp#27;[33morg.springframework.test.web.servlet.TestDispatcherServlet&amp#27;[0;39m: Initializing Servlet ''
2024-04-10 20:15:40.025 &amp#27;[34mINFO &amp#27;[0;39m [&amp#27;[34mmain&amp#27;[0;39m] &amp#27;[33morg.springframework.test.web.servlet.TestDispatcherServlet&amp#27;[0;39m: Completed initialization in 1 ms
]]></system-out>
  </testcase>
  <testcase name="getSingleSeedlotAclassFullInfoNotFoundTest" classname="ca.bc.gov.backendstartapi.endpoint.SeedlotEndpointTest" time="0.012">
    <system-out><![CDATA[2024-04-10 20:15:40.053 &amp#27;[34mINFO &amp#27;[0;39m [&amp#27;[34mmain&amp#27;[0;39m] &amp#27;[33morg.springframework.boot.test.mock.web.SpringBootMockServletContext&amp#27;[0;39m: Initializing Spring TestDispatcherServlet ''
2024-04-10 20:15:40.053 &amp#27;[34mINFO &amp#27;[0;39m [&amp#27;[34mmain&amp#27;[0;39m] &amp#27;[33morg.springframework.test.web.servlet.TestDispatcherServlet&amp#27;[0;39m: Initializing Servlet ''
2024-04-10 20:15:40.055 &amp#27;[34mINFO &amp#27;[0;39m [&amp#27;[34mmain&amp#27;[0;39m] &amp#27;[33morg.springframework.test.web.servlet.TestDispatcherServlet&amp#27;[0;39m: Completed initialization in 1 ms

MockHttpServletRequest:
      HTTP Method = GET
      Request URI = /api/seedlots/0000000/a-class-full-form
       Parameters = {}
          Headers = [Accept:"application/json"]
             Body = <no character encoding set>
    Session Attrs = {}

Handler:
             Type = ca.bc.gov.backendstartapi.endpoint.SeedlotEndpoint
           Method = ca.bc.gov.backendstartapi.endpoint.SeedlotEndpoint#getFullSeedlotInfo(String)

Async:
    Async started = false
     Async result = null

Resolved Exception:
             Type = ca.bc.gov.backendstartapi.exception.SeedlotNotFoundException

ModelAndView:
        View name = null
             View = null
            Model = null

FlashMap:
       Attributes = null

MockHttpServletResponse:
           Status = 404
    Error message = Seedlot doesn't exist
          Headers = [Vary:"Origin", "Access-Control-Request-Method", "Access-Control-Request-Headers"]
     Content type = null
             Body = 
    Forwarded URL = null
   Redirected URL = null
          Cookies = []
]]></system-out>
  </testcase>
  <testcase name="getUserSeedlotInfoTestChangePageSize" classname="ca.bc.gov.backendstartapi.endpoint.SeedlotEndpointTest" time="0.013">
    <system-out><![CDATA[2024-04-10 20:15:40.068 &amp#27;[34mINFO &amp#27;[0;39m [&amp#27;[34mmain&amp#27;[0;39m] &amp#27;[33morg.springframework.boot.test.mock.web.SpringBootMockServletContext&amp#27;[0;39m: Initializing Spring TestDispatcherServlet ''
2024-04-10 20:15:40.068 &amp#27;[34mINFO &amp#27;[0;39m [&amp#27;[34mmain&amp#27;[0;39m] &amp#27;[33morg.springframework.test.web.servlet.TestDispatcherServlet&amp#27;[0;39m: Initializing Servlet ''
2024-04-10 20:15:40.069 &amp#27;[34mINFO &amp#27;[0;39m [&amp#27;[34mmain&amp#27;[0;39m] &amp#27;[33morg.springframework.test.web.servlet.TestDispatcherServlet&amp#27;[0;39m: Completed initialization in 1 ms
]]></system-out>
  </testcase>
</testsuite>