<?xml version="1.0" encoding="UTF-8"?>
<testsuite xmlns:xsi="http://www.w3.org/2001/XMLSchema-instance" xsi:noNamespaceSchemaLocation="https://maven.apache.org/surefire/maven-surefire-plugin/xsd/surefire-test-report-3.0.xsd" version="3.0" name="ca.bc.gov.backendstartapi.service.parser.SmpCalculationCsvTableParserTest" time="7.821" tests="2" errors="0" skipped="0" failures="0">
  <properties>
[...]
</properties>
  <testcase name="headerMustBeFirstLine" classname="ca.bc.gov.backendstartapi.service.parser.SmpCalculationCsvTableParserTest" time="0.013">
    <system-out><![CDATA[2024-04-10 20:15:46.911 &amp#27;[34mINFO &amp#27;[0;39m [&amp#27;[34mmain&amp#27;[0;39m] &amp#27;[33morg.springframework.test.context.support.AnnotationConfigContextLoaderUtils&amp#27;[0;39m: Could not detect default configuration classes for test class [ca.bc.gov.backendstartapi.service.parser.SmpCalculationCsvTableParserTest]: SmpCalculationCsvTableParserTest does not declare any static, non-private, non-final, nested classes annotated with @Configuration.
2024-04-10 20:15:46.930 &amp#27;[34mINFO &amp#27;[0;39m [&amp#27;[34mmain&amp#27;[0;39m] &amp#27;[33morg.springframework.boot.test.context.SpringBootTestContextBootstrapper&amp#27;[0;39m: Found @SpringBootConfiguration ca.bc.gov.backendstartapi.BackendStartApiApplication for test class ca.bc.gov.backendstartapi.service.parser.SmpCalculationCsvTableParserTest
2024-04-10 20:15:46.947 &amp#27;[34mINFO &amp#27;[0;39m [&amp#27;[34mmain&amp#27;[0;39m] &amp#27;[33morg.springframework.boot.devtools.restart.RestartApplicationListener&amp#27;[0;39m: Restart disabled due to context in which it is running

  .   ____          _            __ _ _
 /\\ / ___'_ __ _ _(_)_ __  __ _ \ \ \ \
( ( )\___ | '_ | '_| | '_ \/ _` | \ \ \ \
 \\/  ___)| |_)| | | | | || (_| |  ) ) ) )
  '  |____| .__|_| |_|_| |_\__, | / / / /
 =========|_|==============|___/=/_/_/_/
 :: Spring Boot ::                (v3.2.4)

2024-04-10 20:15:46.969 &amp#27;[34mINFO &amp#27;[0;39m [&amp#27;[34mmain&amp#27;[0;39m] &amp#27;[33mca.bc.gov.backendstartapi.service.parser.SmpCalculationCsvTableParserTest&amp#27;[0;39m: Starting SmpCalculationCsvTableParserTest using Java 17.0.10 with PID 2431 (started by root in /app)
2024-04-10 20:15:46.969 &amp#27;[39mDEBUG&amp#27;[0;39m [&amp#27;[34mmain&amp#27;[0;39m] &amp#27;[33mca.bc.gov.backendstartapi.service.parser.SmpCalculationCsvTableParserTest&amp#27;[0;39m: Running with Spring Boot v3.2.4, Spring v6.1.5
2024-04-10 20:15:46.969 &amp#27;[34mINFO &amp#27;[0;39m [&amp#27;[34mmain&amp#27;[0;39m] &amp#27;[33mca.bc.gov.backendstartapi.service.parser.SmpCalculationCsvTableParserTest&amp#27;[0;39m: The following 1 profile is active: "dev"
2024-04-10 20:15:47.811 &amp#27;[34mINFO &amp#27;[0;39m [&amp#27;[34mmain&amp#27;[0;39m] &amp#27;[33morg.springframework.data.repository.config.RepositoryConfigurationDelegate&amp#27;[0;39m: Bootstrapping Spring Data JPA repositories in DEFAULT mode.
2024-04-10 20:15:47.891 &amp#27;[34mINFO &amp#27;[0;39m [&amp#27;[34mmain&amp#27;[0;39m] &amp#27;[33morg.springframework.data.repository.config.RepositoryConfigurationDelegate&amp#27;[0;39m: Finished Spring Data repository scanning in 71 ms. Found 22 JPA repository interfaces.
2024-04-10 20:15:48.700 &amp#27;[34mINFO &amp#27;[0;39m [&amp#27;[34mmain&amp#27;[0;39m] &amp#27;[33morg.hibernate.jpa.internal.util.LogHelper&amp#27;[0;39m: HHH000204: Processing PersistenceUnitInfo [name: default]
2024-04-10 20:15:48.815 &amp#27;[34mINFO &amp#27;[0;39m [&amp#27;[34mmain&amp#27;[0;39m] &amp#27;[33morg.hibernate.Version&amp#27;[0;39m: HHH000412: Hibernate ORM core version 6.4.4.Final
2024-04-10 20:15:48.880 &amp#27;[34mINFO &amp#27;[0;39m [&amp#27;[34mmain&amp#27;[0;39m] &amp#27;[33morg.hibernate.cache.internal.RegionFactoryInitiator&amp#27;[0;39m: HHH000026: Second-level cache disabled
2024-04-10 20:15:49.097 &amp#27;[34mINFO &amp#27;[0;39m [&amp#27;[34mmain&amp#27;[0;39m] &amp#27;[33morg.springframework.orm.jpa.persistenceunit.SpringPersistenceUnitInfo&amp#27;[0;39m: No LoadTimeWeaver setup: ignoring JPA class transformer
2024-04-10 20:15:49.174 &amp#27;[34mINFO &amp#27;[0;39m [&amp#27;[34mmain&amp#27;[0;39m] &amp#27;[33mcom.zaxxer.hikari.HikariDataSource&amp#27;[0;39m: HikariPool-1 - Starting...
2024-04-10 20:15:49.551 &amp#27;[34mINFO &amp#27;[0;39m [&amp#27;[34mmain&amp#27;[0;39m] &amp#27;[33mcom.zaxxer.hikari.pool.HikariPool&amp#27;[0;39m: HikariPool-1 - Added connection conn0: url=jdbc:h2:mem:spardb user=SPAR
2024-04-10 20:15:49.556 &amp#27;[34mINFO &amp#27;[0;39m [&amp#27;[34mmain&amp#27;[0;39m] &amp#27;[33mcom.zaxxer.hikari.HikariDataSource&amp#27;[0;39m: HikariPool-1 - Start completed.
2024-04-10 20:15:49.600 &amp#27;[31mWARN &amp#27;[0;39m [&amp#27;[34mmain&amp#27;[0;39m] &amp#27;[33morg.hibernate.orm.deprecation&amp#27;[0;39m: HHH90000025: H2Dialect does not need to be specified explicitly using 'hibernate.dialect' (remove the property setting and it will be selected by default)
2024-04-10 20:15:51.375 &amp#27;[34mINFO &amp#27;[0;39m [&amp#27;[34mmain&amp#27;[0;39m] &amp#27;[33morg.hibernate.engine.transaction.jta.platform.internal.JtaPlatformInitiator&amp#27;[0;39m: HHH000489: No JTA platform available (set 'hibernate.transaction.jta.platform' to enable JTA platform integration)
Hibernate: drop table if exists spar.seedlot_registration_a_class_save cascade 
2024-04-10 20:15:51.431 &amp#27;[31mWARN &amp#27;[0;39m [&amp#27;[34mmain&amp#27;[0;39m] &amp#27;[33morg.hibernate.tool.schema.internal.ExceptionHandlerLoggedImpl&amp#27;[0;39m: GenerationTarget encountered exception accepting command : Error executing DDL "drop table if exists spar.seedlot_registration_a_class_save cascade " via JDBC [Schema "SPAR" not found;]
org.hibernate.tool.schema.spi.CommandAcceptanceException: Error executing DDL "drop table if exists spar.seedlot_registration_a_class_save cascade " via JDBC [Schema "SPAR" not found;]
	at org.hibernate.tool.schema.internal.exec.GenerationTargetToDatabase.accept(GenerationTargetToDatabase.java:94)
	at org.hibernate.tool.schema.internal.Helper.applySqlString(Helper.java:233)
	at org.hibernate.tool.schema.internal.Helper.applySqlStrings(Helper.java:217)
	at org.hibernate.tool.schema.internal.SchemaDropperImpl.dropTables(SchemaDropperImpl.java:377)
	at org.hibernate.tool.schema.internal.SchemaDropperImpl.dropConstraintsTablesSequences(SchemaDropperImpl.java:253)
	at org.hibernate.tool.schema.internal.SchemaDropperImpl.dropFromMetadata(SchemaDropperImpl.java:215)
	at org.hibernate.tool.schema.internal.SchemaDropperImpl.performDrop(SchemaDropperImpl.java:185)
	at org.hibernate.tool.schema.internal.SchemaDropperImpl.doDrop(SchemaDropperImpl.java:155)
	at org.hibernate.tool.schema.internal.SchemaDropperImpl.doDrop(SchemaDropperImpl.java:115)
	at org.hibernate.tool.schema.spi.SchemaManagementToolCoordinator.performDatabaseAction(SchemaManagementToolCoordinator.java:244)
	at org.hibernate.tool.schema.spi.SchemaManagementToolCoordinator.lambda$process$5(SchemaManagementToolCoordinator.java:145)
	at java.base/java.util.HashMap.forEach(HashMap.java:1421)
	at org.hibernate.tool.schema.spi.SchemaManagementToolCoordinator.process(SchemaManagementToolCoordinator.java:142)
	at org.hibernate.boot.internal.SessionFactoryObserverForSchemaExport.sessionFactoryCreated(SessionFactoryObserverForSchemaExport.java:37)
	at org.hibernate.internal.SessionFactoryObserverChain.sessionFactoryCreated(SessionFactoryObserverChain.java:35)
	at org.hibernate.internal.SessionFactoryImpl.<init>(SessionFactoryImpl.java:315)
	at org.hibernate.boot.internal.SessionFactoryBuilderImpl.build(SessionFactoryBuilderImpl.java:450)
	at org.hibernate.jpa.boot.internal.EntityManagerFactoryBuilderImpl.build(EntityManagerFactoryBuilderImpl.java:1507)
	at org.springframework.orm.jpa.vendor.SpringHibernateJpaPersistenceProvider.createContainerEntityManagerFactory(SpringHibernateJpaPersistenceProvider.java:75)
	at org.springframework.orm.jpa.LocalContainerEntityManagerFactoryBean.createNativeEntityManagerFactory(LocalContainerEntityManagerFactoryBean.java:390)
	at org.springframework.orm.jpa.AbstractEntityManagerFactoryBean.buildNativeEntityManagerFactory(AbstractEntityManagerFactoryBean.java:409)
	at org.springframework.orm.jpa.AbstractEntityManagerFactoryBean.afterPropertiesSet(AbstractEntityManagerFactoryBean.java:396)
	at org.springframework.orm.jpa.LocalContainerEntityManagerFactoryBean.afterPropertiesSet(LocalContainerEntityManagerFactoryBean.java:366)
	at org.springframework.beans.factory.support.AbstractAutowireCapableBeanFactory.invokeInitMethods(AbstractAutowireCapableBeanFactory.java:1833)
	at org.springframework.beans.factory.support.AbstractAutowireCapableBeanFactory.initializeBean(AbstractAutowireCapableBeanFactory.java:1782)
	at org.springframework.beans.factory.support.AbstractAutowireCapableBeanFactory.doCreateBean(AbstractAutowireCapableBeanFactory.java:600)
	at org.springframework.beans.factory.support.AbstractAutowireCapableBeanFactory.createBean(AbstractAutowireCapableBeanFactory.java:522)
	at org.springframework.beans.factory.support.AbstractBeanFactory.lambda$doGetBean$0(AbstractBeanFactory.java:326)
	at org.springframework.beans.factory.support.DefaultSingletonBeanRegistry.getSingleton(DefaultSingletonBeanRegistry.java:234)
	at org.springframework.beans.factory.support.AbstractBeanFactory.doGetBean(AbstractBeanFactory.java:324)
	at org.springframework.beans.factory.support.AbstractBeanFactory.getBean(AbstractBeanFactory.java:200)
	at org.springframework.context.support.AbstractApplicationContext.getBean(AbstractApplicationContext.java:1234)
	at org.springframework.context.support.AbstractApplicationContext.finishBeanFactoryInitialization(AbstractApplicationContext.java:952)
	at org.springframework.context.support.AbstractApplicationContext.refresh(AbstractApplicationContext.java:624)
	at org.springframework.boot.SpringApplication.refresh(SpringApplication.java:754)
	at org.springframework.boot.SpringApplication.refreshContext(SpringApplication.java:456)
	at org.springframework.boot.SpringApplication.run(SpringApplication.java:334)
	at org.springframework.boot.test.context.SpringBootContextLoader.lambda$loadContext$3(SpringBootContextLoader.java:137)
	at org.springframework.util.function.ThrowingSupplier.get(ThrowingSupplier.java:58)
	at org.springframework.util.function.ThrowingSupplier.get(ThrowingSupplier.java:46)
	at org.springframework.boot.SpringApplication.withHook(SpringApplication.java:1454)
	at org.springframework.boot.test.context.SpringBootContextLoader$ContextLoaderHook.run(SpringBootContextLoader.java:553)
	at org.springframework.boot.test.context.SpringBootContextLoader.loadContext(SpringBootContextLoader.java:137)
	at org.springframework.boot.test.context.SpringBootContextLoader.loadContext(SpringBootContextLoader.java:108)
	at org.springframework.test.context.cache.DefaultCacheAwareContextLoaderDelegate.loadContextInternal(DefaultCacheAwareContextLoaderDelegate.java:225)
	at org.springframework.test.context.cache.DefaultCacheAwareContextLoaderDelegate.loadContext(DefaultCacheAwareContextLoaderDelegate.java:152)
	at org.springframework.test.context.support.DefaultTestContext.getApplicationContext(DefaultTestContext.java:130)
	at org.springframework.test.context.junit.jupiter.SpringExtension.getApplicationContext(SpringExtension.java:355)
	at org.springframework.test.context.junit.jupiter.SpringExtension.resolveParameter(SpringExtension.java:341)
	at org.junit.jupiter.engine.execution.ParameterResolutionUtils.resolveParameter(ParameterResolutionUtils.java:136)
	at org.junit.jupiter.engine.execution.ParameterResolutionUtils.resolveParameters(ParameterResolutionUtils.java:103)
	at org.junit.jupiter.engine.execution.InterceptingExecutableInvoker.invoke(InterceptingExecutableInvoker.java:59)
	at org.junit.jupiter.engine.descriptor.ClassBasedTestDescriptor.invokeTestClassConstructor(ClassBasedTestDescriptor.java:364)
	at org.junit.jupiter.engine.descriptor.ClassBasedTestDescriptor.instantiateTestClass(ClassBasedTestDescriptor.java:311)
	at org.junit.jupiter.engine.descriptor.ClassTestDescriptor.instantiateTestClass(ClassTestDescriptor.java:79)
	at org.junit.jupiter.engine.descriptor.ClassBasedTestDescriptor.instantiateAndPostProcessTestInstance(ClassBasedTestDescriptor.java:287)
	at org.junit.jupiter.engine.descriptor.ClassBasedTestDescriptor.lambda$testInstancesProvider$4(ClassBasedTestDescriptor.java:279)
	at java.base/java.util.Optional.orElseGet(Optional.java:364)
	at org.junit.jupiter.engine.descriptor.ClassBasedTestDescriptor.lambda$testInstancesProvider$5(ClassBasedTestDescriptor.java:278)
	at org.junit.jupiter.engine.execution.TestInstancesProvider.getTestInstances(TestInstancesProvider.java:31)
	at org.junit.jupiter.engine.descriptor.TestMethodTestDescriptor.lambda$prepare$0(TestMethodTestDescriptor.java:106)
	at org.junit.platform.engine.support.hierarchical.ThrowableCollector.execute(ThrowableCollector.java:73)
	at org.junit.jupiter.engine.descriptor.TestMethodTestDescriptor.prepare(TestMethodTestDescriptor.java:105)
	at org.junit.jupiter.engine.descriptor.TestMethodTestDescriptor.prepare(TestMethodTestDescriptor.java:69)
	at org.junit.platform.engine.support.hierarchical.NodeTestTask.lambda$prepare$2(NodeTestTask.java:123)
	at org.junit.platform.engine.support.hierarchical.ThrowableCollector.execute(ThrowableCollector.java:73)
	at org.junit.platform.engine.support.hierarchical.NodeTestTask.prepare(NodeTestTask.java:123)
	at org.junit.platform.engine.support.hierarchical.NodeTestTask.execute(NodeTestTask.java:90)
	at java.base/java.util.ArrayList.forEach(ArrayList.java:1511)
	at org.junit.platform.engine.support.hierarchical.SameThreadHierarchicalTestExecutorService.invokeAll(SameThreadHierarchicalTestExecutorService.java:41)
	at org.junit.platform.engine.support.hierarchical.NodeTestTask.lambda$executeRecursively$6(NodeTestTask.java:155)
	at org.junit.platform.engine.support.hierarchical.ThrowableCollector.execute(ThrowableCollector.java:73)
	at org.junit.platform.engine.support.hierarchical.NodeTestTask.lambda$executeRecursively$8(NodeTestTask.java:141)
	at org.junit.platform.engine.support.hierarchical.Node.around(Node.java:137)
	at org.junit.platform.engine.support.hierarchical.NodeTestTask.lambda$executeRecursively$9(NodeTestTask.java:139)
	at org.junit.platform.engine.support.hierarchical.ThrowableCollector.execute(ThrowableCollector.java:73)
	at org.junit.platform.engine.support.hierarchical.NodeTestTask.executeRecursively(NodeTestTask.java:138)
	at org.junit.platform.engine.support.hierarchical.NodeTestTask.execute(NodeTestTask.java:95)
	at java.base/java.util.ArrayList.forEach(ArrayList.java:1511)
	at org.junit.platform.engine.support.hierarchical.SameThreadHierarchicalTestExecutorService.invokeAll(SameThreadHierarchicalTestExecutorService.java:41)
	at org.junit.platform.engine.support.hierarchical.NodeTestTask.lambda$executeRecursively$6(NodeTestTask.java:155)
	at org.junit.platform.engine.support.hierarchical.ThrowableCollector.execute(ThrowableCollector.java:73)
	at org.junit.platform.engine.support.hierarchical.NodeTestTask.lambda$executeRecursively$8(NodeTestTask.java:141)
	at org.junit.platform.engine.support.hierarchical.Node.around(Node.java:137)
	at org.junit.platform.engine.support.hierarchical.NodeTestTask.lambda$executeRecursively$9(NodeTestTask.java:139)
	at org.junit.platform.engine.support.hierarchical.ThrowableCollector.execute(ThrowableCollector.java:73)
	at org.junit.platform.engine.support.hierarchical.NodeTestTask.executeRecursively(NodeTestTask.java:138)
	at org.junit.platform.engine.support.hierarchical.NodeTestTask.execute(NodeTestTask.java:95)
	at org.junit.platform.engine.support.hierarchical.SameThreadHierarchicalTestExecutorService.submit(SameThreadHierarchicalTestExecutorService.java:35)
	at org.junit.platform.engine.support.hierarchical.HierarchicalTestExecutor.execute(HierarchicalTestExecutor.java:57)
	at org.junit.platform.engine.support.hierarchical.HierarchicalTestEngine.execute(HierarchicalTestEngine.java:54)
	at org.junit.platform.launcher.core.EngineExecutionOrchestrator.execute(EngineExecutionOrchestrator.java:198)
	at org.junit.platform.launcher.core.EngineExecutionOrchestrator.execute(EngineExecutionOrchestrator.java:169)
	at org.junit.platform.launcher.core.EngineExecutionOrchestrator.execute(EngineExecutionOrchestrator.java:93)
	at org.junit.platform.launcher.core.EngineExecutionOrchestrator.lambda$execute$0(EngineExecutionOrchestrator.java:58)
	at org.junit.platform.launcher.core.EngineExecutionOrchestrator.withInterceptedStreams(EngineExecutionOrchestrator.java:141)
	at org.junit.platform.launcher.core.EngineExecutionOrchestrator.execute(EngineExecutionOrchestrator.java:57)
	at org.junit.platform.launcher.core.DefaultLauncher.execute(DefaultLauncher.java:103)
	at org.junit.platform.launcher.core.DefaultLauncher.execute(DefaultLauncher.java:85)
	at org.junit.platform.launcher.core.DelegatingLauncher.execute(DelegatingLauncher.java:47)
	at org.apache.maven.surefire.junitplatform.LazyLauncher.execute(LazyLauncher.java:56)
	at org.apache.maven.surefire.junitplatform.JUnitPlatformProvider.execute(JUnitPlatformProvider.java:184)
	at org.apache.maven.surefire.junitplatform.JUnitPlatformProvider.invokeAllTests(JUnitPlatformProvider.java:148)
	at org.apache.maven.surefire.junitplatform.JUnitPlatformProvider.invoke(JUnitPlatformProvider.java:122)
	at org.apache.maven.surefire.booter.ForkedBooter.runSuitesInProcess(ForkedBooter.java:385)
	at org.apache.maven.surefire.booter.ForkedBooter.execute(ForkedBooter.java:162)
	at org.apache.maven.surefire.booter.ForkedBooter.run(ForkedBooter.java:507)
	at org.apache.maven.surefire.booter.ForkedBooter.main(ForkedBooter.java:495)
Caused by: org.h2.jdbc.JdbcSQLSyntaxErrorException: Schema "SPAR" not found; SQL statement:
drop table if exists spar.seedlot_registration_a_class_save cascade  [90079-224]
	at org.h2.message.DbException.getJdbcSQLException(DbException.java:644)
	at org.h2.message.DbException.getJdbcSQLException(DbException.java:489)
	at org.h2.message.DbException.get(DbException.java:223)
	at org.h2.message.DbException.get(DbException.java:199)
	at org.h2.command.Parser.getSchema(Parser.java:944)
	at org.h2.command.Parser.getSchema(Parser.java:950)
	at org.h2.command.Parser.parseDrop(Parser.java:2114)
	at org.h2.command.Parser.parsePrepared(Parser.java:679)
	at org.h2.command.Parser.parse(Parser.java:592)
	at org.h2.command.Parser.parse(Parser.java:564)
	at org.h2.command.Parser.prepareCommand(Parser.java:483)
	at org.h2.engine.SessionLocal.prepareLocal(SessionLocal.java:639)
	at org.h2.engine.SessionLocal.prepareCommand(SessionLocal.java:559)
	at org.h2.jdbc.JdbcConnection.prepareCommand(JdbcConnection.java:1166)
	at org.h2.jdbc.JdbcStatement.executeInternal(JdbcStatement.java:245)
	at org.h2.jdbc.JdbcStatement.execute(JdbcStatement.java:231)
	at com.zaxxer.hikari.pool.ProxyStatement.execute(ProxyStatement.java:94)
	at com.zaxxer.hikari.pool.HikariProxyStatement.execute(HikariProxyStatement.java)
	at org.hibernate.tool.schema.internal.exec.GenerationTargetToDatabase.accept(GenerationTargetToDatabase.java:80)
	... 107 common frames omitted
Hibernate: drop table if exists active_orchard_spu cascade 
Hibernate: drop table if exists cone_collection_method_list cascade 
Hibernate: drop table if exists favourite_activity cascade 
Hibernate: drop table if exists gametic_methodology_list cascade 
Hibernate: drop table if exists genetic_class_list cascade 
Hibernate: drop table if exists genetic_worth_list cascade 
Hibernate: drop table if exists method_of_payment_list cascade 
Hibernate: drop table if exists seedlot cascade 
Hibernate: drop table if exists seedlot_collection_method cascade 
Hibernate: drop table if exists seedlot_genetic_worth cascade 
Hibernate: drop table if exists seedlot_orchard cascade 
Hibernate: drop table if exists seedlot_owner_quantity cascade 
Hibernate: drop table if exists seedlot_parent_tree cascade 
Hibernate: drop table if exists seedlot_parent_tree_gen_qlty cascade 
Hibernate: drop table if exists seedlot_parent_tree_smp_mix cascade 
Hibernate: drop table if exists seedlot_seed_plan_zone cascade 
Hibernate: drop table if exists seedlot_source_list cascade 
Hibernate: drop table if exists seedlot_status_list cascade 
Hibernate: drop table if exists smp_mix cascade 
Hibernate: drop table if exists smp_mix_gen_qlty cascade 
Hibernate: drop table if exists user_profile cascade 
Hibernate: create table spar.seedlot_registration_a_class_save (revision_count integer not null, entry_timestamp timestamp(6), update_timestamp timestamp(6), entry_userid varchar(30) not null, update_userid varchar(30) not null, seedlot_number varchar(255) not null, all_step_data jsonb, progress_status jsonb, primary key (seedlot_number))
2024-04-10 20:15:51.458 &amp#27;[31mWARN &amp#27;[0;39m [&amp#27;[34mmain&amp#27;[0;39m] &amp#27;[33morg.hibernate.tool.schema.internal.ExceptionHandlerLoggedImpl&amp#27;[0;39m: GenerationTarget encountered exception accepting command : Error executing DDL "create table spar.seedlot_registration_a_class_save (revision_count integer not null, entry_timestamp timestamp(6), update_timestamp timestamp(6), entry_userid varchar(30) not null, update_userid varchar(30) not null, seedlot_number varchar(255) not null, all_step_data jsonb, progress_status jsonb, primary key (seedlot_number))" via JDBC [Schema "SPAR" not found;]
org.hibernate.tool.schema.spi.CommandAcceptanceException: Error executing DDL "create table spar.seedlot_registration_a_class_save (revision_count integer not null, entry_timestamp timestamp(6), update_timestamp timestamp(6), entry_userid varchar(30) not null, update_userid varchar(30) not null, seedlot_number varchar(255) not null, all_step_data jsonb, progress_status jsonb, primary key (seedlot_number))" via JDBC [Schema "SPAR" not found;]
	at org.hibernate.tool.schema.internal.exec.GenerationTargetToDatabase.accept(GenerationTargetToDatabase.java:94)
	at org.hibernate.tool.schema.internal.Helper.applySqlString(Helper.java:233)
	at org.hibernate.tool.schema.internal.Helper.applySqlStrings(Helper.java:217)
	at org.hibernate.tool.schema.internal.SchemaCreatorImpl.createTables(SchemaCreatorImpl.java:420)
	at org.hibernate.tool.schema.internal.SchemaCreatorImpl.createSequencesTablesConstraints(SchemaCreatorImpl.java:340)
	at org.hibernate.tool.schema.internal.SchemaCreatorImpl.createFromMetadata(SchemaCreatorImpl.java:239)
	at org.hibernate.tool.schema.internal.SchemaCreatorImpl.performCreation(SchemaCreatorImpl.java:172)
	at org.hibernate.tool.schema.internal.SchemaCreatorImpl.doCreation(SchemaCreatorImpl.java:142)
	at org.hibernate.tool.schema.internal.SchemaCreatorImpl.doCreation(SchemaCreatorImpl.java:118)
	at org.hibernate.tool.schema.spi.SchemaManagementToolCoordinator.performDatabaseAction(SchemaManagementToolCoordinator.java:256)
	at org.hibernate.tool.schema.spi.SchemaManagementToolCoordinator.lambda$process$5(SchemaManagementToolCoordinator.java:145)
	at java.base/java.util.HashMap.forEach(HashMap.java:1421)
	at org.hibernate.tool.schema.spi.SchemaManagementToolCoordinator.process(SchemaManagementToolCoordinator.java:142)
	at org.hibernate.boot.internal.SessionFactoryObserverForSchemaExport.sessionFactoryCreated(SessionFactoryObserverForSchemaExport.java:37)
	at org.hibernate.internal.SessionFactoryObserverChain.sessionFactoryCreated(SessionFactoryObserverChain.java:35)
	at org.hibernate.internal.SessionFactoryImpl.<init>(SessionFactoryImpl.java:315)
	at org.hibernate.boot.internal.SessionFactoryBuilderImpl.build(SessionFactoryBuilderImpl.java:450)
	at org.hibernate.jpa.boot.internal.EntityManagerFactoryBuilderImpl.build(EntityManagerFactoryBuilderImpl.java:1507)
	at org.springframework.orm.jpa.vendor.SpringHibernateJpaPersistenceProvider.createContainerEntityManagerFactory(SpringHibernateJpaPersistenceProvider.java:75)
	at org.springframework.orm.jpa.LocalContainerEntityManagerFactoryBean.createNativeEntityManagerFactory(LocalContainerEntityManagerFactoryBean.java:390)
	at org.springframework.orm.jpa.AbstractEntityManagerFactoryBean.buildNativeEntityManagerFactory(AbstractEntityManagerFactoryBean.java:409)
	at org.springframework.orm.jpa.AbstractEntityManagerFactoryBean.afterPropertiesSet(AbstractEntityManagerFactoryBean.java:396)
	at org.springframework.orm.jpa.LocalContainerEntityManagerFactoryBean.afterPropertiesSet(LocalContainerEntityManagerFactoryBean.java:366)
	at org.springframework.beans.factory.support.AbstractAutowireCapableBeanFactory.invokeInitMethods(AbstractAutowireCapableBeanFactory.java:1833)
	at org.springframework.beans.factory.support.AbstractAutowireCapableBeanFactory.initializeBean(AbstractAutowireCapableBeanFactory.java:1782)
	at org.springframework.beans.factory.support.AbstractAutowireCapableBeanFactory.doCreateBean(AbstractAutowireCapableBeanFactory.java:600)
	at org.springframework.beans.factory.support.AbstractAutowireCapableBeanFactory.createBean(AbstractAutowireCapableBeanFactory.java:522)
	at org.springframework.beans.factory.support.AbstractBeanFactory.lambda$doGetBean$0(AbstractBeanFactory.java:326)
	at org.springframework.beans.factory.support.DefaultSingletonBeanRegistry.getSingleton(DefaultSingletonBeanRegistry.java:234)
	at org.springframework.beans.factory.support.AbstractBeanFactory.doGetBean(AbstractBeanFactory.java:324)
	at org.springframework.beans.factory.support.AbstractBeanFactory.getBean(AbstractBeanFactory.java:200)
	at org.springframework.context.support.AbstractApplicationContext.getBean(AbstractApplicationContext.java:1234)
	at org.springframework.context.support.AbstractApplicationContext.finishBeanFactoryInitialization(AbstractApplicationContext.java:952)
	at org.springframework.context.support.AbstractApplicationContext.refresh(AbstractApplicationContext.java:624)
	at org.springframework.boot.SpringApplication.refresh(SpringApplication.java:754)
	at org.springframework.boot.SpringApplication.refreshContext(SpringApplication.java:456)
	at org.springframework.boot.SpringApplication.run(SpringApplication.java:334)
	at org.springframework.boot.test.context.SpringBootContextLoader.lambda$loadContext$3(SpringBootContextLoader.java:137)
	at org.springframework.util.function.ThrowingSupplier.get(ThrowingSupplier.java:58)
	at org.springframework.util.function.ThrowingSupplier.get(ThrowingSupplier.java:46)
	at org.springframework.boot.SpringApplication.withHook(SpringApplication.java:1454)
	at org.springframework.boot.test.context.SpringBootContextLoader$ContextLoaderHook.run(SpringBootContextLoader.java:553)
	at org.springframework.boot.test.context.SpringBootContextLoader.loadContext(SpringBootContextLoader.java:137)
	at org.springframework.boot.test.context.SpringBootContextLoader.loadContext(SpringBootContextLoader.java:108)
	at org.springframework.test.context.cache.DefaultCacheAwareContextLoaderDelegate.loadContextInternal(DefaultCacheAwareContextLoaderDelegate.java:225)
	at org.springframework.test.context.cache.DefaultCacheAwareContextLoaderDelegate.loadContext(DefaultCacheAwareContextLoaderDelegate.java:152)
	at org.springframework.test.context.support.DefaultTestContext.getApplicationContext(DefaultTestContext.java:130)
	at org.springframework.test.context.junit.jupiter.SpringExtension.getApplicationContext(SpringExtension.java:355)
	at org.springframework.test.context.junit.jupiter.SpringExtension.resolveParameter(SpringExtension.java:341)
	at org.junit.jupiter.engine.execution.ParameterResolutionUtils.resolveParameter(ParameterResolutionUtils.java:136)
	at org.junit.jupiter.engine.execution.ParameterResolutionUtils.resolveParameters(ParameterResolutionUtils.java:103)
	at org.junit.jupiter.engine.execution.InterceptingExecutableInvoker.invoke(InterceptingExecutableInvoker.java:59)
	at org.junit.jupiter.engine.descriptor.ClassBasedTestDescriptor.invokeTestClassConstructor(ClassBasedTestDescriptor.java:364)
	at org.junit.jupiter.engine.descriptor.ClassBasedTestDescriptor.instantiateTestClass(ClassBasedTestDescriptor.java:311)
	at org.junit.jupiter.engine.descriptor.ClassTestDescriptor.instantiateTestClass(ClassTestDescriptor.java:79)
	at org.junit.jupiter.engine.descriptor.ClassBasedTestDescriptor.instantiateAndPostProcessTestInstance(ClassBasedTestDescriptor.java:287)
	at org.junit.jupiter.engine.descriptor.ClassBasedTestDescriptor.lambda$testInstancesProvider$4(ClassBasedTestDescriptor.java:279)
	at java.base/java.util.Optional.orElseGet(Optional.java:364)
	at org.junit.jupiter.engine.descriptor.ClassBasedTestDescriptor.lambda$testInstancesProvider$5(ClassBasedTestDescriptor.java:278)
	at org.junit.jupiter.engine.execution.TestInstancesProvider.getTestInstances(TestInstancesProvider.java:31)
	at org.junit.jupiter.engine.descriptor.TestMethodTestDescriptor.lambda$prepare$0(TestMethodTestDescriptor.java:106)
	at org.junit.platform.engine.support.hierarchical.ThrowableCollector.execute(ThrowableCollector.java:73)
	at org.junit.jupiter.engine.descriptor.TestMethodTestDescriptor.prepare(TestMethodTestDescriptor.java:105)
	at org.junit.jupiter.engine.descriptor.TestMethodTestDescriptor.prepare(TestMethodTestDescriptor.java:69)
	at org.junit.platform.engine.support.hierarchical.NodeTestTask.lambda$prepare$2(NodeTestTask.java:123)
	at org.junit.platform.engine.support.hierarchical.ThrowableCollector.execute(ThrowableCollector.java:73)
	at org.junit.platform.engine.support.hierarchical.NodeTestTask.prepare(NodeTestTask.java:123)
	at org.junit.platform.engine.support.hierarchical.NodeTestTask.execute(NodeTestTask.java:90)
	at java.base/java.util.ArrayList.forEach(ArrayList.java:1511)
	at org.junit.platform.engine.support.hierarchical.SameThreadHierarchicalTestExecutorService.invokeAll(SameThreadHierarchicalTestExecutorService.java:41)
	at org.junit.platform.engine.support.hierarchical.NodeTestTask.lambda$executeRecursively$6(NodeTestTask.java:155)
	at org.junit.platform.engine.support.hierarchical.ThrowableCollector.execute(ThrowableCollector.java:73)
	at org.junit.platform.engine.support.hierarchical.NodeTestTask.lambda$executeRecursively$8(NodeTestTask.java:141)
	at org.junit.platform.engine.support.hierarchical.Node.around(Node.java:137)
	at org.junit.platform.engine.support.hierarchical.NodeTestTask.lambda$executeRecursively$9(NodeTestTask.java:139)
	at org.junit.platform.engine.support.hierarchical.ThrowableCollector.execute(ThrowableCollector.java:73)
	at org.junit.platform.engine.support.hierarchical.NodeTestTask.executeRecursively(NodeTestTask.java:138)
	at org.junit.platform.engine.support.hierarchical.NodeTestTask.execute(NodeTestTask.java:95)
	at java.base/java.util.ArrayList.forEach(ArrayList.java:1511)
	at org.junit.platform.engine.support.hierarchical.SameThreadHierarchicalTestExecutorService.invokeAll(SameThreadHierarchicalTestExecutorService.java:41)
	at org.junit.platform.engine.support.hierarchical.NodeTestTask.lambda$executeRecursively$6(NodeTestTask.java:155)
	at org.junit.platform.engine.support.hierarchical.ThrowableCollector.execute(ThrowableCollector.java:73)
	at org.junit.platform.engine.support.hierarchical.NodeTestTask.lambda$executeRecursively$8(NodeTestTask.java:141)
	at org.junit.platform.engine.support.hierarchical.Node.around(Node.java:137)
	at org.junit.platform.engine.support.hierarchical.NodeTestTask.lambda$executeRecursively$9(NodeTestTask.java:139)
	at org.junit.platform.engine.support.hierarchical.ThrowableCollector.execute(ThrowableCollector.java:73)
	at org.junit.platform.engine.support.hierarchical.NodeTestTask.executeRecursively(NodeTestTask.java:138)
	at org.junit.platform.engine.support.hierarchical.NodeTestTask.execute(NodeTestTask.java:95)
	at org.junit.platform.engine.support.hierarchical.SameThreadHierarchicalTestExecutorService.submit(SameThreadHierarchicalTestExecutorService.java:35)
	at org.junit.platform.engine.support.hierarchical.HierarchicalTestExecutor.execute(HierarchicalTestExecutor.java:57)
	at org.junit.platform.engine.support.hierarchical.HierarchicalTestEngine.execute(HierarchicalTestEngine.java:54)
	at org.junit.platform.launcher.core.EngineExecutionOrchestrator.execute(EngineExecutionOrchestrator.java:198)
	at org.junit.platform.launcher.core.EngineExecutionOrchestrator.execute(EngineExecutionOrchestrator.java:169)
	at org.junit.platform.launcher.core.EngineExecutionOrchestrator.execute(EngineExecutionOrchestrator.java:93)
	at org.junit.platform.launcher.core.EngineExecutionOrchestrator.lambda$execute$0(EngineExecutionOrchestrator.java:58)
	at org.junit.platform.launcher.core.EngineExecutionOrchestrator.withInterceptedStreams(EngineExecutionOrchestrator.java:141)
	at org.junit.platform.launcher.core.EngineExecutionOrchestrator.execute(EngineExecutionOrchestrator.java:57)
	at org.junit.platform.launcher.core.DefaultLauncher.execute(DefaultLauncher.java:103)
	at org.junit.platform.launcher.core.DefaultLauncher.execute(DefaultLauncher.java:85)
	at org.junit.platform.launcher.core.DelegatingLauncher.execute(DelegatingLauncher.java:47)
	at org.apache.maven.surefire.junitplatform.LazyLauncher.execute(LazyLauncher.java:56)
	at org.apache.maven.surefire.junitplatform.JUnitPlatformProvider.execute(JUnitPlatformProvider.java:184)
	at org.apache.maven.surefire.junitplatform.JUnitPlatformProvider.invokeAllTests(JUnitPlatformProvider.java:148)
	at org.apache.maven.surefire.junitplatform.JUnitPlatformProvider.invoke(JUnitPlatformProvider.java:122)
	at org.apache.maven.surefire.booter.ForkedBooter.runSuitesInProcess(ForkedBooter.java:385)
	at org.apache.maven.surefire.booter.ForkedBooter.execute(ForkedBooter.java:162)
	at org.apache.maven.surefire.booter.ForkedBooter.run(ForkedBooter.java:507)
	at org.apache.maven.surefire.booter.ForkedBooter.main(ForkedBooter.java:495)
Caused by: org.h2.jdbc.JdbcSQLSyntaxErrorException: Schema "SPAR" not found; SQL statement:
create table spar.seedlot_registration_a_class_save (revision_count integer not null, entry_timestamp timestamp(6), update_timestamp timestamp(6), entry_userid varchar(30) not null, update_userid varchar(30) not null, seedlot_number varchar(255) not null, all_step_data jsonb, progress_status jsonb, primary key (seedlot_number)) [90079-224]
	at org.h2.message.DbException.getJdbcSQLException(DbException.java:644)
	at org.h2.message.DbException.getJdbcSQLException(DbException.java:489)
	at org.h2.message.DbException.get(DbException.java:223)
	at org.h2.message.DbException.get(DbException.java:199)
	at org.h2.command.Parser.getSchema(Parser.java:944)
	at org.h2.command.Parser.getSchema(Parser.java:950)
	at org.h2.command.Parser.parseCreateTable(Parser.java:8928)
	at org.h2.command.Parser.parseCreate(Parser.java:6404)
	at org.h2.command.Parser.parsePrepared(Parser.java:666)
	at org.h2.command.Parser.parse(Parser.java:592)
	at org.h2.command.Parser.parse(Parser.java:564)
	at org.h2.command.Parser.prepareCommand(Parser.java:483)
	at org.h2.engine.SessionLocal.prepareLocal(SessionLocal.java:639)
	at org.h2.engine.SessionLocal.prepareCommand(SessionLocal.java:559)
	at org.h2.jdbc.JdbcConnection.prepareCommand(JdbcConnection.java:1166)
	at org.h2.jdbc.JdbcStatement.executeInternal(JdbcStatement.java:245)
	at org.h2.jdbc.JdbcStatement.execute(JdbcStatement.java:231)
	at com.zaxxer.hikari.pool.ProxyStatement.execute(ProxyStatement.java:94)
	at com.zaxxer.hikari.pool.HikariProxyStatement.execute(HikariProxyStatement.java)
	at org.hibernate.tool.schema.internal.exec.GenerationTargetToDatabase.accept(GenerationTargetToDatabase.java:80)
	... 107 common frames omitted
Hibernate: create table active_orchard_spu (active_ind boolean not null, no_spu_ind boolean not null, orchard_id varchar(3) not null, retired_ind boolean not null, seed_plan_unit_id integer not null, primary key (orchard_id, seed_plan_unit_id))
Hibernate: create table cone_collection_method_list (cone_collection_method_code integer not null, effective_date date not null, expiry_date date not null, update_timestamp timestamp(6) with time zone, description varchar(120) not null, primary key (cone_collection_method_code))
Hibernate: create table favourite_activity (highlighted boolean, id bigint generated by default as identity, activity varchar(255), user_id varchar(255), primary key (id))
Hibernate: create table gametic_methodology_list (effective_date date not null, expiry_date date not null, female_methodology_ind boolean, gametic_methodology_code varchar(3) not null, pli_species_ind boolean, update_timestamp timestamp(6) with time zone, description varchar(120) not null, primary key (gametic_methodology_code))
Hibernate: create table genetic_class_list (effective_date date not null, expiry_date date not null, genetic_class_code varchar(1) not null, update_timestamp timestamp(6) with time zone, description varchar(120) not null, primary key (genetic_class_code))
Hibernate: create table genetic_worth_list (effective_date date not null, expiry_date date not null, genetic_worth_code varchar(3) not null, update_timestamp timestamp(6) with time zone, description varchar(120) not null, primary key (genetic_worth_code))
Hibernate: create table method_of_payment_list (default_method_ind boolean, effective_date date not null, expiry_date date not null, method_of_payment_code varchar(3) not null, update_timestamp timestamp(6) with time zone, description varchar(120) not null, primary key (method_of_payment_code))
Hibernate: create table seedlot (applicant_locn_code varchar(2), bc_source_ind boolean, bec_version_id integer, bgc_subzone_code varchar(3), bgc_zone_code varchar(4), biotech_processes_ind boolean, clctn_volume numeric(6,2), collection_elevation integer, collection_elevation_max integer, collection_elevation_min integer, collection_latitude_code char(1), collection_latitude_deg integer, collection_latitude_min integer, collection_latitude_sec integer, collection_locn_code varchar(2), collection_longitude_code char(1), collection_longitude_deg integer, collection_longitude_min integer, collection_longitude_sec integer, contaminant_pollen_bv numeric(4,1), controlled_cross_ind boolean, effective_pop_size numeric(5,1), elevation integer, elevation_max integer, elevation_min integer, extractory_locn_code varchar(2), female_gametic_mthd_code varchar(4), genetic_class_code varchar(1), interm_facility_code varchar(3), interm_strg_locn_code varchar(2), latitude_deg_max integer, latitude_deg_min integer, latitude_degrees integer, latitude_min_max integer, latitude_min_min integer, latitude_minutes integer, latitude_sec_max integer, latitude_sec_min integer, latitude_seconds integer, longitude_deg_max integer, longitude_deg_min integer, longitude_degrees integer, longitude_min_max integer, longitude_min_min integer, longitude_minutes integer, longitude_sec_max integer, longitude_sec_min integer, longitude_seconds integer, male_gametic_mthd_code varchar(4), no_of_containers numeric(6,2), non_orchard_pollen_contam_pct integer, pollen_contamination_ind boolean, pollen_contamination_mthd_code varchar(4), pollen_contamination_pct integer, revision_count integer not null, seed_plan_unit_id integer, seedlot_source_code varchar(3), seedlot_status_code varchar(3), smp_mean_bv_growth numeric(4,1), smp_parents_outside integer, smp_success_pct integer, temporary_strg_locn_code varchar(2), to_be_registrd_ind boolean, total_parent_trees integer, variant char(1), vol_per_container numeric(6,2), seedlot_number varchar(5) not null, applicant_client_number varchar(8), collection_client_number varchar(8), collection_end_date timestamp(6), collection_start_date timestamp(6), declared_timestamp timestamp(6), entry_timestamp timestamp(6), extraction_end_date timestamp(6), extraction_st_date timestamp(6), extractory_client_number varchar(8), interm_strg_client_number varchar(8), interm_strg_end_date timestamp(6), interm_strg_st_date timestamp(6), temporary_strg_client_number varchar(8), temporary_strg_end_date timestamp(6), temporary_strg_start_date timestamp(6), update_timestamp timestamp(6), vegetation_code varchar(8), declared_userid varchar(30), entry_userid varchar(30) not null, update_userid varchar(30) not null, interm_strg_locn varchar(55), applicant_email_address varchar(100), area_of_use_comment varchar(2000), seedlot_comment varchar(2000), primary key (seedlot_number))
Hibernate: create table seedlot_collection_method (cone_collection_method_code integer not null, revision_count integer not null, entry_timestamp timestamp(6), update_timestamp timestamp(6), entry_userid varchar(30) not null, update_userid varchar(30) not null, cone_collection_method_other_desc varchar(50), seedlot_number varchar(255) not null, primary key (cone_collection_method_code, seedlot_number))
Hibernate: create table seedlot_genetic_worth (genetic_quality_value numeric(4,1) not null, revision_count integer not null, tested_parent_tree_cont_pct numeric(6,2), entry_timestamp timestamp(6), update_timestamp timestamp(6), entry_userid varchar(30) not null, update_userid varchar(30) not null, genetic_worth_code varchar(255) not null, seedlot_number varchar(255) not null, primary key (genetic_worth_code, seedlot_number))
Hibernate: create table seedlot_orchard (orchard_id varchar(3) not null, revision_count integer not null, entry_timestamp timestamp(6), update_timestamp timestamp(6), entry_userid varchar(30) not null, update_userid varchar(30) not null, seedlot_number varchar(255) not null, primary key (orchard_id, seedlot_number))
Hibernate: create table seedlot_owner_quantity (method_of_payment_code varchar(3), original_pct_owned numeric(4,1) not null, original_pct_rsrvd numeric(4,1) not null, original_pct_srpls numeric(4,1) not null, owner_locn_code varchar(2) not null, revision_count integer not null, spar_fund_srce_code varchar(3), entry_timestamp timestamp(6), owner_client_number varchar(8) not null, update_timestamp timestamp(6), entry_userid varchar(30) not null, update_userid varchar(30) not null, seedlot_number varchar(255) not null, primary key (owner_locn_code, owner_client_number, seedlot_number))
Hibernate: create table seedlot_parent_tree (cone_count numeric(20,10) not null, non_orchard_pollen_contam_pct integer, parent_tree_id integer not null, pollen_count numeric(20,10) not null, revision_count integer not null, smp_success_pct integer, entry_timestamp timestamp(6), update_timestamp timestamp(6), entry_userid varchar(30) not null, update_userid varchar(30) not null, parent_tree_number varchar(255) not null, seedlot_number varchar(255) not null, primary key (parent_tree_id, seedlot_number))
Hibernate: create table seedlot_parent_tree_gen_qlty (estimated_ind boolean, genetic_quality_value numeric(4,1) not null, genetic_type_code varchar(2) not null, parent_tree_id integer not null, revision_count integer not null, untested_ind boolean, entry_timestamp timestamp(6), update_timestamp timestamp(6), entry_userid varchar(30) not null, update_userid varchar(30) not null, genetic_worth_code varchar(255) not null, seedlot_number varchar(255) not null, primary key (genetic_type_code, parent_tree_id, genetic_worth_code, seedlot_number))
Hibernate: create table seedlot_parent_tree_smp_mix (genetic_quality_value numeric(4,1) not null, genetic_type_code varchar(2) not null, parent_tree_id integer not null, revision_count integer not null, entry_timestamp timestamp(6), update_timestamp timestamp(6), entry_userid varchar(30) not null, update_userid varchar(30) not null, genetic_worth_code varchar(255) not null, seedlot_number varchar(255) not null, primary key (genetic_type_code, parent_tree_id, genetic_worth_code, seedlot_number))
Hibernate: create table seedlot_seed_plan_zone (genetic_class_code varchar(1), revision_count integer not null, seed_plan_zone_code varchar(3) not null, seed_plan_zone_id integer not null, entry_timestamp timestamp(6), update_timestamp timestamp(6), entry_userid varchar(30) not null, update_userid varchar(30) not null, seedlot_number varchar(255) not null, primary key (seed_plan_zone_code, seedlot_number))
Hibernate: create table seedlot_source_list (default_source_ind boolean, effective_date date not null, expiry_date date not null, seedlot_source_code varchar(3) not null, update_timestamp timestamp(6) with time zone, description varchar(120) not null, primary key (seedlot_source_code))
Hibernate: create table seedlot_status_list (effective_date date not null, expiry_date date not null, seedlot_status_code varchar(3) not null, update_timestamp timestamp(6) with time zone, description varchar(120) not null, primary key (seedlot_status_code))
Hibernate: create table smp_mix (amount_of_material integer not null, parent_tree_id integer not null, proportion numeric(20,10), revision_count integer not null, entry_timestamp timestamp(6), update_timestamp timestamp(6), entry_userid varchar(30) not null, update_userid varchar(30) not null, parent_tree_number varchar(255) not null, seedlot_number varchar(255) not null, primary key (parent_tree_id, seedlot_number))
Hibernate: create table smp_mix_gen_qlty (estimated_ind boolean not null, genetic_quality_value numeric(4,1) not null, genetic_type_code varchar(2) not null, parent_tree_id integer not null, revision_count integer not null, entry_timestamp timestamp(6), update_timestamp timestamp(6), entry_userid varchar(30) not null, update_userid varchar(30) not null, genetic_worth_code varchar(255) not null, seedlot_number varchar(255) not null, primary key (genetic_type_code, parent_tree_id, genetic_worth_code, seedlot_number))
Hibernate: create table user_profile (dark_theme boolean, user_id varchar(255) not null, primary key (user_id))
Hibernate: alter table if exists seedlot add constraint FKcicl4k8g1ymoajj7xrvyer4en foreign key (genetic_class_code) references genetic_class_list
Hibernate: alter table if exists seedlot add constraint FKfekckokeweq02pxqs37l2ho0l foreign key (seedlot_source_code) references seedlot_source_list
Hibernate: alter table if exists seedlot add constraint FKfye9xtug29wp5genwbm6tmkeb foreign key (seedlot_status_code) references seedlot_status_list
Hibernate: alter table if exists seedlot_collection_method add constraint FKfqfpsynwpsbjgd2wptaneribc foreign key (cone_collection_method_code) references cone_collection_method_list
Hibernate: alter table if exists seedlot_collection_method add constraint FKo5cfnpwcf9f9ppx8x92f1dhvo foreign key (seedlot_number) references seedlot
Hibernate: alter table if exists seedlot_genetic_worth add constraint FKpr1wovbmiamhp375ahqtm88g7 foreign key (genetic_worth_code) references genetic_worth_list
Hibernate: alter table if exists seedlot_genetic_worth add constraint FKbq7d5s9esxbsocmagaxxj08gb foreign key (seedlot_number) references seedlot
Hibernate: alter table if exists seedlot_orchard add constraint FKnxnj9s55y02k92bvk5r6wqid2 foreign key (seedlot_number) references seedlot
Hibernate: alter table if exists seedlot_owner_quantity add constraint FK272w1upacal3xgsdchjwy6gyr foreign key (seedlot_number) references seedlot
Hibernate: alter table if exists seedlot_owner_quantity add constraint FKg5ck4k5dfa3do83lyjs2nf56h foreign key (method_of_payment_code) references method_of_payment_list
Hibernate: alter table if exists seedlot_parent_tree add constraint FK3xwfkd5qpx45v1gk48b6pmj1v foreign key (seedlot_number) references seedlot
Hibernate: alter table if exists seedlot_parent_tree_gen_qlty add constraint FK987edcfwrdtp68uw6dfw7dhhv foreign key (genetic_worth_code) references genetic_worth_list
Hibernate: alter table if exists seedlot_parent_tree_gen_qlty add constraint FKn6j01xh0v6uhjf51osfki4lmd foreign key (parent_tree_id, seedlot_number) references seedlot_parent_tree
Hibernate: alter table if exists seedlot_parent_tree_smp_mix add constraint FKg75sk0agx3iwckgs81pn024nd foreign key (genetic_worth_code) references genetic_worth_list
Hibernate: alter table if exists seedlot_parent_tree_smp_mix add constraint FK5txw5okj33m2di1vk7e4kdv7c foreign key (parent_tree_id, seedlot_number) references seedlot_parent_tree
Hibernate: alter table if exists seedlot_seed_plan_zone add constraint FKkjf0xj1mb386tsekhdm7j3qnt foreign key (seedlot_number) references seedlot
Hibernate: alter table if exists seedlot_seed_plan_zone add constraint FKi1876vu8mpxwrwbbb10220g3w foreign key (genetic_class_code) references genetic_class_list
Hibernate: alter table if exists smp_mix add constraint FKjyrl8eugbagmytigsel25me7d foreign key (seedlot_number) references seedlot
Hibernate: alter table if exists smp_mix_gen_qlty add constraint FKreh2aaiomb616jvmmma40kgn3 foreign key (genetic_worth_code) references genetic_worth_list
Hibernate: alter table if exists smp_mix_gen_qlty add constraint FKbpcglihdb0yj8pc4e5gtkc3qp foreign key (parent_tree_id, seedlot_number) references smp_mix
2024-04-10 20:15:51.560 &amp#27;[34mINFO &amp#27;[0;39m [&amp#27;[34mmain&amp#27;[0;39m] &amp#27;[33morg.springframework.orm.jpa.LocalContainerEntityManagerFactoryBean&amp#27;[0;39m: Initialized JPA EntityManagerFactory for persistence unit 'default'
2024-04-10 20:15:52.225 &amp#27;[34mINFO &amp#27;[0;39m [&amp#27;[34mmain&amp#27;[0;39m] &amp#27;[33morg.springframework.data.jpa.repository.query.QueryEnhancerFactory&amp#27;[0;39m: Hibernate is in classpath; If applicable, HQL parser will be used.
2024-04-10 20:15:53.720 &amp#27;[31mWARN &amp#27;[0;39m [&amp#27;[34mmain&amp#27;[0;39m] &amp#27;[33morg.springframework.boot.autoconfigure.orm.jpa.JpaBaseConfiguration$JpaWebConfiguration&amp#27;[0;39m: spring.jpa.open-in-view is enabled by default. Therefore, database queries may be performed during view rendering. Explicitly configure spring.jpa.open-in-view to disable this warning
2024-04-10 20:15:53.769 &amp#27;[34mINFO &amp#27;[0;39m [&amp#27;[34mmain&amp#27;[0;39m] &amp#27;[33mca.bc.gov.backendstartapi.config.CorsConfig&amp#27;[0;39m: allowedOrigins: [http://localhost:*]
2024-04-10 20:15:54.003 &amp#27;[34mINFO &amp#27;[0;39m [&amp#27;[34mmain&amp#27;[0;39m] &amp#27;[33morg.springframework.boot.actuate.endpoint.web.EndpointLinksResolver&amp#27;[0;39m: Exposing 1 endpoint(s) beneath base path '/actuator'
2024-04-10 20:15:54.093 &amp#27;[34mINFO &amp#27;[0;39m [&amp#27;[34mmain&amp#27;[0;39m] &amp#27;[33morg.springframework.security.web.DefaultSecurityFilterChain&amp#27;[0;39m: Will secure any request with [org.springframework.security.web.session.DisableEncodeUrlFilter@7d2cbccc, org.springframework.security.web.context.request.async.WebAsyncManagerIntegrationFilter@7ac88aef, org.springframework.security.web.context.SecurityContextHolderFilter@73c883f, org.springframework.security.web.header.HeaderWriterFilter@4e8c38ed, org.springframework.web.filter.CorsFilter@47c6ba8c, org.springframework.security.web.csrf.CsrfFilter@84bd2a1, org.springframework.security.web.authentication.logout.LogoutFilter@59d318b5, org.springframework.security.oauth2.server.resource.web.authentication.BearerTokenAuthenticationFilter@ab1aa4c, org.springframework.security.web.savedrequest.RequestCacheAwareFilter@4c3ddbd4, org.springframework.security.web.servletapi.SecurityContextHolderAwareRequestFilter@29c148c8, org.springframework.security.web.authentication.AnonymousAuthenticationFilter@54648a05, org.springframework.security.web.access.ExceptionTranslationFilter@1053b9e5, org.springframework.security.web.access.intercept.AuthorizationFilter@17d6226e]
2024-04-10 20:15:54.676 &amp#27;[34mINFO &amp#27;[0;39m [&amp#27;[34mmain&amp#27;[0;39m] &amp#27;[33mca.bc.gov.backendstartapi.service.parser.SmpCalculationCsvTableParserTest&amp#27;[0;39m: Started SmpCalculationCsvTableParserTest in 7.729 seconds (process running for 24.51)
]]></system-out>
  </testcase>
  <testcase name="mustAllowEmptyLineAtTheEnd" classname="ca.bc.gov.backendstartapi.service.parser.SmpCalculationCsvTableParserTest" time="0.008"/>
</testsuite>