<?xml version="1.0" encoding="UTF-8"?>
<testsuite xmlns:xsi="http://www.w3.org/2001/XMLSchema-instance" xsi:noNamespaceSchemaLocation="https://maven.apache.org/surefire/maven-surefire-plugin/xsd/surefire-test-report-3.0.xsd" version="3.0" name="ca.bc.gov.backendstartapi.repository.seedlot.SmpMixRelationalTest" time="0.029" tests="1" errors="0" skipped="0" failures="0">
  <properties>
[...]
</properties>
  <testcase name="create" classname="ca.bc.gov.backendstartapi.repository.seedlot.SmpMixRelationalTest" time="0.02">
    <system-out><![CDATA[2024-04-10 20:15:57.000 &amp#27;[34mINFO &amp#27;[0;39m [&amp#27;[34mmain&amp#27;[0;39m] &amp#27;[33morg.springframework.test.context.support.AnnotationConfigContextLoaderUtils&amp#27;[0;39m: Could not detect default configuration classes for test class [ca.bc.gov.backendstartapi.repository.seedlot.SmpMixRelationalTest]: SmpMixRelationalTest does not declare any static, non-private, non-final, nested classes annotated with @Configuration.
2024-04-10 20:15:57.005 &amp#27;[34mINFO &amp#27;[0;39m [&amp#27;[34mmain&amp#27;[0;39m] &amp#27;[33morg.springframework.boot.test.context.SpringBootTestContextBootstrapper&amp#27;[0;39m: Found @SpringBootConfiguration ca.bc.gov.backendstartapi.BackendStartApiApplication for test class ca.bc.gov.backendstartapi.repository.seedlot.SmpMixRelationalTest
Hibernate: select gce1_0.genetic_class_code,gce1_0.description,gce1_0.effective_date,gce1_0.expiry_date,gce1_0.update_timestamp from genetic_class_list gce1_0 where gce1_0.genetic_class_code=?
Hibernate: insert into genetic_class_list (description,effective_date,expiry_date,update_timestamp,genetic_class_code) values (?,?,?,?,?)
Hibernate: select gwe1_0.genetic_worth_code,gwe1_0.description,gwe1_0.effective_date,gwe1_0.expiry_date,gwe1_0.update_timestamp from genetic_worth_list gwe1_0 where gwe1_0.genetic_worth_code=?
Hibernate: insert into genetic_worth_list (description,effective_date,expiry_date,update_timestamp,genetic_worth_code) values (?,?,?,?,?)
Hibernate: select sse1_0.seedlot_source_code,sse1_0.description,sse1_0.effective_date,sse1_0.expiry_date,sse1_0.default_source_ind,sse1_0.update_timestamp from seedlot_source_list sse1_0 where sse1_0.seedlot_source_code=?
Hibernate: insert into seedlot_source_list (description,effective_date,expiry_date,default_source_ind,update_timestamp,seedlot_source_code) values (?,?,?,?,?,?)
Hibernate: select s1_0.seedlot_number,s1_0.applicant_client_number,s1_0.applicant_email_address,s1_0.applicant_locn_code,s1_0.area_of_use_comment,s1_0.entry_timestamp,s1_0.entry_userid,s1_0.update_timestamp,s1_0.update_userid,s1_0.bec_version_id,s1_0.bgc_subzone_code,s1_0.bgc_zone_code,s1_0.collection_client_number,s1_0.collection_elevation,s1_0.collection_elevation_max,s1_0.collection_elevation_min,s1_0.collection_end_date,s1_0.collection_latitude_code,s1_0.collection_latitude_deg,s1_0.collection_latitude_min,s1_0.collection_latitude_sec,s1_0.collection_locn_code,s1_0.collection_longitude_code,s1_0.collection_longitude_deg,s1_0.collection_longitude_min,s1_0.collection_longitude_sec,s1_0.collection_start_date,s1_0.seedlot_comment,s1_0.vol_per_container,s1_0.declared_timestamp,s1_0.declared_userid,s1_0.effective_pop_size,s1_0.elevation,s1_0.elevation_max,s1_0.elevation_min,s1_0.extractory_client_number,s1_0.extraction_end_date,s1_0.extractory_locn_code,s1_0.extraction_st_date,s1_0.female_gametic_mthd_code,gc1_0.genetic_class_code,gc1_0.description,gc1_0.effective_date,gc1_0.expiry_date,gc1_0.update_timestamp,s1_0.to_be_registrd_ind,s1_0.interm_strg_client_number,s1_0.interm_strg_end_date,s1_0.interm_facility_code,s1_0.interm_strg_locn_code,s1_0.interm_strg_locn,s1_0.interm_strg_st_date,s1_0.latitude_deg_max,s1_0.latitude_deg_min,s1_0.latitude_degrees,s1_0.latitude_min_max,s1_0.latitude_min_min,s1_0.latitude_minutes,s1_0.latitude_sec_max,s1_0.latitude_sec_min,s1_0.latitude_seconds,s1_0.longitude_deg_max,s1_0.longitude_deg_min,s1_0.longitude_degrees,s1_0.longitude_min_max,s1_0.longitude_min_min,s1_0.longitude_minutes,s1_0.longitude_sec_max,s1_0.longitude_sec_min,s1_0.longitude_seconds,s1_0.male_gametic_mthd_code,s1_0.non_orchard_pollen_contam_pct,s1_0.no_of_containers,s1_0.smp_parents_outside,s1_0.contaminant_pollen_bv,s1_0.pollen_contamination_mthd_code,s1_0.pollen_contamination_pct,s1_0.pollen_contamination_ind,s1_0.controlled_cross_ind,s1_0.biotech_processes_ind,s1_0.revision_count,s1_0.seed_plan_unit_id,ss1_0.seedlot_source_code,ss1_0.description,ss1_0.effective_date,ss1_0.expiry_date,ss1_0.default_source_ind,ss1_0.update_timestamp,ss2_0.seedlot_status_code,ss2_0.description,ss2_0.effective_date,ss2_0.expiry_date,ss2_0.update_timestamp,s1_0.smp_mean_bv_growth,s1_0.smp_success_pct,s1_0.bc_source_ind,s1_0.temporary_strg_client_number,s1_0.temporary_strg_locn_code,s1_0.temporary_strg_end_date,s1_0.temporary_strg_start_date,s1_0.clctn_volume,s1_0.total_parent_trees,s1_0.variant,s1_0.vegetation_code from seedlot s1_0 left join genetic_class_list gc1_0 on gc1_0.genetic_class_code=s1_0.genetic_class_code left join seedlot_source_list ss1_0 on ss1_0.seedlot_source_code=s1_0.seedlot_source_code left join seedlot_status_list ss2_0 on ss2_0.seedlot_status_code=s1_0.seedlot_status_code where s1_0.seedlot_number=?
Hibernate: insert into seedlot (applicant_client_number,applicant_email_address,applicant_locn_code,area_of_use_comment,entry_timestamp,entry_userid,update_timestamp,update_userid,bec_version_id,bgc_subzone_code,bgc_zone_code,collection_client_number,collection_elevation,collection_elevation_max,collection_elevation_min,collection_end_date,collection_latitude_code,collection_latitude_deg,collection_latitude_min,collection_latitude_sec,collection_locn_code,collection_longitude_code,collection_longitude_deg,collection_longitude_min,collection_longitude_sec,collection_start_date,seedlot_comment,vol_per_container,declared_timestamp,declared_userid,effective_pop_size,elevation,elevation_max,elevation_min,extractory_client_number,extraction_end_date,extractory_locn_code,extraction_st_date,female_gametic_mthd_code,genetic_class_code,to_be_registrd_ind,interm_strg_client_number,interm_strg_end_date,interm_facility_code,interm_strg_locn_code,interm_strg_locn,interm_strg_st_date,latitude_deg_max,latitude_deg_min,latitude_degrees,latitude_min_max,latitude_min_min,latitude_minutes,latitude_sec_max,latitude_sec_min,latitude_seconds,longitude_deg_max,longitude_deg_min,longitude_degrees,longitude_min_max,longitude_min_min,longitude_minutes,longitude_sec_max,longitude_sec_min,longitude_seconds,male_gametic_mthd_code,non_orchard_pollen_contam_pct,no_of_containers,smp_parents_outside,contaminant_pollen_bv,pollen_contamination_mthd_code,pollen_contamination_pct,pollen_contamination_ind,controlled_cross_ind,biotech_processes_ind,revision_count,seed_plan_unit_id,seedlot_source_code,seedlot_status_code,smp_mean_bv_growth,smp_success_pct,bc_source_ind,temporary_strg_client_number,temporary_strg_locn_code,temporary_strg_end_date,temporary_strg_start_date,clctn_volume,total_parent_trees,variant,vegetation_code,seedlot_number) values (?,?,?,?,?,?,?,?,?,?,?,?,?,?,?,?,?,?,?,?,?,?,?,?,?,?,?,?,?,?,?,?,?,?,?,?,?,?,?,?,?,?,?,?,?,?,?,?,?,?,?,?,?,?,?,?,?,?,?,?,?,?,?,?,?,?,?,?,?,?,?,?,?,?,?,?,?,?,?,?,?,?,?,?,?,?,?,?,?,?,?)
Hibernate: select sm1_0.parent_tree_id,sm1_0.seedlot_number,s1_0.seedlot_number,s1_0.applicant_client_number,s1_0.applicant_email_address,s1_0.applicant_locn_code,s1_0.area_of_use_comment,s1_0.entry_timestamp,s1_0.entry_userid,s1_0.update_timestamp,s1_0.update_userid,s1_0.bec_version_id,s1_0.bgc_subzone_code,s1_0.bgc_zone_code,s1_0.collection_client_number,s1_0.collection_elevation,s1_0.collection_elevation_max,s1_0.collection_elevation_min,s1_0.collection_end_date,s1_0.collection_latitude_code,s1_0.collection_latitude_deg,s1_0.collection_latitude_min,s1_0.collection_latitude_sec,s1_0.collection_locn_code,s1_0.collection_longitude_code,s1_0.collection_longitude_deg,s1_0.collection_longitude_min,s1_0.collection_longitude_sec,s1_0.collection_start_date,s1_0.seedlot_comment,s1_0.vol_per_container,s1_0.declared_timestamp,s1_0.declared_userid,s1_0.effective_pop_size,s1_0.elevation,s1_0.elevation_max,s1_0.elevation_min,s1_0.extractory_client_number,s1_0.extraction_end_date,s1_0.extractory_locn_code,s1_0.extraction_st_date,s1_0.female_gametic_mthd_code,gc1_0.genetic_class_code,gc1_0.description,gc1_0.effective_date,gc1_0.expiry_date,gc1_0.update_timestamp,s1_0.to_be_registrd_ind,s1_0.interm_strg_client_number,s1_0.interm_strg_end_date,s1_0.interm_facility_code,s1_0.interm_strg_locn_code,s1_0.interm_strg_locn,s1_0.interm_strg_st_date,s1_0.latitude_deg_max,s1_0.latitude_deg_min,s1_0.latitude_degrees,s1_0.latitude_min_max,s1_0.latitude_min_min,s1_0.latitude_minutes,s1_0.latitude_sec_max,s1_0.latitude_sec_min,s1_0.latitude_seconds,s1_0.longitude_deg_max,s1_0.longitude_deg_min,s1_0.longitude_degrees,s1_0.longitude_min_max,s1_0.longitude_min_min,s1_0.longitude_minutes,s1_0.longitude_sec_max,s1_0.longitude_sec_min,s1_0.longitude_seconds,s1_0.male_gametic_mthd_code,s1_0.non_orchard_pollen_contam_pct,s1_0.no_of_containers,s1_0.smp_parents_outside,s1_0.contaminant_pollen_bv,s1_0.pollen_contamination_mthd_code,s1_0.pollen_contamination_pct,s1_0.pollen_contamination_ind,s1_0.controlled_cross_ind,s1_0.biotech_processes_ind,s1_0.revision_count,s1_0.seed_plan_unit_id,ss1_0.seedlot_source_code,ss1_0.description,ss1_0.effective_date,ss1_0.expiry_date,ss1_0.default_source_ind,ss1_0.update_timestamp,ss2_0.seedlot_status_code,ss2_0.description,ss2_0.effective_date,ss2_0.expiry_date,ss2_0.update_timestamp,s1_0.smp_mean_bv_growth,s1_0.smp_success_pct,s1_0.bc_source_ind,s1_0.temporary_strg_client_number,s1_0.temporary_strg_locn_code,s1_0.temporary_strg_end_date,s1_0.temporary_strg_start_date,s1_0.clctn_volume,s1_0.total_parent_trees,s1_0.variant,s1_0.vegetation_code,sm1_0.amount_of_material,sm1_0.entry_timestamp,sm1_0.entry_userid,sm1_0.update_timestamp,sm1_0.update_userid,sm1_0.parent_tree_number,sm1_0.proportion,sm1_0.revision_count from smp_mix sm1_0 join seedlot s1_0 on s1_0.seedlot_number=sm1_0.seedlot_number left join genetic_class_list gc1_0 on gc1_0.genetic_class_code=s1_0.genetic_class_code left join seedlot_source_list ss1_0 on ss1_0.seedlot_source_code=s1_0.seedlot_source_code left join seedlot_status_list ss2_0 on ss2_0.seedlot_status_code=s1_0.seedlot_status_code where (sm1_0.parent_tree_id,sm1_0.seedlot_number) in ((?,?))
Hibernate: insert into smp_mix (amount_of_material,entry_timestamp,entry_userid,update_timestamp,update_userid,parent_tree_number,proportion,revision_count,parent_tree_id,seedlot_number) values (?,?,?,?,?,?,?,?,?,?)
]]></system-out>
  </testcase>
</testsuite>