<?xml version="1.0" encoding="UTF-8"?>
<coverage generated="1713496303820" clover="3.2.0">
  <project timestamp="1713496303820" name="All files">
    <metrics statements="2679" coveredstatements="757" conditionals="1113" coveredconditionals="186" methods="830" coveredmethods="101" elements="4622" coveredelements="1044" complexity="0" loc="2679" ncloc="2679" packages="79" files="149" classes="149"/>
    <package name="src">
      <metrics statements="32" coveredstatements="26" conditionals="31" coveredconditionals="24" methods="4" coveredmethods="3"/>
      <file name="App.tsx" path="/home/derek/Repos/nr-spar/frontend/src/App.tsx">
        <metrics statements="5" coveredstatements="5" conditionals="0" coveredconditionals="0" methods="2" coveredmethods="2"/>
        <line num="28" count="212" type="stmt"/>
        <line num="29" count="224" type="stmt"/>
        <line num="31" count="224" type="stmt"/>
        <line num="105" count="212" type="stmt"/>
        <line num="107" count="212" type="stmt"/>
      </file>
      <file name="aws-exports.ts" path="/home/derek/Repos/nr-spar/frontend/src/aws-exports.ts">
        <metrics statements="5" coveredstatements="5" conditionals="14" coveredconditionals="11" methods="0" coveredmethods="0"/>
        <line num="4" count="100" type="cond" truecount="1" falsecount="1"/>
        <line num="5" count="100" type="cond" truecount="3" falsecount="1"/>
        <line num="8" count="100" type="cond" truecount="1" falsecount="1"/>
        <line num="10" count="100" type="stmt"/>
        <line num="17" count="100" type="stmt"/>
      </file>
      <file name="env.ts" path="/home/derek/Repos/nr-spar/frontend/src/env.ts">
        <metrics statements="1" coveredstatements="1" conditionals="0" coveredconditionals="0" methods="0" coveredmethods="0"/>
        <line num="9" count="112" type="stmt"/>
      </file>
      <file name="index.tsx" path="/home/derek/Repos/nr-spar/frontend/src/index.tsx">
        <metrics statements="8" coveredstatements="8" conditionals="8" coveredconditionals="6" methods="0" coveredmethods="0"/>
        <line num="13" count="112" type="cond" truecount="2" falsecount="0"/>
        <line num="15" count="112" type="cond" truecount="1" falsecount="2"/>
        <line num="19" count="112" type="cond" truecount="1" falsecount="0"/>
        <line num="20" count="112" type="stmt"/>
        <line num="23" count="112" type="stmt"/>
        <line num="35" count="112" type="stmt"/>
        <line num="39" count="112" type="stmt"/>
        <line num="59" count="112" type="stmt"/>
      </file>
      <file name="init.tsx" path="/home/derek/Repos/nr-spar/frontend/src/init.tsx">
        <metrics statements="1" coveredstatements="1" conditionals="0" coveredconditionals="0" methods="0" coveredmethods="0"/>
        <line num="1" count="100" type="stmt"/>
      </file>
      <file name="keycloak.ts" path="/home/derek/Repos/nr-spar/frontend/src/keycloak.ts">
        <metrics statements="4" coveredstatements="4" conditionals="6" coveredconditionals="6" methods="0" coveredmethods="0"/>
        <line num="4" count="12" type="cond" truecount="2" falsecount="0"/>
        <line num="5" count="12" type="cond" truecount="2" falsecount="0"/>
        <line num="6" count="12" type="cond" truecount="2" falsecount="0"/>
        <line num="8" count="12" type="stmt"/>
      </file>
      <file name="reportWebVitals.ts" path="/home/derek/Repos/nr-spar/frontend/src/reportWebVitals.ts">
        <metrics statements="8" coveredstatements="2" conditionals="3" coveredconditionals="1" methods="2" coveredmethods="1"/>
        <line num="3" count="112" type="stmt"/>
        <line num="4" count="112" type="cond" truecount="1" falsecount="2"/>
        <line num="5" count="0" type="stmt"/>
        <line num="12" count="0" type="stmt"/>
        <line num="13" count="0" type="stmt"/>
        <line num="14" count="0" type="stmt"/>
        <line num="15" count="0" type="stmt"/>
        <line num="16" count="0" type="stmt"/>
      </file>
    </package>
    <package name="src.api-service">
      <metrics statements="126" coveredstatements="32" conditionals="24" coveredconditionals="5" methods="51" coveredmethods="0"/>
      <file name="ApiConfig.ts" path="/home/derek/Repos/nr-spar/frontend/src/api-service/ApiConfig.ts">
        <metrics statements="5" coveredstatements="5" conditionals="6" coveredconditionals="5" methods="0" coveredmethods="0"/>
        <line num="4" count="112" type="cond" truecount="2" falsecount="0"/>
        <line num="6" count="112" type="cond" truecount="2" falsecount="0"/>
        <line num="8" count="112" type="stmt"/>
        <line num="11" count="112" type="cond" truecount="1" falsecount="1"/>
        <line num="13" count="112" type="stmt"/>
      </file>
      <file name="SeedlotSourcesAPI.ts" path="/home/derek/Repos/nr-spar/frontend/src/api-service/SeedlotSourcesAPI.ts">
        <metrics statements="6" coveredstatements="1" conditionals="2" coveredconditionals="0" methods="3" coveredmethods="0"/>
        <line num="5" count="40" type="stmt"/>
        <line num="6" count="0" type="stmt"/>
        <line num="8" count="0" type="stmt"/>
        <line num="9" count="0" type="cond" truecount="0" falsecount="1"/>
        <line num="10" count="0" type="cond" truecount="0" falsecount="1"/>
        <line num="11" count="0" type="stmt"/>
      </file>
      <file name="api.ts" path="/home/derek/Repos/nr-spar/frontend/src/api-service/api.ts">
        <metrics statements="12" coveredstatements="3" conditionals="3" coveredconditionals="0" methods="6" coveredmethods="0"/>
        <line num="4" count="112" type="cond" truecount="0" falsecount="1"/>
        <line num="5" count="0" type="stmt"/>
        <line num="6" count="0" type="stmt"/>
        <line num="9" count="0" type="cond" truecount="0" falsecount="1"/>
        <line num="10" count="0" type="stmt"/>
        <line num="12" count="100" type="stmt"/>
        <line num="15" count="12" type="stmt"/>
        <line num="16" count="0" type="stmt"/>
        <line num="21" count="0" type="cond" truecount="0" falsecount="1"/>
        <line num="25" count="0" type="stmt"/>
        <line num="29" count="0" type="stmt"/>
        <line num="33" count="0" type="stmt"/>
      </file>
      <file name="applicantAgenciesAPI.ts" path="/home/derek/Repos/nr-spar/frontend/src/api-service/applicantAgenciesAPI.ts">
        <metrics statements="12" coveredstatements="1" conditionals="3" coveredconditionals="0" methods="5" coveredmethods="0"/>
        <line num="4" count="112" type="stmt"/>
        <line num="5" count="0" type="stmt"/>
        <line num="6" count="0" type="stmt"/>
        <line num="7" count="0" type="cond" truecount="0" falsecount="2"/>
        <line num="9" count="0" type="stmt"/>
        <line num="10" count="0" type="stmt"/>
        <line num="13" count="0" type="stmt"/>
        <line num="15" count="0" type="cond" truecount="0" falsecount="1"/>
        <line num="16" count="0" type="stmt"/>
        <line num="18" count="0" type="stmt"/>
        <line num="21" count="0" type="stmt"/>
        <line num="23" count="0" type="stmt"/>
      </file>
      <file name="coneCollectionMethodAPI.ts" path="/home/derek/Repos/nr-spar/frontend/src/api-service/coneCollectionMethodAPI.ts">
        <metrics statements="3" coveredstatements="1" conditionals="0" coveredconditionals="0" methods="2" coveredmethods="0"/>
        <line num="4" count="112" type="stmt"/>
        <line num="5" count="0" type="stmt"/>
        <line num="6" count="0" type="stmt"/>
      </file>
      <file name="favouriteActivitiesAPI.ts" path="/home/derek/Repos/nr-spar/frontend/src/api-service/favouriteActivitiesAPI.ts">
        <metrics statements="33" coveredstatements="4" conditionals="5" coveredconditionals="0" methods="7" coveredmethods="0"/>
        <line num="6" count="112" type="stmt"/>
        <line num="7" count="0" type="stmt"/>
        <line num="8" count="0" type="stmt"/>
        <line num="10" count="0" type="stmt"/>
        <line num="11" count="0" type="stmt"/>
        <line num="12" count="0" type="stmt"/>
        <line num="13" count="0" type="stmt"/>
        <line num="14" count="0" type="cond" truecount="0" falsecount="2"/>
        <line num="15" count="0" type="stmt"/>
        <line num="16" count="0" type="stmt"/>
        <line num="17" count="0" type="stmt"/>
        <line num="18" count="0" type="cond" truecount="0" falsecount="2"/>
        <line num="19" count="0" type="stmt"/>
        <line num="21" count="0" type="stmt"/>
        <line num="24" count="0" type="stmt"/>
        <line num="25" count="0" type="stmt"/>
        <line num="26" count="0" type="stmt"/>
        <line num="27" count="0" type="stmt"/>
        <line num="28" count="0" type="stmt"/>
        <line num="31" count="0" type="stmt"/>
        <line num="35" count="0" type="stmt"/>
        <line num="39" count="112" type="stmt"/>
        <line num="40" count="0" type="stmt"/>
        <line num="41" count="0" type="stmt"/>
        <line num="44" count="112" type="stmt"/>
        <line num="45" count="0" type="stmt"/>
        <line num="46" count="0" type="stmt"/>
        <line num="47" count="0" type="cond" truecount="0" falsecount="1"/>
        <line num="48" count="0" type="stmt"/>
        <line num="50" count="0" type="stmt"/>
        <line num="53" count="112" type="stmt"/>
        <line num="54" count="0" type="stmt"/>
        <line num="55" count="0" type="stmt"/>
      </file>
      <file name="filesAndDocsAPI.ts" path="/home/derek/Repos/nr-spar/frontend/src/api-service/filesAndDocsAPI.ts">
        <metrics statements="1" coveredstatements="1" conditionals="0" coveredconditionals="0" methods="1" coveredmethods="0"/>
        <line num="3" count="112" type="stmt"/>
      </file>
      <file name="forestClientsAPI.ts" path="/home/derek/Repos/nr-spar/frontend/src/api-service/forestClientsAPI.ts">
        <metrics statements="3" coveredstatements="1" conditionals="0" coveredconditionals="0" methods="2" coveredmethods="0"/>
        <line num="4" count="112" type="stmt"/>
        <line num="5" count="0" type="stmt"/>
        <line num="6" count="0" type="stmt"/>
      </file>
      <file name="fundingSorucesAPI.ts" path="/home/derek/Repos/nr-spar/frontend/src/api-service/fundingSorucesAPI.ts">
        <metrics statements="3" coveredstatements="1" conditionals="0" coveredconditionals="0" methods="2" coveredmethods="0"/>
        <line num="4" count="112" type="stmt"/>
        <line num="5" count="0" type="stmt"/>
        <line num="6" count="0" type="stmt"/>
      </file>
      <file name="gameticMethodologyAPI.ts" path="/home/derek/Repos/nr-spar/frontend/src/api-service/gameticMethodologyAPI.ts">
        <metrics statements="3" coveredstatements="1" conditionals="0" coveredconditionals="0" methods="2" coveredmethods="0"/>
        <line num="4" count="112" type="stmt"/>
        <line num="5" count="0" type="stmt"/>
        <line num="6" count="0" type="stmt"/>
      </file>
      <file name="geneticWorthAPI.ts" path="/home/derek/Repos/nr-spar/frontend/src/api-service/geneticWorthAPI.ts">
        <metrics statements="3" coveredstatements="1" conditionals="0" coveredconditionals="0" methods="1" coveredmethods="0"/>
        <line num="5" count="112" type="stmt"/>
        <line num="6" count="0" type="stmt"/>
        <line num="7" count="0" type="stmt"/>
      </file>
      <file name="methodsOfPaymentAPI.ts" path="/home/derek/Repos/nr-spar/frontend/src/api-service/methodsOfPaymentAPI.ts">
        <metrics statements="3" coveredstatements="1" conditionals="0" coveredconditionals="0" methods="2" coveredmethods="0"/>
        <line num="5" count="112" type="stmt"/>
        <line num="6" count="0" type="stmt"/>
        <line num="7" count="0" type="stmt"/>
      </file>
      <file name="orchardAPI.ts" path="/home/derek/Repos/nr-spar/frontend/src/api-service/orchardAPI.ts">
        <metrics statements="16" coveredstatements="4" conditionals="0" coveredconditionals="0" methods="10" coveredmethods="0"/>
        <line num="6" count="112" type="stmt"/>
        <line num="7" count="0" type="stmt"/>
        <line num="8" count="0" type="stmt"/>
        <line num="11" count="112" type="stmt"/>
        <line num="12" count="0" type="stmt"/>
        <line num="13" count="0" type="stmt"/>
        <line num="16" count="112" type="stmt"/>
        <line num="17" count="0" type="stmt"/>
        <line num="18" count="0" type="stmt"/>
        <line num="21" count="112" type="stmt"/>
        <line num="22" count="0" type="stmt"/>
        <line num="23" count="0" type="stmt"/>
        <line num="24" count="0" type="stmt"/>
        <line num="25" count="0" type="stmt"/>
        <line num="27" count="0" type="stmt"/>
        <line num="33" count="0" type="stmt"/>
      </file>
      <file name="recentActivitiesAPI.ts" path="/home/derek/Repos/nr-spar/frontend/src/api-service/recentActivitiesAPI.ts">
        <metrics statements="1" coveredstatements="1" conditionals="0" coveredconditionals="0" methods="1" coveredmethods="0"/>
        <line num="3" count="112" type="stmt"/>
      </file>
      <file name="seedlotAPI.ts" path="/home/derek/Repos/nr-spar/frontend/src/api-service/seedlotAPI.ts">
        <metrics statements="8" coveredstatements="4" conditionals="2" coveredconditionals="0" methods="3" coveredmethods="0"/>
        <line num="4" count="112" type="stmt"/>
        <line num="5" count="0" type="stmt"/>
        <line num="6" count="40" type="stmt"/>
        <line num="9" count="72" type="stmt"/>
        <line num="13" count="0" type="cond" truecount="0" falsecount="2"/>
        <line num="14" count="0" type="stmt"/>
        <line num="15" count="0" type="stmt"/>
        <line num="16" count="40" type="stmt"/>
      </file>
      <file name="vegetationCodeAPI.ts" path="/home/derek/Repos/nr-spar/frontend/src/api-service/vegetationCodeAPI.ts">
        <metrics statements="14" coveredstatements="2" conditionals="3" coveredconditionals="0" methods="4" coveredmethods="0"/>
        <line num="9" count="112" type="stmt"/>
        <line num="30" count="112" type="cond" truecount="0" falsecount="1"/>
        <line num="31" count="0" type="stmt"/>
        <line num="32" count="0" type="stmt"/>
        <line num="33" count="0" type="stmt"/>
        <line num="34" count="0" type="cond" truecount="0" falsecount="1"/>
        <line num="35" count="0" type="stmt"/>
        <line num="36" count="0" type="stmt"/>
        <line num="37" count="0" type="cond" truecount="0" falsecount="1"/>
        <line num="38" count="0" type="stmt"/>
        <line num="39" count="0" type="stmt"/>
        <line num="40" count="0" type="stmt"/>
        <line num="42" count="0" type="stmt"/>
        <line num="44" count="0" type="stmt"/>
      </file>
    </package>
    <package name="src.components.ActivityHistory">
      <metrics statements="7" coveredstatements="4" conditionals="3" coveredconditionals="3" methods="3" coveredmethods="1"/>
      <file name="index.tsx" path="/home/derek/Repos/nr-spar/frontend/src/components/ActivityHistory/index.tsx">
        <metrics statements="7" coveredstatements="4" conditionals="3" coveredconditionals="3" methods="3" coveredmethods="1"/>
        <line num="1" count="896" type="cond" truecount="3" falsecount="0"/>
        <line num="19" count="112" type="stmt"/>
        <line num="20" count="0" type="stmt"/>
        <line num="24" count="0" type="stmt"/>
        <line num="25" count="0" type="stmt"/>
        <line num="39" count="112" type="stmt"/>
        <line num="41" count="112" type="stmt"/>
      </file>
    </package>
    <package name="src.components.ApplicantAgencyFields">
      <metrics statements="56" coveredstatements="6" conditionals="37" coveredconditionals="3" methods="17" coveredmethods="1"/>
      <file name="constants.ts" path="/home/derek/Repos/nr-spar/frontend/src/components/ApplicantAgencyFields/constants.ts">
        <metrics statements="1" coveredstatements="1" conditionals="0" coveredconditionals="0" methods="0" coveredmethods="0"/>
        <line num="1" count="100" type="stmt"/>
      </file>
      <file name="index.tsx" path="/home/derek/Repos/nr-spar/frontend/src/components/ApplicantAgencyFields/index.tsx">
        <metrics statements="55" coveredstatements="5" conditionals="37" coveredconditionals="3" methods="17" coveredmethods="1"/>
        <line num="1" count="900" type="cond" truecount="3" falsecount="0"/>
        <line num="22" count="100" type="stmt"/>
        <line num="25" count="0" type="stmt"/>
        <line num="26" count="0" type="stmt"/>
        <line num="27" count="0" type="stmt"/>
        <line num="28" count="0" type="stmt"/>
        <line num="30" count="0" type="stmt"/>
        <line num="33" count="0" type="stmt"/>
        <line num="38" count="0" type="stmt"/>
        <line num="42" count="0" type="stmt"/>
        <line num="43" count="0" type="stmt"/>
        <line num="44" count="0" type="stmt"/>
        <line num="45" count="0" type="stmt"/>
        <line num="48" count="60" type="stmt"/>
        <line num="49" count="0" type="stmt"/>
        <line num="54" count="0" type="stmt"/>
        <line num="55" count="0" type="stmt"/>
        <line num="57" count="0" type="stmt"/>
        <line num="60" count="0" type="stmt"/>
        <line num="61" count="0" type="stmt"/>
        <line num="67" count="0" type="cond" truecount="0" falsecount="2"/>
        <line num="68" count="0" type="cond" truecount="0" falsecount="2"/>
        <line num="69" count="0" type="stmt"/>
        <line num="71" count="0" type="stmt"/>
        <line num="74" count="0" type="stmt"/>
        <line num="75" count="0" type="cond" truecount="0" falsecount="2"/>
        <line num="76" count="0" type="stmt"/>
        <line num="81" count="0" type="cond" truecount="0" falsecount="2"/>
        <line num="82" count="0" type="cond" truecount="0" falsecount="2"/>
        <line num="83" count="0" type="stmt"/>
        <line num="86" count="0" type="stmt"/>
        <line num="87" count="0" type="stmt"/>
        <line num="88" count="0" type="stmt"/>
        <line num="89" count="0" type="cond" truecount="0" falsecount="1"/>
        <line num="90" count="0" type="stmt"/>
        <line num="91" count="0" type="stmt"/>
        <line num="93" count="0" type="stmt"/>
        <line num="96" count="0" type="stmt"/>
        <line num="97" count="0" type="cond" truecount="0" falsecount="2"/>
        <line num="98" count="0" type="cond" truecount="0" falsecount="1"/>
        <line num="99" count="0" type="stmt"/>
        <line num="100" count="0" type="stmt"/>
        <line num="101" count="0" type="cond" truecount="0" falsecount="1"/>
        <line num="102" count="0" type="stmt"/>
        <line num="103" count="0" type="stmt"/>
        <line num="107" count="0" type="stmt"/>
        <line num="118" count="0" type="stmt"/>
        <line num="135" count="0" type="stmt"/>
        <line num="138" count="0" type="stmt"/>
        <line num="158" count="0" type="stmt"/>
        <line num="160" count="0" type="stmt"/>
        <line num="162" count="0" type="cond" truecount="0" falsecount="1"/>
        <line num="163" count="0" type="stmt"/>
        <line num="176" count="60" type="stmt"/>
        <line num="178" count="60" type="stmt"/>
      </file>
    </package>
    <package name="src.components.ApplicantInformationForm">
      <metrics statements="100" coveredstatements="7" conditionals="42" coveredconditionals="0" methods="29" coveredmethods="0"/>
      <file name="constants.ts" path="/home/derek/Repos/nr-spar/frontend/src/components/ApplicantInformationForm/constants.ts">
        <metrics statements="3" coveredstatements="3" conditionals="0" coveredconditionals="0" methods="0" coveredmethods="0"/>
        <line num="3" count="72" type="stmt"/>
        <line num="12" count="72" type="stmt"/>
        <line num="21" count="72" type="stmt"/>
      </file>
      <file name="index.tsx" path="/home/derek/Repos/nr-spar/frontend/src/components/ApplicantInformationForm/index.tsx">
        <metrics statements="97" coveredstatements="4" conditionals="42" coveredconditionals="0" methods="29" coveredmethods="0"/>
        <line num="47" count="72" type="stmt"/>
        <line num="48" count="0" type="stmt"/>
        <line num="50" count="0" type="stmt"/>
        <line num="67" count="0" type="stmt"/>
        <line num="68" count="0" type="stmt"/>
        <line num="69" count="0" type="stmt"/>
        <line num="70" count="0" type="stmt"/>
        <line num="72" count="0" type="stmt"/>
        <line num="73" count="0" type="stmt"/>
        <line num="74" count="0" type="stmt"/>
        <line num="75" count="0" type="stmt"/>
        <line num="76" count="0" type="stmt"/>
        <line num="77" count="0" type="stmt"/>
        <line num="78" count="0" type="stmt"/>
        <line num="82" count="0" type="stmt"/>
        <line num="83" count="0" type="stmt"/>
        <line num="84" count="0" type="stmt"/>
        <line num="87" count="0" type="stmt"/>
        <line num="88" count="0" type="stmt"/>
        <line num="93" count="0" type="stmt"/>
        <line num="94" count="0" type="stmt"/>
        <line num="96" count="0" type="stmt"/>
        <line num="99" count="0" type="stmt"/>
        <line num="101" count="0" type="stmt"/>
        <line num="104" count="72" type="stmt"/>
        <line num="106" count="0" type="stmt"/>
        <line num="109" count="0" type="stmt"/>
        <line num="112" count="0" type="stmt"/>
        <line num="113" count="0" type="stmt"/>
        <line num="122" count="0" type="stmt"/>
        <line num="123" count="0" type="stmt"/>
        <line num="124" count="0" type="stmt"/>
        <line num="128" count="0" type="cond" truecount="0" falsecount="3"/>
        <line num="129" count="0" type="stmt"/>
        <line num="130" count="0" type="stmt"/>
        <line num="139" count="0" type="cond" truecount="0" falsecount="1"/>
        <line num="140" count="0" type="stmt"/>
        <line num="141" count="0" type="stmt"/>
        <line num="142" count="0" type="stmt"/>
        <line num="145" count="0" type="cond" truecount="0" falsecount="1"/>
        <line num="146" count="0" type="stmt"/>
        <line num="147" count="0" type="stmt"/>
        <line num="148" count="0" type="stmt"/>
        <line num="152" count="0" type="stmt"/>
        <line num="155" count="0" type="stmt"/>
        <line num="156" count="0" type="stmt"/>
        <line num="165" count="0" type="stmt"/>
        <line num="166" count="0" type="stmt"/>
        <line num="167" count="0" type="cond" truecount="0" falsecount="2"/>
        <line num="168" count="0" type="stmt"/>
        <line num="176" count="0" type="cond" truecount="0" falsecount="1"/>
        <line num="177" count="0" type="stmt"/>
        <line num="179" count="0" type="cond" truecount="0" falsecount="2"/>
        <line num="180" count="0" type="stmt"/>
        <line num="186" count="0" type="stmt"/>
        <line num="193" count="0" type="stmt"/>
        <line num="194" count="0" type="stmt"/>
        <line num="195" count="0" type="stmt"/>
        <line num="201" count="0" type="stmt"/>
        <line num="202" count="0" type="stmt"/>
        <line num="203" count="0" type="stmt"/>
        <line num="209" count="0" type="stmt"/>
        <line num="210" count="0" type="cond" truecount="0" falsecount="2"/>
        <line num="211" count="0" type="stmt"/>
        <line num="213" count="0" type="stmt"/>
        <line num="217" count="0" type="stmt"/>
        <line num="218" count="0" type="stmt"/>
        <line num="220" count="0" type="cond" truecount="0" falsecount="2"/>
        <line num="221" count="0" type="stmt"/>
        <line num="222" count="0" type="cond" truecount="0" falsecount="2"/>
        <line num="223" count="0" type="stmt"/>
        <line num="224" count="0" type="cond" truecount="0" falsecount="2"/>
        <line num="225" count="0" type="stmt"/>
        <line num="226" count="0" type="stmt"/>
        <line num="228" count="0" type="stmt"/>
        <line num="229" count="0" type="stmt"/>
        <line num="231" count="0" type="stmt"/>
        <line num="235" count="0" type="stmt"/>
        <line num="240" count="0" type="stmt"/>
        <line num="245" count="0" type="stmt"/>
        <line num="246" count="0" type="stmt"/>
        <line num="248" count="0" type="cond" truecount="0" falsecount="1"/>
        <line num="249" count="0" type="stmt"/>
        <line num="255" count="0" type="stmt"/>
        <line num="266" count="0" type="stmt"/>
        <line num="270" count="0" type="stmt"/>
        <line num="285" count="0" type="stmt"/>
        <line num="311" count="0" type="stmt"/>
        <line num="312" count="0" type="stmt"/>
        <line num="313" count="0" type="stmt"/>
        <line num="334" count="0" type="stmt"/>
        <line num="335" count="0" type="stmt"/>
        <line num="357" count="0" type="stmt"/>
        <line num="386" count="0" type="stmt"/>
        <line num="401" count="0" type="stmt"/>
        <line num="417" count="72" type="stmt"/>
        <line num="419" count="72" type="stmt"/>
      </file>
    </package>
    <package name="src.components.ApplicantSeedlotInformation">
      <metrics statements="5" coveredstatements="4" conditionals="9" coveredconditionals="3" methods="2" coveredmethods="1"/>
      <file name="index.tsx" path="/home/derek/Repos/nr-spar/frontend/src/components/ApplicantSeedlotInformation/index.tsx">
        <metrics statements="5" coveredstatements="4" conditionals="9" coveredconditionals="3" methods="2" coveredmethods="1"/>
        <line num="1" count="576" type="cond" truecount="3" falsecount="0"/>
        <line num="16" count="72" type="stmt"/>
        <line num="19" count="0" type="stmt"/>
        <line num="101" count="72" type="stmt"/>
        <line num="103" count="72" type="stmt"/>
      </file>
    </package>
    <package name="src.components.AvatarImage">
      <metrics statements="5" coveredstatements="5" conditionals="5" coveredconditionals="5" methods="2" coveredmethods="2"/>
      <file name="index.tsx" path="/home/derek/Repos/nr-spar/frontend/src/components/AvatarImage/index.tsx">
        <metrics statements="5" coveredstatements="5" conditionals="5" coveredconditionals="5" methods="2" coveredmethods="2"/>
        <line num="1" count="896" type="cond" truecount="3" falsecount="0"/>
        <line num="14" count="112" type="stmt"/>
        <line num="15" count="2" type="cond" truecount="2" falsecount="0"/>
        <line num="16" count="112" type="stmt"/>
        <line num="18" count="112" type="stmt"/>
      </file>
    </package>
    <package name="src.components.BCGovLogo">
      <metrics statements="5" coveredstatements="5" conditionals="3" coveredconditionals="3" methods="2" coveredmethods="2"/>
      <file name="index.tsx" path="/home/derek/Repos/nr-spar/frontend/src/components/BCGovLogo/index.tsx">
        <metrics statements="5" coveredstatements="5" conditionals="3" coveredconditionals="3" methods="2" coveredmethods="2"/>
        <line num="1" count="896" type="cond" truecount="3" falsecount="0"/>
        <line num="6" count="112" type="stmt"/>
        <line num="7" count="224" type="stmt"/>
        <line num="8" count="112" type="stmt"/>
        <line num="10" count="112" type="stmt"/>
      </file>
    </package>
    <package name="src.components.BCHeader">
      <metrics statements="38" coveredstatements="26" conditionals="10" coveredconditionals="4" methods="13" coveredmethods="6"/>
      <file name="constants.ts" path="/home/derek/Repos/nr-spar/frontend/src/components/BCHeader/constants.ts">
        <metrics statements="5" coveredstatements="5" conditionals="0" coveredconditionals="0" methods="0" coveredmethods="0"/>
        <line num="3" count="112" type="stmt"/>
        <line num="5" count="112" type="stmt"/>
        <line num="7" count="112" type="stmt"/>
        <line num="12" count="112" type="stmt"/>
        <line num="108" count="112" type="stmt"/>
      </file>
      <file name="index.tsx" path="/home/derek/Repos/nr-spar/frontend/src/components/BCHeader/index.tsx">
        <metrics statements="33" coveredstatements="21" conditionals="10" coveredconditionals="4" methods="13" coveredmethods="6"/>
        <line num="34" count="112" type="stmt"/>
        <line num="35" count="2" type="stmt"/>
        <line num="36" count="2" type="stmt"/>
        <line num="37" count="2" type="stmt"/>
        <line num="38" count="2" type="stmt"/>
        <line num="40" count="2" type="stmt"/>
        <line num="45" count="0" type="cond" truecount="0" falsecount="2"/>
        <line num="46" count="0" type="stmt"/>
        <line num="47" count="0" type="stmt"/>
        <line num="49" count="0" type="stmt"/>
        <line num="50" count="0" type="stmt"/>
        <line num="57" count="2" type="stmt"/>
        <line num="58" count="0" type="stmt"/>
        <line num="59" count="0" type="stmt"/>
        <line num="65" count="112" type="stmt"/>
        <line num="66" count="2" type="stmt"/>
        <line num="67" count="2" type="cond" truecount="0" falsecount="1"/>
        <line num="68" count="0" type="stmt"/>
        <line num="69" count="0" type="stmt"/>
        <line num="73" count="2" type="stmt"/>
        <line num="76" count="2" type="stmt"/>
        <line num="101" count="0" type="stmt"/>
        <line num="110" count="0" type="stmt"/>
        <line num="123" count="0" type="stmt"/>
        <line num="134" count="40" type="stmt"/>
        <line num="151" count="6" type="stmt"/>
        <line num="154" count="66" type="stmt"/>
        <line num="155" count="66" type="stmt"/>
        <line num="161" count="40" type="cond" truecount="0" falsecount="1"/>
        <line num="162" count="40" type="stmt"/>
        <line num="163" count="40" type="stmt"/>
        <line num="181" count="112" type="stmt"/>
        <line num="183" count="72" type="stmt"/>
      </file>
    </package>
    <package name="src.components.Card.FavouriteCard">
      <metrics statements="20" coveredstatements="4" conditionals="4" coveredconditionals="0" methods="9" coveredmethods="0"/>
      <file name="index.tsx" path="/home/derek/Repos/nr-spar/frontend/src/components/Card/FavouriteCard/index.tsx">
        <metrics statements="20" coveredstatements="4" conditionals="4" coveredconditionals="0" methods="9" coveredmethods="0"/>
        <line num="17" count="112" type="stmt"/>
        <line num="20" count="0" type="stmt"/>
        <line num="21" count="0" type="stmt"/>
        <line num="22" count="0" type="stmt"/>
        <line num="23" count="0" type="stmt"/>
        <line num="24" count="0" type="stmt"/>
        <line num="26" count="0" type="stmt"/>
        <line num="27" count="0" type="stmt"/>
        <line num="29" count="0" type="stmt"/>
        <line num="33" count="112" type="stmt"/>
        <line num="34" count="0" type="stmt"/>
        <line num="36" count="0" type="stmt"/>
        <line num="40" count="0" type="stmt"/>
        <line num="44" count="0" type="stmt"/>
        <line num="53" count="0" type="stmt"/>
        <line num="54" count="0" type="stmt"/>
        <line num="60" count="0" type="stmt"/>
        <line num="61" count="0" type="stmt"/>
        <line num="72" count="112" type="stmt"/>
        <line num="74" count="112" type="stmt"/>
      </file>
    </package>
    <package name="src.components.Card.StandardCard">
      <metrics statements="9" coveredstatements="4" conditionals="6" coveredconditionals="0" methods="4" coveredmethods="0"/>
      <file name="index.tsx" path="/home/derek/Repos/nr-spar/frontend/src/components/Card/StandardCard/index.tsx">
        <metrics statements="9" coveredstatements="4" conditionals="6" coveredconditionals="0" methods="4" coveredmethods="0"/>
        <line num="28" count="112" type="stmt"/>
        <line num="30" count="0" type="stmt"/>
        <line num="31" count="112" type="stmt"/>
        <line num="32" count="0" type="stmt"/>
        <line num="33" count="0" type="stmt"/>
        <line num="34" count="0" type="stmt"/>
        <line num="45" count="0" type="stmt"/>
        <line num="68" count="112" type="stmt"/>
        <line num="70" count="112" type="stmt"/>
      </file>
    </package>
    <package name="src.components.ComboButton">
      <metrics statements="6" coveredstatements="4" conditionals="3" coveredconditionals="3" methods="3" coveredmethods="1"/>
      <file name="index.tsx" path="/home/derek/Repos/nr-spar/frontend/src/components/ComboButton/index.tsx">
        <metrics statements="6" coveredstatements="4" conditionals="3" coveredconditionals="3" methods="3" coveredmethods="1"/>
        <line num="1" count="896" type="cond" truecount="3" falsecount="0"/>
        <line num="23" count="112" type="stmt"/>
        <line num="24" count="0" type="stmt"/>
        <line num="30" count="0" type="stmt"/>
        <line num="34" count="72" type="stmt"/>
        <line num="36" count="112" type="stmt"/>
      </file>
    </package>
    <package name="src.components.DescriptionBox">
      <metrics statements="5" coveredstatements="4" conditionals="3" coveredconditionals="3" methods="2" coveredmethods="1"/>
      <file name="index.tsx" path="/home/derek/Repos/nr-spar/frontend/src/components/DescriptionBox/index.tsx">
        <metrics statements="5" coveredstatements="4" conditionals="3" coveredconditionals="3" methods="2" coveredmethods="1"/>
        <line num="1" count="896" type="cond" truecount="3" falsecount="0"/>
        <line num="9" count="112" type="stmt"/>
        <line num="15" count="0" type="stmt"/>
        <line num="19" count="112" type="stmt"/>
        <line num="21" count="112" type="stmt"/>
      </file>
    </package>
    <package name="src.components.EmptySection">
      <metrics statements="9" coveredstatements="8" conditionals="5" coveredconditionals="4" methods="2" coveredmethods="2"/>
      <file name="index.tsx" path="/home/derek/Repos/nr-spar/frontend/src/components/EmptySection/index.tsx">
        <metrics statements="9" coveredstatements="8" conditionals="5" coveredconditionals="4" methods="2" coveredmethods="2"/>
        <line num="1" count="896" type="cond" truecount="3" falsecount="0"/>
        <line num="17" count="112" type="stmt"/>
        <line num="22" count="2" type="cond" truecount="1" falsecount="0"/>
        <line num="23" count="2" type="stmt"/>
        <line num="26" count="2" type="cond" truecount="0" falsecount="1"/>
        <line num="27" count="0" type="stmt"/>
        <line num="30" count="2" type="stmt"/>
        <line num="39" count="112" type="stmt"/>
        <line num="41" count="112" type="stmt"/>
      </file>
    </package>
    <package name="src.components.FavouriteActivities">
      <metrics statements="7" coveredstatements="4" conditionals="7" coveredconditionals="0" methods="3" coveredmethods="0"/>
      <file name="index.tsx" path="/home/derek/Repos/nr-spar/frontend/src/components/FavouriteActivities/index.tsx">
        <metrics statements="7" coveredstatements="4" conditionals="7" coveredconditionals="0" methods="3" coveredmethods="0"/>
        <line num="19" count="112" type="stmt"/>
        <line num="20" count="0" type="stmt"/>
        <line num="22" count="112" type="stmt"/>
        <line num="27" count="0" type="stmt"/>
        <line num="55" count="0" type="stmt"/>
        <line num="66" count="112" type="stmt"/>
        <line num="68" count="112" type="stmt"/>
      </file>
    </package>
    <package name="src.components.FormProgress">
      <metrics statements="6" coveredstatements="4" conditionals="0" coveredconditionals="0" methods="3" coveredmethods="0"/>
      <file name="index.tsx" path="/home/derek/Repos/nr-spar/frontend/src/components/FormProgress/index.tsx">
        <metrics statements="6" coveredstatements="4" conditionals="0" coveredconditionals="0" methods="3" coveredmethods="0"/>
        <line num="19" count="72" type="stmt"/>
        <line num="20" count="72" type="stmt"/>
        <line num="21" count="0" type="stmt"/>
        <line num="38" count="0" type="stmt"/>
        <line num="45" count="72" type="stmt"/>
        <line num="47" count="72" type="stmt"/>
      </file>
    </package>
    <package name="src.components.FormReview">
      <metrics statements="15" coveredstatements="14" conditionals="2" coveredconditionals="0" methods="6" coveredmethods="0"/>
      <file name="constants.ts" path="/home/derek/Repos/nr-spar/frontend/src/components/FormReview/constants.ts">
        <metrics statements="1" coveredstatements="1" conditionals="0" coveredconditionals="0" methods="0" coveredmethods="0"/>
        <line num="1" count="112" type="stmt"/>
      </file>
      <file name="index.tsx" path="/home/derek/Repos/nr-spar/frontend/src/components/FormReview/index.tsx">
        <metrics statements="14" coveredstatements="13" conditionals="2" coveredconditionals="0" methods="6" coveredmethods="0"/>
        <line num="25" count="112" type="stmt"/>
        <line num="58" count="112" type="stmt"/>
        <line num="59" count="112" type="stmt"/>
        <line num="60" count="112" type="stmt"/>
        <line num="68" count="112" type="stmt"/>
        <line num="88" count="112" type="stmt"/>
        <line num="98" count="112" type="stmt"/>
        <line num="118" count="112" type="stmt"/>
        <line num="120" count="112" type="stmt"/>
        <line num="133" count="112" type="stmt"/>
        <line num="134" count="0" type="stmt"/>
        <line num="148" count="100" type="stmt"/>
        <line num="313" count="112" type="stmt"/>
        <line num="315" count="112" type="stmt"/>
      </file>
    </package>
    <package name="src.components.InfoSection">
      <metrics statements="5" coveredstatements="4" conditionals="5" coveredconditionals="3" methods="2" coveredmethods="1"/>
      <file name="index.tsx" path="/home/derek/Repos/nr-spar/frontend/src/components/InfoSection/index.tsx">
        <metrics statements="5" coveredstatements="4" conditionals="5" coveredconditionals="3" methods="2" coveredmethods="1"/>
        <line num="1" count="896" type="cond" truecount="3" falsecount="0"/>
        <line num="22" count="112" type="stmt"/>
        <line num="27" count="0" type="stmt"/>
        <line num="40" count="112" type="stmt"/>
        <line num="42" count="112" type="stmt"/>
      </file>
    </package>
    <package name="src.components.InfoSection.InfoSectionColumn">
      <metrics statements="7" coveredstatements="4" conditionals="5" coveredconditionals="3" methods="3" coveredmethods="1"/>
      <file name="index.tsx" path="/home/derek/Repos/nr-spar/frontend/src/components/InfoSection/InfoSectionColumn/index.tsx">
        <metrics statements="7" coveredstatements="4" conditionals="5" coveredconditionals="3" methods="3" coveredmethods="1"/>
        <line num="1" count="896" type="cond" truecount="3" falsecount="0"/>
        <line num="11" count="112" type="stmt"/>
        <line num="14" count="0" type="stmt"/>
        <line num="15" count="0" type="stmt"/>
        <line num="18" count="0" type="stmt"/>
        <line num="35" count="112" type="stmt"/>
        <line num="37" count="112" type="stmt"/>
      </file>
    </package>
    <package name="src.components.InfoSection.InfoSectionRow">
      <metrics statements="6" coveredstatements="4" conditionals="3" coveredconditionals="3" methods="3" coveredmethods="1"/>
      <file name="index.tsx" path="/home/derek/Repos/nr-spar/frontend/src/components/InfoSection/InfoSectionRow/index.tsx">
        <metrics statements="6" coveredstatements="4" conditionals="3" coveredconditionals="3" methods="3" coveredmethods="1"/>
        <line num="1" count="896" type="cond" truecount="3" falsecount="0"/>
        <line num="12" count="112" type="stmt"/>
        <line num="15" count="0" type="stmt"/>
        <line num="18" count="0" type="stmt"/>
        <line num="22" count="112" type="stmt"/>
        <line num="24" count="112" type="stmt"/>
      </file>
    </package>
    <package name="src.components.InputErrorText">
      <metrics statements="5" coveredstatements="4" conditionals="3" coveredconditionals="3" methods="2" coveredmethods="1"/>
      <file name="index.tsx" path="/home/derek/Repos/nr-spar/frontend/src/components/InputErrorText/index.tsx">
        <metrics statements="5" coveredstatements="4" conditionals="3" coveredconditionals="3" methods="2" coveredmethods="1"/>
        <line num="1" count="896" type="cond" truecount="3" falsecount="0"/>
        <line num="9" count="112" type="stmt"/>
        <line num="12" count="0" type="stmt"/>
        <line num="16" count="112" type="stmt"/>
        <line num="18" count="112" type="stmt"/>
      </file>
    </package>
    <package name="src.components.Logout">
      <metrics statements="9" coveredstatements="4" conditionals="2" coveredconditionals="0" methods="3" coveredmethods="0"/>
      <file name="index.tsx" path="/home/derek/Repos/nr-spar/frontend/src/components/Logout/index.tsx">
        <metrics statements="9" coveredstatements="4" conditionals="2" coveredconditionals="0" methods="3" coveredmethods="0"/>
        <line num="5" count="12" type="stmt"/>
        <line num="6" count="12" type="stmt"/>
        <line num="8" count="0" type="cond" truecount="0" falsecount="2"/>
        <line num="9" count="0" type="stmt"/>
        <line num="10" count="0" type="stmt"/>
        <line num="12" count="0" type="stmt"/>
        <line num="15" count="0" type="stmt"/>
        <line num="19" count="12" type="stmt"/>
        <line num="21" count="12" type="stmt"/>
      </file>
    </package>
    <package name="src.components.ModalStateManager">
      <metrics statements="6" coveredstatements="3" conditionals="6" coveredconditionals="0" methods="1" coveredmethods="0"/>
      <file name="index.tsx" path="/home/derek/Repos/nr-spar/frontend/src/components/ModalStateManager/index.tsx">
        <metrics statements="6" coveredstatements="3" conditionals="6" coveredconditionals="0" methods="1" coveredmethods="0"/>
        <line num="9" count="112" type="stmt"/>
        <line num="14" count="0" type="stmt"/>
        <line num="15" count="0" type="stmt"/>
        <line num="16" count="0" type="stmt"/>
        <line num="27" count="112" type="stmt"/>
        <line num="29" count="112" type="stmt"/>
      </file>
    </package>
    <package name="src.components.MyProfile">
      <metrics statements="31" coveredstatements="16" conditionals="6" coveredconditionals="1" methods="8" coveredmethods="4"/>
      <file name="index.tsx" path="/home/derek/Repos/nr-spar/frontend/src/components/MyProfile/index.tsx">
        <metrics statements="31" coveredstatements="16" conditionals="6" coveredconditionals="1" methods="8" coveredmethods="4"/>
        <line num="18" count="112" type="stmt"/>
        <line num="36" count="112" type="stmt"/>
        <line num="37" count="2" type="stmt"/>
        <line num="38" count="2" type="stmt"/>
        <line num="40" count="2" type="stmt"/>
        <line num="41" count="2" type="stmt"/>
        <line num="43" count="112" type="stmt"/>
        <line num="45" count="2" type="stmt"/>
        <line num="46" count="0" type="cond" truecount="0" falsecount="1"/>
        <line num="47" count="0" type="stmt"/>
        <line num="48" count="0" type="stmt"/>
        <line num="50" count="0" type="stmt"/>
        <line num="53" count="2" type="stmt"/>
        <line num="54" count="0" type="cond" truecount="0" falsecount="1"/>
        <line num="55" count="0" type="stmt"/>
        <line num="56" count="0" type="stmt"/>
        <line num="58" count="0" type="cond" truecount="0" falsecount="1"/>
        <line num="59" count="0" type="stmt"/>
        <line num="60" count="0" type="stmt"/>
        <line num="64" count="2" type="stmt"/>
        <line num="65" count="2" type="cond" truecount="0" falsecount="1"/>
        <line num="66" count="0" type="stmt"/>
        <line num="67" count="0" type="stmt"/>
        <line num="71" count="2" type="stmt"/>
        <line num="88" count="6" type="stmt"/>
        <line num="89" count="6" type="stmt"/>
        <line num="94" count="0" type="stmt"/>
        <line num="95" count="0" type="stmt"/>
        <line num="105" count="0" type="stmt"/>
        <line num="119" count="112" type="stmt"/>
        <line num="121" count="112" type="stmt"/>
      </file>
    </package>
    <package name="src.components.NotificationsCentral">
      <metrics statements="5" coveredstatements="5" conditionals="3" coveredconditionals="3" methods="2" coveredmethods="2"/>
      <file name="index.tsx" path="/home/derek/Repos/nr-spar/frontend/src/components/NotificationsCentral/index.tsx">
        <metrics statements="5" coveredstatements="5" conditionals="3" coveredconditionals="3" methods="2" coveredmethods="2"/>
        <line num="1" count="896" type="cond" truecount="3" falsecount="0"/>
        <line num="10" count="112" type="stmt"/>
        <line num="11" count="2" type="stmt"/>
        <line num="33" count="112" type="stmt"/>
        <line num="35" count="112" type="stmt"/>
      </file>
    </package>
    <package name="src.components.PageTitle">
      <metrics statements="18" coveredstatements="4" conditionals="10" coveredconditionals="0" methods="9" coveredmethods="0"/>
      <file name="index.tsx" path="/home/derek/Repos/nr-spar/frontend/src/components/PageTitle/index.tsx">
        <metrics statements="18" coveredstatements="4" conditionals="10" coveredconditionals="0" methods="9" coveredmethods="0"/>
        <line num="24" count="112" type="stmt"/>
        <line num="29" count="0" type="stmt"/>
        <line num="30" count="0" type="stmt"/>
        <line num="31" count="0" type="stmt"/>
        <line num="33" count="0" type="stmt"/>
        <line num="38" count="0" type="stmt"/>
        <line num="39" count="0" type="stmt"/>
        <line num="41" count="0" type="stmt"/>
        <line num="45" count="112" type="stmt"/>
        <line num="46" count="0" type="stmt"/>
        <line num="48" count="0" type="stmt"/>
        <line num="52" count="0" type="stmt"/>
        <line num="54" count="0" type="stmt"/>
        <line num="56" count="0" type="stmt"/>
        <line num="69" count="0" type="stmt"/>
        <line num="70" count="0" type="stmt"/>
        <line num="86" count="112" type="stmt"/>
        <line num="88" count="112" type="stmt"/>
      </file>
    </package>
    <package name="src.components.PanelSectionName">
      <metrics statements="5" coveredstatements="5" conditionals="5" coveredconditionals="5" methods="2" coveredmethods="2"/>
      <file name="index.tsx" path="/home/derek/Repos/nr-spar/frontend/src/components/PanelSectionName/index.tsx">
        <metrics statements="5" coveredstatements="5" conditionals="5" coveredconditionals="5" methods="2" coveredmethods="2"/>
        <line num="1" count="896" type="cond" truecount="3" falsecount="0"/>
        <line num="9" count="112" type="stmt"/>
        <line num="10" count="12" type="cond" truecount="2" falsecount="0"/>
        <line num="15" count="112" type="stmt"/>
        <line num="17" count="112" type="stmt"/>
      </file>
    </package>
    <package name="src.components.Participants">
      <metrics statements="6" coveredstatements="4" conditionals="3" coveredconditionals="3" methods="3" coveredmethods="1"/>
      <file name="index.tsx" path="/home/derek/Repos/nr-spar/frontend/src/components/Participants/index.tsx">
        <metrics statements="6" coveredstatements="4" conditionals="3" coveredconditionals="3" methods="3" coveredmethods="1"/>
        <line num="1" count="576" type="cond" truecount="3" falsecount="0"/>
        <line num="12" count="72" type="stmt"/>
        <line num="13" count="0" type="stmt"/>
        <line num="15" count="0" type="stmt"/>
        <line num="26" count="72" type="stmt"/>
        <line num="28" count="72" type="stmt"/>
      </file>
    </package>
    <package name="src.components.RecentActivities">
      <metrics statements="16" coveredstatements="9" conditionals="8" coveredconditionals="0" methods="5" coveredmethods="0"/>
      <file name="constants.ts" path="/home/derek/Repos/nr-spar/frontend/src/components/RecentActivities/constants.ts">
        <metrics statements="7" coveredstatements="5" conditionals="0" coveredconditionals="0" methods="2" coveredmethods="0"/>
        <line num="1" count="112" type="stmt"/>
        <line num="10" count="112" type="stmt"/>
        <line num="18" count="112" type="stmt"/>
        <line num="28" count="112" type="stmt"/>
        <line num="29" count="0" type="stmt"/>
        <line num="32" count="112" type="stmt"/>
        <line num="33" count="0" type="stmt"/>
      </file>
      <file name="index.tsx" path="/home/derek/Repos/nr-spar/frontend/src/components/RecentActivities/index.tsx">
        <metrics statements="9" coveredstatements="4" conditionals="8" coveredconditionals="0" methods="3" coveredmethods="0"/>
        <line num="34" count="112" type="stmt"/>
        <line num="35" count="0" type="stmt"/>
        <line num="40" count="0" type="stmt"/>
        <line num="45" count="112" type="stmt"/>
        <line num="47" count="0" type="stmt"/>
        <line num="48" count="0" type="stmt"/>
        <line num="51" count="0" type="stmt"/>
        <line num="128" count="112" type="stmt"/>
        <line num="130" count="112" type="stmt"/>
      </file>
    </package>
    <package name="src.components.RecentActivities.RecentActivitiesTable">
      <metrics statements="25" coveredstatements="4" conditionals="20" coveredconditionals="3" methods="9" coveredmethods="1"/>
      <file name="index.tsx" path="/home/derek/Repos/nr-spar/frontend/src/components/RecentActivities/RecentActivitiesTable/index.tsx">
        <metrics statements="25" coveredstatements="4" conditionals="20" coveredconditionals="3" methods="9" coveredmethods="1"/>
        <line num="1" count="896" type="cond" truecount="3" falsecount="0"/>
        <line num="31" count="112" type="stmt"/>
        <line num="37" count="0" type="stmt"/>
        <line num="39" count="0" type="stmt"/>
        <line num="41" count="0" type="stmt"/>
        <line num="42" count="0" type="stmt"/>
        <line num="44" count="0" type="cond" truecount="0" falsecount="8"/>
        <line num="46" count="0" type="stmt"/>
        <line num="54" count="0" type="stmt"/>
        <line num="60" count="0" type="stmt"/>
        <line num="65" count="0" type="stmt"/>
        <line num="72" count="0" type="stmt"/>
        <line num="78" count="0" type="stmt"/>
        <line num="79" count="0" type="stmt"/>
        <line num="86" count="0" type="stmt"/>
        <line num="94" count="0" type="stmt"/>
        <line num="99" count="0" type="stmt"/>
        <line num="113" count="0" type="stmt"/>
        <line num="116" count="0" type="cond" truecount="0" falsecount="3"/>
        <line num="117" count="0" type="stmt"/>
        <line num="119" count="0" type="stmt"/>
        <line num="132" count="0" type="stmt"/>
        <line num="144" count="0" type="stmt"/>
        <line num="158" count="112" type="stmt"/>
        <line num="160" count="112" type="stmt"/>
      </file>
    </package>
    <package name="src.components.RecentSeedlots">
      <metrics statements="14" coveredstatements="4" conditionals="2" coveredconditionals="0" methods="5" coveredmethods="0"/>
      <file name="constants.ts" path="/home/derek/Repos/nr-spar/frontend/src/components/RecentSeedlots/constants.ts">
        <metrics statements="1" coveredstatements="1" conditionals="0" coveredconditionals="0" methods="0" coveredmethods="0"/>
        <line num="1" count="72" type="stmt"/>
      </file>
      <file name="index.tsx" path="/home/derek/Repos/nr-spar/frontend/src/components/RecentSeedlots/index.tsx">
        <metrics statements="13" coveredstatements="3" conditionals="2" coveredconditionals="0" methods="5" coveredmethods="0"/>
        <line num="16" count="72" type="stmt"/>
        <line num="17" count="0" type="stmt"/>
        <line num="19" count="0" type="stmt"/>
        <line num="20" count="0" type="stmt"/>
        <line num="21" count="0" type="stmt"/>
        <line num="23" count="0" type="stmt"/>
        <line num="27" count="0" type="stmt"/>
        <line num="31" count="0" type="stmt"/>
        <line num="32" count="0" type="stmt"/>
        <line num="35" count="0" type="stmt"/>
        <line num="47" count="0" type="stmt"/>
        <line num="75" count="72" type="stmt"/>
        <line num="77" count="72" type="stmt"/>
      </file>
    </package>
    <package name="src.components.RightPanelTitle">
      <metrics statements="5" coveredstatements="5" conditionals="3" coveredconditionals="3" methods="2" coveredmethods="2"/>
      <file name="index.tsx" path="/home/derek/Repos/nr-spar/frontend/src/components/RightPanelTitle/index.tsx">
        <metrics statements="5" coveredstatements="5" conditionals="3" coveredconditionals="3" methods="2" coveredmethods="2"/>
        <line num="1" count="896" type="cond" truecount="3" falsecount="0"/>
        <line num="13" count="112" type="stmt"/>
        <line num="14" count="4" type="stmt"/>
        <line num="27" count="112" type="stmt"/>
        <line num="29" count="112" type="stmt"/>
      </file>
    </package>
    <package name="src.components.SeedlotActivities">
      <metrics statements="7" coveredstatements="4" conditionals="3" coveredconditionals="3" methods="3" coveredmethods="1"/>
      <file name="index.tsx" path="/home/derek/Repos/nr-spar/frontend/src/components/SeedlotActivities/index.tsx">
        <metrics statements="7" coveredstatements="4" conditionals="3" coveredconditionals="3" methods="3" coveredmethods="1"/>
        <line num="1" count="896" type="cond" truecount="3" falsecount="0"/>
        <line num="9" count="112" type="stmt"/>
        <line num="10" count="0" type="stmt"/>
        <line num="61" count="0" type="stmt"/>
        <line num="64" count="0" type="stmt"/>
        <line num="78" count="112" type="stmt"/>
        <line num="80" count="112" type="stmt"/>
      </file>
    </package>
    <package name="src.components.SeedlotActivityHistory">
      <metrics statements="9" coveredstatements="6" conditionals="3" coveredconditionals="3" methods="3" coveredmethods="1"/>
      <file name="index.tsx" path="/home/derek/Repos/nr-spar/frontend/src/components/SeedlotActivityHistory/index.tsx">
        <metrics statements="9" coveredstatements="6" conditionals="3" coveredconditionals="3" methods="3" coveredmethods="1"/>
        <line num="1" count="576" type="cond" truecount="3" falsecount="0"/>
        <line num="15" count="72" type="stmt"/>
        <line num="22" count="72" type="stmt"/>
        <line num="100" count="72" type="stmt"/>
        <line num="101" count="0" type="stmt"/>
        <line num="118" count="0" type="stmt"/>
        <line num="119" count="0" type="stmt"/>
        <line num="133" count="72" type="stmt"/>
        <line num="135" count="72" type="stmt"/>
      </file>
    </package>
    <package name="src.components.SeedlotRegistrationProgress">
      <metrics statements="5" coveredstatements="4" conditionals="5" coveredconditionals="3" methods="2" coveredmethods="1"/>
      <file name="index.tsx" path="/home/derek/Repos/nr-spar/frontend/src/components/SeedlotRegistrationProgress/index.tsx">
        <metrics statements="5" coveredstatements="4" conditionals="5" coveredconditionals="3" methods="2" coveredmethods="1"/>
        <line num="1" count="896" type="cond" truecount="3" falsecount="0"/>
        <line num="15" count="112" type="stmt"/>
        <line num="20" count="0" type="stmt"/>
        <line num="69" count="112" type="stmt"/>
        <line num="71" count="112" type="stmt"/>
      </file>
    </package>
    <package name="src.components.SeedlotRegistrationSteps.CollectionStep">
      <metrics statements="118" coveredstatements="20" conditionals="42" coveredconditionals="2" methods="33" coveredmethods="1"/>
      <file name="constants.ts" path="/home/derek/Repos/nr-spar/frontend/src/components/SeedlotRegistrationSteps/CollectionStep/constants.ts">
        <metrics statements="4" coveredstatements="4" conditionals="0" coveredconditionals="0" methods="0" coveredmethods="0"/>
        <line num="1" count="112" type="stmt"/>
        <line num="2" count="112" type="stmt"/>
        <line num="3" count="112" type="stmt"/>
        <line num="5" count="112" type="stmt"/>
      </file>
      <file name="index.tsx" path="/home/derek/Repos/nr-spar/frontend/src/components/SeedlotRegistrationSteps/CollectionStep/index.tsx">
        <metrics statements="110" coveredstatements="13" conditionals="38" coveredconditionals="2" methods="30" coveredmethods="1"/>
        <line num="36" count="112" type="stmt"/>
        <line num="46" count="0" type="stmt"/>
        <line num="47" count="0" type="stmt"/>
        <line num="48" count="0" type="stmt"/>
        <line num="49" count="0" type="stmt"/>
        <line num="50" count="0" type="stmt"/>
        <line num="54" count="0" type="stmt"/>
        <line num="55" count="0" type="stmt"/>
        <line num="56" count="0" type="stmt"/>
        <line num="57" count="0" type="stmt"/>
        <line num="58" count="0" type="stmt"/>
        <line num="61" count="12" type="stmt"/>
        <line num="62" count="0" type="stmt"/>
        <line num="67" count="0" type="stmt"/>
        <line num="68" count="0" type="stmt"/>
        <line num="70" count="0" type="stmt"/>
        <line num="73" count="0" type="stmt"/>
        <line num="74" count="0" type="stmt"/>
        <line num="75" count="0" type="cond" truecount="0" falsecount="2"/>
        <line num="76" count="0" type="cond" truecount="0" falsecount="2"/>
        <line num="78" count="0" type="stmt"/>
        <line num="79" count="0" type="stmt"/>
        <line num="80" count="0" type="stmt"/>
        <line num="81" count="0" type="stmt"/>
        <line num="84" count="0" type="stmt"/>
        <line num="85" count="0" type="stmt"/>
        <line num="90" count="0" type="stmt"/>
        <line num="91" count="0" type="cond" truecount="0" falsecount="2"/>
        <line num="92" count="0" type="cond" truecount="0" falsecount="2"/>
        <line num="93" count="0" type="stmt"/>
        <line num="94" count="0" type="stmt"/>
        <line num="97" count="0" type="stmt"/>
        <line num="98" count="0" type="cond" truecount="0" falsecount="2"/>
        <line num="99" count="0" type="stmt"/>
        <line num="104" count="0" type="stmt"/>
        <line num="105" count="0" type="stmt"/>
        <line num="106" count="0" type="cond" truecount="1" falsecount="1"/>
        <line num="107" count="0" type="stmt"/>
        <line num="110" count="0" type="stmt"/>
        <line num="111" count="0" type="stmt"/>
        <line num="112" count="0" type="stmt"/>
        <line num="113" count="0" type="stmt"/>
        <line num="114" count="0" type="cond" truecount="1" falsecount="0"/>
        <line num="115" count="0" type="stmt"/>
        <line num="116" count="0" type="stmt"/>
        <line num="118" count="0" type="stmt"/>
        <line num="121" count="0" type="stmt"/>
        <line num="122" count="0" type="cond" truecount="0" falsecount="2"/>
        <line num="123" count="0" type="cond" truecount="0" falsecount="1"/>
        <line num="124" count="0" type="stmt"/>
        <line num="125" count="0" type="stmt"/>
        <line num="126" count="0" type="stmt"/>
        <line num="127" count="0" type="cond" truecount="0" falsecount="1"/>
        <line num="128" count="0" type="stmt"/>
        <line num="129" count="0" type="stmt"/>
        <line num="133" count="0" type="stmt"/>
        <line num="134" count="0" type="stmt"/>
        <line num="135" count="0" type="cond" truecount="0" falsecount="2"/>
        <line num="137" count="0" type="stmt"/>
        <line num="139" count="0" type="stmt"/>
        <line num="142" count="0" type="stmt"/>
        <line num="143" count="0" type="stmt"/>
        <line num="145" count="0" type="stmt"/>
        <line num="148" count="0" type="stmt"/>
        <line num="149" count="100" type="stmt"/>
        <line num="150" count="100" type="stmt"/>
        <line num="152" count="100" type="stmt"/>
        <line num="153" count="100" type="cond" truecount="0" falsecount="2"/>
        <line num="154" count="100" type="stmt"/>
        <line num="155" count="100" type="cond" truecount="0" falsecount="2"/>
        <line num="157" count="100" type="stmt"/>
        <line num="161" count="100" type="stmt"/>
        <line num="163" count="100" type="stmt"/>
        <line num="166" count="0" type="stmt"/>
        <line num="167" count="0" type="stmt"/>
        <line num="168" count="0" type="stmt"/>
        <line num="169" count="0" type="stmt"/>
        <line num="170" count="0" type="stmt"/>
        <line num="172" count="0" type="stmt"/>
        <line num="177" count="0" type="cond" truecount="0" falsecount="1"/>
        <line num="178" count="0" type="stmt"/>
        <line num="180" count="0" type="stmt"/>
        <line num="183" count="0" type="stmt"/>
        <line num="184" count="0" type="stmt"/>
        <line num="185" count="0" type="stmt"/>
        <line num="186" count="0" type="cond" truecount="0" falsecount="2"/>
        <line num="187" count="0" type="stmt"/>
        <line num="189" count="0" type="stmt"/>
        <line num="191" count="0" type="stmt"/>
        <line num="194" count="0" type="stmt"/>
        <line num="195" count="0" type="stmt"/>
        <line num="196" count="0" type="stmt"/>
        <line num="197" count="0" type="stmt"/>
        <line num="200" count="0" type="stmt"/>
        <line num="217" count="0" type="stmt"/>
        <line num="234" count="0" type="stmt"/>
        <line num="237" count="0" type="stmt"/>
        <line num="257" count="0" type="stmt"/>
        <line num="259" count="0" type="stmt"/>
        <line num="261" count="0" type="stmt"/>
        <line num="285" count="0" type="stmt"/>
        <line num="308" count="0" type="stmt"/>
        <line num="335" count="0" type="stmt"/>
        <line num="351" count="0" type="stmt"/>
        <line num="372" count="0" type="stmt"/>
        <line num="387" count="0" type="stmt"/>
        <line num="394" count="0" type="stmt"/>
        <line num="411" count="0" type="stmt"/>
        <line num="421" count="12" type="stmt"/>
        <line num="423" count="12" type="stmt"/>
      </file>
      <file name="utils.ts" path="/home/derek/Repos/nr-spar/frontend/src/components/SeedlotRegistrationSteps/CollectionStep/utils.ts">
        <metrics statements="4" coveredstatements="3" conditionals="4" coveredconditionals="0" methods="3" coveredmethods="0"/>
        <line num="6" count="112" type="stmt"/>
        <line num="13" count="112" type="stmt"/>
        <line num="14" count="0" type="cond" truecount="0" falsecount="2"/>
        <line num="20" count="112" type="cond" truecount="0" falsecount="2"/>
      </file>
    </package>
    <package name="src.components.SeedlotRegistrationSteps.ExtractionAndStorageStep">
      <metrics statements="102" coveredstatements="8" conditionals="93" coveredconditionals="0" methods="27" coveredmethods="0"/>
      <file name="constants.ts" path="/home/derek/Repos/nr-spar/frontend/src/components/SeedlotRegistrationSteps/ExtractionAndStorageStep/constants.ts">
        <metrics statements="3" coveredstatements="3" conditionals="0" coveredconditionals="0" methods="0" coveredmethods="0"/>
        <line num="3" count="112" type="stmt"/>
        <line num="5" count="112" type="stmt"/>
        <line num="71" count="112" type="stmt"/>
      </file>
      <file name="definitions.ts" path="/home/derek/Repos/nr-spar/frontend/src/components/SeedlotRegistrationSteps/ExtractionAndStorageStep/definitions.ts">
        <metrics statements="1" coveredstatements="1" conditionals="0" coveredconditionals="0" methods="0" coveredmethods="0"/>
        <line num="12" count="112" type="stmt"/>
      </file>
      <file name="index.tsx" path="/home/derek/Repos/nr-spar/frontend/src/components/SeedlotRegistrationSteps/ExtractionAndStorageStep/index.tsx">
        <metrics statements="98" coveredstatements="4" conditionals="93" coveredconditionals="0" methods="27" coveredmethods="0"/>
        <line num="51" count="112" type="stmt"/>
        <line num="60" count="0" type="stmt"/>
        <line num="61" count="0" type="stmt"/>
        <line num="62" count="0" type="stmt"/>
        <line num="63" count="0" type="stmt"/>
        <line num="64" count="0" type="stmt"/>
        <line num="65" count="0" type="stmt"/>
        <line num="69" count="0" type="stmt"/>
        <line num="70" count="0" type="stmt"/>
        <line num="74" count="0" type="stmt"/>
        <line num="84" count="112" type="stmt"/>
        <line num="85" count="0" type="stmt"/>
        <line num="89" count="0" type="stmt"/>
        <line num="90" count="0" type="stmt"/>
        <line num="93" count="0" type="stmt"/>
        <line num="97" count="0" type="stmt"/>
        <line num="98" count="0" type="cond" truecount="0" falsecount="2"/>
        <line num="99" count="0" type="stmt"/>
        <line num="103" count="0" type="cond" truecount="0" falsecount="3"/>
        <line num="104" count="0" type="stmt"/>
        <line num="105" count="0" type="stmt"/>
        <line num="111" count="0" type="cond" truecount="0" falsecount="2"/>
        <line num="112" count="0" type="stmt"/>
        <line num="119" count="0" type="stmt"/>
        <line num="123" count="0" type="cond" truecount="0" falsecount="1"/>
        <line num="124" count="0" type="stmt"/>
        <line num="127" count="0" type="stmt"/>
        <line num="134" count="0" type="stmt"/>
        <line num="141" count="0" type="stmt"/>
        <line num="142" count="0" type="stmt"/>
        <line num="143" count="0" type="stmt"/>
        <line num="144" count="0" type="cond" truecount="0" falsecount="7"/>
        <line num="146" count="0" type="cond" truecount="0" falsecount="1"/>
        <line num="147" count="0" type="stmt"/>
        <line num="149" count="0" type="stmt"/>
        <line num="151" count="0" type="cond" truecount="0" falsecount="1"/>
        <line num="152" count="0" type="stmt"/>
        <line num="154" count="0" type="stmt"/>
        <line num="158" count="0" type="cond" truecount="0" falsecount="3"/>
        <line num="159" count="0" type="stmt"/>
        <line num="162" count="0" type="stmt"/>
        <line num="163" count="0" type="stmt"/>
        <line num="164" count="0" type="stmt"/>
        <line num="168" count="0" type="cond" truecount="0" falsecount="3"/>
        <line num="169" count="0" type="stmt"/>
        <line num="172" count="0" type="stmt"/>
        <line num="173" count="0" type="stmt"/>
        <line num="174" count="0" type="stmt"/>
        <line num="176" count="0" type="stmt"/>
        <line num="178" count="0" type="stmt"/>
        <line num="181" count="0" type="stmt"/>
        <line num="182" count="0" type="stmt"/>
        <line num="183" count="0" type="stmt"/>
        <line num="184" count="0" type="stmt"/>
        <line num="186" count="0" type="stmt"/>
        <line num="194" count="0" type="cond" truecount="0" falsecount="4"/>
        <line num="195" count="0" type="stmt"/>
        <line num="201" count="0" type="cond" truecount="0" falsecount="1"/>
        <line num="202" count="0" type="stmt"/>
        <line num="208" count="0" type="stmt"/>
        <line num="209" count="0" type="cond" truecount="0" falsecount="4"/>
        <line num="210" count="0" type="cond" truecount="0" falsecount="2"/>
        <line num="211" count="0" type="cond" truecount="0" falsecount="2"/>
        <line num="212" count="0" type="stmt"/>
        <line num="223" count="0" type="stmt"/>
        <line num="229" count="0" type="stmt"/>
        <line num="235" count="0" type="stmt"/>
        <line num="236" count="0" type="cond" truecount="0" falsecount="3"/>
        <line num="237" count="0" type="stmt"/>
        <line num="241" count="0" type="stmt"/>
        <line num="258" count="0" type="stmt"/>
        <line num="259" count="0" type="stmt"/>
        <line num="269" count="0" type="stmt"/>
        <line num="289" count="0" type="stmt"/>
        <line num="292" count="0" type="stmt"/>
        <line num="316" count="0" type="stmt"/>
        <line num="318" count="0" type="stmt"/>
        <line num="320" count="0" type="cond" truecount="0" falsecount="1"/>
        <line num="321" count="0" type="stmt"/>
        <line num="322" count="0" type="stmt"/>
        <line num="341" count="0" type="stmt"/>
        <line num="363" count="0" type="stmt"/>
        <line num="385" count="0" type="stmt"/>
        <line num="405" count="0" type="stmt"/>
        <line num="406" count="0" type="stmt"/>
        <line num="416" count="0" type="stmt"/>
        <line num="435" count="0" type="stmt"/>
        <line num="438" count="0" type="stmt"/>
        <line num="463" count="0" type="stmt"/>
        <line num="465" count="0" type="stmt"/>
        <line num="467" count="0" type="cond" truecount="0" falsecount="1"/>
        <line num="468" count="0" type="stmt"/>
        <line num="469" count="0" type="stmt"/>
        <line num="488" count="0" type="stmt"/>
        <line num="510" count="0" type="stmt"/>
        <line num="532" count="0" type="stmt"/>
        <line num="539" count="112" type="stmt"/>
        <line num="541" count="112" type="stmt"/>
      </file>
    </package>
    <package name="src.components.SeedlotRegistrationSteps.InterimStep">
      <metrics statements="98" coveredstatements="6" conditionals="60" coveredconditionals="0" methods="22" coveredmethods="0"/>
      <file name="constants.ts" path="/home/derek/Repos/nr-spar/frontend/src/components/SeedlotRegistrationSteps/InterimStep/constants.ts">
        <metrics statements="1" coveredstatements="1" conditionals="0" coveredconditionals="0" methods="0" coveredmethods="0"/>
        <line num="1" count="112" type="stmt"/>
      </file>
      <file name="index.tsx" path="/home/derek/Repos/nr-spar/frontend/src/components/SeedlotRegistrationSteps/InterimStep/index.tsx">
        <metrics statements="97" coveredstatements="5" conditionals="60" coveredconditionals="0" methods="22" coveredmethods="0"/>
        <line num="33" count="112" type="stmt"/>
        <line num="44" count="112" type="stmt"/>
        <line num="53" count="0" type="stmt"/>
        <line num="63" count="0" type="stmt"/>
        <line num="72" count="0" type="stmt"/>
        <line num="73" count="0" type="stmt"/>
        <line num="74" count="0" type="stmt"/>
        <line num="75" count="0" type="stmt"/>
        <line num="79" count="0" type="stmt"/>
        <line num="81" count="0" type="stmt"/>
        <line num="82" count="0" type="stmt"/>
        <line num="86" count="0" type="stmt"/>
        <line num="89" count="112" type="stmt"/>
        <line num="90" count="0" type="stmt"/>
        <line num="95" count="0" type="stmt"/>
        <line num="96" count="0" type="stmt"/>
        <line num="98" count="0" type="stmt"/>
        <line num="101" count="0" type="stmt"/>
        <line num="102" count="0" type="stmt"/>
        <line num="103" count="0" type="stmt"/>
        <line num="107" count="0" type="cond" truecount="0" falsecount="3"/>
        <line num="108" count="0" type="stmt"/>
        <line num="109" count="0" type="stmt"/>
        <line num="115" count="0" type="cond" truecount="0" falsecount="1"/>
        <line num="116" count="0" type="stmt"/>
        <line num="117" count="0" type="stmt"/>
        <line num="121" count="0" type="stmt"/>
        <line num="124" count="0" type="cond" truecount="0" falsecount="1"/>
        <line num="125" count="0" type="stmt"/>
        <line num="126" count="0" type="stmt"/>
        <line num="130" count="0" type="stmt"/>
        <line num="134" count="0" type="stmt"/>
        <line num="135" count="0" type="stmt"/>
        <line num="136" count="0" type="stmt"/>
        <line num="138" count="0" type="cond" truecount="0" falsecount="1"/>
        <line num="139" count="0" type="cond" truecount="0" falsecount="1"/>
        <line num="140" count="0" type="stmt"/>
        <line num="143" count="0" type="cond" truecount="0" falsecount="3"/>
        <line num="145" count="0" type="cond" truecount="0" falsecount="3"/>
        <line num="146" count="0" type="stmt"/>
        <line num="149" count="0" type="stmt"/>
        <line num="150" count="0" type="stmt"/>
        <line num="152" count="0" type="cond" truecount="0" falsecount="1"/>
        <line num="153" count="0" type="cond" truecount="0" falsecount="1"/>
        <line num="154" count="0" type="stmt"/>
        <line num="156" count="0" type="stmt"/>
        <line num="158" count="0" type="cond" truecount="0" falsecount="1"/>
        <line num="159" count="0" type="cond" truecount="0" falsecount="1"/>
        <line num="160" count="0" type="stmt"/>
        <line num="162" count="0" type="stmt"/>
        <line num="165" count="0" type="stmt"/>
        <line num="168" count="0" type="stmt"/>
        <line num="176" count="0" type="cond" truecount="0" falsecount="4"/>
        <line num="177" count="0" type="stmt"/>
        <line num="183" count="0" type="cond" truecount="0" falsecount="1"/>
        <line num="184" count="0" type="cond" truecount="0" falsecount="2"/>
        <line num="187" count="0" type="stmt"/>
        <line num="188" count="0" type="cond" truecount="0" falsecount="2"/>
        <line num="189" count="0" type="cond" truecount="0" falsecount="2"/>
        <line num="190" count="0" type="stmt"/>
        <line num="195" count="0" type="stmt"/>
        <line num="201" count="0" type="stmt"/>
        <line num="207" count="0" type="stmt"/>
        <line num="208" count="0" type="cond" truecount="0" falsecount="3"/>
        <line num="209" count="0" type="stmt"/>
        <line num="213" count="0" type="stmt"/>
        <line num="214" count="0" type="stmt"/>
        <line num="215" count="0" type="stmt"/>
        <line num="216" count="0" type="stmt"/>
        <line num="218" count="0" type="stmt"/>
        <line num="219" count="0" type="stmt"/>
        <line num="220" count="0" type="cond" truecount="0" falsecount="2"/>
        <line num="221" count="0" type="cond" truecount="0" falsecount="2"/>
        <line num="223" count="0" type="stmt"/>
        <line num="233" count="0" type="stmt"/>
        <line num="234" count="0" type="cond" truecount="0" falsecount="2"/>
        <line num="235" count="0" type="stmt"/>
        <line num="236" count="0" type="stmt"/>
        <line num="238" count="0" type="stmt"/>
        <line num="239" count="0" type="stmt"/>
        <line num="243" count="0" type="stmt"/>
        <line num="259" count="0" type="stmt"/>
        <line num="260" count="0" type="stmt"/>
        <line num="265" count="0" type="stmt"/>
        <line num="285" count="0" type="stmt"/>
        <line num="288" count="0" type="stmt"/>
        <line num="312" count="0" type="stmt"/>
        <line num="314" count="0" type="stmt"/>
        <line num="316" count="0" type="cond" truecount="0" falsecount="1"/>
        <line num="317" count="0" type="stmt"/>
        <line num="343" count="0" type="stmt"/>
        <line num="366" count="0" type="stmt"/>
        <line num="395" count="0" type="stmt"/>
        <line num="408" count="0" type="stmt"/>
        <line num="446" count="0" type="stmt"/>
        <line num="455" count="112" type="stmt"/>
        <line num="457" count="112" type="stmt"/>
      </file>
    </package>
    <package name="src.components.SeedlotRegistrationSteps.OrchardStep">
      <metrics statements="115" coveredstatements="7" conditionals="51" coveredconditionals="0" methods="40" coveredmethods="0"/>
      <file name="constants.ts" path="/home/derek/Repos/nr-spar/frontend/src/components/SeedlotRegistrationSteps/OrchardStep/constants.ts">
        <metrics statements="3" coveredstatements="3" conditionals="0" coveredconditionals="0" methods="0" coveredmethods="0"/>
        <line num="2" count="112" type="stmt"/>
        <line num="4" count="112" type="stmt"/>
        <line num="9" count="112" type="stmt"/>
      </file>
      <file name="index.tsx" path="/home/derek/Repos/nr-spar/frontend/src/components/SeedlotRegistrationSteps/OrchardStep/index.tsx">
        <metrics statements="112" coveredstatements="4" conditionals="51" coveredconditionals="0" methods="40" coveredmethods="0"/>
        <line num="50" count="112" type="stmt"/>
        <line num="58" count="0" type="stmt"/>
        <line num="59" count="0" type="stmt"/>
        <line num="60" count="0" type="stmt"/>
        <line num="61" count="0" type="stmt"/>
        <line num="62" count="0" type="stmt"/>
        <line num="63" count="0" type="stmt"/>
        <line num="64" count="0" type="stmt"/>
        <line num="65" count="0" type="stmt"/>
        <line num="67" count="0" type="stmt"/>
        <line num="69" count="0" type="stmt"/>
        <line num="70" count="0" type="stmt"/>
        <line num="72" count="0" type="cond" truecount="0" falsecount="3"/>
        <line num="73" count="0" type="stmt"/>
        <line num="75" count="0" type="stmt"/>
        <line num="77" count="0" type="stmt"/>
        <line num="80" count="0" type="stmt"/>
        <line num="81" count="0" type="stmt"/>
        <line num="83" count="0" type="stmt"/>
        <line num="84" count="0" type="cond" truecount="0" falsecount="1"/>
        <line num="85" count="0" type="stmt"/>
        <line num="92" count="0" type="stmt"/>
        <line num="93" count="0" type="stmt"/>
        <line num="95" count="0" type="cond" truecount="0" falsecount="2"/>
        <line num="96" count="0" type="stmt"/>
        <line num="103" count="0" type="stmt"/>
        <line num="111" count="112" type="stmt"/>
        <line num="113" count="0" type="stmt"/>
        <line num="117" count="0" type="stmt"/>
        <line num="118" count="0" type="cond" truecount="0" falsecount="1"/>
        <line num="119" count="0" type="stmt"/>
        <line num="121" count="0" type="stmt"/>
        <line num="122" count="0" type="stmt"/>
        <line num="125" count="0" type="stmt"/>
        <line num="126" count="0" type="cond" truecount="0" falsecount="1"/>
        <line num="127" count="0" type="stmt"/>
        <line num="129" count="0" type="stmt"/>
        <line num="130" count="0" type="stmt"/>
        <line num="133" count="0" type="stmt"/>
        <line num="134" count="0" type="stmt"/>
        <line num="135" count="0" type="stmt"/>
        <line num="138" count="0" type="stmt"/>
        <line num="139" count="0" type="stmt"/>
        <line num="140" count="0" type="cond" truecount="0" falsecount="5"/>
        <line num="143" count="0" type="stmt"/>
        <line num="145" count="0" type="stmt"/>
        <line num="149" count="0" type="stmt"/>
        <line num="150" count="0" type="stmt"/>
        <line num="151" count="0" type="stmt"/>
        <line num="152" count="0" type="cond" truecount="0" falsecount="1"/>
        <line num="153" count="0" type="stmt"/>
        <line num="157" count="0" type="stmt"/>
        <line num="158" count="0" type="stmt"/>
        <line num="165" count="0" type="stmt"/>
        <line num="166" count="0" type="stmt"/>
        <line num="167" count="0" type="stmt"/>
        <line num="168" count="0" type="stmt"/>
        <line num="169" count="0" type="stmt"/>
        <line num="175" count="0" type="stmt"/>
        <line num="176" count="0" type="stmt"/>
        <line num="177" count="0" type="stmt"/>
        <line num="178" count="0" type="cond" truecount="0" falsecount="1"/>
        <line num="179" count="0" type="stmt"/>
        <line num="180" count="0" type="stmt"/>
        <line num="188" count="0" type="stmt"/>
        <line num="189" count="0" type="stmt"/>
        <line num="190" count="0" type="stmt"/>
        <line num="191" count="0" type="stmt"/>
        <line num="193" count="0" type="stmt"/>
        <line num="194" count="0" type="cond" truecount="0" falsecount="1"/>
[...]
        <metrics statements="1" coveredstatements="1" conditionals="0" coveredconditionals="0" methods="1" coveredmethods="0"/>
        <line num="3" count="40" type="stmt"/>
      </file>
    </package>
    <package name="src.views.Seedlot.MySeedlots">
      <metrics statements="17" coveredstatements="11" conditionals="2" coveredconditionals="0" methods="8" coveredmethods="1"/>
      <file name="constants.ts" path="/home/derek/Repos/nr-spar/frontend/src/views/Seedlot/MySeedlots/constants.ts">
        <metrics statements="2" coveredstatements="2" conditionals="0" coveredconditionals="0" methods="0" coveredmethods="0"/>
        <line num="1" count="112" type="stmt"/>
        <line num="10" count="112" type="stmt"/>
      </file>
      <file name="index.tsx" path="/home/derek/Repos/nr-spar/frontend/src/views/Seedlot/MySeedlots/index.tsx">
        <metrics statements="15" coveredstatements="9" conditionals="2" coveredconditionals="0" methods="8" coveredmethods="1"/>
        <line num="25" count="112" type="stmt"/>
        <line num="26" count="112" type="stmt"/>
        <line num="28" count="0" type="stmt"/>
        <line num="30" count="0" type="stmt"/>
        <line num="31" count="0" type="stmt"/>
        <line num="32" count="0" type="stmt"/>
        <line num="34" count="0" type="stmt"/>
        <line num="38" count="40" type="stmt"/>
        <line num="42" count="0" type="stmt"/>
        <line num="43" count="40" type="stmt"/>
        <line num="46" count="40" type="stmt"/>
        <line num="50" count="40" type="stmt"/>
        <line num="65" count="40" type="stmt"/>
        <line num="91" count="112" type="stmt"/>
        <line num="93" count="112" type="stmt"/>
      </file>
    </package>
    <package name="src.views.Seedlot.MySeedlots.SeedlotDataTable">
      <metrics statements="15" coveredstatements="4" conditionals="1" coveredconditionals="0" methods="8" coveredmethods="0"/>
      <file name="index.tsx" path="/home/derek/Repos/nr-spar/frontend/src/views/Seedlot/MySeedlots/SeedlotDataTable/index.tsx">
        <metrics statements="15" coveredstatements="4" conditionals="1" coveredconditionals="0" methods="8" coveredmethods="0"/>
        <line num="44" count="72" type="stmt"/>
        <line num="45" count="0" type="stmt"/>
        <line num="46" count="0" type="stmt"/>
        <line num="48" count="0" type="stmt"/>
        <line num="49" count="0" type="cond" truecount="0" falsecount="1"/>
        <line num="50" count="0" type="stmt"/>
        <line num="52" count="0" type="stmt"/>
        <line num="55" count="72" type="stmt"/>
        <line num="57" count="0" type="stmt"/>
        <line num="68" count="0" type="stmt"/>
        <line num="79" count="0" type="stmt"/>
        <line num="87" count="0" type="stmt"/>
        <line num="118" count="0" type="stmt"/>
        <line num="123" count="72" type="stmt"/>
        <line num="125" count="72" type="stmt"/>
      </file>
    </package>
    <package name="src.views.Seedlot.SeedlotCreatedFeedback">
      <metrics statements="9" coveredstatements="4" conditionals="0" coveredconditionals="0" methods="5" coveredmethods="0"/>
      <file name="index.tsx" path="/home/derek/Repos/nr-spar/frontend/src/views/Seedlot/SeedlotCreatedFeedback/index.tsx">
        <metrics statements="9" coveredstatements="4" conditionals="0" coveredconditionals="0" methods="5" coveredmethods="0"/>
        <line num="12" count="112" type="stmt"/>
        <line num="13" count="0" type="stmt"/>
        <line num="14" count="72" type="stmt"/>
        <line num="16" count="0" type="stmt"/>
        <line num="45" count="0" type="stmt"/>
        <line num="57" count="0" type="stmt"/>
        <line num="69" count="0" type="stmt"/>
        <line num="82" count="72" type="stmt"/>
        <line num="84" count="72" type="stmt"/>
      </file>
    </package>
    <package name="src.views.Seedlot.SeedlotDashboard">
      <metrics statements="5" coveredstatements="4" conditionals="3" coveredconditionals="3" methods="2" coveredmethods="1"/>
      <file name="index.tsx" path="/home/derek/Repos/nr-spar/frontend/src/views/Seedlot/SeedlotDashboard/index.tsx">
        <metrics statements="5" coveredstatements="4" conditionals="3" coveredconditionals="3" methods="2" coveredmethods="1"/>
        <line num="1" count="896" type="cond" truecount="3" falsecount="0"/>
        <line num="14" count="112" type="stmt"/>
        <line num="15" count="0" type="stmt"/>
        <line num="29" count="112" type="stmt"/>
        <line num="31" count="112" type="stmt"/>
      </file>
    </package>
    <package name="src.views.Seedlot.SeedlotDashboard.RecentSeedlots">
      <metrics statements="8" coveredstatements="5" conditionals="5" coveredconditionals="3" methods="2" coveredmethods="1"/>
      <file name="constants.ts" path="/home/derek/Repos/nr-spar/frontend/src/views/Seedlot/SeedlotDashboard/RecentSeedlots/constants.ts">
        <metrics statements="1" coveredstatements="1" conditionals="0" coveredconditionals="0" methods="0" coveredmethods="0"/>
        <line num="1" count="40" type="stmt"/>
      </file>
      <file name="index.tsx" path="/home/derek/Repos/nr-spar/frontend/src/views/Seedlot/SeedlotDashboard/RecentSeedlots/index.tsx">
        <metrics statements="7" coveredstatements="4" conditionals="5" coveredconditionals="3" methods="2" coveredmethods="1"/>
        <line num="1" count="360" type="cond" truecount="3" falsecount="0"/>
        <line num="13" count="40" type="stmt"/>
        <line num="14" count="0" type="stmt"/>
        <line num="16" count="0" type="cond" truecount="0" falsecount="2"/>
        <line num="18" count="0" type="stmt"/>
        <line num="29" count="40" type="stmt"/>
        <line num="31" count="40" type="stmt"/>
      </file>
    </package>
    <package name="src.views.Seedlot.SeedlotDetails">
      <metrics statements="24" coveredstatements="5" conditionals="12" coveredconditionals="0" methods="12" coveredmethods="0"/>
      <file name="index.tsx" path="/home/derek/Repos/nr-spar/frontend/src/views/Seedlot/SeedlotDetails/index.tsx">
        <metrics statements="24" coveredstatements="5" conditionals="12" coveredconditionals="0" methods="12" coveredmethods="0"/>
        <line num="32" count="112" type="stmt"/>
        <line num="35" count="0" type="stmt"/>
        <line num="39" count="0" type="stmt"/>
        <line num="43" count="0" type="stmt"/>
        <line num="47" count="0" type="stmt"/>
        <line num="51" count="72" type="stmt"/>
        <line num="52" count="0" type="stmt"/>
        <line num="53" count="0" type="stmt"/>
        <line num="54" count="0" type="stmt"/>
        <line num="56" count="0" type="stmt"/>
        <line num="57" count="0" type="cond" truecount="0" falsecount="1"/>
        <line num="58" count="0" type="stmt"/>
        <line num="59" count="0" type="stmt"/>
        <line num="61" count="0" type="cond" truecount="0" falsecount="3"/>
        <line num="62" count="0" type="stmt"/>
        <line num="63" count="0" type="stmt"/>
        <line num="68" count="0" type="stmt"/>
        <line num="73" count="0" type="stmt"/>
        <line num="75" count="72" type="stmt"/>
        <line num="76" count="0" type="stmt"/>
        <line num="80" count="0" type="stmt"/>
        <line num="81" count="0" type="stmt"/>
        <line num="143" count="72" type="stmt"/>
        <line num="145" count="72" type="stmt"/>
      </file>
    </package>
    <package name="src.views.Seedlot.SeedlotDetails.ApplicantInformation">
      <metrics statements="9" coveredstatements="4" conditionals="36" coveredconditionals="3" methods="4" coveredmethods="1"/>
      <file name="index.tsx" path="/home/derek/Repos/nr-spar/frontend/src/views/Seedlot/SeedlotDetails/ApplicantInformation/index.tsx">
        <metrics statements="9" coveredstatements="4" conditionals="36" coveredconditionals="3" methods="4" coveredmethods="1"/>
        <line num="1" count="320" type="cond" truecount="3" falsecount="0"/>
        <line num="18" count="40" type="stmt"/>
        <line num="21" count="0" type="stmt"/>
        <line num="22" count="0" type="cond" truecount="0" falsecount="1"/>
        <line num="23" count="0" type="stmt"/>
        <line num="27" count="0" type="stmt"/>
        <line num="81" count="0" type="stmt"/>
        <line num="167" count="40" type="stmt"/>
        <line num="169" count="40" type="stmt"/>
      </file>
    </package>
    <package name="src.views.Seedlot.SeedlotDetails.FormProgress">
      <metrics statements="9" coveredstatements="5" conditionals="8" coveredconditionals="3" methods="4" coveredmethods="1"/>
      <file name="index.tsx" path="/home/derek/Repos/nr-spar/frontend/src/views/Seedlot/SeedlotDetails/FormProgress/index.tsx">
        <metrics statements="9" coveredstatements="5" conditionals="8" coveredconditionals="3" methods="4" coveredmethods="1"/>
        <line num="1" count="360" type="cond" truecount="3" falsecount="0"/>
        <line num="19" count="40" type="stmt"/>
        <line num="20" count="40" type="stmt"/>
        <line num="21" count="0" type="cond" truecount="0" falsecount="1"/>
        <line num="22" count="0" type="stmt"/>
        <line num="24" count="0" type="stmt"/>
        <line num="44" count="0" type="stmt"/>
        <line num="52" count="40" type="stmt"/>
        <line num="54" count="40" type="stmt"/>
      </file>
    </package>
    <package name="src.views.Seedlot.SeedlotDetails.SeedlotSummary">
      <metrics statements="17" coveredstatements="6" conditionals="7" coveredconditionals="3" methods="4" coveredmethods="1"/>
      <file name="FieldValue.tsx" path="/home/derek/Repos/nr-spar/frontend/src/views/Seedlot/SeedlotDetails/SeedlotSummary/FieldValue.tsx">
        <metrics statements="6" coveredstatements="1" conditionals="2" coveredconditionals="0" methods="1" coveredmethods="0"/>
        <line num="5" count="40" type="stmt"/>
        <line num="10" count="0" type="cond" truecount="0" falsecount="1"/>
        <line num="11" count="0" type="stmt"/>
        <line num="13" count="0" type="cond" truecount="0" falsecount="1"/>
        <line num="14" count="0" type="stmt"/>
        <line num="20" count="0" type="stmt"/>
      </file>
      <file name="Status.tsx" path="/home/derek/Repos/nr-spar/frontend/src/views/Seedlot/SeedlotDetails/SeedlotSummary/Status.tsx">
        <metrics statements="6" coveredstatements="1" conditionals="2" coveredconditionals="0" methods="1" coveredmethods="0"/>
        <line num="6" count="40" type="stmt"/>
        <line num="10" count="0" type="cond" truecount="0" falsecount="1"/>
        <line num="11" count="0" type="stmt"/>
        <line num="13" count="0" type="cond" truecount="0" falsecount="1"/>
        <line num="14" count="0" type="stmt"/>
        <line num="16" count="0" type="stmt"/>
      </file>
      <file name="index.tsx" path="/home/derek/Repos/nr-spar/frontend/src/views/Seedlot/SeedlotDetails/SeedlotSummary/index.tsx">
        <metrics statements="5" coveredstatements="4" conditionals="3" coveredconditionals="3" methods="2" coveredmethods="1"/>
        <line num="1" count="320" type="cond" truecount="3" falsecount="0"/>
        <line num="15" count="40" type="stmt"/>
        <line num="16" count="0" type="stmt"/>
        <line num="81" count="40" type="stmt"/>
        <line num="83" count="40" type="stmt"/>
      </file>
    </package>
    <package name="src.views.Seedlot.SeedlotRegistrationForm">
      <metrics statements="147" coveredstatements="35" conditionals="41" coveredconditionals="0" methods="42" coveredmethods="2"/>
      <file name="constants.ts" path="/home/derek/Repos/nr-spar/frontend/src/views/Seedlot/SeedlotRegistrationForm/constants.ts">
        <metrics statements="2" coveredstatements="2" conditionals="0" coveredconditionals="0" methods="0" coveredmethods="0"/>
        <line num="3" count="112" type="stmt"/>
        <line num="36" count="112" type="stmt"/>
      </file>
      <file name="index.tsx" path="/home/derek/Repos/nr-spar/frontend/src/views/Seedlot/SeedlotRegistrationForm/index.tsx">
        <metrics statements="89" coveredstatements="6" conditionals="32" coveredconditionals="0" methods="30" coveredmethods="0"/>
        <line num="61" count="112" type="stmt"/>
        <line num="62" count="112" type="stmt"/>
        <line num="64" count="112" type="stmt"/>
        <line num="65" count="0" type="stmt"/>
        <line num="66" count="0" type="cond" truecount="0" falsecount="2"/>
        <line num="68" count="0" type="stmt"/>
        <line num="72" count="0" type="stmt"/>
        <line num="75" count="0" type="stmt"/>
        <line num="84" count="0" type="stmt"/>
        <line num="89" count="0" type="stmt"/>
        <line num="94" count="0" type="stmt"/>
        <line num="96" count="0" type="stmt"/>
        <line num="100" count="0" type="stmt"/>
        <line num="105" count="0" type="stmt"/>
        <line num="107" count="0" type="stmt"/>
        <line num="110" count="0" type="stmt"/>
        <line num="118" count="0" type="stmt"/>
        <line num="119" count="0" type="stmt"/>
        <line num="120" count="0" type="stmt"/>
        <line num="121" count="0" type="stmt"/>
        <line num="124" count="72" type="stmt"/>
        <line num="128" count="0" type="stmt"/>
        <line num="129" count="0" type="cond" truecount="0" falsecount="2"/>
        <line num="130" count="0" type="cond" truecount="0" falsecount="1"/>
        <line num="131" count="0" type="stmt"/>
        <line num="132" count="0" type="stmt"/>
        <line num="133" count="0" type="stmt"/>
        <line num="138" count="0" type="stmt"/>
        <line num="139" count="0" type="stmt"/>
        <line num="140" count="0" type="stmt"/>
        <line num="141" count="0" type="stmt"/>
        <line num="144" count="0" type="stmt"/>
        <line num="146" count="0" type="stmt"/>
        <line num="152" count="0" type="stmt"/>
        <line num="153" count="0" type="stmt"/>
        <line num="154" count="0" type="stmt"/>
        <line num="157" count="0" type="stmt"/>
        <line num="158" count="0" type="stmt"/>
        <line num="159" count="0" type="stmt"/>
        <line num="161" count="0" type="stmt"/>
        <line num="165" count="0" type="cond" truecount="0" falsecount="1"/>
        <line num="166" count="0" type="stmt"/>
        <line num="167" count="0" type="stmt"/>
        <line num="168" count="0" type="cond" truecount="0" falsecount="1"/>
        <line num="169" count="0" type="stmt"/>
        <line num="170" count="0" type="stmt"/>
        <line num="174" count="0" type="stmt"/>
        <line num="177" count="0" type="stmt"/>
        <line num="178" count="0" type="stmt"/>
        <line num="179" count="0" type="stmt"/>
        <line num="180" count="0" type="stmt"/>
        <line num="181" count="0" type="stmt"/>
        <line num="184" count="0" type="stmt"/>
        <line num="185" count="0" type="stmt"/>
        <line num="186" count="0" type="stmt"/>
        <line num="187" count="0" type="stmt"/>
        <line num="188" count="0" type="stmt"/>
        <line num="191" count="0" type="stmt"/>
        <line num="192" count="0" type="stmt"/>
        <line num="193" count="0" type="stmt"/>
        <line num="194" count="0" type="cond" truecount="0" falsecount="2"/>
        <line num="196" count="0" type="cond" truecount="0" falsecount="2"/>
        <line num="201" count="0" type="cond" truecount="0" falsecount="7"/>
        <line num="204" count="0" type="stmt"/>
        <line num="207" count="0" type="stmt"/>
        <line num="216" count="0" type="stmt"/>
        <line num="225" count="0" type="stmt"/>
        <line num="226" count="0" type="stmt"/>
        <line num="231" count="0" type="stmt"/>
        <line num="237" count="0" type="stmt"/>
        <line num="242" count="0" type="stmt"/>
        <line num="247" count="0" type="stmt"/>
        <line num="248" count="0" type="stmt"/>
        <line num="254" count="0" type="stmt"/>
        <line num="260" count="0" type="stmt"/>
        <line num="265" count="0" type="stmt"/>
        <line num="271" count="0" type="stmt"/>
        <line num="275" count="0" type="stmt"/>
        <line num="279" count="0" type="stmt"/>
        <line num="285" count="0" type="stmt"/>
        <line num="286" count="0" type="stmt"/>
        <line num="287" count="0" type="stmt"/>
        <line num="305" count="0" type="stmt"/>
        <line num="306" count="0" type="stmt"/>
        <line num="337" count="0" type="stmt"/>
        <line num="347" count="0" type="stmt"/>
        <line num="363" count="0" type="stmt"/>
        <line num="379" count="72" type="stmt"/>
        <line num="381" count="72" type="stmt"/>
      </file>
      <file name="utils.ts" path="/home/derek/Repos/nr-spar/frontend/src/views/Seedlot/SeedlotRegistrationForm/utils.ts">
        <metrics statements="56" coveredstatements="27" conditionals="9" coveredconditionals="0" methods="12" coveredmethods="2"/>
        <line num="14" count="112" type="stmt"/>
        <line num="17" count="112" type="stmt"/>
        <line num="70" count="112" type="stmt"/>
        <line num="74" count="40" type="stmt"/>
        <line num="75" count="40" type="stmt"/>
        <line num="76" count="40" type="stmt"/>
        <line num="77" count="40" type="stmt"/>
        <line num="78" count="40" type="stmt"/>
        <line num="79" count="40" type="stmt"/>
        <line num="82" count="72" type="stmt"/>
        <line num="85" count="40" type="stmt"/>
        <line num="95" count="72" type="stmt"/>
        <line num="96" count="40" type="stmt"/>
        <line num="114" count="72" type="stmt"/>
        <line num="115" count="0" type="stmt"/>
        <line num="116" count="0" type="stmt"/>
        <line num="117" count="0" type="stmt"/>
        <line num="118" count="0" type="stmt"/>
        <line num="119" count="0" type="stmt"/>
        <line num="120" count="0" type="stmt"/>
        <line num="122" count="40" type="stmt"/>
        <line num="125" count="72" type="stmt"/>
        <line num="126" count="40" type="stmt"/>
        <line num="134" count="72" type="stmt"/>
        <line num="138" count="40" type="stmt"/>
        <line num="152" count="72" type="stmt"/>
        <line num="153" count="0" type="stmt"/>
        <line num="154" count="40" type="stmt"/>
        <line num="157" count="72" type="stmt"/>
        <line num="158" count="0" type="stmt"/>
        <line num="159" count="40" type="stmt"/>
        <line num="168" count="72" type="stmt"/>
        <line num="169" count="0" type="stmt"/>
        <line num="170" count="0" type="stmt"/>
        <line num="171" count="0" type="stmt"/>
        <line num="172" count="0" type="cond" truecount="0" falsecount="1"/>
        <line num="173" count="0" type="stmt"/>
        <line num="176" count="40" type="stmt"/>
        <line num="183" count="72" type="stmt"/>
        <line num="184" count="0" type="cond" truecount="0" falsecount="1"/>
        <line num="185" count="0" type="stmt"/>
        <line num="187" count="0" type="cond" truecount="0" falsecount="1"/>
        <line num="188" count="0" type="stmt"/>
        <line num="190" count="0" type="cond" truecount="0" falsecount="1"/>
        <line num="191" count="0" type="stmt"/>
        <line num="193" count="40" type="cond" truecount="0" falsecount="1"/>
        <line num="194" count="0" type="stmt"/>
        <line num="196" count="0" type="cond" truecount="0" falsecount="1"/>
        <line num="197" count="0" type="stmt"/>
        <line num="199" count="0" type="cond" truecount="0" falsecount="1"/>
        <line num="200" count="0" type="stmt"/>
        <line num="202" count="0" type="cond" truecount="0" falsecount="1"/>
        <line num="203" count="0" type="stmt"/>
        <line num="205" count="0" type="cond" truecount="0" falsecount="1"/>
        <line num="206" count="0" type="stmt"/>
        <line num="208" count="0" type="stmt"/>
      </file>
    </package>
  </project>
</coverage>
