{"total": {"lines":{"total":2679,"covered":757,"skipped":0,"pct":28.25},"statements":{"total":2853,"covered":794,"skipped":0,"pct":27.83},"functions":{"total":830,"covered":101,"skipped":0,"pct":12.16},"branches":{"total":1113,"covered":186,"skipped":0,"pct":16.71},"branchesTrue":{"total":0,"covered":0,"skipped":0,"pct":100}}
,"/home/derek/Repos/nr-spar/frontend/src/App.tsx": {"lines":{"total":5,"covered":5,"skipped":0,"pct":100},"functions":{"total":2,"covered":2,"skipped":0,"pct":100},"statements":{"total":8,"covered":8,"skipped":0,"pct":100},"branches":{"total":0,"covered":0,"skipped":0,"pct":100}}
,"/home/derek/Repos/nr-spar/frontend/src/aws-exports.ts": {"lines":{"total":5,"covered":5,"skipped":0,"pct":100},"functions":{"total":0,"covered":0,"skipped":0,"pct":100},"statements":{"total":5,"covered":5,"skipped":0,"pct":100},"branches":{"total":14,"covered":11,"skipped":0,"pct":78.57}}
,"/home/derek/Repos/nr-spar/frontend/src/env.ts": {"lines":{"total":1,"covered":1,"skipped":0,"pct":100},"functions":{"total":0,"covered":0,"skipped":0,"pct":100},"statements":{"total":1,"covered":1,"skipped":0,"pct":100},"branches":{"total":0,"covered":0,"skipped":0,"pct":100}}
,"/home/derek/Repos/nr-spar/frontend/src/index.tsx": {"lines":{"total":8,"covered":8,"skipped":0,"pct":100},"functions":{"total":0,"covered":0,"skipped":0,"pct":100},"statements":{"total":8,"covered":8,"skipped":0,"pct":100},"branches":{"total":8,"covered":6,"skipped":0,"pct":75}}
,"/home/derek/Repos/nr-spar/frontend/src/init.tsx": {"lines":{"total":1,"covered":1,"skipped":0,"pct":100},"functions":{"total":0,"covered":0,"skipped":0,"pct":100},"statements":{"total":1,"covered":1,"skipped":0,"pct":100},"branches":{"total":0,"covered":0,"skipped":0,"pct":100}}
,"/home/derek/Repos/nr-spar/frontend/src/keycloak.ts": {"lines":{"total":4,"covered":4,"skipped":0,"pct":100},"functions":{"total":0,"covered":0,"skipped":0,"pct":100},"statements":{"total":4,"covered":4,"skipped":0,"pct":100},"branches":{"total":6,"covered":6,"skipped":0,"pct":100}}
,"/home/derek/Repos/nr-spar/frontend/src/reportWebVitals.ts": {"lines":{"total":8,"covered":2,"skipped":0,"pct":25},"functions":{"total":2,"covered":1,"skipped":0,"pct":50},"statements":{"total":8,"covered":2,"skipped":0,"pct":25},"branches":{"total":3,"covered":1,"skipped":0,"pct":33.33}}
,"/home/derek/Repos/nr-spar/frontend/src/api-service/ApiConfig.ts": {"lines":{"total":5,"covered":5,"skipped":0,"pct":100},"functions":{"total":0,"covered":0,"skipped":0,"pct":100},"statements":{"total":5,"covered":5,"skipped":0,"pct":100},"branches":{"total":6,"covered":5,"skipped":0,"pct":83.33}}
,"/home/derek/Repos/nr-spar/frontend/src/api-service/SeedlotSourcesAPI.ts": {"lines":{"total":6,"covered":1,"skipped":0,"pct":16.66},"functions":{"total":3,"covered":0,"skipped":0,"pct":0},"statements":{"total":9,"covered":1,"skipped":0,"pct":11.11},"branches":{"total":2,"covered":0,"skipped":0,"pct":0}}
,"/home/derek/Repos/nr-spar/frontend/src/api-service/api.ts": {"lines":{"total":12,"covered":3,"skipped":0,"pct":25},"functions":{"total":6,"covered":0,"skipped":0,"pct":0},"statements":{"total":12,"covered":3,"skipped":0,"pct":25},"branches":{"total":3,"covered":0,"skipped":0,"pct":0}}
,"/home/derek/Repos/nr-spar/frontend/src/api-service/applicantAgenciesAPI.ts": {"lines":{"total":12,"covered":1,"skipped":0,"pct":8.33},"functions":{"total":5,"covered":0,"skipped":0,"pct":0},"statements":{"total":12,"covered":1,"skipped":0,"pct":8.33},"branches":{"total":3,"covered":0,"skipped":0,"pct":0}}
,"/home/derek/Repos/nr-spar/frontend/src/api-service/coneCollectionMethodAPI.ts": {"lines":{"total":3,"covered":1,"skipped":0,"pct":33.33},"functions":{"total":2,"covered":0,"skipped":0,"pct":0},"statements":{"total":4,"covered":1,"skipped":0,"pct":25},"branches":{"total":0,"covered":0,"skipped":0,"pct":100}}
,"/home/derek/Repos/nr-spar/frontend/src/api-service/favouriteActivitiesAPI.ts": {"lines":{"total":33,"covered":4,"skipped":0,"pct":12.12},"functions":{"total":7,"covered":0,"skipped":0,"pct":0},"statements":{"total":33,"covered":4,"skipped":0,"pct":12.12},"branches":{"total":5,"covered":0,"skipped":0,"pct":0}}
,"/home/derek/Repos/nr-spar/frontend/src/api-service/filesAndDocsAPI.ts": {"lines":{"total":1,"covered":1,"skipped":0,"pct":100},"functions":{"total":1,"covered":0,"skipped":0,"pct":0},"statements":{"total":2,"covered":1,"skipped":0,"pct":50},"branches":{"total":0,"covered":0,"skipped":0,"pct":100}}
,"/home/derek/Repos/nr-spar/frontend/src/api-service/forestClientsAPI.ts": {"lines":{"total":3,"covered":1,"skipped":0,"pct":33.33},"functions":{"total":2,"covered":0,"skipped":0,"pct":0},"statements":{"total":4,"covered":1,"skipped":0,"pct":25},"branches":{"total":0,"covered":0,"skipped":0,"pct":100}}
,"/home/derek/Repos/nr-spar/frontend/src/api-service/fundingSorucesAPI.ts": {"lines":{"total":3,"covered":1,"skipped":0,"pct":33.33},"functions":{"total":2,"covered":0,"skipped":0,"pct":0},"statements":{"total":4,"covered":1,"skipped":0,"pct":25},"branches":{"total":0,"covered":0,"skipped":0,"pct":100}}
,"/home/derek/Repos/nr-spar/frontend/src/api-service/gameticMethodologyAPI.ts": {"lines":{"total":3,"covered":1,"skipped":0,"pct":33.33},"functions":{"total":2,"covered":0,"skipped":0,"pct":0},"statements":{"total":4,"covered":1,"skipped":0,"pct":25},"branches":{"total":0,"covered":0,"skipped":0,"pct":100}}
,"/home/derek/Repos/nr-spar/frontend/src/api-service/geneticWorthAPI.ts": {"lines":{"total":3,"covered":1,"skipped":0,"pct":33.33},"functions":{"total":1,"covered":0,"skipped":0,"pct":0},"statements":{"total":3,"covered":1,"skipped":0,"pct":33.33},"branches":{"total":0,"covered":0,"skipped":0,"pct":100}}
,"/home/derek/Repos/nr-spar/frontend/src/api-service/methodsOfPaymentAPI.ts": {"lines":{"total":3,"covered":1,"skipped":0,"pct":33.33},"functions":{"total":2,"covered":0,"skipped":0,"pct":0},"statements":{"total":4,"covered":1,"skipped":0,"pct":25},"branches":{"total":0,"covered":0,"skipped":0,"pct":100}}
,"/home/derek/Repos/nr-spar/frontend/src/api-service/orchardAPI.ts": {"lines":{"total":16,"covered":4,"skipped":0,"pct":25},"functions":{"total":10,"covered":0,"skipped":0,"pct":0},"statements":{"total":20,"covered":4,"skipped":0,"pct":20},"branches":{"total":0,"covered":0,"skipped":0,"pct":100}}
,"/home/derek/Repos/nr-spar/frontend/src/api-service/recentActivitiesAPI.ts": {"lines":{"total":1,"covered":1,"skipped":0,"pct":100},"functions":{"total":1,"covered":0,"skipped":0,"pct":0},"statements":{"total":2,"covered":1,"skipped":0,"pct":50},"branches":{"total":0,"covered":0,"skipped":0,"pct":100}}
,"/home/derek/Repos/nr-spar/frontend/src/api-service/seedlotAPI.ts": {"lines":{"total":8,"covered":4,"skipped":0,"pct":50},"functions":{"total":3,"covered":0,"skipped":0,"pct":0},"statements":{"total":9,"covered":4,"skipped":0,"pct":44.44},"branches":{"total":2,"covered":0,"skipped":0,"pct":0}}
,"/home/derek/Repos/nr-spar/frontend/src/api-service/vegetationCodeAPI.ts": {"lines":{"total":14,"covered":2,"skipped":0,"pct":14.28},"functions":{"total":4,"covered":0,"skipped":0,"pct":0},"statements":{"total":14,"covered":2,"skipped":0,"pct":14.28},"branches":{"total":3,"covered":0,"skipped":0,"pct":0}}
,"/home/derek/Repos/nr-spar/frontend/src/components/ActivityHistory/index.tsx": {"lines":{"total":7,"covered":4,"skipped":0,"pct":57.14},"functions":{"total":3,"covered":1,"skipped":0,"pct":33.33},"statements":{"total":7,"covered":4,"skipped":0,"pct":57.14},"branches":{"total":3,"covered":3,"skipped":0,"pct":100}}
,"/home/derek/Repos/nr-spar/frontend/src/components/ApplicantAgencyFields/constants.ts": {"lines":{"total":1,"covered":1,"skipped":0,"pct":100},"functions":{"total":0,"covered":0,"skipped":0,"pct":100},"statements":{"total":1,"covered":1,"skipped":0,"pct":100},"branches":{"total":0,"covered":0,"skipped":0,"pct":100}}
,"/home/derek/Repos/nr-spar/frontend/src/components/ApplicantAgencyFields/index.tsx": {"lines":{"total":55,"covered":5,"skipped":0,"pct":9.09},"functions":{"total":17,"covered":1,"skipped":0,"pct":5.88},"statements":{"total":58,"covered":5,"skipped":0,"pct":8.62},"branches":{"total":37,"covered":3,"skipped":0,"pct":8.1}}
,"/home/derek/Repos/nr-spar/frontend/src/components/ApplicantInformationForm/constants.ts": {"lines":{"total":3,"covered":3,"skipped":0,"pct":100},"functions":{"total":0,"covered":0,"skipped":0,"pct":100},"statements":{"total":3,"covered":3,"skipped":0,"pct":100},"branches":{"total":0,"covered":0,"skipped":0,"pct":100}}
,"/home/derek/Repos/nr-spar/frontend/src/components/ApplicantInformationForm/index.tsx": {"lines":{"total":97,"covered":4,"skipped":0,"pct":4.12},"functions":{"total":29,"covered":0,"skipped":0,"pct":0},"statements":{"total":100,"covered":4,"skipped":0,"pct":4},"branches":{"total":42,"covered":0,"skipped":0,"pct":0}}
,"/home/derek/Repos/nr-spar/frontend/src/components/ApplicantSeedlotInformation/index.tsx": {"lines":{"total":5,"covered":4,"skipped":0,"pct":80},"functions":{"total":2,"covered":1,"skipped":0,"pct":50},"statements":{"total":5,"covered":4,"skipped":0,"pct":80},"branches":{"total":9,"covered":3,"skipped":0,"pct":33.33}}
,"/home/derek/Repos/nr-spar/frontend/src/components/AvatarImage/index.tsx": {"lines":{"total":5,"covered":5,"skipped":0,"pct":100},"functions":{"total":2,"covered":2,"skipped":0,"pct":100},"statements":{"total":5,"covered":5,"skipped":0,"pct":100},"branches":{"total":5,"covered":5,"skipped":0,"pct":100}}
,"/home/derek/Repos/nr-spar/frontend/src/components/BCGovLogo/index.tsx": {"lines":{"total":5,"covered":5,"skipped":0,"pct":100},"functions":{"total":2,"covered":2,"skipped":0,"pct":100},"statements":{"total":5,"covered":5,"skipped":0,"pct":100},"branches":{"total":3,"covered":3,"skipped":0,"pct":100}}
,"/home/derek/Repos/nr-spar/frontend/src/components/BCHeader/constants.ts": {"lines":{"total":5,"covered":5,"skipped":0,"pct":100},"functions":{"total":0,"covered":0,"skipped":0,"pct":100},"statements":{"total":5,"covered":5,"skipped":0,"pct":100},"branches":{"total":0,"covered":0,"skipped":0,"pct":100}}
,"/home/derek/Repos/nr-spar/frontend/src/components/BCHeader/index.tsx": {"lines":{"total":33,"covered":21,"skipped":0,"pct":63.63},"functions":{"total":13,"covered":6,"skipped":0,"pct":46.15},"statements":{"total":36,"covered":24,"skipped":0,"pct":66.66},"branches":{"total":10,"covered":4,"skipped":0,"pct":40}}
,"/home/derek/Repos/nr-spar/frontend/src/components/Card/FavouriteCard/index.tsx": {"lines":{"total":20,"covered":4,"skipped":0,"pct":20},"functions":{"total":9,"covered":0,"skipped":0,"pct":0},"statements":{"total":22,"covered":4,"skipped":0,"pct":18.18},"branches":{"total":4,"covered":0,"skipped":0,"pct":0}}
,"/home/derek/Repos/nr-spar/frontend/src/components/Card/StandardCard/index.tsx": {"lines":{"total":9,"covered":4,"skipped":0,"pct":44.44},"functions":{"total":4,"covered":0,"skipped":0,"pct":0},"statements":{"total":11,"covered":4,"skipped":0,"pct":36.36},"branches":{"total":6,"covered":0,"skipped":0,"pct":0}}
,"/home/derek/Repos/nr-spar/frontend/src/components/ComboButton/index.tsx": {"lines":{"total":6,"covered":4,"skipped":0,"pct":66.66},"functions":{"total":3,"covered":1,"skipped":0,"pct":33.33},"statements":{"total":6,"covered":4,"skipped":0,"pct":66.66},"branches":{"total":3,"covered":3,"skipped":0,"pct":100}}
,"/home/derek/Repos/nr-spar/frontend/src/components/DescriptionBox/index.tsx": {"lines":{"total":5,"covered":4,"skipped":0,"pct":80},"functions":{"total":2,"covered":1,"skipped":0,"pct":50},"statements":{"total":5,"covered":4,"skipped":0,"pct":80},"branches":{"total":3,"covered":3,"skipped":0,"pct":100}}
,"/home/derek/Repos/nr-spar/frontend/src/components/EmptySection/index.tsx": {"lines":{"total":9,"covered":8,"skipped":0,"pct":88.88},"functions":{"total":2,"covered":2,"skipped":0,"pct":100},"statements":{"total":9,"covered":8,"skipped":0,"pct":88.88},"branches":{"total":5,"covered":4,"skipped":0,"pct":80}}
,"/home/derek/Repos/nr-spar/frontend/src/components/FavouriteActivities/index.tsx": {"lines":{"total":7,"covered":4,"skipped":0,"pct":57.14},"functions":{"total":3,"covered":0,"skipped":0,"pct":0},"statements":{"total":10,"covered":4,"skipped":0,"pct":40},"branches":{"total":7,"covered":0,"skipped":0,"pct":0}}
,"/home/derek/Repos/nr-spar/frontend/src/components/FormProgress/index.tsx": {"lines":{"total":6,"covered":4,"skipped":0,"pct":66.66},"functions":{"total":3,"covered":0,"skipped":0,"pct":0},"statements":{"total":9,"covered":4,"skipped":0,"pct":44.44},"branches":{"total":0,"covered":0,"skipped":0,"pct":100}}
,"/home/derek/Repos/nr-spar/frontend/src/components/FormReview/constants.ts": {"lines":{"total":1,"covered":1,"skipped":0,"pct":100},"functions":{"total":0,"covered":0,"skipped":0,"pct":100},"statements":{"total":1,"covered":1,"skipped":0,"pct":100},"branches":{"total":0,"covered":0,"skipped":0,"pct":100}}
,"/home/derek/Repos/nr-spar/frontend/src/components/FormReview/index.tsx": {"lines":{"total":14,"covered":13,"skipped":0,"pct":92.85},"functions":{"total":6,"covered":0,"skipped":0,"pct":0},"statements":{"total":16,"covered":14,"skipped":0,"pct":87.5},"branches":{"total":2,"covered":0,"skipped":0,"pct":0}}
,"/home/derek/Repos/nr-spar/frontend/src/components/InfoSection/index.tsx": {"lines":{"total":5,"covered":4,"skipped":0,"pct":80},"functions":{"total":2,"covered":1,"skipped":0,"pct":50},"statements":{"total":5,"covered":4,"skipped":0,"pct":80},"branches":{"total":5,"covered":3,"skipped":0,"pct":60}}
,"/home/derek/Repos/nr-spar/frontend/src/components/InfoSection/InfoSectionColumn/index.tsx": {"lines":{"total":7,"covered":4,"skipped":0,"pct":57.14},"functions":{"total":3,"covered":1,"skipped":0,"pct":33.33},"statements":{"total":7,"covered":4,"skipped":0,"pct":57.14},"branches":{"total":5,"covered":3,"skipped":0,"pct":60}}
,"/home/derek/Repos/nr-spar/frontend/src/components/InfoSection/InfoSectionRow/index.tsx": {"lines":{"total":6,"covered":4,"skipped":0,"pct":66.66},"functions":{"total":3,"covered":1,"skipped":0,"pct":33.33},"statements":{"total":6,"covered":4,"skipped":0,"pct":66.66},"branches":{"total":3,"covered":3,"skipped":0,"pct":100}}
,"/home/derek/Repos/nr-spar/frontend/src/components/InputErrorText/index.tsx": {"lines":{"total":5,"covered":4,"skipped":0,"pct":80},"functions":{"total":2,"covered":1,"skipped":0,"pct":50},"statements":{"total":5,"covered":4,"skipped":0,"pct":80},"branches":{"total":3,"covered":3,"skipped":0,"pct":100}}
,"/home/derek/Repos/nr-spar/frontend/src/components/Logout/index.tsx": {"lines":{"total":9,"covered":4,"skipped":0,"pct":44.44},"functions":{"total":3,"covered":0,"skipped":0,"pct":0},"statements":{"total":12,"covered":4,"skipped":0,"pct":33.33},"branches":{"total":2,"covered":0,"skipped":0,"pct":0}}
,"/home/derek/Repos/nr-spar/frontend/src/components/ModalStateManager/index.tsx": {"lines":{"total":6,"covered":3,"skipped":0,"pct":50},"functions":{"total":1,"covered":0,"skipped":0,"pct":0},"statements":{"total":7,"covered":4,"skipped":0,"pct":57.14},"branches":{"total":6,"covered":0,"skipped":0,"pct":0}}
,"/home/derek/Repos/nr-spar/frontend/src/components/MyProfile/index.tsx": {"lines":{"total":31,"covered":16,"skipped":0,"pct":51.61},"functions":{"total":8,"covered":4,"skipped":0,"pct":50},"statements":{"total":34,"covered":19,"skipped":0,"pct":55.88},"branches":{"total":6,"covered":1,"skipped":0,"pct":16.66}}
,"/home/derek/Repos/nr-spar/frontend/src/components/NotificationsCentral/index.tsx": {"lines":{"total":5,"covered":5,"skipped":0,"pct":100},"functions":{"total":2,"covered":2,"skipped":0,"pct":100},"statements":{"total":5,"covered":5,"skipped":0,"pct":100},"branches":{"total":3,"covered":3,"skipped":0,"pct":100}}
,"/home/derek/Repos/nr-spar/frontend/src/components/PageTitle/index.tsx": {"lines":{"total":18,"covered":4,"skipped":0,"pct":22.22},"functions":{"total":9,"covered":0,"skipped":0,"pct":0},"statements":{"total":21,"covered":4,"skipped":0,"pct":19.04},"branches":{"total":10,"covered":0,"skipped":0,"pct":0}}
,"/home/derek/Repos/nr-spar/frontend/src/components/PanelSectionName/index.tsx": {"lines":{"total":5,"covered":5,"skipped":0,"pct":100},"functions":{"total":2,"covered":2,"skipped":0,"pct":100},"statements":{"total":5,"covered":5,"skipped":0,"pct":100},"branches":{"total":5,"covered":5,"skipped":0,"pct":100}}
,"/home/derek/Repos/nr-spar/frontend/src/components/Participants/index.tsx": {"lines":{"total":6,"covered":4,"skipped":0,"pct":66.66},"functions":{"total":3,"covered":1,"skipped":0,"pct":33.33},"statements":{"total":6,"covered":4,"skipped":0,"pct":66.66},"branches":{"total":3,"covered":3,"skipped":0,"pct":100}}
,"/home/derek/Repos/nr-spar/frontend/src/components/RecentActivities/constants.ts": {"lines":{"total":7,"covered":5,"skipped":0,"pct":71.42},"functions":{"total":2,"covered":0,"skipped":0,"pct":0},"statements":{"total":7,"covered":5,"skipped":0,"pct":71.42},"branches":{"total":0,"covered":0,"skipped":0,"pct":100}}
,"/home/derek/Repos/nr-spar/frontend/src/components/RecentActivities/index.tsx": {"lines":{"total":9,"covered":4,"skipped":0,"pct":44.44},"functions":{"total":3,"covered":0,"skipped":0,"pct":0},"statements":{"total":12,"covered":4,"skipped":0,"pct":33.33},"branches":{"total":8,"covered":0,"skipped":0,"pct":0}}
,"/home/derek/Repos/nr-spar/frontend/src/components/RecentActivities/RecentActivitiesTable/index.tsx": {"lines":{"total":25,"covered":4,"skipped":0,"pct":16},"functions":{"total":9,"covered":1,"skipped":0,"pct":11.11},"statements":{"total":26,"covered":4,"skipped":0,"pct":15.38},"branches":{"total":20,"covered":3,"skipped":0,"pct":15}}
,"/home/derek/Repos/nr-spar/frontend/src/components/RecentSeedlots/constants.ts": {"lines":{"total":1,"covered":1,"skipped":0,"pct":100},"functions":{"total":0,"covered":0,"skipped":0,"pct":100},"statements":{"total":1,"covered":1,"skipped":0,"pct":100},"branches":{"total":0,"covered":0,"skipped":0,"pct":100}}
,"/home/derek/Repos/nr-spar/frontend/src/components/RecentSeedlots/index.tsx": {"lines":{"total":13,"covered":3,"skipped":0,"pct":23.07},"functions":{"total":5,"covered":0,"skipped":0,"pct":0},"statements":{"total":15,"covered":4,"skipped":0,"pct":26.66},"branches":{"total":2,"covered":0,"skipped":0,"pct":0}}
,"/home/derek/Repos/nr-spar/frontend/src/components/RightPanelTitle/index.tsx": {"lines":{"total":5,"covered":5,"skipped":0,"pct":100},"functions":{"total":2,"covered":2,"skipped":0,"pct":100},"statements":{"total":5,"covered":5,"skipped":0,"pct":100},"branches":{"total":3,"covered":3,"skipped":0,"pct":100}}
,"/home/derek/Repos/nr-spar/frontend/src/components/SeedlotActivities/index.tsx": {"lines":{"total":7,"covered":4,"skipped":0,"pct":57.14},"functions":{"total":3,"covered":1,"skipped":0,"pct":33.33},"statements":{"total":7,"covered":4,"skipped":0,"pct":57.14},"branches":{"total":3,"covered":3,"skipped":0,"pct":100}}
,"/home/derek/Repos/nr-spar/frontend/src/components/SeedlotActivityHistory/index.tsx": {"lines":{"total":9,"covered":6,"skipped":0,"pct":66.66},"functions":{"total":3,"covered":1,"skipped":0,"pct":33.33},"statements":{"total":9,"covered":6,"skipped":0,"pct":66.66},"branches":{"total":3,"covered":3,"skipped":0,"pct":100}}
,"/home/derek/Repos/nr-spar/frontend/src/components/SeedlotRegistrationProgress/index.tsx": {"lines":{"total":5,"covered":4,"skipped":0,"pct":80},"functions":{"total":2,"covered":1,"skipped":0,"pct":50},"statements":{"total":5,"covered":4,"skipped":0,"pct":80},"branches":{"total":5,"covered":3,"skipped":0,"pct":60}}
,"/home/derek/Repos/nr-spar/frontend/src/components/SeedlotRegistrationSteps/CollectionStep/constants.ts": {"lines":{"total":4,"covered":4,"skipped":0,"pct":100},"functions":{"total":0,"covered":0,"skipped":0,"pct":100},"statements":{"total":4,"covered":4,"skipped":0,"pct":100},"branches":{"total":0,"covered":0,"skipped":0,"pct":100}}
,"/home/derek/Repos/nr-spar/frontend/src/components/SeedlotRegistrationSteps/CollectionStep/index.tsx": {"lines":{"total":110,"covered":13,"skipped":0,"pct":11.81},"functions":{"total":30,"covered":1,"skipped":0,"pct":3.33},"statements":{"total":113,"covered":13,"skipped":0,"pct":11.5},"branches":{"total":38,"covered":2,"skipped":0,"pct":5.26}}
,"/home/derek/Repos/nr-spar/frontend/src/components/SeedlotRegistrationSteps/CollectionStep/utils.ts": {"lines":{"total":4,"covered":3,"skipped":0,"pct":75},"functions":{"total":3,"covered":0,"skipped":0,"pct":0},"statements":{"total":6,"covered":3,"skipped":0,"pct":50},"branches":{"total":4,"covered":0,"skipped":0,"pct":0}}
,"/home/derek/Repos/nr-spar/frontend/src/components/SeedlotRegistrationSteps/ExtractionAndStorageStep/constants.ts": {"lines":{"total":3,"covered":3,"skipped":0,"pct":100},"functions":{"total":0,"covered":0,"skipped":0,"pct":100},"statements":{"total":3,"covered":3,"skipped":0,"pct":100},"branches":{"total":0,"covered":0,"skipped":0,"pct":100}}
,"/home/derek/Repos/nr-spar/frontend/src/components/SeedlotRegistrationSteps/ExtractionAndStorageStep/definitions.ts": {"lines":{"total":1,"covered":1,"skipped":0,"pct":100},"functions":{"total":0,"covered":0,"skipped":0,"pct":100},"statements":{"total":1,"covered":1,"skipped":0,"pct":100},"branches":{"total":0,"covered":0,"skipped":0,"pct":100}}
,"/home/derek/Repos/nr-spar/frontend/src/components/SeedlotRegistrationSteps/ExtractionAndStorageStep/index.tsx": {"lines":{"total":98,"covered":4,"skipped":0,"pct":4.08},"functions":{"total":27,"covered":0,"skipped":0,"pct":0},"statements":{"total":100,"covered":4,"skipped":0,"pct":4},"branches":{"total":93,"covered":0,"skipped":0,"pct":0}}
,"/home/derek/Repos/nr-spar/frontend/src/components/SeedlotRegistrationSteps/InterimStep/constants.ts": {"lines":{"total":1,"covered":1,"skipped":0,"pct":100},"functions":{"total":0,"covered":0,"skipped":0,"pct":100},"statements":{"total":1,"covered":1,"skipped":0,"pct":100},"branches":{"total":0,"covered":0,"skipped":0,"pct":100}}
,"/home/derek/Repos/nr-spar/frontend/src/components/SeedlotRegistrationSteps/InterimStep/index.tsx": {"lines":{"total":97,"covered":5,"skipped":0,"pct":5.15},"functions":{"total":22,"covered":0,"skipped":0,"pct":0},"statements":{"total":99,"covered":5,"skipped":0,"pct":5.05},"branches":{"total":60,"covered":0,"skipped":0,"pct":0}}
,"/home/derek/Repos/nr-spar/frontend/src/components/SeedlotRegistrationSteps/OrchardStep/constants.ts": {"lines":{"total":3,"covered":3,"skipped":0,"pct":100},"functions":{"total":0,"covered":0,"skipped":0,"pct":100},"statements":{"total":3,"covered":3,"skipped":0,"pct":100},"branches":{"total":0,"covered":0,"skipped":0,"pct":100}}
,"/home/derek/Repos/nr-spar/frontend/src/components/SeedlotRegistrationSteps/OrchardStep/index.tsx": {"lines":{"total":112,"covered":4,"skipped":0,"pct":3.57},"functions":{"total":40,"covered":0,"skipped":0,"pct":0},"statements":{"total":119,"covered":4,"skipped":0,"pct":3.36},"branches":{"total":51,"covered":0,"skipped":0,"pct":0}}
,"/home/derek/Repos/nr-spar/frontend/src/components/SeedlotRegistrationSteps/OrchardStep/OrchardWarnModal/constants.ts": {"lines":{"total":1,"covered":1,"skipped":0,"pct":100},"functions":{"total":0,"covered":0,"skipped":0,"pct":100},"statements":{"total":1,"covered":1,"skipped":0,"pct":100},"branches":{"total":0,"covered":0,"skipped":0,"pct":100}}
,"/home/derek/Repos/nr-spar/frontend/src/components/SeedlotRegistrationSteps/OrchardStep/OrchardWarnModal/index.tsx": {"lines":{"total":8,"covered":4,"skipped":0,"pct":50},"functions":{"total":4,"covered":1,"skipped":0,"pct":25},"statements":{"total":8,"covered":4,"skipped":0,"pct":50},"branches":{"total":3,"covered":3,"skipped":0,"pct":100}}
,"/home/derek/Repos/nr-spar/frontend/src/components/SeedlotRegistrationSteps/OwnershipStep/constants.ts": {"lines":{"total":5,"covered":5,"skipped":0,"pct":100},"functions":{"total":0,"covered":0,"skipped":0,"pct":100},"statements":{"total":5,"covered":5,"skipped":0,"pct":100},"branches":{"total":0,"covered":0,"skipped":0,"pct":100}}
,"/home/derek/Repos/nr-spar/frontend/src/components/SeedlotRegistrationSteps/OwnershipStep/index.tsx": {"lines":{"total":90,"covered":12,"skipped":0,"pct":13.33},"functions":{"total":17,"covered":1,"skipped":0,"pct":5.88},"statements":{"total":93,"covered":13,"skipped":0,"pct":13.97},"branches":{"total":43,"covered":3,"skipped":0,"pct":6.97}}
,"/home/derek/Repos/nr-spar/frontend/src/components/SeedlotRegistrationSteps/OwnershipStep/utils.ts": {"lines":{"total":100,"covered":21,"skipped":0,"pct":21},"functions":{"total":17,"covered":0,"skipped":0,"pct":0},"statements":{"total":110,"covered":21,"skipped":0,"pct":19.09},"branches":{"total":39,"covered":0,"skipped":0,"pct":0}}
,"/home/derek/Repos/nr-spar/frontend/src/components/SeedlotRegistrationSteps/OwnershipStep/SingleOwnerInfo/index.tsx": {"lines":{"total":54,"covered":4,"skipped":0,"pct":7.4},"functions":{"total":29,"covered":1,"skipped":0,"pct":3.44},"statements":{"total":56,"covered":5,"skipped":0,"pct":8.92},"branches":{"total":46,"covered":2,"skipped":0,"pct":4.34}}
,"/home/derek/Repos/nr-spar/frontend/src/components/SeedlotRegistrationSteps/ParentTreeStep/constants.tsx": {"lines":{"total":31,"covered":29,"skipped":0,"pct":93.54},"functions":{"total":7,"covered":5,"skipped":0,"pct":71.42},"statements":{"total":32,"covered":30,"skipped":0,"pct":93.75},"branches":{"total":4,"covered":4,"skipped":0,"pct":100}}
,"/home/derek/Repos/nr-spar/frontend/src/components/SeedlotRegistrationSteps/ParentTreeStep/index.tsx": {"lines":{"total":82,"covered":5,"skipped":0,"pct":6.09},"functions":{"total":33,"covered":1,"skipped":0,"pct":3.03},"statements":{"total":86,"covered":6,"skipped":0,"pct":6.97},"branches":{"total":28,"covered":0,"skipped":0,"pct":0}}
,"/home/derek/Repos/nr-spar/frontend/src/components/SeedlotRegistrationSteps/ParentTreeStep/utils.ts": {"lines":{"total":233,"covered":34,"skipped":0,"pct":14.59},"functions":{"total":51,"covered":0,"skipped":0,"pct":0},"statements":{"total":240,"covered":34,"skipped":0,"pct":14.16},"branches":{"total":38,"covered":0,"skipped":0,"pct":0}}
,"/home/derek/Repos/nr-spar/frontend/src/components/SeedlotRegistrationSteps/ParentTreeStep/TableComponents/index.tsx": {"lines":{"total":65,"covered":7,"skipped":0,"pct":10.76},"functions":{"total":36,"covered":0,"skipped":0,"pct":0},"statements":{"total":65,"covered":7,"skipped":0,"pct":10.76},"branches":{"total":28,"covered":0,"skipped":0,"pct":0}}
,"/home/derek/Repos/nr-spar/frontend/src/components/SeedlotRegistrationSteps/ParentTreeStep/TableComponents/utils.ts": {"lines":{"total":67,"covered":6,"skipped":0,"pct":8.95},"functions":{"total":11,"covered":0,"skipped":0,"pct":0},"statements":{"total":67,"covered":6,"skipped":0,"pct":8.95},"branches":{"total":20,"covered":0,"skipped":0,"pct":0}}
,"/home/derek/Repos/nr-spar/frontend/src/components/SeedlotRegistrationSteps/ParentTreeStep/UploadFileModal/constants.ts": {"lines":{"total":1,"covered":1,"skipped":0,"pct":100},"functions":{"total":0,"covered":0,"skipped":0,"pct":100},"statements":{"total":1,"covered":1,"skipped":0,"pct":100},"branches":{"total":0,"covered":0,"skipped":0,"pct":100}}
,"/home/derek/Repos/nr-spar/frontend/src/components/SeedlotRegistrationSteps/ParentTreeStep/UploadFileModal/index.tsx": {"lines":{"total":25,"covered":4,"skipped":0,"pct":16},"functions":{"total":7,"covered":1,"skipped":0,"pct":14.28},"statements":{"total":25,"covered":4,"skipped":0,"pct":16},"branches":{"total":9,"covered":3,"skipped":0,"pct":33.33}}
,"/home/derek/Repos/nr-spar/frontend/src/components/SeedlotRegistrationSteps/SubmitModal/constants.ts": {"lines":{"total":1,"covered":1,"skipped":0,"pct":100},"functions":{"total":0,"covered":0,"skipped":0,"pct":100},"statements":{"total":1,"covered":1,"skipped":0,"pct":100},"branches":{"total":0,"covered":0,"skipped":0,"pct":100}}
,"/home/derek/Repos/nr-spar/frontend/src/components/SeedlotRegistrationSteps/SubmitModal/index.tsx": {"lines":{"total":9,"covered":4,"skipped":0,"pct":44.44},"functions":{"total":6,"covered":1,"skipped":0,"pct":16.66},"statements":{"total":9,"covered":4,"skipped":0,"pct":44.44},"branches":{"total":5,"covered":3,"skipped":0,"pct":60}}
,"/home/derek/Repos/nr-spar/frontend/src/components/SeedlotSummary/index.tsx": {"lines":{"total":5,"covered":4,"skipped":0,"pct":80},"functions":{"total":2,"covered":1,"skipped":0,"pct":50},"statements":{"total":5,"covered":4,"skipped":0,"pct":80},"branches":{"total":3,"covered":3,"skipped":0,"pct":100}}
,"/home/derek/Repos/nr-spar/frontend/src/components/SeedlotTable/Table.tsx": {"lines":{"total":43,"covered":4,"skipped":0,"pct":9.3},"functions":{"total":15,"covered":1,"skipped":0,"pct":6.66},"statements":{"total":46,"covered":6,"skipped":0,"pct":13.04},"branches":{"total":20,"covered":4,"skipped":0,"pct":20}}
,"/home/derek/Repos/nr-spar/frontend/src/components/SeedlotTable/constants.ts": {"lines":{"total":3,"covered":3,"skipped":0,"pct":100},"functions":{"total":0,"covered":0,"skipped":0,"pct":100},"statements":{"total":3,"covered":3,"skipped":0,"pct":100},"branches":{"total":0,"covered":0,"skipped":0,"pct":100}}
,"/home/derek/Repos/nr-spar/frontend/src/components/SeedlotTable/index.tsx": {"lines":{"total":7,"covered":4,"skipped":0,"pct":57.14},"functions":{"total":5,"covered":0,"skipped":0,"pct":0},"statements":{"total":11,"covered":4,"skipped":0,"pct":36.36},"branches":{"total":0,"covered":0,"skipped":0,"pct":100}}
,"/home/derek/Repos/nr-spar/frontend/src/components/SeedlotTable/utils.ts": {"lines":{"total":16,"covered":1,"skipped":0,"pct":6.25},"functions":{"total":3,"covered":0,"skipped":0,"pct":0},"statements":{"total":16,"covered":1,"skipped":0,"pct":6.25},"branches":{"total":10,"covered":0,"skipped":0,"pct":0}}
,"/home/derek/Repos/nr-spar/frontend/src/components/SilentCheckSso/index.tsx": {"lines":{"total":11,"covered":3,"skipped":0,"pct":27.27},"functions":{"total":3,"covered":0,"skipped":0,"pct":0},"statements":{"total":13,"covered":4,"skipped":0,"pct":30.76},"branches":{"total":0,"covered":0,"skipped":0,"pct":100}}
,"/home/derek/Repos/nr-spar/frontend/src/components/StatusItem/index.tsx": {"lines":{"total":13,"covered":5,"skipped":0,"pct":38.46},"functions":{"total":3,"covered":1,"skipped":0,"pct":33.33},"statements":{"total":13,"covered":5,"skipped":0,"pct":38.46},"branches":{"total":9,"covered":3,"skipped":0,"pct":33.33}}
,"/home/derek/Repos/nr-spar/frontend/src/components/StatusTag/definitions.ts": {"lines":{"total":1,"covered":1,"skipped":0,"pct":100},"functions":{"total":0,"covered":0,"skipped":0,"pct":100},"statements":{"total":1,"covered":1,"skipped":0,"pct":100},"branches":{"total":0,"covered":0,"skipped":0,"pct":100}}
,"/home/derek/Repos/nr-spar/frontend/src/components/StatusTag/index.tsx": {"lines":{"total":6,"covered":4,"skipped":0,"pct":66.66},"functions":{"total":2,"covered":1,"skipped":0,"pct":50},"statements":{"total":6,"covered":4,"skipped":0,"pct":66.66},"branches":{"total":5,"covered":3,"skipped":0,"pct":60}}
,"/home/derek/Repos/nr-spar/frontend/src/components/Subtitle/index.tsx": {"lines":{"total":5,"covered":5,"skipped":0,"pct":100},"functions":{"total":2,"covered":2,"skipped":0,"pct":100},"statements":{"total":5,"covered":5,"skipped":0,"pct":100},"branches":{"total":5,"covered":4,"skipped":0,"pct":80}}
,"/home/derek/Repos/nr-spar/frontend/src/components/TitleAccordion/index.tsx": {"lines":{"total":5,"covered":4,"skipped":0,"pct":80},"functions":{"total":2,"covered":1,"skipped":0,"pct":50},"statements":{"total":5,"covered":4,"skipped":0,"pct":80},"branches":{"total":3,"covered":3,"skipped":0,"pct":100}}
,"/home/derek/Repos/nr-spar/frontend/src/components/Toast/ErrorToast/index.tsx": {"lines":{"total":5,"covered":4,"skipped":0,"pct":80},"functions":{"total":2,"covered":1,"skipped":0,"pct":50},"statements":{"total":5,"covered":4,"skipped":0,"pct":80},"branches":{"total":3,"covered":3,"skipped":0,"pct":100}}
,"/home/derek/Repos/nr-spar/frontend/src/config/DateFormat.ts": {"lines":{"total":2,"covered":2,"skipped":0,"pct":100},"functions":{"total":0,"covered":0,"skipped":0,"pct":100},"statements":{"total":2,"covered":2,"skipped":0,"pct":100},"branches":{"total":0,"covered":0,"skipped":0,"pct":100}}
,"/home/derek/Repos/nr-spar/frontend/src/config/FavouriteActivitiyMap.ts": {"lines":{"total":1,"covered":1,"skipped":0,"pct":100},"functions":{"total":0,"covered":0,"skipped":0,"pct":100},"statements":{"total":1,"covered":1,"skipped":0,"pct":100},"branches":{"total":0,"covered":0,"skipped":0,"pct":100}}
,"/home/derek/Repos/nr-spar/frontend/src/config/TimeUnits.ts": {"lines":{"total":7,"covered":7,"skipped":0,"pct":100},"functions":{"total":0,"covered":0,"skipped":0,"pct":100},"statements":{"total":7,"covered":7,"skipped":0,"pct":100},"branches":{"total":0,"covered":0,"skipped":0,"pct":100}}
,"/home/derek/Repos/nr-spar/frontend/src/config/ToastifyConfig.ts": {"lines":{"total":1,"covered":1,"skipped":0,"pct":100},"functions":{"total":0,"covered":0,"skipped":0,"pct":100},"statements":{"total":1,"covered":1,"skipped":0,"pct":100},"branches":{"total":0,"covered":0,"skipped":0,"pct":100}}
,"/home/derek/Repos/nr-spar/frontend/src/contexts/AuthContext.tsx": {"lines":{"total":37,"covered":22,"skipped":0,"pct":59.45},"functions":{"total":7,"covered":4,"skipped":0,"pct":57.14},"statements":{"total":40,"covered":25,"skipped":0,"pct":62.5},"branches":{"total":2,"covered":0,"skipped":0,"pct":0}}
,"/home/derek/Repos/nr-spar/frontend/src/contexts/AuthProvider.tsx": {"lines":{"total":79,"covered":37,"skipped":0,"pct":46.83},"functions":{"total":16,"covered":5,"skipped":0,"pct":31.25},"statements":{"total":82,"covered":40,"skipped":0,"pct":48.78},"branches":{"total":16,"covered":5,"skipped":0,"pct":31.25}}
,"/home/derek/Repos/nr-spar/frontend/src/enums/ActivityIcons.ts": {"lines":{"total":1,"covered":1,"skipped":0,"pct":100},"functions":{"total":0,"covered":0,"skipped":0,"pct":100},"statements":{"total":1,"covered":1,"skipped":0,"pct":100},"branches":{"total":0,"covered":0,"skipped":0,"pct":100}}
,"/home/derek/Repos/nr-spar/frontend/src/enums/ActivityStatus.ts": {"lines":{"total":1,"covered":1,"skipped":0,"pct":100},"functions":{"total":0,"covered":0,"skipped":0,"pct":100},"statements":{"total":1,"covered":1,"skipped":0,"pct":100},"branches":{"total":0,"covered":0,"skipped":0,"pct":100}}
,"/home/derek/Repos/nr-spar/frontend/src/enums/FilesAndDocsIcons.ts": {"lines":{"total":1,"covered":1,"skipped":0,"pct":100},"functions":{"total":0,"covered":0,"skipped":0,"pct":100},"statements":{"total":1,"covered":1,"skipped":0,"pct":100},"branches":{"total":0,"covered":0,"skipped":0,"pct":100}}
,"/home/derek/Repos/nr-spar/frontend/src/layout/PrivateLayout/index.tsx": {"lines":{"total":5,"covered":5,"skipped":0,"pct":100},"functions":{"total":2,"covered":2,"skipped":0,"pct":100},"statements":{"total":5,"covered":5,"skipped":0,"pct":100},"branches":{"total":3,"covered":3,"skipped":0,"pct":100}}
,"/home/derek/Repos/nr-spar/frontend/src/routes/ProtectedRoute.tsx": {"lines":{"total":9,"covered":8,"skipped":0,"pct":88.88},"functions":{"total":2,"covered":2,"skipped":0,"pct":100},"statements":{"total":9,"covered":8,"skipped":0,"pct":88.88},"branches":{"total":4,"covered":4,"skipped":0,"pct":100}}
,"/home/derek/Repos/nr-spar/frontend/src/service/KeycloakService.ts": {"lines":{"total":29,"covered":26,"skipped":0,"pct":89.65},"functions":{"total":9,"covered":6,"skipped":0,"pct":66.66},"statements":{"total":34,"covered":29,"skipped":0,"pct":85.29},"branches":{"total":4,"covered":1,"skipped":0,"pct":25}}
,"/home/derek/Repos/nr-spar/frontend/src/shared-constants/shared-constants.ts": {"lines":{"total":1,"covered":1,"skipped":0,"pct":100},"functions":{"total":0,"covered":0,"skipped":0,"pct":100},"statements":{"total":1,"covered":1,"skipped":0,"pct":100},"branches":{"total":0,"covered":0,"skipped":0,"pct":100}}
,"/home/derek/Repos/nr-spar/frontend/src/styles/classPrefix.ts": {"lines":{"total":1,"covered":1,"skipped":0,"pct":100},"functions":{"total":0,"covered":0,"skipped":0,"pct":100},"statements":{"total":1,"covered":1,"skipped":0,"pct":100},"branches":{"total":0,"covered":0,"skipped":0,"pct":100}}
,"/home/derek/Repos/nr-spar/frontend/src/types/LoginProviders.ts": {"lines":{"total":3,"covered":3,"skipped":0,"pct":100},"functions":{"total":1,"covered":1,"skipped":0,"pct":100},"statements":{"total":4,"covered":4,"skipped":0,"pct":100},"branches":{"total":2,"covered":2,"skipped":0,"pct":100}}
,"/home/derek/Repos/nr-spar/frontend/src/utils/DateUtils.ts": {"lines":{"total":5,"covered":1,"skipped":0,"pct":20},"functions":{"total":1,"covered":0,"skipped":0,"pct":0},"statements":{"total":5,"covered":1,"skipped":0,"pct":20},"branches":{"total":1,"covered":0,"skipped":0,"pct":0}}
,"/home/derek/Repos/nr-spar/frontend/src/utils/FocusUtils.ts": {"lines":{"total":2,"covered":1,"skipped":0,"pct":50},"functions":{"total":1,"covered":0,"skipped":0,"pct":0},"statements":{"total":2,"covered":1,"skipped":0,"pct":50},"branches":{"total":0,"covered":0,"skipped":0,"pct":100}}
,"/home/derek/Repos/nr-spar/frontend/src/utils/HistoryStatus.ts": {"lines":{"total":16,"covered":1,"skipped":0,"pct":6.25},"functions":{"total":1,"covered":0,"skipped":0,"pct":0},"statements":{"total":16,"covered":1,"skipped":0,"pct":6.25},"branches":{"total":5,"covered":0,"skipped":0,"pct":0}}
,"/home/derek/Repos/nr-spar/frontend/src/utils/KeyboardUtil.ts": {"lines":{"total":3,"covered":1,"skipped":0,"pct":33.33},"functions":{"total":1,"covered":0,"skipped":0,"pct":0},"statements":{"total":3,"covered":1,"skipped":0,"pct":33.33},"branches":{"total":1,"covered":0,"skipped":0,"pct":0}}
,"/home/derek/Repos/nr-spar/frontend/src/utils/MultiOptionsUtils.ts": {"lines":{"total":38,"covered":8,"skipped":0,"pct":21.05},"functions":{"total":12,"covered":0,"skipped":0,"pct":0},"statements":{"total":43,"covered":8,"skipped":0,"pct":18.6},"branches":{"total":13,"covered":0,"skipped":0,"pct":0}}
,"/home/derek/Repos/nr-spar/frontend/src/utils/PaginationUtils.ts": {"lines":{"total":21,"covered":5,"skipped":0,"pct":23.8},"functions":{"total":6,"covered":0,"skipped":0,"pct":0},"statements":{"total":22,"covered":5,"skipped":0,"pct":22.72},"branches":{"total":2,"covered":0,"skipped":0,"pct":0}}
,"/home/derek/Repos/nr-spar/frontend/src/utils/RecordUtils.ts": {"lines":{"total":3,"covered":0,"skipped":0,"pct":0},"functions":{"total":3,"covered":0,"skipped":0,"pct":0},"statements":{"total":3,"covered":0,"skipped":0,"pct":0},"branches":{"total":0,"covered":0,"skipped":0,"pct":100}}
,"/home/derek/Repos/nr-spar/frontend/src/utils/SeedlotUtils.ts": {"lines":{"total":19,"covered":4,"skipped":0,"pct":21.05},"functions":{"total":7,"covered":0,"skipped":0,"pct":0},"statements":{"total":21,"covered":4,"skipped":0,"pct":19.04},"branches":{"total":5,"covered":0,"skipped":0,"pct":0}}
,"/home/derek/Repos/nr-spar/frontend/src/utils/StringUtils.ts": {"lines":{"total":1,"covered":1,"skipped":0,"pct":100},"functions":{"total":1,"covered":0,"skipped":0,"pct":0},"statements":{"total":2,"covered":1,"skipped":0,"pct":50},"branches":{"total":0,"covered":0,"skipped":0,"pct":100}}
,"/home/derek/Repos/nr-spar/frontend/src/utils/ThemePreference.tsx": {"lines":{"total":18,"covered":16,"skipped":0,"pct":88.88},"functions":{"total":5,"covered":5,"skipped":0,"pct":100},"statements":{"total":20,"covered":18,"skipped":0,"pct":90},"branches":{"total":2,"covered":0,"skipped":0,"pct":0}}
,"/home/derek/Repos/nr-spar/frontend/src/utils/UrlUtils.ts": {"lines":{"total":4,"covered":1,"skipped":0,"pct":25},"functions":{"total":1,"covered":0,"skipped":0,"pct":0},"statements":{"total":4,"covered":1,"skipped":0,"pct":25},"branches":{"total":0,"covered":0,"skipped":0,"pct":100}}
,"/home/derek/Repos/nr-spar/frontend/src/utils/filterUtils.ts": {"lines":{"total":6,"covered":1,"skipped":0,"pct":16.66},"functions":{"total":1,"covered":0,"skipped":0,"pct":0},"statements":{"total":6,"covered":1,"skipped":0,"pct":16.66},"branches":{"total":2,"covered":0,"skipped":0,"pct":0}}
,"/home/derek/Repos/nr-spar/frontend/src/views/Dashboard/dashboard.tsx": {"lines":{"total":5,"covered":4,"skipped":0,"pct":80},"functions":{"total":2,"covered":1,"skipped":0,"pct":50},"statements":{"total":5,"covered":4,"skipped":0,"pct":80},"branches":{"total":3,"covered":3,"skipped":0,"pct":100}}
,"/home/derek/Repos/nr-spar/frontend/src/views/FourOhFour/index.tsx": {"lines":{"total":7,"covered":4,"skipped":0,"pct":57.14},"functions":{"total":3,"covered":1,"skipped":0,"pct":33.33},"statements":{"total":7,"covered":4,"skipped":0,"pct":57.14},"branches":{"total":3,"covered":3,"skipped":0,"pct":100}}
,"/home/derek/Repos/nr-spar/frontend/src/views/Landing/index.tsx": {"lines":{"total":20,"covered":20,"skipped":0,"pct":100},"functions":{"total":6,"covered":6,"skipped":0,"pct":100},"statements":{"total":23,"covered":23,"skipped":0,"pct":100},"branches":{"total":7,"covered":4,"skipped":0,"pct":57.14}}
,"/home/derek/Repos/nr-spar/frontend/src/views/Seedlot/CreateAClass/index.tsx": {"lines":{"total":6,"covered":4,"skipped":0,"pct":66.66},"functions":{"total":3,"covered":0,"skipped":0,"pct":0},"statements":{"total":9,"covered":4,"skipped":0,"pct":44.44},"branches":{"total":0,"covered":0,"skipped":0,"pct":100}}
,"/home/derek/Repos/nr-spar/frontend/src/views/Seedlot/CreateAClass/CreationForm/constants.ts": {"lines":{"total":4,"covered":4,"skipped":0,"pct":100},"functions":{"total":0,"covered":0,"skipped":0,"pct":100},"statements":{"total":4,"covered":4,"skipped":0,"pct":100},"branches":{"total":0,"covered":0,"skipped":0,"pct":100}}
,"/home/derek/Repos/nr-spar/frontend/src/views/Seedlot/CreateAClass/CreationForm/index.tsx": {"lines":{"total":102,"covered":5,"skipped":0,"pct":4.9},"functions":{"total":46,"covered":1,"skipped":0,"pct":2.17},"statements":{"total":114,"covered":6,"skipped":0,"pct":5.26},"branches":{"total":67,"covered":4,"skipped":0,"pct":5.97}}
,"/home/derek/Repos/nr-spar/frontend/src/views/Seedlot/CreateAClass/CreationForm/utils.ts": {"lines":{"total":1,"covered":1,"skipped":0,"pct":100},"functions":{"total":1,"covered":0,"skipped":0,"pct":0},"statements":{"total":2,"covered":1,"skipped":0,"pct":50},"branches":{"total":0,"covered":0,"skipped":0,"pct":100}}
,"/home/derek/Repos/nr-spar/frontend/src/views/Seedlot/MySeedlots/constants.ts": {"lines":{"total":2,"covered":2,"skipped":0,"pct":100},"functions":{"total":0,"covered":0,"skipped":0,"pct":100},"statements":{"total":2,"covered":2,"skipped":0,"pct":100},"branches":{"total":0,"covered":0,"skipped":0,"pct":100}}
,"/home/derek/Repos/nr-spar/frontend/src/views/Seedlot/MySeedlots/index.tsx": {"lines":{"total":15,"covered":9,"skipped":0,"pct":60},"functions":{"total":8,"covered":1,"skipped":0,"pct":12.5},"statements":{"total":18,"covered":10,"skipped":0,"pct":55.55},"branches":{"total":2,"covered":0,"skipped":0,"pct":0}}
,"/home/derek/Repos/nr-spar/frontend/src/views/Seedlot/MySeedlots/SeedlotDataTable/index.tsx": {"lines":{"total":15,"covered":4,"skipped":0,"pct":26.66},"functions":{"total":8,"covered":0,"skipped":0,"pct":0},"statements":{"total":19,"covered":4,"skipped":0,"pct":21.05},"branches":{"total":1,"covered":0,"skipped":0,"pct":0}}
,"/home/derek/Repos/nr-spar/frontend/src/views/Seedlot/SeedlotCreatedFeedback/index.tsx": {"lines":{"total":9,"covered":4,"skipped":0,"pct":44.44},"functions":{"total":5,"covered":0,"skipped":0,"pct":0},"statements":{"total":12,"covered":4,"skipped":0,"pct":33.33},"branches":{"total":0,"covered":0,"skipped":0,"pct":100}}
,"/home/derek/Repos/nr-spar/frontend/src/views/Seedlot/SeedlotDashboard/index.tsx": {"lines":{"total":5,"covered":4,"skipped":0,"pct":80},"functions":{"total":2,"covered":1,"skipped":0,"pct":50},"statements":{"total":5,"covered":4,"skipped":0,"pct":80},"branches":{"total":3,"covered":3,"skipped":0,"pct":100}}
,"/home/derek/Repos/nr-spar/frontend/src/views/Seedlot/SeedlotDashboard/RecentSeedlots/constants.ts": {"lines":{"total":1,"covered":1,"skipped":0,"pct":100},"functions":{"total":0,"covered":0,"skipped":0,"pct":100},"statements":{"total":1,"covered":1,"skipped":0,"pct":100},"branches":{"total":0,"covered":0,"skipped":0,"pct":100}}
,"/home/derek/Repos/nr-spar/frontend/src/views/Seedlot/SeedlotDashboard/RecentSeedlots/index.tsx": {"lines":{"total":7,"covered":4,"skipped":0,"pct":57.14},"functions":{"total":2,"covered":1,"skipped":0,"pct":50},"statements":{"total":9,"covered":5,"skipped":0,"pct":55.55},"branches":{"total":5,"covered":3,"skipped":0,"pct":60}}
,"/home/derek/Repos/nr-spar/frontend/src/views/Seedlot/SeedlotDetails/index.tsx": {"lines":{"total":24,"covered":5,"skipped":0,"pct":20.83},"functions":{"total":12,"covered":0,"skipped":0,"pct":0},"statements":{"total":28,"covered":5,"skipped":0,"pct":17.85},"branches":{"total":12,"covered":0,"skipped":0,"pct":0}}
,"/home/derek/Repos/nr-spar/frontend/src/views/Seedlot/SeedlotDetails/ApplicantInformation/index.tsx": {"lines":{"total":9,"covered":4,"skipped":0,"pct":44.44},"functions":{"total":4,"covered":1,"skipped":0,"pct":25},"statements":{"total":9,"covered":4,"skipped":0,"pct":44.44},"branches":{"total":36,"covered":3,"skipped":0,"pct":8.33}}
,"/home/derek/Repos/nr-spar/frontend/src/views/Seedlot/SeedlotDetails/FormProgress/index.tsx": {"lines":{"total":9,"covered":5,"skipped":0,"pct":55.55},"functions":{"total":4,"covered":1,"skipped":0,"pct":25},"statements":{"total":12,"covered":5,"skipped":0,"pct":41.66},"branches":{"total":8,"covered":3,"skipped":0,"pct":37.5}}
,"/home/derek/Repos/nr-spar/frontend/src/views/Seedlot/SeedlotDetails/SeedlotSummary/FieldValue.tsx": {"lines":{"total":6,"covered":1,"skipped":0,"pct":16.66},"functions":{"total":1,"covered":0,"skipped":0,"pct":0},"statements":{"total":6,"covered":1,"skipped":0,"pct":16.66},"branches":{"total":2,"covered":0,"skipped":0,"pct":0}}
,"/home/derek/Repos/nr-spar/frontend/src/views/Seedlot/SeedlotDetails/SeedlotSummary/Status.tsx": {"lines":{"total":6,"covered":1,"skipped":0,"pct":16.66},"functions":{"total":1,"covered":0,"skipped":0,"pct":0},"statements":{"total":6,"covered":1,"skipped":0,"pct":16.66},"branches":{"total":2,"covered":0,"skipped":0,"pct":0}}
,"/home/derek/Repos/nr-spar/frontend/src/views/Seedlot/SeedlotDetails/SeedlotSummary/index.tsx": {"lines":{"total":5,"covered":4,"skipped":0,"pct":80},"functions":{"total":2,"covered":1,"skipped":0,"pct":50},"statements":{"total":5,"covered":4,"skipped":0,"pct":80},"branches":{"total":3,"covered":3,"skipped":0,"pct":100}}
,"/home/derek/Repos/nr-spar/frontend/src/views/Seedlot/SeedlotRegistrationForm/constants.ts": {"lines":{"total":2,"covered":2,"skipped":0,"pct":100},"functions":{"total":0,"covered":0,"skipped":0,"pct":100},"statements":{"total":2,"covered":2,"skipped":0,"pct":100},"branches":{"total":0,"covered":0,"skipped":0,"pct":100}}
,"/home/derek/Repos/nr-spar/frontend/src/views/Seedlot/SeedlotRegistrationForm/index.tsx": {"lines":{"total":89,"covered":6,"skipped":0,"pct":6.74},"functions":{"total":30,"covered":0,"skipped":0,"pct":0},"statements":{"total":94,"covered":6,"skipped":0,"pct":6.38},"branches":{"total":32,"covered":0,"skipped":0,"pct":0}}
,"/home/derek/Repos/nr-spar/frontend/src/views/Seedlot/SeedlotRegistrationForm/utils.ts": {"lines":{"total":56,"covered":27,"skipped":0,"pct":48.21},"functions":{"total":12,"covered":2,"skipped":0,"pct":16.66},"statements":{"total":57,"covered":27,"skipped":0,"pct":47.36},"branches":{"total":9,"covered":0,"skipped":0,"pct":0}}
}
