{"/home/derek/Repos/nr-spar/frontend/src/App.tsx": {"path":"/home/derek/Repos/nr-spar/frontend/src/App.tsx","statementMap":{"0":{"start":{"line":28,"column":22},"end":{"line":105,"column":2}},"1":{"start":{"line":28,"column":28},"end":{"line":28,"column":null}},"2":{"start":{"line":29,"column":21},"end":{"line":29,"column":null}},"3":{"start":{"line":31,"column":2},"end":{"line":103,"column":null}},"4":{"start":{"line":105,"column":2},"end":{"line":29,"column":29}},"5":{"start":{"line":28,"column":19},"end":{"line":29,"column":29}},"6":{"start":{"line":29,"column":28},"end":{"line":28,"column":19}},"7":{"start":{"line":107,"column":19},"end":{"line":107,"column":null}}},"fnMap":{"0":{"name":"(anonymous_1)","decl":{"start":{"line":28,"column":22},"end":{"line":28,"column":28}},"loc":{"start":{"line":28,"column":28},"end":{"line":105,"column":2}}},"1":{"name":"(anonymous_2)","decl":{"start":{"line":28,"column":19},"end":{"line":28,"column":22}},"loc":{"start":{"line":28,"column":19},"end":{"line":29,"column":29}}}},"branchMap":{},"s":{"0":112,"1":124,"2":224,"3":224,"4":212,"5":212,"6":212,"7":212},"f":{"0":224,"1":212},"b":{}}
,"/home/derek/Repos/nr-spar/frontend/src/aws-exports.ts": {"path":"/home/derek/Repos/nr-spar/frontend/src/aws-exports.ts","statementMap":{"0":{"start":{"line":4,"column":13},"end":{"line":4,"column":null}},"1":{"start":{"line":5,"column":18},"end":{"line":5,"column":null}},"2":{"start":{"line":8,"column":21},"end":{"line":8,"column":null}},"3":{"start":{"line":10,"column":19},"end":{"line":15,"column":null}},"4":{"start":{"line":17,"column":18},"end":{"line":30,"column":null}}},"fnMap":{},"branchMap":{"0":{"loc":{"start":{"line":4,"column":13},"end":{"line":4,"column":null}},"type":"cond-expr","locations":[{"start":{"line":4,"column":29},"end":{"line":4,"column":65}},{"start":{"line":4,"column":65},"end":{"line":4,"column":null}}]},"1":{"loc":{"start":{"line":5,"column":18},"end":{"line":5,"column":null}},"type":"cond-expr","locations":[{"start":{"line":5,"column":55},"end":{"line":5,"column":63}},{"start":{"line":5,"column":63},"end":{"line":5,"column":null}}]},"2":{"loc":{"start":{"line":5,"column":18},"end":{"line":5,"column":55}},"type":"binary-expr","locations":[{"start":{"line":5,"column":18},"end":{"line":5,"column":37}},{"start":{"line":5,"column":37},"end":{"line":5,"column":55}}]},"3":{"loc":{"start":{"line":8,"column":21},"end":{"line":8,"column":null}},"type":"cond-expr","locations":[{"start":{"line":8,"column":39},"end":{"line":8,"column":68}},{"start":{"line":8,"column":68},"end":{"line":8,"column":null}}]},"4":{"loc":{"start":{"line":18,"column":22},"end":{"line":18,"column":null}},"type":"binary-expr","locations":[{"start":{"line":18,"column":22},"end":{"line":18,"column":49}},{"start":{"line":18,"column":49},"end":{"line":18,"column":null}}]},"5":{"loc":{"start":{"line":23,"column":12},"end":{"line":23,"column":null}},"type":"binary-expr","locations":[{"start":{"line":23,"column":12},"end":{"line":23,"column":35}},{"start":{"line":23,"column":35},"end":{"line":23,"column":null}}]},"6":{"loc":{"start":{"line":26,"column":21},"end":{"line":26,"column":null}},"type":"binary-expr","locations":[{"start":{"line":26,"column":21},"end":{"line":26,"column":51}},{"start":{"line":26,"column":51},"end":{"line":26,"column":null}}]}},"s":{"0":100,"1":100,"2":100,"3":100,"4":100},"f":{},"b":{"0":[0,100],"1":[100,0],"2":[100,100],"3":[0,100],"4":[100,100],"5":[100,100],"6":[100,100]}}
,"/home/derek/Repos/nr-spar/frontend/src/env.ts": {"path":"/home/derek/Repos/nr-spar/frontend/src/env.ts","statementMap":{"0":{"start":{"line":9,"column":40},"end":{"line":9,"column":null}}},"fnMap":{},"branchMap":{},"s":{"0":112},"f":{},"b":{}}
,"/home/derek/Repos/nr-spar/frontend/src/index.tsx": {"path":"/home/derek/Repos/nr-spar/frontend/src/index.tsx","statementMap":{"0":{"start":{"line":13,"column":27},"end":{"line":13,"column":null}},"1":{"start":{"line":15,"column":17},"end":{"line":17,"column":null}},"2":{"start":{"line":19,"column":0},"end":{"line":21,"column":null}},"3":{"start":{"line":20,"column":2},"end":{"line":20,"column":null}},"4":{"start":{"line":23,"column":20},"end":{"line":33,"column":null}},"5":{"start":{"line":35,"column":13},"end":{"line":37,"column":null}},"6":{"start":{"line":39,"column":0},"end":{"line":54,"column":null}},"7":{"start":{"line":59,"column":0},"end":{"line":59,"column":null}}},"fnMap":{},"branchMap":{"0":{"loc":{"start":{"line":13,"column":27},"end":{"line":13,"column":null}},"type":"binary-expr","locations":[{"start":{"line":13,"column":27},"end":{"line":13,"column":60}},{"start":{"line":13,"column":60},"end":{"line":13,"column":null}}]},"1":{"loc":{"start":{"line":15,"column":17},"end":{"line":17,"column":null}},"type":"binary-expr","locations":[{"start":{"line":15,"column":17},"end":{"line":15,"column":null}},{"start":{"line":16,"column":5},"end":{"line":16,"column":null}},{"start":{"line":17,"column":5},"end":{"line":17,"column":null}}]},"2":{"loc":{"start":{"line":19,"column":0},"end":{"line":21,"column":null}},"type":"if","locations":[{"start":{"line":19,"column":0},"end":{"line":21,"column":null}}]},"3":{"loc":{"start":{"line":47,"column":14},"end":{"line":47,"column":null}},"type":"binary-expr","locations":[{"start":{"line":47,"column":14},"end":{"line":47,"column":26}},{"start":{"line":47,"column":26},"end":{"line":47,"column":null}}]}},"s":{"0":112,"1":112,"2":112,"3":112,"4":112,"5":112,"6":112,"7":112},"f":{},"b":{"0":[112,112],"1":[112,0,0],"2":[112],"3":[112,112]}}
,"/home/derek/Repos/nr-spar/frontend/src/init.tsx": {"path":"/home/derek/Repos/nr-spar/frontend/src/init.tsx","statementMap":{"0":{"start":{"line":1,"column":0},"end":{"line":1,"column":null}}},"fnMap":{},"branchMap":{},"s":{"0":100},"f":{},"b":{}}
,"/home/derek/Repos/nr-spar/frontend/src/keycloak.ts": {"path":"/home/derek/Repos/nr-spar/frontend/src/keycloak.ts","statementMap":{"0":{"start":{"line":4,"column":12},"end":{"line":4,"column":null}},"1":{"start":{"line":5,"column":14},"end":{"line":5,"column":null}},"2":{"start":{"line":6,"column":17},"end":{"line":6,"column":null}},"3":{"start":{"line":8,"column":17},"end":{"line":12,"column":null}}},"fnMap":{},"branchMap":{"0":{"loc":{"start":{"line":4,"column":12},"end":{"line":4,"column":null}},"type":"binary-expr","locations":[{"start":{"line":4,"column":12},"end":{"line":4,"column":31}},{"start":{"line":4,"column":31},"end":{"line":4,"column":null}}]},"1":{"loc":{"start":{"line":5,"column":14},"end":{"line":5,"column":null}},"type":"binary-expr","locations":[{"start":{"line":5,"column":14},"end":{"line":5,"column":35}},{"start":{"line":5,"column":35},"end":{"line":5,"column":null}}]},"2":{"loc":{"start":{"line":6,"column":17},"end":{"line":6,"column":null}},"type":"binary-expr","locations":[{"start":{"line":6,"column":17},"end":{"line":6,"column":42}},{"start":{"line":6,"column":42},"end":{"line":6,"column":null}}]}},"s":{"0":12,"1":12,"2":12,"3":12},"f":{},"b":{"0":[12,12],"1":[12,12],"2":[12,12]}}
,"/home/derek/Repos/nr-spar/frontend/src/reportWebVitals.ts": {"path":"/home/derek/Repos/nr-spar/frontend/src/reportWebVitals.ts","statementMap":{"0":{"start":{"line":3,"column":24},"end":{"line":19,"column":null}},"1":{"start":{"line":4,"column":2},"end":{"line":18,"column":null}},"2":{"start":{"line":5,"column":4},"end":{"line":17,"column":null}},"3":{"start":{"line":12,"column":6},"end":{"line":12,"column":null}},"4":{"start":{"line":13,"column":6},"end":{"line":13,"column":null}},"5":{"start":{"line":14,"column":6},"end":{"line":14,"column":null}},"6":{"start":{"line":15,"column":6},"end":{"line":15,"column":null}},"7":{"start":{"line":16,"column":6},"end":{"line":16,"column":null}}},"fnMap":{"0":{"name":"(anonymous_0)","decl":{"start":{"line":3,"column":24},"end":{"line":3,"column":25}},"loc":{"start":{"line":3,"column":57},"end":{"line":19,"column":null}}},"1":{"name":"(anonymous_1)","decl":{"start":{"line":5,"column":30},"end":{"line":5,"column":31}},"loc":{"start":{"line":11,"column":10},"end":{"line":17,"column":5}}}},"branchMap":{"0":{"loc":{"start":{"line":4,"column":2},"end":{"line":18,"column":null}},"type":"if","locations":[{"start":{"line":4,"column":2},"end":{"line":18,"column":null}}]},"1":{"loc":{"start":{"line":4,"column":6},"end":{"line":4,"column":54}},"type":"binary-expr","locations":[{"start":{"line":4,"column":6},"end":{"line":4,"column":21}},{"start":{"line":4,"column":21},"end":{"line":4,"column":54}}]}},"s":{"0":112,"1":112,"2":0,"3":0,"4":0,"5":0,"6":0,"7":0},"f":{"0":112,"1":0},"b":{"0":[0],"1":[112,0]}}
,"/home/derek/Repos/nr-spar/frontend/src/api-service/ApiConfig.ts": {"path":"/home/derek/Repos/nr-spar/frontend/src/api-service/ApiConfig.ts","statementMap":{"0":{"start":{"line":4,"column":19},"end":{"line":4,"column":null}},"1":{"start":{"line":6,"column":25},"end":{"line":6,"column":null}},"2":{"start":{"line":8,"column":18},"end":{"line":8,"column":null}},"3":{"start":{"line":11,"column":23},"end":{"line":11,"column":null}},"4":{"start":{"line":13,"column":18},"end":{"line":64,"column":null}}},"fnMap":{},"branchMap":{"0":{"loc":{"start":{"line":4,"column":19},"end":{"line":4,"column":null}},"type":"binary-expr","locations":[{"start":{"line":4,"column":19},"end":{"line":4,"column":42}},{"start":{"line":4,"column":42},"end":{"line":4,"column":null}}]},"1":{"loc":{"start":{"line":6,"column":25},"end":{"line":6,"column":null}},"type":"binary-expr","locations":[{"start":{"line":6,"column":25},"end":{"line":6,"column":55}},{"start":{"line":6,"column":55},"end":{"line":6,"column":null}}]},"2":{"loc":{"start":{"line":11,"column":23},"end":{"line":11,"column":null}},"type":"cond-expr","locations":[{"start":{"line":11,"column":35},"end":{"line":11,"column":57}},{"start":{"line":11,"column":57},"end":{"line":11,"column":null}}]}},"s":{"0":112,"1":112,"2":112,"3":112,"4":112},"f":{},"b":{"0":[112,112],"1":[112,112],"2":[0,112]}}
,"/home/derek/Repos/nr-spar/frontend/src/api-service/SeedlotSourcesAPI.ts": {"path":"/home/derek/Repos/nr-spar/frontend/src/api-service/SeedlotSourcesAPI.ts","statementMap":{"0":{"start":{"line":5,"column":26},"end":{"line":13,"column":null}},"1":{"start":{"line":6,"column":14},"end":{"line":6,"column":null}},"2":{"start":{"line":8,"column":2},"end":{"line":12,"column":null}},"3":{"start":{"line":8,"column":36},"end":{"line":12,"column":4}},"4":{"start":{"line":9,"column":4},"end":{"line":9,"column":null}},"5":{"start":{"line":9,"column":32},"end":{"line":9,"column":null}},"6":{"start":{"line":10,"column":4},"end":{"line":10,"column":null}},"7":{"start":{"line":10,"column":32},"end":{"line":10,"column":null}},"8":{"start":{"line":11,"column":4},"end":{"line":11,"column":null}}},"fnMap":{"0":{"name":"(anonymous_0)","decl":{"start":{"line":5,"column":26},"end":{"line":5,"column":32}},"loc":{"start":{"line":5,"column":32},"end":{"line":13,"column":null}}},"1":{"name":"(anonymous_1)","decl":{"start":{"line":8,"column":27},"end":{"line":8,"column":28}},"loc":{"start":{"line":8,"column":36},"end":{"line":12,"column":4}}},"2":{"name":"(anonymous_2)","decl":{"start":{"line":8,"column":50},"end":{"line":8,"column":51}},"loc":{"start":{"line":8,"column":76},"end":{"line":12,"column":3}}}},"branchMap":{"0":{"loc":{"start":{"line":9,"column":4},"end":{"line":9,"column":null}},"type":"if","locations":[{"start":{"line":9,"column":4},"end":{"line":9,"column":null}}]},"1":{"loc":{"start":{"line":10,"column":4},"end":{"line":10,"column":null}},"type":"if","locations":[{"start":{"line":10,"column":4},"end":{"line":10,"column":null}}]}},"s":{"0":40,"1":0,"2":0,"3":0,"4":0,"5":0,"6":0,"7":0,"8":0},"f":{"0":0,"1":0,"2":0},"b":{"0":[0],"1":[0]}}
,"/home/derek/Repos/nr-spar/frontend/src/api-service/api.ts": {"path":"/home/derek/Repos/nr-spar/frontend/src/api-service/api.ts","statementMap":{"0":{"start":{"line":4,"column":18},"end":{"line":13,"column":null}},"1":{"start":{"line":5,"column":16},"end":{"line":5,"column":null}},"2":{"start":{"line":6,"column":16},"end":{"line":8,"column":null}},"3":{"start":{"line":9,"column":2},"end":{"line":11,"column":null}},"4":{"start":{"line":10,"column":4},"end":{"line":10,"column":null}},"5":{"start":{"line":12,"column":2},"end":{"line":12,"column":null}},"6":{"start":{"line":15,"column":12},"end":{"line":36,"column":null}},"7":{"start":{"line":16,"column":41},"end":{"line":19,"column":null}},"8":{"start":{"line":21,"column":58},"end":{"line":23,"column":null}},"9":{"start":{"line":25,"column":35},"end":{"line":27,"column":null}},"10":{"start":{"line":29,"column":37},"end":{"line":31,"column":null}},"11":{"start":{"line":33,"column":27},"end":{"line":35,"column":null}}},"fnMap":{"0":{"name":"(anonymous_0)","decl":{"start":{"line":4,"column":18},"end":{"line":4,"column":19}},"loc":{"start":{"line":4,"column":44},"end":{"line":13,"column":null}}},"1":{"name":"(anonymous_1)","decl":{"start":{"line":16,"column":7},"end":{"line":16,"column":8}},"loc":{"start":{"line":16,"column":41},"end":{"line":19,"column":null}}},"2":{"name":"(anonymous_2)","decl":{"start":{"line":21,"column":8},"end":{"line":21,"column":9}},"loc":{"start":{"line":21,"column":58},"end":{"line":23,"column":null}}},"3":{"name":"(anonymous_3)","decl":{"start":{"line":25,"column":7},"end":{"line":25,"column":8}},"loc":{"start":{"line":25,"column":35},"end":{"line":27,"column":null}}},"4":{"name":"(anonymous_4)","decl":{"start":{"line":29,"column":9},"end":{"line":29,"column":10}},"loc":{"start":{"line":29,"column":37},"end":{"line":31,"column":null}}},"5":{"name":"(anonymous_5)","decl":{"start":{"line":33,"column":10},"end":{"line":33,"column":11}},"loc":{"start":{"line":33,"column":27},"end":{"line":35,"column":null}}}},"branchMap":{"0":{"loc":{"start":{"line":4,"column":19},"end":{"line":4,"column":44}},"type":"default-arg","locations":[{"start":{"line":4,"column":34},"end":{"line":4,"column":44}}]},"1":{"loc":{"start":{"line":9,"column":2},"end":{"line":11,"column":null}},"type":"if","locations":[{"start":{"line":9,"column":2},"end":{"line":11,"column":null}}]},"2":{"loc":{"start":{"line":21,"column":33},"end":{"line":21,"column":58}},"type":"default-arg","locations":[{"start":{"line":21,"column":48},"end":{"line":21,"column":58}}]}},"s":{"0":112,"1":0,"2":0,"3":0,"4":0,"5":100,"6":12,"7":0,"8":0,"9":0,"10":0,"11":0},"f":{"0":0,"1":0,"2":0,"3":0,"4":0,"5":0},"b":{"0":[0],"1":[0],"2":[0]}}
,"/home/derek/Repos/nr-spar/frontend/src/api-service/applicantAgenciesAPI.ts": {"path":"/home/derek/Repos/nr-spar/frontend/src/api-service/applicantAgenciesAPI.ts","statementMap":{"0":{"start":{"line":4,"column":36},"end":{"line":24,"column":null}},"1":{"start":{"line":5,"column":28},"end":{"line":5,"column":null}},"2":{"start":{"line":6,"column":2},"end":{"line":8,"column":null}},"3":{"start":{"line":7,"column":57},"end":{"line":7,"column":null}},"4":{"start":{"line":9,"column":2},"end":{"line":22,"column":null}},"5":{"start":{"line":10,"column":22},"end":{"line":14,"column":null}},"6":{"start":{"line":13,"column":29},"end":{"line":13,"column":73}},"7":{"start":{"line":15,"column":4},"end":{"line":20,"column":null}},"8":{"start":{"line":16,"column":6},"end":{"line":19,"column":null}},"9":{"start":{"line":18,"column":31},"end":{"line":18,"column":75}},"10":{"start":{"line":21,"column":4},"end":{"line":21,"column":null}},"11":{"start":{"line":23,"column":2},"end":{"line":23,"column":null}}},"fnMap":{"0":{"name":"(anonymous_0)","decl":{"start":{"line":4,"column":36},"end":{"line":4,"column":57}},"loc":{"start":{"line":4,"column":57},"end":{"line":24,"column":null}}},"1":{"name":"(anonymous_1)","decl":{"start":{"line":7,"column":4},"end":{"line":7,"column":5}},"loc":{"start":{"line":7,"column":57},"end":{"line":7,"column":null}}},"2":{"name":"(anonymous_2)","decl":{"start":{"line":9,"column":33},"end":{"line":9,"column":34}},"loc":{"start":{"line":9,"column":66},"end":{"line":22,"column":3}}},"3":{"name":"(anonymous_3)","decl":{"start":{"line":13,"column":11},"end":{"line":13,"column":12}},"loc":{"start":{"line":13,"column":29},"end":{"line":13,"column":73}}},"4":{"name":"(anonymous_4)","decl":{"start":{"line":18,"column":13},"end":{"line":18,"column":14}},"loc":{"start":{"line":18,"column":31},"end":{"line":18,"column":75}}}},"branchMap":{"0":{"loc":{"start":{"line":7,"column":57},"end":{"line":7,"column":null}},"type":"cond-expr","locations":[{"start":{"line":7,"column":87},"end":{"line":7,"column":92}},{"start":{"line":7,"column":92},"end":{"line":7,"column":null}}]},"1":{"loc":{"start":{"line":15,"column":4},"end":{"line":20,"column":null}},"type":"if","locations":[{"start":{"line":15,"column":4},"end":{"line":20,"column":null}}]}},"s":{"0":112,"1":0,"2":0,"3":0,"4":0,"5":0,"6":0,"7":0,"8":0,"9":0,"10":0,"11":0},"f":{"0":0,"1":0,"2":0,"3":0,"4":0},"b":{"0":[0,0],"1":[0]}}
,"/home/derek/Repos/nr-spar/frontend/src/api-service/coneCollectionMethodAPI.ts": {"path":"/home/derek/Repos/nr-spar/frontend/src/api-service/coneCollectionMethodAPI.ts","statementMap":{"0":{"start":{"line":4,"column":32},"end":{"line":7,"column":null}},"1":{"start":{"line":5,"column":14},"end":{"line":5,"column":null}},"2":{"start":{"line":6,"column":2},"end":{"line":6,"column":null}},"3":{"start":{"line":6,"column":36},"end":{"line":6,"column":44}}},"fnMap":{"0":{"name":"(anonymous_0)","decl":{"start":{"line":4,"column":32},"end":{"line":4,"column":38}},"loc":{"start":{"line":4,"column":38},"end":{"line":7,"column":null}}},"1":{"name":"(anonymous_1)","decl":{"start":{"line":6,"column":27},"end":{"line":6,"column":28}},"loc":{"start":{"line":6,"column":36},"end":{"line":6,"column":44}}}},"branchMap":{},"s":{"0":112,"1":0,"2":0,"3":0},"f":{"0":0,"1":0},"b":{}}
,"/home/derek/Repos/nr-spar/frontend/src/api-service/favouriteActivitiesAPI.ts": {"path":"/home/derek/Repos/nr-spar/frontend/src/api-service/favouriteActivitiesAPI.ts","statementMap":{"0":{"start":{"line":6,"column":25},"end":{"line":37,"column":null}},"1":{"start":{"line":7,"column":14},"end":{"line":7,"column":null}},"2":{"start":{"line":8,"column":2},"end":{"line":36,"column":null}},"3":{"start":{"line":10,"column":19},"end":{"line":10,"column":null}},"4":{"start":{"line":11,"column":42},"end":{"line":11,"column":null}},"5":{"start":{"line":12,"column":27},"end":{"line":12,"column":null}},"6":{"start":{"line":13,"column":6},"end":{"line":30,"column":null}},"7":{"start":{"line":14,"column":8},"end":{"line":29,"column":null}},"8":{"start":{"line":15,"column":32},"end":{"line":15,"column":null}},"9":{"start":{"line":16,"column":10},"end":{"line":16,"column":null}},"10":{"start":{"line":17,"column":10},"end":{"line":17,"column":null}},"11":{"start":{"line":18,"column":10},"end":{"line":22,"column":null}},"12":{"start":{"line":19,"column":12},"end":{"line":19,"column":null}},"13":{"start":{"line":21,"column":12},"end":{"line":21,"column":null}},"14":{"start":{"line":24,"column":34},"end":{"line":24,"column":null}},"15":{"start":{"line":25,"column":10},"end":{"line":25,"column":null}},"16":{"start":{"line":26,"column":10},"end":{"line":26,"column":null}},"17":{"start":{"line":27,"column":10},"end":{"line":27,"column":null}},"18":{"start":{"line":28,"column":10},"end":{"line":28,"column":null}},"19":{"start":{"line":31,"column":6},"end":{"line":31,"column":null}},"20":{"start":{"line":35,"column":6},"end":{"line":35,"column":null}},"21":{"start":{"line":39,"column":26},"end":{"line":42,"column":null}},"22":{"start":{"line":40,"column":14},"end":{"line":40,"column":null}},"23":{"start":{"line":41,"column":2},"end":{"line":41,"column":null}},"24":{"start":{"line":44,"column":25},"end":{"line":51,"column":null}},"25":{"start":{"line":45,"column":14},"end":{"line":45,"column":null}},"26":{"start":{"line":46,"column":22},"end":{"line":46,"column":null}},"27":{"start":{"line":47,"column":2},"end":{"line":49,"column":null}},"28":{"start":{"line":48,"column":4},"end":{"line":48,"column":null}},"29":{"start":{"line":50,"column":2},"end":{"line":50,"column":null}},"30":{"start":{"line":53,"column":28},"end":{"line":56,"column":null}},"31":{"start":{"line":54,"column":14},"end":{"line":54,"column":null}},"32":{"start":{"line":55,"column":2},"end":{"line":55,"column":null}}},"fnMap":{"0":{"name":"(anonymous_0)","decl":{"start":{"line":6,"column":25},"end":{"line":6,"column":31}},"loc":{"start":{"line":6,"column":31},"end":{"line":37,"column":null}}},"1":{"name":"(anonymous_1)","decl":{"start":{"line":9,"column":10},"end":{"line":9,"column":11}},"loc":{"start":{"line":9,"column":24},"end":{"line":32,"column":5}}},"2":{"name":"(anonymous_2)","decl":{"start":{"line":13,"column":19},"end":{"line":13,"column":20}},"loc":{"start":{"line":13,"column":29},"end":{"line":30,"column":7}}},"3":{"name":"(anonymous_3)","decl":{"start":{"line":33,"column":11},"end":{"line":33,"column":12}},"loc":{"start":{"line":33,"column":22},"end":{"line":36,"column":5}}},"4":{"name":"(anonymous_4)","decl":{"start":{"line":39,"column":26},"end":{"line":39,"column":27}},"loc":{"start":{"line":39,"column":59},"end":{"line":42,"column":null}}},"5":{"name":"(anonymous_5)","decl":{"start":{"line":44,"column":25},"end":{"line":44,"column":26}},"loc":{"start":{"line":44,"column":71},"end":{"line":51,"column":null}}},"6":{"name":"(anonymous_6)","decl":{"start":{"line":53,"column":28},"end":{"line":53,"column":29}},"loc":{"start":{"line":53,"column":44},"end":{"line":56,"column":null}}}},"branchMap":{"0":{"loc":{"start":{"line":14,"column":8},"end":{"line":29,"column":null}},"type":"if","locations":[{"start":{"line":14,"column":8},"end":{"line":29,"column":null}},{"start":{"line":23,"column":15},"end":{"line":29,"column":null}}]},"1":{"loc":{"start":{"line":18,"column":10},"end":{"line":22,"column":null}},"type":"if","locations":[{"start":{"line":18,"column":10},"end":{"line":22,"column":null}},{"start":{"line":20,"column":17},"end":{"line":22,"column":null}}]},"2":{"loc":{"start":{"line":47,"column":2},"end":{"line":49,"column":null}},"type":"if","locations":[{"start":{"line":47,"column":2},"end":{"line":49,"column":null}}]}},"s":{"0":112,"1":0,"2":0,"3":0,"4":0,"5":0,"6":0,"7":0,"8":0,"9":0,"10":0,"11":0,"12":0,"13":0,"14":0,"15":0,"16":0,"17":0,"18":0,"19":0,"20":0,"21":112,"22":0,"23":0,"24":112,"25":0,"26":0,"27":0,"28":0,"29":0,"30":112,"31":0,"32":0},"f":{"0":0,"1":0,"2":0,"3":0,"4":0,"5":0,"6":0},"b":{"0":[0,0],"1":[0,0],"2":[0]}}
,"/home/derek/Repos/nr-spar/frontend/src/api-service/filesAndDocsAPI.ts": {"path":"/home/derek/Repos/nr-spar/frontend/src/api-service/filesAndDocsAPI.ts","statementMap":{"0":{"start":{"line":3,"column":24},"end":{"line":3,"column":null}},"1":{"start":{"line":3,"column":30},"end":{"line":3,"column":null}}},"fnMap":{"0":{"name":"(anonymous_0)","decl":{"start":{"line":3,"column":24},"end":{"line":3,"column":30}},"loc":{"start":{"line":3,"column":30},"end":{"line":3,"column":null}}}},"branchMap":{},"s":{"0":112,"1":0},"f":{"0":0},"b":{}}
,"/home/derek/Repos/nr-spar/frontend/src/api-service/forestClientsAPI.ts": {"path":"/home/derek/Repos/nr-spar/frontend/src/api-service/forestClientsAPI.ts","statementMap":{"0":{"start":{"line":4,"column":32},"end":{"line":7,"column":null}},"1":{"start":{"line":5,"column":14},"end":{"line":5,"column":null}},"2":{"start":{"line":6,"column":2},"end":{"line":6,"column":null}},"3":{"start":{"line":6,"column":36},"end":{"line":6,"column":44}}},"fnMap":{"0":{"name":"(anonymous_0)","decl":{"start":{"line":4,"column":32},"end":{"line":4,"column":33}},"loc":{"start":{"line":4,"column":80},"end":{"line":7,"column":null}}},"1":{"name":"(anonymous_1)","decl":{"start":{"line":6,"column":27},"end":{"line":6,"column":28}},"loc":{"start":{"line":6,"column":36},"end":{"line":6,"column":44}}}},"branchMap":{},"s":{"0":112,"1":0,"2":0,"3":0},"f":{"0":0,"1":0},"b":{}}
,"/home/derek/Repos/nr-spar/frontend/src/api-service/fundingSorucesAPI.ts": {"path":"/home/derek/Repos/nr-spar/frontend/src/api-service/fundingSorucesAPI.ts","statementMap":{"0":{"start":{"line":4,"column":26},"end":{"line":7,"column":null}},"1":{"start":{"line":5,"column":14},"end":{"line":5,"column":null}},"2":{"start":{"line":6,"column":2},"end":{"line":6,"column":null}},"3":{"start":{"line":6,"column":36},"end":{"line":6,"column":44}}},"fnMap":{"0":{"name":"(anonymous_0)","decl":{"start":{"line":4,"column":26},"end":{"line":4,"column":32}},"loc":{"start":{"line":4,"column":32},"end":{"line":7,"column":null}}},"1":{"name":"(anonymous_1)","decl":{"start":{"line":6,"column":27},"end":{"line":6,"column":28}},"loc":{"start":{"line":6,"column":36},"end":{"line":6,"column":44}}}},"branchMap":{},"s":{"0":112,"1":0,"2":0,"3":0},"f":{"0":0,"1":0},"b":{}}
,"/home/derek/Repos/nr-spar/frontend/src/api-service/gameticMethodologyAPI.ts": {"path":"/home/derek/Repos/nr-spar/frontend/src/api-service/gameticMethodologyAPI.ts","statementMap":{"0":{"start":{"line":4,"column":30},"end":{"line":7,"column":null}},"1":{"start":{"line":5,"column":14},"end":{"line":5,"column":null}},"2":{"start":{"line":6,"column":2},"end":{"line":6,"column":null}},"3":{"start":{"line":6,"column":36},"end":{"line":6,"column":44}}},"fnMap":{"0":{"name":"(anonymous_0)","decl":{"start":{"line":4,"column":30},"end":{"line":4,"column":36}},"loc":{"start":{"line":4,"column":36},"end":{"line":7,"column":null}}},"1":{"name":"(anonymous_1)","decl":{"start":{"line":6,"column":27},"end":{"line":6,"column":28}},"loc":{"start":{"line":6,"column":36},"end":{"line":6,"column":44}}}},"branchMap":{},"s":{"0":112,"1":0,"2":0,"3":0},"f":{"0":0,"1":0},"b":{}}
,"/home/derek/Repos/nr-spar/frontend/src/api-service/geneticWorthAPI.ts": {"path":"/home/derek/Repos/nr-spar/frontend/src/api-service/geneticWorthAPI.ts","statementMap":{"0":{"start":{"line":5,"column":34},"end":{"line":8,"column":null}},"1":{"start":{"line":6,"column":14},"end":{"line":6,"column":null}},"2":{"start":{"line":7,"column":2},"end":{"line":7,"column":null}}},"fnMap":{"0":{"name":"(anonymous_0)","decl":{"start":{"line":5,"column":34},"end":{"line":5,"column":35}},"loc":{"start":{"line":5,"column":67},"end":{"line":8,"column":null}}}},"branchMap":{},"s":{"0":112,"1":0,"2":0},"f":{"0":0},"b":{}}
,"/home/derek/Repos/nr-spar/frontend/src/api-service/methodsOfPaymentAPI.ts": {"path":"/home/derek/Repos/nr-spar/frontend/src/api-service/methodsOfPaymentAPI.ts","statementMap":{"0":{"start":{"line":5,"column":28},"end":{"line":8,"column":null}},"1":{"start":{"line":6,"column":14},"end":{"line":6,"column":null}},"2":{"start":{"line":7,"column":2},"end":{"line":7,"column":null}},"3":{"start":{"line":7,"column":36},"end":{"line":7,"column":95}}},"fnMap":{"0":{"name":"(anonymous_0)","decl":{"start":{"line":5,"column":28},"end":{"line":5,"column":34}},"loc":{"start":{"line":5,"column":34},"end":{"line":8,"column":null}}},"1":{"name":"(anonymous_1)","decl":{"start":{"line":7,"column":27},"end":{"line":7,"column":28}},"loc":{"start":{"line":7,"column":36},"end":{"line":7,"column":95}}}},"branchMap":{},"s":{"0":112,"1":0,"2":0,"3":0},"f":{"0":0,"1":0},"b":{}}
,"/home/derek/Repos/nr-spar/frontend/src/api-service/orchardAPI.ts": {"path":"/home/derek/Repos/nr-spar/frontend/src/api-service/orchardAPI.ts","statementMap":{"0":{"start":{"line":6,"column":30},"end":{"line":9,"column":null}},"1":{"start":{"line":7,"column":14},"end":{"line":7,"column":null}},"2":{"start":{"line":8,"column":2},"end":{"line":8,"column":null}},"3":{"start":{"line":8,"column":36},"end":{"line":8,"column":44}},"4":{"start":{"line":11,"column":32},"end":{"line":14,"column":null}},"5":{"start":{"line":12,"column":14},"end":{"line":12,"column":null}},"6":{"start":{"line":13,"column":2},"end":{"line":13,"column":null}},"7":{"start":{"line":13,"column":36},"end":{"line":13,"column":44}},"8":{"start":{"line":16,"column":33},"end":{"line":19,"column":null}},"9":{"start":{"line":17,"column":14},"end":{"line":17,"column":null}},"10":{"start":{"line":18,"column":2},"end":{"line":18,"column":null}},"11":{"start":{"line":18,"column":36},"end":{"line":18,"column":44}},"12":{"start":{"line":21,"column":35},"end":{"line":35,"column":null}},"13":{"start":{"line":22,"column":14},"end":{"line":22,"column":null}},"14":{"start":{"line":23,"column":2},"end":{"line":34,"column":null}},"15":{"start":{"line":24,"column":49},"end":{"line":24,"column":null}},"16":{"start":{"line":25,"column":4},"end":{"line":32,"column":null}},"17":{"start":{"line":27,"column":8},"end":{"line":31,"column":null}},"18":{"start":{"line":33,"column":4},"end":{"line":33,"column":null}},"19":{"start":{"line":33,"column":39},"end":{"line":33,"column":70}}},"fnMap":{"0":{"name":"(anonymous_0)","decl":{"start":{"line":6,"column":30},"end":{"line":6,"column":31}},"loc":{"start":{"line":6,"column":53},"end":{"line":9,"column":null}}},"1":{"name":"(anonymous_1)","decl":{"start":{"line":8,"column":27},"end":{"line":8,"column":28}},"loc":{"start":{"line":8,"column":36},"end":{"line":8,"column":44}}},"2":{"name":"(anonymous_2)","decl":{"start":{"line":11,"column":32},"end":{"line":11,"column":33}},"loc":{"start":{"line":11,"column":55},"end":{"line":14,"column":null}}},"3":{"name":"(anonymous_3)","decl":{"start":{"line":13,"column":27},"end":{"line":13,"column":28}},"loc":{"start":{"line":13,"column":36},"end":{"line":13,"column":44}}},"4":{"name":"(anonymous_4)","decl":{"start":{"line":16,"column":33},"end":{"line":16,"column":34}},"loc":{"start":{"line":16,"column":54},"end":{"line":19,"column":null}}},"5":{"name":"(anonymous_5)","decl":{"start":{"line":18,"column":27},"end":{"line":18,"column":28}},"loc":{"start":{"line":18,"column":36},"end":{"line":18,"column":44}}},"6":{"name":"(anonymous_6)","decl":{"start":{"line":21,"column":35},"end":{"line":21,"column":36}},"loc":{"start":{"line":21,"column":56},"end":{"line":35,"column":null}}},"7":{"name":"(anonymous_7)","decl":{"start":{"line":23,"column":27},"end":{"line":23,"column":28}},"loc":{"start":{"line":23,"column":36},"end":{"line":34,"column":3}}},"8":{"name":"(anonymous_8)","decl":{"start":{"line":26,"column":15},"end":{"line":26,"column":16}},"loc":{"start":{"line":27,"column":8},"end":{"line":31,"column":null}}},"9":{"name":"(anonymous_9)","decl":{"start":{"line":33,"column":29},"end":{"line":33,"column":30}},"loc":{"start":{"line":33,"column":39},"end":{"line":33,"column":70}}}},"branchMap":{},"s":{"0":112,"1":0,"2":0,"3":0,"4":112,"5":0,"6":0,"7":0,"8":112,"9":0,"10":0,"11":0,"12":112,"13":0,"14":0,"15":0,"16":0,"17":0,"18":0,"19":0},"f":{"0":0,"1":0,"2":0,"3":0,"4":0,"5":0,"6":0,"7":0,"8":0,"9":0},"b":{}}
,"/home/derek/Repos/nr-spar/frontend/src/api-service/recentActivitiesAPI.ts": {"path":"/home/derek/Repos/nr-spar/frontend/src/api-service/recentActivitiesAPI.ts","statementMap":{"0":{"start":{"line":3,"column":28},"end":{"line":3,"column":null}},"1":{"start":{"line":3,"column":34},"end":{"line":3,"column":null}}},"fnMap":{"0":{"name":"(anonymous_0)","decl":{"start":{"line":3,"column":28},"end":{"line":3,"column":34}},"loc":{"start":{"line":3,"column":34},"end":{"line":3,"column":null}}}},"branchMap":{},"s":{"0":112,"1":0},"f":{"0":0},"b":{}}
,"/home/derek/Repos/nr-spar/frontend/src/api-service/seedlotAPI.ts": {"path":"/home/derek/Repos/nr-spar/frontend/src/api-service/seedlotAPI.ts","statementMap":{"0":{"start":{"line":4,"column":30},"end":{"line":7,"column":null}},"1":{"start":{"line":5,"column":14},"end":{"line":5,"column":null}},"2":{"start":{"line":6,"column":2},"end":{"line":6,"column":null}},"3":{"start":{"line":6,"column":36},"end":{"line":6,"column":44}},"4":{"start":{"line":9,"column":24},"end":{"line":17,"column":null}},"5":{"start":{"line":13,"column":14},"end":{"line":13,"column":null}},"6":{"start":{"line":14,"column":19},"end":{"line":14,"column":null}},"7":{"start":{"line":15,"column":2},"end":{"line":15,"column":null}},"8":{"start":{"line":16,"column":2},"end":{"line":16,"column":null}}},"fnMap":{"0":{"name":"(anonymous_0)","decl":{"start":{"line":4,"column":30},"end":{"line":4,"column":31}},"loc":{"start":{"line":4,"column":57},"end":{"line":7,"column":null}}},"1":{"name":"(anonymous_1)","decl":{"start":{"line":6,"column":27},"end":{"line":6,"column":28}},"loc":{"start":{"line":6,"column":36},"end":{"line":6,"column":44}}},"2":{"name":"(anonymous_2)","decl":{"start":{"line":9,"column":24},"end":{"line":9,"column":null}},"loc":{"start":{"line":12,"column":5},"end":{"line":17,"column":null}}}},"branchMap":{"0":{"loc":{"start":{"line":13,"column":14},"end":{"line":13,"column":null}},"type":"cond-expr","locations":[{"start":{"line":13,"column":26},"end":{"line":13,"column":51}},{"start":{"line":13,"column":51},"end":{"line":13,"column":null}}]}},"s":{"0":112,"1":0,"2":0,"3":40,"4":72,"5":0,"6":0,"7":0,"8":40},"f":{"0":0,"1":0,"2":0},"b":{"0":[0,0]}}
,"/home/derek/Repos/nr-spar/frontend/src/api-service/vegetationCodeAPI.ts": {"path":"/home/derek/Repos/nr-spar/frontend/src/api-service/vegetationCodeAPI.ts","statementMap":{"0":{"start":{"line":9,"column":37},"end":{"line":28,"column":null}},"1":{"start":{"line":30,"column":20},"end":{"line":46,"column":null}},"2":{"start":{"line":31,"column":14},"end":{"line":31,"column":null}},"3":{"start":{"line":32,"column":2},"end":{"line":45,"column":null}},"4":{"start":{"line":33,"column":49},"end":{"line":33,"column":null}},"5":{"start":{"line":34,"column":4},"end":{"line":43,"column":null}},"6":{"start":{"line":35,"column":25},"end":{"line":36,"column":null}},"7":{"start":{"line":36,"column":38},"end":{"line":36,"column":80}},"8":{"start":{"line":37,"column":6},"end":{"line":41,"column":null}},"9":{"start":{"line":38,"column":28},"end":{"line":38,"column":null}},"10":{"start":{"line":39,"column":8},"end":{"line":40,"column":null}},"11":{"start":{"line":40,"column":40},"end":{"line":40,"column":74}},"12":{"start":{"line":42,"column":6},"end":{"line":42,"column":null}},"13":{"start":{"line":44,"column":4},"end":{"line":44,"column":null}}},"fnMap":{"0":{"name":"(anonymous_0)","decl":{"start":{"line":30,"column":20},"end":{"line":30,"column":21}},"loc":{"start":{"line":30,"column":42},"end":{"line":46,"column":null}}},"1":{"name":"(anonymous_1)","decl":{"start":{"line":32,"column":27},"end":{"line":32,"column":28}},"loc":{"start":{"line":32,"column":36},"end":{"line":45,"column":3}}},"2":{"name":"(anonymous_2)","decl":{"start":{"line":36,"column":16},"end":{"line":36,"column":17}},"loc":{"start":{"line":36,"column":38},"end":{"line":36,"column":80}}},"3":{"name":"(anonymous_3)","decl":{"start":{"line":40,"column":18},"end":{"line":40,"column":19}},"loc":{"start":{"line":40,"column":40},"end":{"line":40,"column":74}}}},"branchMap":{"0":{"loc":{"start":{"line":30,"column":21},"end":{"line":30,"column":42}},"type":"default-arg","locations":[{"start":{"line":30,"column":32},"end":{"line":30,"column":42}}]},"1":{"loc":{"start":{"line":34,"column":4},"end":{"line":43,"column":null}},"type":"if","locations":[{"start":{"line":34,"column":4},"end":{"line":43,"column":null}}]},"2":{"loc":{"start":{"line":37,"column":6},"end":{"line":41,"column":null}},"type":"if","locations":[{"start":{"line":37,"column":6},"end":{"line":41,"column":null}}]}},"s":{"0":112,"1":112,"2":0,"3":0,"4":0,"5":0,"6":0,"7":0,"8":0,"9":0,"10":0,"11":0,"12":0,"13":0},"f":{"0":0,"1":0,"2":0,"3":0},"b":{"0":[0],"1":[0],"2":[0]}}
,"/home/derek/Repos/nr-spar/frontend/src/components/ActivityHistory/index.tsx": {"path":"/home/derek/Repos/nr-spar/frontend/src/components/ActivityHistory/index.tsx","statementMap":{"0":{"start":{"line":1,"column":25},"end":{"line":1,"column":null}},"1":{"start":{"line":19,"column":24},"end":{"line":38,"column":null}},"2":{"start":{"line":20,"column":2},"end":{"line":38,"column":null}},"3":{"start":{"line":24,"column":23},"end":{"line":24,"column":null}},"4":{"start":{"line":25,"column":8},"end":{"line":33,"column":null}},"5":{"start":{"line":39,"column":2},"end":{"line":19,"column":24}},"6":{"start":{"line":41,"column":31},"end":{"line":41,"column":null}}},"fnMap":{"0":{"name":"(anonymous_0)","decl":{"start":{"line":1,"column":25},"end":{"line":1,"column":null}},"loc":{"start":{"line":1,"column":25},"end":{"line":1,"column":null}}},"1":{"name":"(anonymous_1)","decl":{"start":{"line":19,"column":24},"end":{"line":19,"column":25}},"loc":{"start":{"line":20,"column":2},"end":{"line":38,"column":null}}},"2":{"name":"(anonymous_2)","decl":{"start":{"line":23,"column":26},"end":{"line":23,"column":35}},"loc":{"start":{"line":23,"column":35},"end":{"line":36,"column":7}}}},"branchMap":{"0":{"loc":{"start":{"line":1,"column":25},"end":{"line":1,"column":null}},"type":"binary-expr","locations":[{"start":{"line":1,"column":25},"end":{"line":1,"column":null}},{"start":{"line":1,"column":25},"end":{"line":1,"column":null}}]},"1":{"loc":{"start":{"line":1,"column":25},"end":{"line":1,"column":null}},"type":"if","locations":[{"start":{"line":1,"column":25},"end":{"line":1,"column":null}}]}},"s":{"0":896,"1":112,"2":0,"3":0,"4":0,"5":112,"6":112},"f":{"0":112,"1":0,"2":0},"b":{"0":[224,112],"1":[112]}}
,"/home/derek/Repos/nr-spar/frontend/src/components/ApplicantAgencyFields/constants.ts": {"path":"/home/derek/Repos/nr-spar/frontend/src/components/ApplicantAgencyFields/constants.ts","statementMap":{"0":{"start":{"line":1,"column":21},"end":{"line":13,"column":null}}},"fnMap":{},"branchMap":{},"s":{"0":100},"f":{},"b":{}}
,"/home/derek/Repos/nr-spar/frontend/src/components/ApplicantAgencyFields/index.tsx": {"path":"/home/derek/Repos/nr-spar/frontend/src/components/ApplicantAgencyFields/index.tsx","statementMap":{"0":{"start":{"line":1,"column":39},"end":{"line":1,"column":null}},"1":{"start":{"line":22,"column":30},"end":{"line":176,"column":2}},"2":{"start":{"line":25,"column":34},"end":{"line":25,"column":null}},"3":{"start":{"line":26,"column":22},"end":{"line":26,"column":null}},"4":{"start":{"line":27,"column":28},"end":{"line":27,"column":null}},"5":{"start":{"line":28,"column":26},"end":{"line":28,"column":null}},"6":{"start":{"line":30,"column":54},"end":{"line":32,"column":null}},"7":{"start":{"line":33,"column":62},"end":{"line":37,"column":null}},"8":{"start":{"line":38,"column":62},"end":{"line":40,"column":null}},"9":{"start":{"line":42,"column":35},"end":{"line":46,"column":null}},"10":{"start":{"line":43,"column":4},"end":{"line":43,"column":null}},"11":{"start":{"line":44,"column":4},"end":{"line":44,"column":null}},"12":{"start":{"line":45,"column":4},"end":{"line":45,"column":null}},"13":{"start":{"line":48,"column":39},"end":{"line":58,"column":null}},"14":{"start":{"line":49,"column":43},"end":{"line":52,"column":null}},"15":{"start":{"line":54,"column":6},"end":{"line":54,"column":null}},"16":{"start":{"line":55,"column":6},"end":{"line":55,"column":null}},"17":{"start":{"line":57,"column":21},"end":{"line":57,"column":null}},"18":{"start":{"line":60,"column":32},"end":{"line":72,"column":null}},"19":{"start":{"line":61,"column":4},"end":{"line":65,"column":null}},"20":{"start":{"line":67,"column":4},"end":{"line":67,"column":null}},"21":{"start":{"line":68,"column":4},"end":{"line":68,"column":null}},"22":{"start":{"line":69,"column":4},"end":{"line":69,"column":null}},"23":{"start":{"line":71,"column":4},"end":{"line":71,"column":null}},"24":{"start":{"line":74,"column":28},"end":{"line":84,"column":null}},"25":{"start":{"line":75,"column":4},"end":{"line":75,"column":null}},"26":{"start":{"line":76,"column":4},"end":{"line":80,"column":null}},"27":{"start":{"line":81,"column":4},"end":{"line":81,"column":null}},"28":{"start":{"line":82,"column":4},"end":{"line":82,"column":null}},"29":{"start":{"line":83,"column":4},"end":{"line":83,"column":null}},"30":{"start":{"line":86,"column":35},"end":{"line":94,"column":null}},"31":{"start":{"line":87,"column":4},"end":{"line":87,"column":null}},"32":{"start":{"line":88,"column":22},"end":{"line":88,"column":null}},"33":{"start":{"line":89,"column":4},"end":{"line":92,"column":null}},"34":{"start":{"line":90,"column":6},"end":{"line":90,"column":null}},"35":{"start":{"line":91,"column":6},"end":{"line":91,"column":null}},"36":{"start":{"line":93,"column":4},"end":{"line":93,"column":null}},"37":{"start":{"line":96,"column":33},"end":{"line":105,"column":null}},"38":{"start":{"line":97,"column":26},"end":{"line":97,"column":null}},"39":{"start":{"line":98,"column":4},"end":{"line":98,"column":null}},"40":{"start":{"line":98,"column":30},"end":{"line":98,"column":null}},"41":{"start":{"line":99,"column":4},"end":{"line":99,"column":null}},"42":{"start":{"line":100,"column":4},"end":{"line":100,"column":null}},"43":{"start":{"line":101,"column":4},"end":{"line":104,"column":null}},"44":{"start":{"line":102,"column":6},"end":{"line":102,"column":null}},"45":{"start":{"line":103,"column":6},"end":{"line":103,"column":null}},"46":{"start":{"line":107,"column":2},"end":{"line":174,"column":null}},"47":{"start":{"line":118,"column":14},"end":{"line":118,"column":null}},"48":{"start":{"line":135,"column":44},"end":{"line":135,"column":null}},"49":{"start":{"line":138,"column":51},"end":{"line":138,"column":null}},"50":{"start":{"line":158,"column":14},"end":{"line":158,"column":null}},"51":{"start":{"line":160,"column":65},"end":{"line":160,"column":null}},"52":{"start":{"line":162,"column":14},"end":{"line":164,"column":null}},"53":{"start":{"line":163,"column":16},"end":{"line":163,"column":null}},"54":{"start":{"line":176,"column":2},"end":{"line":48,"column":51}},"55":{"start":{"line":22,"column":27},"end":{"line":48,"column":51}},"56":{"start":{"line":48,"column":50},"end":{"line":22,"column":27}},"57":{"start":{"line":178,"column":37},"end":{"line":178,"column":null}}},"fnMap":{"0":{"name":"(anonymous_0)","decl":{"start":{"line":1,"column":39},"end":{"line":1,"column":null}},"loc":{"start":{"line":1,"column":39},"end":{"line":1,"column":null}}},"1":{"name":"(anonymous_1)","decl":{"start":{"line":22,"column":30},"end":{"line":22,"column":31}},"loc":{"start":{"line":25,"column":34},"end":{"line":176,"column":2}}},"2":{"name":"(anonymous_2)","decl":{"start":{"line":42,"column":35},"end":{"line":42,"column":36}},"loc":{"start":{"line":42,"column":59},"end":{"line":46,"column":null}}},"3":{"name":"(anonymous_3)","decl":{"start":{"line":49,"column":16},"end":{"line":49,"column":17}},"loc":{"start":{"line":49,"column":43},"end":{"line":52,"column":null}}},"4":{"name":"(anonymous_4)","decl":{"start":{"line":53,"column":13},"end":{"line":53,"column":19}},"loc":{"start":{"line":53,"column":19},"end":{"line":56,"column":null}}},"5":{"name":"(anonymous_5)","decl":{"start":{"line":57,"column":15},"end":{"line":57,"column":21}},"loc":{"start":{"line":57,"column":21},"end":{"line":57,"column":null}}},"6":{"name":"(anonymous_6)","decl":{"start":{"line":60,"column":32},"end":{"line":60,"column":33}},"loc":{"start":{"line":60,"column":54},"end":{"line":72,"column":null}}},"7":{"name":"(anonymous_7)","decl":{"start":{"line":74,"column":28},"end":{"line":74,"column":29}},"loc":{"start":{"line":74,"column":56},"end":{"line":84,"column":null}}},"8":{"name":"(anonymous_8)","decl":{"start":{"line":86,"column":35},"end":{"line":86,"column":36}},"loc":{"start":{"line":86,"column":54},"end":{"line":94,"column":null}}},"9":{"name":"(anonymous_9)","decl":{"start":{"line":96,"column":33},"end":{"line":96,"column":34}},"loc":{"start":{"line":96,"column":52},"end":{"line":105,"column":null}}},"10":{"name":"(anonymous_10)","decl":{"start":{"line":117,"column":22},"end":{"line":117,"column":23}},"loc":{"start":{"line":117,"column":66},"end":{"line":119,"column":14}}},"11":{"name":"(anonymous_11)","decl":{"start":{"line":135,"column":22},"end":{"line":135,"column":23}},"loc":{"start":{"line":135,"column":44},"end":{"line":135,"column":null}}},"12":{"name":"(anonymous_12)","decl":{"start":{"line":138,"column":14},"end":{"line":138,"column":15}},"loc":{"start":{"line":138,"column":51},"end":{"line":138,"column":null}}},"13":{"name":"(anonymous_13)","decl":{"start":{"line":157,"column":22},"end":{"line":157,"column":23}},"loc":{"start":{"line":157,"column":66},"end":{"line":159,"column":null}}},"14":{"name":"(anonymous_14)","decl":{"start":{"line":160,"column":21},"end":{"line":160,"column":22}},"loc":{"start":{"line":160,"column":65},"end":{"line":160,"column":null}}},"15":{"name":"(anonymous_15)","decl":{"start":{"line":161,"column":20},"end":{"line":161,"column":21}},"loc":{"start":{"line":161,"column":64},"end":{"line":165,"column":14}}},"16":{"name":"(anonymous_16)","decl":{"start":{"line":22,"column":27},"end":{"line":22,"column":30}},"loc":{"start":{"line":22,"column":27},"end":{"line":48,"column":51}}}},"branchMap":{"0":{"loc":{"start":{"line":1,"column":39},"end":{"line":1,"column":null}},"type":"binary-expr","locations":[{"start":{"line":1,"column":39},"end":{"line":1,"column":null}},{"start":{"line":1,"column":39},"end":{"line":1,"column":null}}]},"1":{"loc":{"start":{"line":1,"column":39},"end":{"line":1,"column":null}},"type":"if","locations":[{"start":{"line":1,"column":39},"end":{"line":1,"column":null}}]},"2":{"loc":{"start":{"line":31,"column":4},"end":{"line":31,"column":null}},"type":"cond-expr","locations":[{"start":{"line":31,"column":24},"end":{"line":31,"column":67}},{"start":{"line":31,"column":67},"end":{"line":31,"column":null}}]},"3":{"loc":{"start":{"line":34,"column":4},"end":{"line":36,"column":null}},"type":"cond-expr","locations":[{"start":{"line":35,"column":8},"end":{"line":35,"column":null}},{"start":{"line":36,"column":8},"end":{"line":36,"column":null}}]},"4":{"loc":{"start":{"line":34,"column":4},"end":{"line":34,"column":null}},"type":"binary-expr","locations":[{"start":{"line":34,"column":4},"end":{"line":34,"column":35}},{"start":{"line":34,"column":35},"end":{"line":34,"column":null}}]},"5":{"loc":{"start":{"line":62,"column":6},"end":{"line":64,"column":null}},"type":"cond-expr","locations":[{"start":{"line":63,"column":10},"end":{"line":63,"column":null}},{"start":{"line":64,"column":10},"end":{"line":64,"column":null}}]},"6":{"loc":{"start":{"line":67,"column":24},"end":{"line":67,"column":null}},"type":"cond-expr","locations":[{"start":{"line":67,"column":34},"end":{"line":67,"column":50}},{"start":{"line":67,"column":50},"end":{"line":67,"column":null}}]},"7":{"loc":{"start":{"line":68,"column":30},"end":{"line":68,"column":null}},"type":"cond-expr","locations":[{"start":{"line":68,"column":40},"end":{"line":68,"column":54}},{"start":{"line":68,"column":54},"end":{"line":68,"column":null}}]},"8":{"loc":{"start":{"line":75,"column":26},"end":{"line":75,"column":49}},"type":"cond-expr","locations":[{"start":{"line":75,"column":34},"end":{"line":75,"column":47}},{"start":{"line":75,"column":47},"end":{"line":75,"column":49}}]},"9":{"loc":{"start":{"line":77,"column":6},"end":{"line":79,"column":null}},"type":"cond-expr","locations":[{"start":{"line":78,"column":10},"end":{"line":78,"column":null}},{"start":{"line":79,"column":10},"end":{"line":79,"column":null}}]},"10":{"loc":{"start":{"line":81,"column":24},"end":{"line":81,"column":null}},"type":"cond-expr","locations":[{"start":{"line":81,"column":32},"end":{"line":81,"column":46}},{"start":{"line":81,"column":46},"end":{"line":81,"column":null}}]},"11":{"loc":{"start":{"line":82,"column":30},"end":{"line":82,"column":null}},"type":"cond-expr","locations":[{"start":{"line":82,"column":38},"end":{"line":82,"column":64}},{"start":{"line":82,"column":64},"end":{"line":82,"column":null}}]},"12":{"loc":{"start":{"line":89,"column":4},"end":{"line":92,"column":null}},"type":"if","locations":[{"start":{"line":89,"column":4},"end":{"line":92,"column":null}}]},"13":{"loc":{"start":{"line":97,"column":26},"end":{"line":97,"column":null}},"type":"cond-expr","locations":[{"start":{"line":97,"column":41},"end":{"line":97,"column":69}},{"start":{"line":97,"column":69},"end":{"line":97,"column":null}}]},"14":{"loc":{"start":{"line":98,"column":4},"end":{"line":98,"column":null}},"type":"if","locations":[{"start":{"line":98,"column":4},"end":{"line":98,"column":null}}]},"15":{"loc":{"start":{"line":101,"column":4},"end":{"line":104,"column":null}},"type":"if","locations":[{"start":{"line":101,"column":4},"end":{"line":104,"column":null}}]},"16":{"loc":{"start":{"line":133,"column":22},"end":{"line":133,"column":null}},"type":"binary-expr","locations":[{"start":{"line":133,"column":22},"end":{"line":133,"column":47}},{"start":{"line":133,"column":47},"end":{"line":133,"column":null}}]},"17":{"loc":{"start":{"line":150,"column":25},"end":{"line":150,"column":null}},"type":"cond-expr","locations":[{"start":{"line":150,"column":47},"end":{"line":150,"column":52}},{"start":{"line":150,"column":52},"end":{"line":150,"column":null}}]},"18":{"loc":{"start":{"line":155,"column":22},"end":{"line":155,"column":null}},"type":"binary-expr","locations":[{"start":{"line":155,"column":22},"end":{"line":155,"column":47}},{"start":{"line":155,"column":47},"end":{"line":155,"column":null}}]},"19":{"loc":{"start":{"line":162,"column":14},"end":{"line":164,"column":null}},"type":"if","locations":[{"start":{"line":162,"column":14},"end":{"line":164,"column":null}}]},"20":{"loc":{"start":{"line":168,"column":12},"end":{"line":170,"column":null}},"type":"cond-expr","locations":[{"start":{"line":169,"column":16},"end":{"line":169,"column":null}},{"start":{"line":170,"column":16},"end":{"line":170,"column":null}}]}},"s":{"0":900,"1":100,"2":0,"3":0,"4":0,"5":0,"6":0,"7":0,"8":0,"9":0,"10":0,"11":0,"12":0,"13":0,"14":0,"15":0,"16":0,"17":0,"18":0,"19":0,"20":0,"21":0,"22":0,"23":0,"24":0,"25":0,"26":0,"27":0,"28":0,"29":0,"30":0,"31":0,"32":0,"33":0,"34":0,"35":0,"36":0,"37":0,"38":0,"39":0,"40":0,"41":0,"42":0,"43":0,"44":0,"45":0,"46":0,"47":0,"48":0,"49":0,"50":0,"51":0,"52":0,"53":0,"54":60,"55":0,"56":60,"57":60},"f":{"0":100,"1":0,"2":0,"3":0,"4":0,"5":0,"6":0,"7":0,"8":0,"9":0,"10":0,"11":0,"12":0,"13":0,"14":0,"15":0,"16":0},"b":{"0":[200,100],"1":[100],"2":[0,0],"3":[0,0],"4":[0,0],"5":[0,0],"6":[0,0],"7":[0,0],"8":[0,0],"9":[0,0],"10":[0,0],"11":[0,0],"12":[0],"13":[0,0],"14":[0],"15":[0],"16":[0,0],"17":[0,0],"18":[0,0],"19":[0],"20":[0,0]}}
,"/home/derek/Repos/nr-spar/frontend/src/components/ApplicantInformationForm/constants.ts": {"path":"/home/derek/Repos/nr-spar/frontend/src/components/ApplicantInformationForm/constants.ts","statementMap":{"0":{"start":{"line":3,"column":25},"end":{"line":10,"column":null}},"1":{"start":{"line":12,"column":60},"end":{"line":19,"column":null}},"2":{"start":{"line":21,"column":52},"end":{"line":28,"column":null}}},"fnMap":{},"branchMap":{},"s":{"0":72,"1":72,"2":72},"f":{},"b":{}}
,"/home/derek/Repos/nr-spar/frontend/src/components/ApplicantInformationForm/index.tsx": {"path":"/home/derek/Repos/nr-spar/frontend/src/components/ApplicantInformationForm/index.tsx","statementMap":{"0":{"start":{"line":47,"column":33},"end":{"line":417,"column":2}},"1":{"start":{"line":47,"column":39},"end":{"line":47,"column":null}},"2":{"start":{"line":48,"column":19},"end":{"line":48,"column":null}},"3":{"start":{"line":50,"column":46},"end":{"line":65,"column":null}},"4":{"start":{"line":67,"column":25},"end":{"line":67,"column":null}},"5":{"start":{"line":68,"column":25},"end":{"line":68,"column":null}},"6":{"start":{"line":69,"column":24},"end":{"line":69,"column":null}},"7":{"start":{"line":70,"column":26},"end":{"line":70,"column":null}},"8":{"start":{"line":72,"column":42},"end":{"line":72,"column":null}},"9":{"start":{"line":73,"column":60},"end":{"line":73,"column":null}},"10":{"start":{"line":74,"column":46},"end":{"line":74,"column":null}},"11":{"start":{"line":75,"column":50},"end":{"line":75,"column":null}},"12":{"start":{"line":76,"column":54},"end":{"line":76,"column":null}},"13":{"start":{"line":77,"column":62},"end":{"line":77,"column":null}},"14":{"start":{"line":78,"column":54},"end":{"line":80,"column":null}},"15":{"start":{"line":82,"column":35},"end":{"line":85,"column":null}},"16":{"start":{"line":83,"column":4},"end":{"line":83,"column":null}},"17":{"start":{"line":84,"column":4},"end":{"line":84,"column":null}},"18":{"start":{"line":87,"column":39},"end":{"line":97,"column":null}},"19":{"start":{"line":88,"column":42},"end":{"line":91,"column":null}},"20":{"start":{"line":93,"column":6},"end":{"line":93,"column":null}},"21":{"start":{"line":94,"column":6},"end":{"line":94,"column":null}},"22":{"start":{"line":96,"column":21},"end":{"line":96,"column":null}},"23":{"start":{"line":99,"column":31},"end":{"line":102,"column":null}},"24":{"start":{"line":101,"column":19},"end":{"line":101,"column":null}},"25":{"start":{"line":104,"column":23},"end":{"line":107,"column":null}},"26":{"start":{"line":106,"column":19},"end":{"line":106,"column":null}},"27":{"start":{"line":109,"column":36},"end":{"line":120,"column":null}},"28":{"start":{"line":112,"column":22},"end":{"line":112,"column":null}},"29":{"start":{"line":113,"column":4},"end":{"line":119,"column":null}},"30":{"start":{"line":122,"column":31},"end":{"line":150,"column":null}},"31":{"start":{"line":123,"column":26},"end":{"line":123,"column":null}},"32":{"start":{"line":124,"column":22},"end":{"line":124,"column":null}},"33":{"start":{"line":128,"column":4},"end":{"line":137,"column":null}},"34":{"start":{"line":129,"column":6},"end":{"line":129,"column":null}},"35":{"start":{"line":130,"column":6},"end":{"line":136,"column":null}},"36":{"start":{"line":139,"column":4},"end":{"line":143,"column":null}},"37":{"start":{"line":140,"column":6},"end":{"line":140,"column":null}},"38":{"start":{"line":141,"column":6},"end":{"line":141,"column":null}},"39":{"start":{"line":142,"column":6},"end":{"line":142,"column":null}},"40":{"start":{"line":145,"column":4},"end":{"line":149,"column":null}},"41":{"start":{"line":146,"column":6},"end":{"line":146,"column":null}},"42":{"start":{"line":147,"column":6},"end":{"line":147,"column":null}},"43":{"start":{"line":148,"column":6},"end":{"line":148,"column":null}},"44":{"start":{"line":152,"column":38},"end":{"line":163,"column":null}},"45":{"start":{"line":155,"column":28},"end":{"line":155,"column":null}},"46":{"start":{"line":156,"column":4},"end":{"line":162,"column":null}},"47":{"start":{"line":165,"column":32},"end":{"line":191,"column":null}},"48":{"start":{"line":166,"column":29},"end":{"line":166,"column":null}},"49":{"start":{"line":167,"column":4},"end":{"line":190,"column":null}},"50":{"start":{"line":168,"column":6},"end":{"line":175,"column":null}},"51":{"start":{"line":176,"column":6},"end":{"line":178,"column":null}},"52":{"start":{"line":177,"column":8},"end":{"line":177,"column":null}},"53":{"start":{"line":179,"column":6},"end":{"line":179,"column":null}},"54":{"start":{"line":180,"column":6},"end":{"line":184,"column":null}},"55":{"start":{"line":186,"column":6},"end":{"line":189,"column":null}},"56":{"start":{"line":193,"column":34},"end":{"line":199,"column":null}},"57":{"start":{"line":194,"column":18},"end":{"line":194,"column":null}},"58":{"start":{"line":195,"column":4},"end":{"line":198,"column":null}},"59":{"start":{"line":201,"column":39},"end":{"line":207,"column":null}},"60":{"start":{"line":202,"column":30},"end":{"line":202,"column":null}},"61":{"start":{"line":203,"column":4},"end":{"line":206,"column":null}},"62":{"start":{"line":209,"column":33},"end":{"line":215,"column":null}},"63":{"start":{"line":210,"column":4},"end":{"line":214,"column":null}},"64":{"start":{"line":211,"column":6},"end":{"line":211,"column":null}},"65":{"start":{"line":213,"column":6},"end":{"line":213,"column":null}},"66":{"start":{"line":217,"column":28},"end":{"line":238,"column":null}},"67":{"start":{"line":218,"column":4},"end":{"line":218,"column":null}},"68":{"start":{"line":220,"column":4},"end":{"line":237,"column":null}},"69":{"start":{"line":221,"column":6},"end":{"line":221,"column":null}},"70":{"start":{"line":222,"column":4},"end":{"line":237,"column":null}},"71":{"start":{"line":223,"column":6},"end":{"line":223,"column":null}},"72":{"start":{"line":224,"column":4},"end":{"line":237,"column":null}},"73":{"start":{"line":225,"column":6},"end":{"line":225,"column":null}},"74":{"start":{"line":226,"column":6},"end":{"line":226,"column":null}},"75":{"start":{"line":228,"column":18},"end":{"line":228,"column":null}},"76":{"start":{"line":229,"column":6},"end":{"line":236,"column":null}},"77":{"start":{"line":231,"column":10},"end":{"line":231,"column":null}},"78":{"start":{"line":235,"column":10},"end":{"line":235,"column":null}},"79":{"start":{"line":240,"column":26},"end":{"line":283,"column":null}},"80":{"start":{"line":245,"column":47},"end":{"line":245,"column":null}},"81":{"start":{"line":246,"column":23},"end":{"line":246,"column":null}},"82":{"start":{"line":248,"column":4},"end":{"line":254,"column":null}},"83":{"start":{"line":249,"column":6},"end":{"line":252,"column":null}},"84":{"start":{"line":255,"column":4},"end":{"line":281,"column":null}},"85":{"start":{"line":266,"column":49},"end":{"line":266,"column":null}},"86":{"start":{"line":270,"column":42},"end":{"line":270,"column":null}},"87":{"start":{"line":285,"column":2},"end":{"line":415,"column":null}},"88":{"start":{"line":311,"column":68},"end":{"line":311,"column":null}},"89":{"start":{"line":312,"column":28},"end":{"line":312,"column":null}},"90":{"start":{"line":313,"column":67},"end":{"line":313,"column":null}},"91":{"start":{"line":334,"column":68},"end":{"line":334,"column":null}},"92":{"start":{"line":335,"column":28},"end":{"line":335,"column":53}},"93":{"start":{"line":357,"column":39},"end":{"line":357,"column":null}},"94":{"start":{"line":386,"column":62},"end":{"line":386,"column":null}},"95":{"start":{"line":401,"column":62},"end":{"line":401,"column":null}},"96":{"start":{"line":417,"column":2},"end":{"line":104,"column":32}},"97":{"start":{"line":47,"column":30},"end":{"line":104,"column":32}},"98":{"start":{"line":104,"column":31},"end":{"line":47,"column":30}},"99":{"start":{"line":419,"column":40},"end":{"line":419,"column":null}}},"fnMap":{"0":{"name":"(anonymous_1)","decl":{"start":{"line":47,"column":33},"end":{"line":47,"column":39}},"loc":{"start":{"line":47,"column":39},"end":{"line":417,"column":2}}},"1":{"name":"(anonymous_2)","decl":{"start":{"line":82,"column":35},"end":{"line":82,"column":36}},"loc":{"start":{"line":82,"column":59},"end":{"line":85,"column":null}}},"2":{"name":"(anonymous_3)","decl":{"start":{"line":88,"column":16},"end":{"line":88,"column":17}},"loc":{"start":{"line":88,"column":42},"end":{"line":91,"column":null}}},"3":{"name":"(anonymous_4)","decl":{"start":{"line":92,"column":13},"end":{"line":92,"column":19}},"loc":{"start":{"line":92,"column":19},"end":{"line":95,"column":null}}},"4":{"name":"(anonymous_5)","decl":{"start":{"line":96,"column":15},"end":{"line":96,"column":21}},"loc":{"start":{"line":96,"column":21},"end":{"line":96,"column":null}}},"5":{"name":"(anonymous_6)","decl":{"start":{"line":101,"column":13},"end":{"line":101,"column":19}},"loc":{"start":{"line":101,"column":19},"end":{"line":101,"column":null}}},"6":{"name":"(anonymous_7)","decl":{"start":{"line":106,"column":13},"end":{"line":106,"column":19}},"loc":{"start":{"line":106,"column":19},"end":{"line":106,"column":null}}},"7":{"name":"(anonymous_8)","decl":{"start":{"line":109,"column":36},"end":{"line":109,"column":null}},"loc":{"start":{"line":111,"column":7},"end":{"line":120,"column":null}}},"8":{"name":"(anonymous_9)","decl":{"start":{"line":122,"column":31},"end":{"line":122,"column":37}},"loc":{"start":{"line":122,"column":37},"end":{"line":150,"column":null}}},"9":{"name":"(anonymous_10)","decl":{"start":{"line":152,"column":38},"end":{"line":152,"column":null}},"loc":{"start":{"line":154,"column":7},"end":{"line":163,"column":null}}},"10":{"name":"(anonymous_11)","decl":{"start":{"line":165,"column":32},"end":{"line":165,"column":33}},"loc":{"start":{"line":165,"column":86},"end":{"line":191,"column":null}}},"11":{"name":"(anonymous_12)","decl":{"start":{"line":193,"column":34},"end":{"line":193,"column":35}},"loc":{"start":{"line":193,"column":53},"end":{"line":199,"column":null}}},"12":{"name":"(anonymous_13)","decl":{"start":{"line":201,"column":39},"end":{"line":201,"column":40}},"loc":{"start":{"line":201,"column":87},"end":{"line":207,"column":null}}},"13":{"name":"(anonymous_14)","decl":{"start":{"line":209,"column":33},"end":{"line":209,"column":39}},"loc":{"start":{"line":209,"column":39},"end":{"line":215,"column":null}}},"14":{"name":"(anonymous_15)","decl":{"start":{"line":217,"column":28},"end":{"line":217,"column":29}},"loc":{"start":{"line":217,"column":73},"end":{"line":238,"column":null}}},"15":{"name":"(anonymous_16)","decl":{"start":{"line":230,"column":15},"end":{"line":230,"column":28}},"loc":{"start":{"line":230,"column":28},"end":{"line":232,"column":9}}},"16":{"name":"(anonymous_17)","decl":{"start":{"line":233,"column":16},"end":{"line":233,"column":26}},"loc":{"start":{"line":233,"column":26},"end":{"line":236,"column":9}}},"17":{"name":"(anonymous_18)","decl":{"start":{"line":240,"column":26},"end":{"line":240,"column":null}},"loc":{"start":{"line":244,"column":7},"end":{"line":283,"column":null}}},"18":{"name":"(anonymous_19)","decl":{"start":{"line":266,"column":12},"end":{"line":266,"column":13}},"loc":{"start":{"line":266,"column":49},"end":{"line":266,"column":null}}},"19":{"name":"(anonymous_20)","decl":{"start":{"line":270,"column":20},"end":{"line":270,"column":21}},"loc":{"start":{"line":270,"column":42},"end":{"line":270,"column":null}}},"20":{"name":"(anonymous_21)","decl":{"start":{"line":311,"column":24},"end":{"line":311,"column":25}},"loc":{"start":{"line":311,"column":68},"end":{"line":311,"column":null}}},"21":{"name":"(anonymous_22)","decl":{"start":{"line":312,"column":22},"end":{"line":312,"column":28}},"loc":{"start":{"line":312,"column":28},"end":{"line":312,"column":null}}},"22":{"name":"(anonymous_23)","decl":{"start":{"line":313,"column":23},"end":{"line":313,"column":24}},"loc":{"start":{"line":313,"column":67},"end":{"line":313,"column":null}}},"23":{"name":"(anonymous_24)","decl":{"start":{"line":334,"column":24},"end":{"line":334,"column":25}},"loc":{"start":{"line":334,"column":68},"end":{"line":334,"column":null}}},"24":{"name":"(anonymous_25)","decl":{"start":{"line":335,"column":22},"end":{"line":335,"column":28}},"loc":{"start":{"line":335,"column":28},"end":{"line":335,"column":53}}},"25":{"name":"(anonymous_26)","decl":{"start":{"line":357,"column":24},"end":{"line":357,"column":25}},"loc":{"start":{"line":357,"column":39},"end":{"line":357,"column":null}}},"26":{"name":"(anonymous_27)","decl":{"start":{"line":386,"column":18},"end":{"line":386,"column":19}},"loc":{"start":{"line":386,"column":62},"end":{"line":386,"column":null}}},"27":{"name":"(anonymous_28)","decl":{"start":{"line":401,"column":18},"end":{"line":401,"column":19}},"loc":{"start":{"line":401,"column":62},"end":{"line":401,"column":null}}},"28":{"name":"(anonymous_29)","decl":{"start":{"line":47,"column":30},"end":{"line":47,"column":33}},"loc":{"start":{"line":47,"column":30},"end":{"line":104,"column":32}}}},"branchMap":{"0":{"loc":{"start":{"line":128,"column":4},"end":{"line":137,"column":null}},"type":"if","locations":[{"start":{"line":128,"column":4},"end":{"line":137,"column":null}}]},"1":{"loc":{"start":{"line":128,"column":8},"end":{"line":128,"column":51}},"type":"binary-expr","locations":[{"start":{"line":128,"column":8},"end":{"line":128,"column":21}},{"start":{"line":128,"column":21},"end":{"line":128,"column":51}}]},"2":{"loc":{"start":{"line":139,"column":4},"end":{"line":143,"column":null}},"type":"if","locations":[{"start":{"line":139,"column":4},"end":{"line":143,"column":null}}]},"3":{"loc":{"start":{"line":145,"column":4},"end":{"line":149,"column":null}},"type":"if","locations":[{"start":{"line":145,"column":4},"end":{"line":149,"column":null}}]},"4":{"loc":{"start":{"line":167,"column":4},"end":{"line":190,"column":null}},"type":"if","locations":[{"start":{"line":167,"column":4},"end":{"line":190,"column":null}},{"start":{"line":185,"column":11},"end":{"line":190,"column":null}}]},"5":{"loc":{"start":{"line":173,"column":18},"end":{"line":173,"column":null}},"type":"cond-expr","locations":[{"start":{"line":173,"column":33},"end":{"line":173,"column":65}},{"start":{"line":173,"column":65},"end":{"line":173,"column":null}}]},"6":{"loc":{"start":{"line":176,"column":6},"end":{"line":178,"column":null}},"type":"if","locations":[{"start":{"line":176,"column":6},"end":{"line":178,"column":null}}]},"7":{"loc":{"start":{"line":179,"column":28},"end":{"line":179,"column":83}},"type":"cond-expr","locations":[{"start":{"line":179,"column":43},"end":{"line":179,"column":81}},{"start":{"line":179,"column":81},"end":{"line":179,"column":83}}]},"8":{"loc":{"start":{"line":181,"column":8},"end":{"line":183,"column":null}},"type":"cond-expr","locations":[{"start":{"line":182,"column":12},"end":{"line":182,"column":null}},{"start":{"line":183,"column":12},"end":{"line":183,"column":null}}]},"9":{"loc":{"start":{"line":210,"column":4},"end":{"line":214,"column":null}},"type":"if","locations":[{"start":{"line":210,"column":4},"end":{"line":214,"column":null}},{"start":{"line":212,"column":11},"end":{"line":214,"column":null}}]},"10":{"loc":{"start":{"line":220,"column":4},"end":{"line":237,"column":null}},"type":"if","locations":[{"start":{"line":220,"column":4},"end":{"line":237,"column":null}},{"start":{"line":222,"column":4},"end":{"line":237,"column":null}}]},"11":{"loc":{"start":{"line":222,"column":4},"end":{"line":237,"column":null}},"type":"if","locations":[{"start":{"line":222,"column":4},"end":{"line":237,"column":null}},{"start":{"line":224,"column":4},"end":{"line":237,"column":null}}]},"12":{"loc":{"start":{"line":224,"column":4},"end":{"line":237,"column":null}},"type":"if","locations":[{"start":{"line":224,"column":4},"end":{"line":237,"column":null}},{"start":{"line":227,"column":11},"end":{"line":237,"column":null}}]},"13":{"loc":{"start":{"line":243,"column":4},"end":{"line":243,"column":null}},"type":"default-arg","locations":[{"start":{"line":243,"column":26},"end":{"line":243,"column":null}}]},"14":{"loc":{"start":{"line":248,"column":4},"end":{"line":254,"column":null}},"type":"if","locations":[{"start":{"line":248,"column":4},"end":{"line":254,"column":null}}]},"15":{"loc":{"start":{"line":250,"column":34},"end":{"line":250,"column":null}},"type":"cond-expr","locations":[{"start":{"line":250,"column":56},"end":{"line":250,"column":60}},{"start":{"line":250,"column":60},"end":{"line":250,"column":null}}]},"16":{"loc":{"start":{"line":256,"column":32},"end":{"line":256,"column":null}},"type":"cond-expr","locations":[{"start":{"line":256,"column":54},"end":{"line":256,"column":58}},{"start":{"line":256,"column":58},"end":{"line":256,"column":null}}]},"17":{"loc":{"start":{"line":263,"column":15},"end":{"line":263,"column":null}},"type":"cond-expr","locations":[{"start":{"line":263,"column":37},"end":{"line":263,"column":54}},{"start":{"line":263,"column":54},"end":{"line":263,"column":null}}]},"18":{"loc":{"start":{"line":264,"column":17},"end":{"line":264,"column":null}},"type":"cond-expr","locations":[{"start":{"line":264,"column":29},"end":{"line":264,"column":42}},{"start":{"line":264,"column":42},"end":{"line":264,"column":null}}]},"19":{"loc":{"start":{"line":271,"column":19},"end":{"line":271,"column":null}},"type":"binary-expr","locations":[{"start":{"line":271,"column":19},"end":{"line":271,"column":43}},{"start":{"line":271,"column":43},"end":{"line":271,"column":null}}]},"20":{"loc":{"start":{"line":273,"column":22},"end":{"line":273,"column":null}},"type":"cond-expr","locations":[{"start":{"line":273,"column":35},"end":{"line":273,"column":40}},{"start":{"line":273,"column":40},"end":{"line":273,"column":null}}]},"21":{"loc":{"start":{"line":277,"column":10},"end":{"line":279,"column":null}},"type":"cond-expr","locations":[{"start":{"line":278,"column":14},"end":{"line":278,"column":null}},{"start":{"line":279,"column":14},"end":{"line":279,"column":null}}]},"22":{"loc":{"start":{"line":308,"column":27},"end":{"line":308,"column":null}},"type":"cond-expr","locations":[{"start":{"line":308,"column":49},"end":{"line":308,"column":54}},{"start":{"line":308,"column":54},"end":{"line":308,"column":null}}]},"23":{"loc":{"start":{"line":317,"column":14},"end":{"line":319,"column":null}},"type":"cond-expr","locations":[{"start":{"line":318,"column":18},"end":{"line":318,"column":null}},{"start":{"line":319,"column":18},"end":{"line":319,"column":null}}]}},"s":{"0":72,"1":0,"2":0,"3":0,"4":0,"5":0,"6":0,"7":0,"8":0,"9":0,"10":0,"11":0,"12":0,"13":0,"14":0,"15":0,"16":0,"17":0,"18":0,"19":0,"20":0,"21":0,"22":0,"23":0,"24":0,"25":0,"26":0,"27":0,"28":0,"29":0,"30":0,"31":0,"32":0,"33":0,"34":0,"35":0,"36":0,"37":0,"38":0,"39":0,"40":0,"41":0,"42":0,"43":0,"44":0,"45":0,"46":0,"47":0,"48":0,"49":0,"50":0,"51":0,"52":0,"53":0,"54":0,"55":0,"56":0,"57":0,"58":0,"59":0,"60":0,"61":0,"62":0,"63":0,"64":0,"65":0,"66":0,"67":0,"68":0,"69":0,"70":0,"71":0,"72":0,"73":0,"74":0,"75":0,"76":0,"77":0,"78":0,"79":0,"80":0,"81":0,"82":0,"83":0,"84":0,"85":0,"86":0,"87":0,"88":0,"89":0,"90":0,"91":0,"92":0,"93":0,"94":0,"95":0,"96":72,"97":0,"98":72,"99":72},"f":{"0":0,"1":0,"2":0,"3":0,"4":0,"5":0,"6":0,"7":0,"8":0,"9":0,"10":0,"11":0,"12":0,"13":0,"14":0,"15":0,"16":0,"17":0,"18":0,"19":0,"20":0,"21":0,"22":0,"23":0,"24":0,"25":0,"26":0,"27":0,"28":0},"b":{"0":[0],"1":[0,0],"2":[0],"3":[0],"4":[0,0],"5":[0,0],"6":[0],"7":[0,0],"8":[0,0],"9":[0,0],"10":[0,0],"11":[0,0],"12":[0,0],"13":[0],"14":[0],"15":[0,0],"16":[0,0],"17":[0,0],"18":[0,0],"19":[0,0],"20":[0,0],"21":[0,0],"22":[0,0],"23":[0,0]}}
,"/home/derek/Repos/nr-spar/frontend/src/components/ApplicantSeedlotInformation/index.tsx": {"path":"/home/derek/Repos/nr-spar/frontend/src/components/ApplicantSeedlotInformation/index.tsx","statementMap":{"0":{"start":{"line":1,"column":25},"end":{"line":1,"column":null}},"1":{"start":{"line":16,"column":36},"end":{"line":100,"column":null}},"2":{"start":{"line":19,"column":2},"end":{"line":100,"column":null}},"3":{"start":{"line":101,"column":2},"end":{"line":16,"column":36}},"4":{"start":{"line":103,"column":43},"end":{"line":103,"column":null}}},"fnMap":{"0":{"name":"(anonymous_0)","decl":{"start":{"line":1,"column":25},"end":{"line":1,"column":null}},"loc":{"start":{"line":1,"column":25},"end":{"line":1,"column":null}}},"1":{"name":"(anonymous_1)","decl":{"start":{"line":16,"column":36},"end":{"line":16,"column":null}},"loc":{"start":{"line":19,"column":2},"end":{"line":100,"column":null}}}},"branchMap":{"0":{"loc":{"start":{"line":1,"column":25},"end":{"line":1,"column":null}},"type":"binary-expr","locations":[{"start":{"line":1,"column":25},"end":{"line":1,"column":null}},{"start":{"line":1,"column":25},"end":{"line":1,"column":null}}]},"1":{"loc":{"start":{"line":1,"column":25},"end":{"line":1,"column":null}},"type":"if","locations":[{"start":{"line":1,"column":25},"end":{"line":1,"column":null}}]},"2":{"loc":{"start":{"line":26,"column":5},"end":{"line":98,"column":null}},"type":"binary-expr","locations":[{"start":{"line":26,"column":5},"end":{"line":26,"column":null}},{"start":{"line":27,"column":6},"end":{"line":98,"column":null}}]},"3":{"loc":{"start":{"line":76,"column":15},"end":{"line":77,"column":null}},"type":"cond-expr","locations":[{"start":{"line":76,"column":50},"end":{"line":76,"column":null}},{"start":{"line":77,"column":19},"end":{"line":77,"column":null}}]},"4":{"loc":{"start":{"line":85,"column":15},"end":{"line":86,"column":null}},"type":"cond-expr","locations":[{"start":{"line":85,"column":51},"end":{"line":85,"column":null}},{"start":{"line":86,"column":19},"end":{"line":86,"column":null}}]}},"s":{"0":576,"1":72,"2":0,"3":72,"4":72},"f":{"0":72,"1":0},"b":{"0":[144,72],"1":[72],"2":[0,0],"3":[0,0],"4":[0,0]}}
,"/home/derek/Repos/nr-spar/frontend/src/components/AvatarImage/index.tsx": {"path":"/home/derek/Repos/nr-spar/frontend/src/components/AvatarImage/index.tsx","statementMap":{"0":{"start":{"line":1,"column":25},"end":{"line":1,"column":null}},"1":{"start":{"line":14,"column":20},"end":{"line":15,"column":null}},"2":{"start":{"line":15,"column":2},"end":{"line":15,"column":null}},"3":{"start":{"line":16,"column":2},"end":{"line":14,"column":20}},"4":{"start":{"line":18,"column":27},"end":{"line":18,"column":null}}},"fnMap":{"0":{"name":"(anonymous_0)","decl":{"start":{"line":1,"column":25},"end":{"line":1,"column":null}},"loc":{"start":{"line":1,"column":25},"end":{"line":1,"column":null}}},"1":{"name":"(anonymous_1)","decl":{"start":{"line":14,"column":20},"end":{"line":14,"column":21}},"loc":{"start":{"line":15,"column":2},"end":{"line":15,"column":null}}}},"branchMap":{"0":{"loc":{"start":{"line":1,"column":25},"end":{"line":1,"column":null}},"type":"binary-expr","locations":[{"start":{"line":1,"column":25},"end":{"line":1,"column":null}},{"start":{"line":1,"column":25},"end":{"line":1,"column":null}}]},"1":{"loc":{"start":{"line":1,"column":25},"end":{"line":1,"column":null}},"type":"if","locations":[{"start":{"line":1,"column":25},"end":{"line":1,"column":null}}]},"2":{"loc":{"start":{"line":15,"column":12},"end":{"line":15,"column":33}},"type":"binary-expr","locations":[{"start":{"line":15,"column":12},"end":{"line":15,"column":22}},{"start":{"line":15,"column":22},"end":{"line":15,"column":33}}]}},"s":{"0":896,"1":112,"2":2,"3":112,"4":112},"f":{"0":112,"1":2},"b":{"0":[224,112],"1":[112],"2":[2,2]}}
,"/home/derek/Repos/nr-spar/frontend/src/components/BCGovLogo/index.tsx": {"path":"/home/derek/Repos/nr-spar/frontend/src/components/BCGovLogo/index.tsx","statementMap":{"0":{"start":{"line":1,"column":25},"end":{"line":1,"column":null}},"1":{"start":{"line":6,"column":18},"end":{"line":7,"column":null}},"2":{"start":{"line":7,"column":2},"end":{"line":7,"column":null}},"3":{"start":{"line":8,"column":2},"end":{"line":6,"column":18}},"4":{"start":{"line":10,"column":25},"end":{"line":10,"column":null}}},"fnMap":{"0":{"name":"(anonymous_0)","decl":{"start":{"line":1,"column":25},"end":{"line":1,"column":null}},"loc":{"start":{"line":1,"column":25},"end":{"line":1,"column":null}}},"1":{"name":"(anonymous_1)","decl":{"start":{"line":6,"column":18},"end":{"line":6,"column":null}},"loc":{"start":{"line":7,"column":2},"end":{"line":7,"column":null}}}},"branchMap":{"0":{"loc":{"start":{"line":1,"column":25},"end":{"line":1,"column":null}},"type":"binary-expr","locations":[{"start":{"line":1,"column":25},"end":{"line":1,"column":null}},{"start":{"line":1,"column":25},"end":{"line":1,"column":null}}]},"1":{"loc":{"start":{"line":1,"column":25},"end":{"line":1,"column":null}},"type":"if","locations":[{"start":{"line":1,"column":25},"end":{"line":1,"column":null}}]}},"s":{"0":896,"1":112,"2":224,"3":112,"4":112},"f":{"0":112,"1":224},"b":{"0":[224,112],"1":[112]}}
,"/home/derek/Repos/nr-spar/frontend/src/components/BCHeader/constants.ts": {"path":"/home/derek/Repos/nr-spar/frontend/src/components/BCHeader/constants.ts","statementMap":{"0":{"start":{"line":3,"column":31},"end":{"line":3,"column":null}},"1":{"start":{"line":5,"column":25},"end":{"line":5,"column":null}},"2":{"start":{"line":7,"column":31},"end":{"line":10,"column":null}},"3":{"start":{"line":12,"column":25},"end":{"line":106,"column":null}},"4":{"start":{"line":108,"column":30},"end":{"line":123,"column":null}}},"fnMap":{},"branchMap":{},"s":{"0":112,"1":112,"2":112,"3":112,"4":112},"f":{},"b":{}}
,"/home/derek/Repos/nr-spar/frontend/src/components/BCHeader/index.tsx": {"path":"/home/derek/Repos/nr-spar/frontend/src/components/BCHeader/index.tsx","statementMap":{"0":{"start":{"line":34,"column":17},"end":{"line":181,"column":2}},"1":{"start":{"line":34,"column":23},"end":{"line":34,"column":null}},"2":{"start":{"line":35,"column":38},"end":{"line":35,"column":null}},"3":{"start":{"line":36,"column":32},"end":{"line":36,"column":null}},"4":{"start":{"line":37,"column":32},"end":{"line":37,"column":null}},"5":{"start":{"line":38,"column":26},"end":{"line":38,"column":null}},"6":{"start":{"line":40,"column":27},"end":{"line":55,"column":null}},"7":{"start":{"line":45,"column":4},"end":{"line":54,"column":null}},"8":{"start":{"line":46,"column":6},"end":{"line":46,"column":null}},"9":{"start":{"line":47,"column":6},"end":{"line":47,"column":null}},"10":{"start":{"line":49,"column":6},"end":{"line":49,"column":null}},"11":{"start":{"line":50,"column":6},"end":{"line":53,"column":null}},"12":{"start":{"line":57,"column":26},"end":{"line":63,"column":null}},"13":{"start":{"line":58,"column":4},"end":{"line":58,"column":null}},"14":{"start":{"line":59,"column":4},"end":{"line":62,"column":null}},"15":{"start":{"line":65,"column":19},"end":{"line":65,"column":null}},"16":{"start":{"line":66,"column":2},"end":{"line":71,"column":null}},"17":{"start":{"line":67,"column":4},"end":{"line":70,"column":null}},"18":{"start":{"line":68,"column":6},"end":{"line":68,"column":null}},"19":{"start":{"line":69,"column":6},"end":{"line":69,"column":null}},"20":{"start":{"line":73,"column":2},"end":{"line":178,"column":null}},"21":{"start":{"line":76,"column":8},"end":{"line":177,"column":null}},"22":{"start":{"line":101,"column":29},"end":{"line":101,"column":null}},"23":{"start":{"line":110,"column":29},"end":{"line":110,"column":null}},"24":{"start":{"line":123,"column":29},"end":{"line":123,"column":62}},"25":{"start":{"line":134,"column":29},"end":{"line":134,"column":58}},"26":{"start":{"line":151,"column":16},"end":{"line":172,"column":null}},"27":{"start":{"line":154,"column":42},"end":{"line":154,"column":null}},"28":{"start":{"line":155,"column":20},"end":{"line":169,"column":null}},"29":{"start":{"line":161,"column":26},"end":{"line":164,"column":null}},"30":{"start":{"line":162,"column":28},"end":{"line":162,"column":null}},"31":{"start":{"line":163,"column":28},"end":{"line":163,"column":null}},"32":{"start":{"line":181,"column":2},"end":{"line":65,"column":31}},"33":{"start":{"line":34,"column":14},"end":{"line":65,"column":31}},"34":{"start":{"line":65,"column":30},"end":{"line":34,"column":14}},"35":{"start":{"line":183,"column":24},"end":{"line":183,"column":null}}},"fnMap":{"0":{"name":"(anonymous_1)","decl":{"start":{"line":34,"column":17},"end":{"line":34,"column":23}},"loc":{"start":{"line":34,"column":23},"end":{"line":181,"column":2}}},"1":{"name":"(anonymous_2)","decl":{"start":{"line":40,"column":27},"end":{"line":40,"column":28}},"loc":{"start":{"line":40,"column":46},"end":{"line":55,"column":null}}},"2":{"name":"(anonymous_3)","decl":{"start":{"line":57,"column":26},"end":{"line":57,"column":27}},"loc":{"start":{"line":57,"column":45},"end":{"line":63,"column":null}}},"3":{"name":"(anonymous_4)","decl":{"start":{"line":66,"column":12},"end":{"line":66,"column":18}},"loc":{"start":{"line":66,"column":18},"end":{"line":71,"column":5}}},"4":{"name":"(anonymous_5)","decl":{"start":{"line":75,"column":14},"end":{"line":75,"column":15}},"loc":{"start":{"line":76,"column":8},"end":{"line":177,"column":null}}},"5":{"name":"(anonymous_6)","decl":{"start":{"line":101,"column":23},"end":{"line":101,"column":29}},"loc":{"start":{"line":101,"column":29},"end":{"line":101,"column":null}}},"6":{"name":"(anonymous_7)","decl":{"start":{"line":110,"column":23},"end":{"line":110,"column":29}},"loc":{"start":{"line":110,"column":29},"end":{"line":110,"column":null}}},"7":{"name":"(anonymous_8)","decl":{"start":{"line":123,"column":23},"end":{"line":123,"column":29}},"loc":{"start":{"line":123,"column":29},"end":{"line":123,"column":62}}},"8":{"name":"(anonymous_9)","decl":{"start":{"line":134,"column":23},"end":{"line":134,"column":29}},"loc":{"start":{"line":134,"column":29},"end":{"line":134,"column":58}}},"9":{"name":"(anonymous_10)","decl":{"start":{"line":150,"column":29},"end":{"line":150,"column":30}},"loc":{"start":{"line":151,"column":16},"end":{"line":172,"column":null}}},"10":{"name":"(anonymous_11)","decl":{"start":{"line":153,"column":34},"end":{"line":153,"column":35}},"loc":{"start":{"line":153,"column":57},"end":{"line":171,"column":19}}},"11":{"name":"(
[...]
lumn":81}},"73":{"start":{"line":242,"column":8},"end":{"line":249,"column":null}},"74":{"start":{"line":247,"column":37},"end":{"line":247,"column":null}},"75":{"start":{"line":248,"column":48},"end":{"line":248,"column":null}},"76":{"start":{"line":254,"column":8},"end":{"line":260,"column":null}},"77":{"start":{"line":260,"column":40},"end":{"line":260,"column":76}},"78":{"start":{"line":265,"column":8},"end":{"line":271,"column":null}},"79":{"start":{"line":271,"column":54},"end":{"line":271,"column":97}},"80":{"start":{"line":275,"column":8},"end":{"line":275,"column":null}},"81":{"start":{"line":279,"column":2},"end":{"line":377,"column":null}},"82":{"start":{"line":285,"column":45},"end":{"line":285,"column":68}},"83":{"start":{"line":286,"column":45},"end":{"line":286,"column":80}},"84":{"start":{"line":287,"column":45},"end":{"line":287,"column":95}},"85":{"start":{"line":305,"column":16},"end":{"line":305,"column":null}},"86":{"start":{"line":306,"column":16},"end":{"line":306,"column":null}},"87":{"start":{"line":337,"column":37},"end":{"line":337,"column":49}},"88":{"start":{"line":347,"column":37},"end":{"line":347,"column":84}},"89":{"start":{"line":363,"column":37},"end":{"line":363,"column":null}},"90":{"start":{"line":379,"column":2},"end":{"line":124,"column":41}},"91":{"start":{"line":64,"column":29},"end":{"line":124,"column":41}},"92":{"start":{"line":124,"column":40},"end":{"line":64,"column":29}},"93":{"start":{"line":381,"column":39},"end":{"line":381,"column":null}}},"fnMap":{"0":{"name":"(anonymous_1)","decl":{"start":{"line":64,"column":32},"end":{"line":64,"column":38}},"loc":{"start":{"line":64,"column":38},"end":{"line":379,"column":2}}},"1":{"name":"(anonymous_2)","decl":{"start":{"line":96,"column":13},"end":{"line":96,"column":19}},"loc":{"start":{"line":96,"column":19},"end":{"line":96,"column":null}}},"2":{"name":"(anonymous_3)","decl":{"start":{"line":107,"column":13},"end":{"line":107,"column":19}},"loc":{"start":{"line":107,"column":19},"end":{"line":107,"column":null}}},"3":{"name":"(anonymous_4)","decl":{"start":{"line":118,"column":22},"end":{"line":118,"column":23}},"loc":{"start":{"line":118,"column":70},"end":{"line":122,"column":null}}},"4":{"name":"(anonymous_5)","decl":{"start":{"line":127,"column":15},"end":{"line":127,"column":16}},"loc":{"start":{"line":127,"column":47},"end":{"line":135,"column":null}}},"5":{"name":"(anonymous_6)","decl":{"start":{"line":128,"column":46},"end":{"line":128,"column":47}},"loc":{"start":{"line":128,"column":73},"end":{"line":128,"column":87}}},"6":{"name":"(anonymous_7)","decl":{"start":{"line":138,"column":26},"end":{"line":138,"column":27}},"loc":{"start":{"line":138,"column":92},"end":{"line":142,"column":null}}},"7":{"name":"(anonymous_8)","decl":{"start":{"line":144,"column":19},"end":{"line":144,"column":25}},"loc":{"start":{"line":144,"column":25},"end":{"line":147,"column":null}}},"8":{"name":"(anonymous_9)","decl":{"start":{"line":152,"column":31},"end":{"line":152,"column":32}},"loc":{"start":{"line":152,"column":59},"end":{"line":175,"column":null}}},"9":{"name":"(anonymous_10)","decl":{"start":{"line":159,"column":21},"end":{"line":159,"column":22}},"loc":{"start":{"line":159,"column":66},"end":{"line":159,"column":94}}},"10":{"name":"(anonymous_11)","decl":{"start":{"line":160,"column":16},"end":{"line":160,"column":39}},"loc":{"start":{"line":160,"column":39},"end":{"line":162,"column":7}}},"11":{"name":"(anonymous_12)","decl":{"start":{"line":177,"column":18},"end":{"line":177,"column":19}},"loc":{"start":{"line":177,"column":37},"end":{"line":182,"column":null}}},"12":{"name":"(anonymous_13)","decl":{"start":{"line":184,"column":28},"end":{"line":184,"column":34}},"loc":{"start":{"line":184,"column":34},"end":{"line":189,"column":null}}},"13":{"name":"(anonymous_14)","decl":{"start":{"line":191,"column":21},"end":{"line":191,"column":27}},"loc":{"start":{"line":191,"column":27},"end":{"line":277,"column":null}}},"14":{"name":"(anonymous_15)","decl":{"start":{"line":207,"column":25},"end":{"line":207,"column":26}},"loc":{"start":{"line":207,"column":51},"end":{"line":207,"column":null}}},"15":{"name":"(anonymous_16)","decl":{"start":{"line":225,"column":25},"end":{"line":225,"column":26}},"loc":{"start":{"line":225,"column":59},"end":{"line":225,"column":null}}},"16":{"name":"(anonymous_17)","decl":{"start":{"line":226,"column":29},"end":{"line":226,"column":30}},"loc":{"start":{"line":226,"column":66},"end":{"line":226,"column":104}}},"17":{"name":"(anonymous_18)","decl":{"start":{"line":237,"column":25},"end":{"line":237,"column":26}},"loc":{"start":{"line":237,"column":48},"end":{"line":237,"column":81}}},"18":{"name":"(anonymous_19)","decl":{"start":{"line":247,"column":31},"end":{"line":247,"column":37}},"loc":{"start":{"line":247,"column":37},"end":{"line":247,"column":null}}},"19":{"name":"(anonymous_20)","decl":{"start":{"line":248,"column":25},"end":{"line":248,"column":26}},"loc":{"start":{"line":248,"column":48},"end":{"line":248,"column":null}}},"20":{"name":"(anonymous_21)","decl":{"start":{"line":260,"column":25},"end":{"line":260,"column":26}},"loc":{"start":{"line":260,"column":40},"end":{"line":260,"column":76}}},"21":{"name":"(anonymous_22)","decl":{"start":{"line":271,"column":25},"end":{"line":271,"column":26}},"loc":{"start":{"line":271,"column":54},"end":{"line":271,"column":97}}},"22":{"name":"(anonymous_23)","decl":{"start":{"line":285,"column":39},"end":{"line":285,"column":45}},"loc":{"start":{"line":285,"column":45},"end":{"line":285,"column":68}}},"23":{"name":"(anonymous_24)","decl":{"start":{"line":286,"column":39},"end":{"line":286,"column":45}},"loc":{"start":{"line":286,"column":45},"end":{"line":286,"column":80}}},"24":{"name":"(anonymous_25)","decl":{"start":{"line":287,"column":39},"end":{"line":287,"column":45}},"loc":{"start":{"line":287,"column":45},"end":{"line":287,"column":95}}},"25":{"name":"(anonymous_26)","decl":{"start":{"line":304,"column":32},"end":{"line":304,"column":33}},"loc":{"start":{"line":304,"column":47},"end":{"line":307,"column":16}}},"26":{"name":"(anonymous_27)","decl":{"start":{"line":337,"column":31},"end":{"line":337,"column":37}},"loc":{"start":{"line":337,"column":37},"end":{"line":337,"column":49}}},"27":{"name":"(anonymous_28)","decl":{"start":{"line":347,"column":31},"end":{"line":347,"column":37}},"loc":{"start":{"line":347,"column":37},"end":{"line":347,"column":84}}},"28":{"name":"(anonymous_29)","decl":{"start":{"line":363,"column":31},"end":{"line":363,"column":37}},"loc":{"start":{"line":363,"column":37},"end":{"line":363,"column":null}}},"29":{"name":"(anonymous_30)","decl":{"start":{"line":64,"column":29},"end":{"line":64,"column":32}},"loc":{"start":{"line":64,"column":29},"end":{"line":124,"column":41}}}},"branchMap":{"0":{"loc":{"start":{"line":66,"column":24},"end":{"line":66,"column":null}},"type":"binary-expr","locations":[{"start":{"line":66,"column":24},"end":{"line":66,"column":47}},{"start":{"line":66,"column":47},"end":{"line":66,"column":null}}]},"1":{"loc":{"start":{"line":129,"column":28},"end":{"line":129,"column":null}},"type":"cond-expr","locations":[{"start":{"line":129,"column":60},"end":{"line":129,"column":67}},{"start":{"line":129,"column":67},"end":{"line":129,"column":null}}]},"2":{"loc":{"start":{"line":130,"column":6},"end":{"line":134,"column":null}},"type":"if","locations":[{"start":{"line":130,"column":6},"end":{"line":134,"column":null}}]},"3":{"loc":{"start":{"line":165,"column":4},"end":{"line":172,"column":null}},"type":"if","locations":[{"start":{"line":165,"column":4},"end":{"line":172,"column":null}}]},"4":{"loc":{"start":{"line":168,"column":6},"end":{"line":171,"column":null}},"type":"if","locations":[{"start":{"line":168,"column":6},"end":{"line":171,"column":null}}]},"5":{"loc":{"start":{"line":194,"column":26},"end":{"line":194,"column":null}},"type":"cond-expr","locations":[{"start":{"line":194,"column":54},"end":{"line":194,"column":82}},{"start":{"line":194,"column":82},"end":{"line":194,"column":null}}]},"6":{"loc":{"start":{"line":196,"column":27},"end":{"line":200,"column":null}},"type":"binary-expr","locations":[{"start":{"line":196,"column":27},"end":{"line":196,"column":73}},{"start":{"line":196,"column":73},"end":{"line":200,"column":null}}]},"7":{"loc":{"start":{"line":201,"column":4},"end":{"line":276,"column":null}},"type":"switch","locations":[{"start":{"line":203,"column":6},"end":{"line":211,"column":null}},{"start":{"line":215,"column":6},"end":{"line":226,"column":null}},{"start":{"line":230,"column":6},"end":{"line":237,"column":null}},{"start":{"line":241,"column":6},"end":{"line":249,"column":null}},{"start":{"line":253,"column":6},"end":{"line":260,"column":null}},{"start":{"line":264,"column":6},"end":{"line":271,"column":null}},{"start":{"line":274,"column":6},"end":{"line":275,"column":null}}]},"8":{"loc":{"start":{"line":224,"column":30},"end":{"line":224,"column":null}},"type":"binary-expr","locations":[{"start":{"line":224,"column":30},"end":{"line":224,"column":60}},{"start":{"line":224,"column":60},"end":{"line":224,"column":null}}]},"9":{"loc":{"start":{"line":315,"column":16},"end":{"line":323,"column":null}},"type":"cond-expr","locations":[{"start":{"line":322,"column":18},"end":{"line":322,"column":null}},{"start":{"line":323,"column":18},"end":{"line":323,"column":null}}]},"10":{"loc":{"start":{"line":315,"column":16},"end":{"line":320,"column":null}},"type":"binary-expr","locations":[{"start":{"line":315,"column":16},"end":{"line":315,"column":null}},{"start":{"line":316,"column":19},"end":{"line":316,"column":null}},{"start":{"line":317,"column":19},"end":{"line":317,"column":null}},{"start":{"line":318,"column":19},"end":{"line":318,"column":null}},{"start":{"line":319,"column":19},"end":{"line":319,"column":null}},{"start":{"line":320,"column":19},"end":{"line":320,"column":null}}]},"11":{"loc":{"start":{"line":331,"column":16},"end":{"line":350,"column":null}},"type":"cond-expr","locations":[{"start":{"line":333,"column":20},"end":{"line":340,"column":null}},{"start":{"line":343,"column":20},"end":{"line":350,"column":null}}]},"12":{"loc":{"start":{"line":357,"column":16},"end":{"line":370,"column":null}},"type":"cond-expr","locations":[{"start":{"line":359,"column":20},"end":{"line":367,"column":null}},{"start":{"line":370,"column":20},"end":{"line":370,"column":null}}]}},"s":{"0":112,"1":112,"2":112,"3":0,"4":0,"5":0,"6":0,"7":0,"8":0,"9":0,"10":0,"11":0,"12":0,"13":0,"14":0,"15":0,"16":0,"17":0,"18":0,"19":0,"20":0,"21":0,"22":0,"23":0,"24":0,"25":0,"26":0,"27":0,"28":0,"29":0,"30":0,"31":0,"32":0,"33":0,"34":0,"35":0,"36":0,"37":0,"38":0,"39":0,"40":0,"41":0,"42":0,"43":0,"44":0,"45":0,"46":0,"47":0,"48":0,"49":0,"50":0,"51":0,"52":0,"53":0,"54":0,"55":0,"56":0,"57":0,"58":0,"59":0,"60":0,"61":0,"62":0,"63":0,"64":0,"65":0,"66":0,"67":0,"68":0,"69":0,"70":0,"71":0,"72":0,"73":0,"74":0,"75":0,"76":0,"77":0,"78":0,"79":0,"80":0,"81":0,"82":0,"83":0,"84":0,"85":0,"86":0,"87":0,"88":0,"89":0,"90":72,"91":0,"92":72,"93":72},"f":{"0":0,"1":0,"2":0,"3":0,"4":0,"5":0,"6":0,"7":0,"8":0,"9":0,"10":0,"11":0,"12":0,"13":0,"14":0,"15":0,"16":0,"17":0,"18":0,"19":0,"20":0,"21":0,"22":0,"23":0,"24":0,"25":0,"26":0,"27":0,"28":0,"29":0},"b":{"0":[0,0],"1":[0,0],"2":[0],"3":[0],"4":[0],"5":[0,0],"6":[0,0],"7":[0,0,0,0,0,0,0],"8":[0,0],"9":[0,0],"10":[0,0,0,0,0,0],"11":[0,0],"12":[0,0]}}
,"/home/derek/Repos/nr-spar/frontend/src/views/Seedlot/SeedlotRegistrationForm/utils.ts": {"path":"/home/derek/Repos/nr-spar/frontend/src/views/Seedlot/SeedlotRegistrationForm/utils.ts","statementMap":{"0":{"start":{"line":14,"column":35},"end":{"line":68,"column":null}},"1":{"start":{"line":17,"column":6},"end":{"line":68,"column":null}},"2":{"start":{"line":70,"column":34},"end":{"line":80,"column":null}},"3":{"start":{"line":74,"column":28},"end":{"line":74,"column":null}},"4":{"start":{"line":75,"column":2},"end":{"line":75,"column":null}},"5":{"start":{"line":76,"column":2},"end":{"line":76,"column":null}},"6":{"start":{"line":77,"column":2},"end":{"line":77,"column":null}},"7":{"start":{"line":78,"column":2},"end":{"line":78,"column":null}},"8":{"start":{"line":79,"column":2},"end":{"line":79,"column":null}},"9":{"start":{"line":82,"column":32},"end":{"line":93,"column":null}},"10":{"start":{"line":85,"column":6},"end":{"line":93,"column":null}},"11":{"start":{"line":95,"column":32},"end":{"line":110,"column":null}},"12":{"start":{"line":96,"column":2},"end":{"line":110,"column":null}},"13":{"start":{"line":114,"column":35},"end":{"line":123,"column":null}},"14":{"start":{"line":115,"column":20},"end":{"line":115,"column":null}},"15":{"start":{"line":116,"column":2},"end":{"line":121,"column":null}},"16":{"start":{"line":116,"column":15},"end":{"line":116,"column":18}},"17":{"start":{"line":117,"column":19},"end":{"line":117,"column":null}},"18":{"start":{"line":118,"column":24},"end":{"line":118,"column":null}},"19":{"start":{"line":119,"column":4},"end":{"line":119,"column":null}},"20":{"start":{"line":120,"column":4},"end":{"line":120,"column":null}},"21":{"start":{"line":122,"column":2},"end":{"line":122,"column":null}},"22":{"start":{"line":125,"column":35},"end":{"line":131,"column":null}},"23":{"start":{"line":126,"column":2},"end":{"line":131,"column":null}},"24":{"start":{"line":134,"column":42},"end":{"line":149,"column":null}},"25":{"start":{"line":138,"column":2},"end":{"line":149,"column":null}},"26":{"start":{"line":152,"column":35},"end":{"line":155,"column":null}},"27":{"start":{"line":153,"column":41},"end":{"line":153,"column":null}},"28":{"start":{"line":154,"column":2},"end":{"line":154,"column":null}},"29":{"start":{"line":157,"column":41},"end":{"line":162,"column":null}},"30":{"start":{"line":158,"column":35},"end":{"line":158,"column":null}},"31":{"start":{"line":159,"column":2},"end":{"line":161,"column":null}},"32":{"start":{"line":168,"column":38},"end":{"line":177,"column":null}},"33":{"start":{"line":169,"column":18},"end":{"line":169,"column":null}},"34":{"start":{"line":170,"column":25},"end":{"line":170,"column":null}},"35":{"start":{"line":171,"column":2},"end":{"line":175,"column":null}},"36":{"start":{"line":172,"column":4},"end":{"line":174,"column":null}},"37":{"start":{"line":173,"column":6},"end":{"line":173,"column":null}},"38":{"start":{"line":176,"column":2},"end":{"line":176,"column":null}},"39":{"start":{"line":183,"column":48},"end":{"line":209,"column":null}},"40":{"start":{"line":184,"column":2},"end":{"line":186,"column":null}},"41":{"start":{"line":185,"column":4},"end":{"line":185,"column":null}},"42":{"start":{"line":187,"column":2},"end":{"line":189,"column":null}},"43":{"start":{"line":188,"column":4},"end":{"line":188,"column":null}},"44":{"start":{"line":190,"column":2},"end":{"line":192,"column":null}},"45":{"start":{"line":191,"column":4},"end":{"line":191,"column":null}},"46":{"start":{"line":193,"column":2},"end":{"line":195,"column":null}},"47":{"start":{"line":194,"column":4},"end":{"line":194,"column":null}},"48":{"start":{"line":196,"column":2},"end":{"line":198,"column":null}},"49":{"start":{"line":197,"column":4},"end":{"line":197,"column":null}},"50":{"start":{"line":199,"column":2},"end":{"line":201,"column":null}},"51":{"start":{"line":200,"column":4},"end":{"line":200,"column":null}},"52":{"start":{"line":202,"column":2},"end":{"line":204,"column":null}},"53":{"start":{"line":203,"column":4},"end":{"line":203,"column":null}},"54":{"start":{"line":205,"column":2},"end":{"line":207,"column":null}},"55":{"start":{"line":206,"column":4},"end":{"line":206,"column":null}},"56":{"start":{"line":208,"column":2},"end":{"line":208,"column":null}}},"fnMap":{"0":{"name":"(anonymous_0)","decl":{"start":{"line":14,"column":35},"end":{"line":14,"column":null}},"loc":{"start":{"line":17,"column":6},"end":{"line":68,"column":null}}},"1":{"name":"(anonymous_1)","decl":{"start":{"line":70,"column":34},"end":{"line":70,"column":null}},"loc":{"start":{"line":73,"column":5},"end":{"line":80,"column":null}}},"2":{"name":"(anonymous_2)","decl":{"start":{"line":82,"column":32},"end":{"line":82,"column":null}},"loc":{"start":{"line":85,"column":6},"end":{"line":93,"column":null}}},"3":{"name":"(anonymous_3)","decl":{"start":{"line":95,"column":32},"end":{"line":95,"column":null}},"loc":{"start":{"line":96,"column":2},"end":{"line":110,"column":null}}},"4":{"name":"(anonymous_4)","decl":{"start":{"line":114,"column":35},"end":{"line":114,"column":58}},"loc":{"start":{"line":114,"column":58},"end":{"line":123,"column":null}}},"5":{"name":"(anonymous_5)","decl":{"start":{"line":125,"column":35},"end":{"line":125,"column":null}},"loc":{"start":{"line":126,"column":2},"end":{"line":131,"column":null}}},"6":{"name":"(anonymous_6)","decl":{"start":{"line":134,"column":42},"end":{"line":134,"column":null}},"loc":{"start":{"line":138,"column":2},"end":{"line":149,"column":null}}},"7":{"name":"(anonymous_7)","decl":{"start":{"line":152,"column":35},"end":{"line":152,"column":41}},"loc":{"start":{"line":152,"column":41},"end":{"line":155,"column":null}}},"8":{"name":"(anonymous_8)","decl":{"start":{"line":157,"column":41},"end":{"line":157,"column":68}},"loc":{"start":{"line":157,"column":68},"end":{"line":162,"column":null}}},"9":{"name":"(anonymous_9)","decl":{"start":{"line":168,"column":38},"end":{"line":168,"column":39}},"loc":{"start":{"line":168,"column":83},"end":{"line":177,"column":null}}},"10":{"name":"(anonymous_10)","decl":{"start":{"line":171,"column":25},"end":{"line":171,"column":26}},"loc":{"start":{"line":171,"column":34},"end":{"line":175,"column":3}}},"11":{"name":"(anonymous_11)","decl":{"start":{"line":183,"column":48},"end":{"line":183,"column":49}},"loc":{"start":{"line":183,"column":93},"end":{"line":209,"column":null}}}},"branchMap":{"0":{"loc":{"start":{"line":172,"column":4},"end":{"line":174,"column":null}},"type":"if","locations":[{"start":{"line":172,"column":4},"end":{"line":174,"column":null}}]},"1":{"loc":{"start":{"line":184,"column":2},"end":{"line":186,"column":null}},"type":"if","locations":[{"start":{"line":184,"column":2},"end":{"line":186,"column":null}}]},"2":{"loc":{"start":{"line":187,"column":2},"end":{"line":189,"column":null}},"type":"if","locations":[{"start":{"line":187,"column":2},"end":{"line":189,"column":null}}]},"3":{"loc":{"start":{"line":190,"column":2},"end":{"line":192,"column":null}},"type":"if","locations":[{"start":{"line":190,"column":2},"end":{"line":192,"column":null}}]},"4":{"loc":{"start":{"line":193,"column":2},"end":{"line":195,"column":null}},"type":"if","locations":[{"start":{"line":193,"column":2},"end":{"line":195,"column":null}}]},"5":{"loc":{"start":{"line":196,"column":2},"end":{"line":198,"column":null}},"type":"if","locations":[{"start":{"line":196,"column":2},"end":{"line":198,"column":null}}]},"6":{"loc":{"start":{"line":199,"column":2},"end":{"line":201,"column":null}},"type":"if","locations":[{"start":{"line":199,"column":2},"end":{"line":201,"column":null}}]},"7":{"loc":{"start":{"line":202,"column":2},"end":{"line":204,"column":null}},"type":"if","locations":[{"start":{"line":202,"column":2},"end":{"line":204,"column":null}}]},"8":{"loc":{"start":{"line":205,"column":2},"end":{"line":207,"column":null}},"type":"if","locations":[{"start":{"line":205,"column":2},"end":{"line":207,"column":null}}]}},"s":{"0":112,"1":112,"2":112,"3":40,"4":40,"5":40,"6":40,"7":40,"8":40,"9":72,"10":40,"11":72,"12":40,"13":72,"14":0,"15":0,"16":0,"17":0,"18":0,"19":0,"20":0,"21":40,"22":72,"23":40,"24":72,"25":40,"26":72,"27":0,"28":40,"29":72,"30":0,"31":40,"32":72,"33":0,"34":0,"35":0,"36":0,"37":0,"38":40,"39":72,"40":0,"41":0,"42":0,"43":0,"44":0,"45":0,"46":40,"47":0,"48":0,"49":0,"50":0,"51":0,"52":0,"53":0,"54":0,"55":0,"56":0},"f":{"0":112,"1":40,"2":0,"3":0,"4":0,"5":0,"6":0,"7":0,"8":0,"9":0,"10":0,"11":0},"b":{"0":[0],"1":[0],"2":[0],"3":[0],"4":[0],"5":[0],"6":[0],"7":[0],"8":[0]}}
}
