TN:
SF:src/App.tsx
FN:28,(anonymous_1)
FN:28,(anonymous_2)
FNF:2
FNH:2
FNDA:224,(anonymous_1)
FNDA:212,(anonymous_2)
DA:28,212
DA:29,224
DA:31,224
DA:105,212
DA:107,212
LF:5
LH:5
BRF:0
BRH:0
end_of_record
TN:
SF:src/aws-exports.ts
FNF:0
FNH:0
DA:4,100
DA:5,100
DA:8,100
DA:10,100
DA:17,100
LF:5
LH:5
BRDA:4,0,0,0
BRDA:4,0,1,100
BRDA:5,1,0,100
BRDA:5,1,1,0
BRDA:5,2,0,100
BRDA:5,2,1,100
BRDA:8,3,0,0
BRDA:8,3,1,100
BRDA:18,4,0,100
BRDA:18,4,1,100
BRDA:23,5,0,100
BRDA:23,5,1,100
BRDA:26,6,0,100
BRDA:26,6,1,100
BRF:14
BRH:11
end_of_record
TN:
SF:src/env.ts
FNF:0
FNH:0
DA:9,112
LF:1
LH:1
BRF:0
BRH:0
end_of_record
TN:
SF:src/index.tsx
FNF:0
FNH:0
DA:13,112
DA:15,112
DA:19,112
DA:20,112
DA:23,112
DA:35,112
DA:39,112
DA:59,112
LF:8
LH:8
BRDA:13,0,0,112
BRDA:13,0,1,112
BRDA:15,1,0,112
BRDA:15,1,1,0
BRDA:15,1,2,0
BRDA:19,2,0,112
BRDA:47,3,0,112
BRDA:47,3,1,112
BRF:8
BRH:6
end_of_record
TN:
SF:src/init.tsx
FNF:0
FNH:0
DA:1,100
LF:1
LH:1
BRF:0
BRH:0
end_of_record
TN:
SF:src/keycloak.ts
FNF:0
FNH:0
DA:4,12
DA:5,12
DA:6,12
DA:8,12
LF:4
LH:4
BRDA:4,0,0,12
BRDA:4,0,1,12
BRDA:5,1,0,12
BRDA:5,1,1,12
BRDA:6,2,0,12
BRDA:6,2,1,12
BRF:6
BRH:6
end_of_record
TN:
SF:src/reportWebVitals.ts
FN:3,(anonymous_0)
FN:5,(anonymous_1)
FNF:2
FNH:1
FNDA:112,(anonymous_0)
FNDA:0,(anonymous_1)
DA:3,112
DA:4,112
DA:5,0
DA:12,0
DA:13,0
DA:14,0
DA:15,0
DA:16,0
LF:8
LH:2
BRDA:4,0,0,0
BRDA:4,1,0,112
BRDA:4,1,1,0
BRF:3
BRH:1
end_of_record
TN:
SF:src/api-service/ApiConfig.ts
FNF:0
FNH:0
DA:4,112
DA:6,112
DA:8,112
DA:11,112
DA:13,112
LF:5
LH:5
BRDA:4,0,0,112
BRDA:4,0,1,112
BRDA:6,1,0,112
BRDA:6,1,1,112
BRDA:11,2,0,0
BRDA:11,2,1,112
BRF:6
BRH:5
end_of_record
TN:
SF:src/api-service/SeedlotSourcesAPI.ts
FN:5,(anonymous_0)
FN:8,(anonymous_1)
FN:8,(anonymous_2)
FNF:3
FNH:0
FNDA:0,(anonymous_0)
FNDA:0,(anonymous_1)
FNDA:0,(anonymous_2)
DA:5,40
DA:6,0
DA:8,0
DA:9,0
DA:10,0
DA:11,0
LF:6
LH:1
BRDA:9,0,0,0
BRDA:10,1,0,0
BRF:2
BRH:0
end_of_record
TN:
SF:src/api-service/api.ts
FN:4,(anonymous_0)
FN:16,(anonymous_1)
FN:21,(anonymous_2)
FN:25,(anonymous_3)
FN:29,(anonymous_4)
FN:33,(anonymous_5)
FNF:6
FNH:0
FNDA:0,(anonymous_0)
FNDA:0,(anonymous_1)
FNDA:0,(anonymous_2)
FNDA:0,(anonymous_3)
FNDA:0,(anonymous_4)
FNDA:0,(anonymous_5)
DA:4,112
DA:5,0
DA:6,0
DA:9,0
DA:10,0
DA:12,100
DA:15,12
DA:16,0
DA:21,0
DA:25,0
DA:29,0
DA:33,0
LF:12
LH:3
BRDA:4,0,0,0
BRDA:9,1,0,0
BRDA:21,2,0,0
BRF:3
BRH:0
end_of_record
TN:
SF:src/api-service/applicantAgenciesAPI.ts
FN:4,(anonymous_0)
FN:7,(anonymous_1)
FN:9,(anonymous_2)
FN:13,(anonymous_3)
FN:18,(anonymous_4)
FNF:5
FNH:0
FNDA:0,(anonymous_0)
FNDA:0,(anonymous_1)
FNDA:0,(anonymous_2)
FNDA:0,(anonymous_3)
FNDA:0,(anonymous_4)
DA:4,112
DA:5,0
DA:6,0
DA:7,0
DA:9,0
DA:10,0
DA:13,0
DA:15,0
DA:16,0
DA:18,0
DA:21,0
DA:23,0
LF:12
LH:1
BRDA:7,0,0,0
BRDA:7,0,1,0
BRDA:15,1,0,0
BRF:3
BRH:0
end_of_record
TN:
SF:src/api-service/coneCollectionMethodAPI.ts
FN:4,(anonymous_0)
FN:6,(anonymous_1)
FNF:2
FNH:0
FNDA:0,(anonymous_0)
FNDA:0,(anonymous_1)
DA:4,112
DA:5,0
DA:6,0
LF:3
LH:1
BRF:0
BRH:0
end_of_record
TN:
SF:src/api-service/favouriteActivitiesAPI.ts
FN:6,(anonymous_0)
FN:9,(anonymous_1)
FN:13,(anonymous_2)
FN:33,(anonymous_3)
FN:39,(anonymous_4)
FN:44,(anonymous_5)
FN:53,(anonymous_6)
FNF:7
FNH:0
FNDA:0,(anonymous_0)
FNDA:0,(anonymous_1)
FNDA:0,(anonymous_2)
FNDA:0,(anonymous_3)
FNDA:0,(anonymous_4)
FNDA:0,(anonymous_5)
FNDA:0,(anonymous_6)
DA:6,112
DA:7,0
DA:8,0
DA:10,0
DA:11,0
DA:12,0
DA:13,0
DA:14,0
DA:15,0
DA:16,0
DA:17,0
DA:18,0
DA:19,0
DA:21,0
DA:24,0
DA:25,0
DA:26,0
DA:27,0
DA:28,0
DA:31,0
DA:35,0
DA:39,112
DA:40,0
DA:41,0
DA:44,112
DA:45,0
DA:46,0
DA:47,0
DA:48,0
DA:50,0
DA:53,112
DA:54,0
DA:55,0
LF:33
LH:4
BRDA:14,0,0,0
BRDA:14,0,1,0
BRDA:18,1,0,0
BRDA:18,1,1,0
BRDA:47,2,0,0
BRF:5
BRH:0
end_of_record
TN:
SF:src/api-service/filesAndDocsAPI.ts
FN:3,(anonymous_0)
FNF:1
FNH:0
FNDA:0,(anonymous_0)
DA:3,112
LF:1
LH:1
BRF:0
BRH:0
end_of_record
TN:
SF:src/api-service/forestClientsAPI.ts
FN:4,(anonymous_0)
FN:6,(anonymous_1)
FNF:2
FNH:0
FNDA:0,(anonymous_0)
FNDA:0,(anonymous_1)
DA:4,112
DA:5,0
DA:6,0
LF:3
LH:1
BRF:0
BRH:0
end_of_record
TN:
SF:src/api-service/fundingSorucesAPI.ts
FN:4,(anonymous_0)
FN:6,(anonymous_1)
FNF:2
FNH:0
FNDA:0,(anonymous_0)
FNDA:0,(anonymous_1)
DA:4,112
DA:5,0
DA:6,0
LF:3
LH:1
BRF:0
BRH:0
end_of_record
TN:
SF:src/api-service/gameticMethodologyAPI.ts
FN:4,(anonymous_0)
FN:6,(anonymous_1)
FNF:2
FNH:0
FNDA:0,(anonymous_0)
FNDA:0,(anonymous_1)
DA:4,112
DA:5,0
DA:6,0
LF:3
LH:1
BRF:0
BRH:0
end_of_record
TN:
SF:src/api-service/geneticWorthAPI.ts
FN:5,(anonymous_0)
FNF:1
FNH:0
FNDA:0,(anonymous_0)
DA:5,112
DA:6,0
DA:7,0
LF:3
LH:1
BRF:0
BRH:0
end_of_record
TN:
SF:src/api-service/methodsOfPaymentAPI.ts
FN:5,(anonymous_0)
FN:7,(anonymous_1)
FNF:2
FNH:0
FNDA:0,(anonymous_0)
FNDA:0,(anonymous_1)
DA:5,112
DA:6,0
DA:7,0
LF:3
LH:1
BRF:0
BRH:0
end_of_record
TN:
SF:src/api-service/orchardAPI.ts
FN:6,(anonymous_0)
FN:8,(anonymous_1)
FN:11,(anonymous_2)
FN:13,(anonymous_3)
FN:16,(anonymous_4)
FN:18,(anonymous_5)
FN:21,(anonymous_6)
FN:23,(anonymous_7)
FN:26,(anonymous_8)
FN:33,(anonymous_9)
FNF:10
FNH:0
FNDA:0,(anonymous_0)
FNDA:0,(anonymous_1)
FNDA:0,(anonymous_2)
FNDA:0,(anonymous_3)
FNDA:0,(anonymous_4)
FNDA:0,(anonymous_5)
FNDA:0,(anonymous_6)
FNDA:0,(anonymous_7)
FNDA:0,(anonymous_8)
FNDA:0,(anonymous_9)
DA:6,112
DA:7,0
DA:8,0
DA:11,112
DA:12,0
DA:13,0
DA:16,112
DA:17,0
DA:18,0
DA:21,112
DA:22,0
DA:23,0
DA:24,0
DA:25,0
DA:27,0
DA:33,0
LF:16
LH:4
BRF:0
BRH:0
end_of_record
TN:
SF:src/api-service/recentActivitiesAPI.ts
FN:3,(anonymous_0)
FNF:1
FNH:0
FNDA:0,(anonymous_0)
DA:3,112
LF:1
LH:1
BRF:0
BRH:0
end_of_record
TN:
SF:src/api-service/seedlotAPI.ts
FN:4,(anonymous_0)
FN:6,(anonymous_1)
FN:9,(anonymous_2)
FNF:3
FNH:0
FNDA:0,(anonymous_0)
FNDA:0,(anonymous_1)
FNDA:0,(anonymous_2)
DA:4,112
DA:5,0
DA:6,40
DA:9,72
DA:13,0
DA:14,0
DA:15,0
DA:16,40
LF:8
LH:4
BRDA:13,0,0,0
BRDA:13,0,1,0
BRF:2
BRH:0
end_of_record
TN:
SF:src/api-service/vegetationCodeAPI.ts
FN:30,(anonymous_0)
FN:32,(anonymous_1)
FN:36,(anonymous_2)
FN:40,(anonymous_3)
FNF:4
FNH:0
FNDA:0,(anonymous_0)
FNDA:0,(anonymous_1)
FNDA:0,(anonymous_2)
FNDA:0,(anonymous_3)
DA:9,112
DA:30,112
DA:31,0
DA:32,0
DA:33,0
DA:34,0
DA:35,0
DA:36,0
DA:37,0
DA:38,0
DA:39,0
DA:40,0
DA:42,0
DA:44,0
LF:14
LH:2
BRDA:30,0,0,0
BRDA:34,1,0,0
BRDA:37,2,0,0
BRF:3
BRH:0
end_of_record
TN:
SF:src/components/ActivityHistory/index.tsx
FN:1,(anonymous_0)
FN:19,(anonymous_1)
FN:23,(anonymous_2)
FNF:3
FNH:1
FNDA:112,(anonymous_0)
FNDA:0,(anonymous_1)
FNDA:0,(anonymous_2)
DA:1,896
DA:19,112
DA:20,0
DA:24,0
DA:25,0
DA:39,112
DA:41,112
LF:7
LH:4
BRDA:1,0,0,224
BRDA:1,0,1,112
BRDA:1,1,0,112
BRF:3
BRH:3
end_of_record
TN:
SF:src/components/ApplicantAgencyFields/constants.ts
FNF:0
FNH:0
DA:1,100
LF:1
LH:1
BRF:0
BRH:0
end_of_record
TN:
SF:src/components/ApplicantAgencyFields/index.tsx
FN:1,(anonymous_0)
FN:22,(anonymous_1)
FN:42,(anonymous_2)
FN:49,(anonymous_3)
FN:53,(anonymous_4)
FN:57,(anonymous_5)
FN:60,(anonymous_6)
FN:74,(anonymous_7)
FN:86,(anonymous_8)
FN:96,(anonymous_9)
FN:117,(anonymous_10)
FN:135,(anonymous_11)
FN:138,(anonymous_12)
FN:157,(anonymous_13)
FN:160,(anonymous_14)
FN:161,(anonymous_15)
FN:22,(anonymous_16)
FNF:17
FNH:1
FNDA:100,(anonymous_0)
FNDA:0,(anonymous_1)
FNDA:0,(anonymous_2)
FNDA:0,(anonymous_3)
FNDA:0,(anonymous_4)
FNDA:0,(anonymous_5)
FNDA:0,(anonymous_6)
FNDA:0,(anonymous_7)
FNDA:0,(anonymous_8)
FNDA:0,(anonymous_9)
FNDA:0,(anonymous_10)
FNDA:0,(anonymous_11)
FNDA:0,(anonymous_12)
FNDA:0,(anonymous_13)
FNDA:0,(anonymous_14)
FNDA:0,(anonymous_15)
FNDA:0,(anonymous_16)
DA:1,900
DA:22,100
DA:25,0
DA:26,0
DA:27,0
DA:28,0
DA:30,0
DA:33,0
DA:38,0
DA:42,0
DA:43,0
DA:44,0
DA:45,0
DA:48,60
DA:49,0
DA:54,0
DA:55,0
DA:57,0
DA:60,0
DA:61,0
DA:67,0
DA:68,0
DA:69,0
DA:71,0
DA:74,0
DA:75,0
DA:76,0
DA:81,0
DA:82,0
DA:83,0
DA:86,0
DA:87,0
DA:88,0
DA:89,0
DA:90,0
DA:91,0
DA:93,0
DA:96,0
DA:97,0
DA:98,0
DA:99,0
DA:100,0
DA:101,0
DA:102,0
DA:103,0
DA:107,0
DA:118,0
DA:135,0
DA:138,0
DA:158,0
DA:160,0
DA:162,0
DA:163,0
DA:176,60
DA:178,60
LF:55
LH:5
BRDA:1,0,0,200
BRDA:1,0,1,100
BRDA:1,1,0,100
BRDA:31,2,0,0
BRDA:31,2,1,0
BRDA:34,3,0,0
BRDA:34,3,1,0
BRDA:34,4,0,0
BRDA:34,4,1,0
BRDA:62,5,0,0
BRDA:62,5,1,0
BRDA:67,6,0,0
BRDA:67,6,1,0
BRDA:68,7,0,0
BRDA:68,7,1,0
BRDA:75,8,0,0
BRDA:75,8,1,0
BRDA:77,9,0,0
BRDA:77,9,1,0
BRDA:81,10,0,0
BRDA:81,10,1,0
BRDA:82,11,0,0
BRDA:82,11,1,0
BRDA:89,12,0,0
BRDA:97,13,0,0
BRDA:97,13,1,0
BRDA:98,14,0,0
BRDA:101,15,0,0
BRDA:133,16,0,0
BRDA:133,16,1,0
BRDA:150,17,0,0
BRDA:150,17,1,0
BRDA:155,18,0,0
BRDA:155,18,1,0
BRDA:162,19,0,0
BRDA:168,20,0,0
BRDA:168,20,1,0
BRF:37
BRH:3
end_of_record
TN:
SF:src/components/ApplicantInformationForm/constants.ts
FNF:0
FNH:0
DA:3,72
DA:12,72
DA:21,72
LF:3
LH:3
BRF:0
BRH:0
end_of_record
TN:
SF:src/components/ApplicantInformationForm/index.tsx
FN:47,(anonymous_1)
FN:82,(anonymous_2)
FN:88,(anonymous_3)
FN:92,(anonymous_4)
FN:96,(anonymous_5)
FN:101,(anonymous_6)
FN:106,(anonymous_7)
FN:109,(anonymous_8)
FN:122,(anonymous_9)
FN:152,(anonymous_10)
FN:165,(anonymous_11)
FN:193,(anonymous_12)
FN:201,(anonymous_13)
FN:209,(anonymous_14)
FN:217,(anonymous_15)
FN:230,(anonymous_16)
FN:233,(anonymous_17)
FN:240,(anonymous_18)
FN:266,(anonymous_19)
FN:270,(anonymous_20)
FN:311,(anonymous_21)
FN:312,(anonymous_22)
FN:313,(anonymous_23)
FN:334,(anonymous_24)
FN:335,(anonymous_25)
FN:357,(anonymous_26)
FN:386,(anonymous_27)
FN:401,(anonymous_28)
FN:47,(anonymous_29)
FNF:29
FNH:0
FNDA:0,(anonymous_1)
FNDA:0,(anonymous_2)
FNDA:0,(anonymous_3)
FNDA:0,(anonymous_4)
FNDA:0,(anonymous_5)
FNDA:0,(anonymous_6)
FNDA:0,(anonymous_7)
FNDA:0,(anonymous_8)
FNDA:0,(anonymous_9)
FNDA:0,(anonymous_10)
FNDA:0,(anonymous_11)
FNDA:0,(anonymous_12)
FNDA:0,(anonymous_13)
FNDA:0,(anonymous_14)
FNDA:0,(anonymous_15)
FNDA:0,(anonymous_16)
FNDA:0,(anonymous_17)
FNDA:0,(anonymous_18)
FNDA:0,(anonymous_19)
FNDA:0,(anonymous_20)
FNDA:0,(anonymous_21)
FNDA:0,(anonymous_22)
FNDA:0,(anonymous_23)
FNDA:0,(anonymous_24)
FNDA:0,(anonymous_25)
FNDA:0,(anonymous_26)
FNDA:0,(anonymous_27)
FNDA:0,(anonymous_28)
FNDA:0,(anonymous_29)
DA:47,72
DA:48,0
DA:50,0
DA:67,0
DA:68,0
DA:69,0
DA:70,0
DA:72,0
DA:73,0
DA:74,0
DA:75,0
DA:76,0
DA:77,0
DA:78,0
DA:82,0
DA:83,0
DA:84,0
DA:87,0
DA:88,0
DA:93,0
DA:94,0
DA:96,0
DA:99,0
DA:101,0
DA:104,72
DA:106,0
DA:109,0
DA:112,0
DA:113,0
DA:122,0
DA:123,0
DA:124,0
DA:128,0
DA:129,0
DA:130,0
DA:139,0
DA:140,0
DA:141,0
DA:142,0
DA:145,0
DA:146,0
DA:147,0
DA:148,0
DA:152,0
DA:155,0
DA:156,0
DA:165,0
DA:166,0
DA:167,0
DA:168,0
DA:176,0
DA:177,0
DA:179,0
DA:180,0
DA:186,0
DA:193,0
DA:194,0
DA:195,0
DA:201,0
DA:202,0
DA:203,0
DA:209,0
DA:210,0
DA:211,0
DA:213,0
DA:217,0
DA:218,0
DA:220,0
DA:221,0
DA:222,0
DA:223,0
DA:224,0
DA:225,0
DA:226,0
DA:228,0
DA:229,0
DA:231,0
DA:235,0
DA:240,0
DA:245,0
DA:246,0
DA:248,0
DA:249,0
DA:255,0
DA:266,0
DA:270,0
DA:285,0
DA:311,0
DA:312,0
DA:313,0
DA:334,0
DA:335,0
DA:357,0
DA:386,0
DA:401,0
DA:417,72
DA:419,72
LF:97
LH:4
BRDA:128,0,0,0
BRDA:128,1,0,0
BRDA:128,1,1,0
BRDA:139,2,0,0
BRDA:145,3,0,0
BRDA:167,4,0,0
BRDA:167,4,1,0
BRDA:173,5,0,0
BRDA:173,5,1,0
BRDA:176,6,0,0
BRDA:179,7,0,0
BRDA:179,7,1,0
BRDA:181,8,0,0
BRDA:181,8,1,0
BRDA:210,9,0,0
BRDA:210,9,1,0
BRDA:220,10,0,0
BRDA:220,10,1,0
BRDA:222,11,0,0
BRDA:222,11,1,0
BRDA:224,12,0,0
BRDA:224,12,1,0
BRDA:243,13,0,0
BRDA:248,14,0,0
BRDA:250,15,0,0
BRDA:250,15,1,0
BRDA:256,16,0,0
BRDA:256,16,1,0
BRDA:263,17,0,0
BRDA:263,17,1,0
BRDA:264,18,0,0
BRDA:264,18,1,0
BRDA:271,19,0,0
BRDA:271,19,1,0
BRDA:273,20,0,0
BRDA:273,20,1,0
BRDA:277,21,0,0
BRDA:277,21,1,0
BRDA:308,22,0,0
BRDA:308,22,1,0
BRDA:317,23,0,0
BRDA:317,23,1,0
BRF:42
BRH:0
end_of_record
TN:
SF:src/components/ApplicantSeedlotInformation/index.tsx
FN:1,(anonymous_0)
FN:16,(anonymous_1)
FNF:2
FNH:1
FNDA:72,(anonymous_0)
FNDA:0,(anonymous_1)
DA:1,576
DA:16,72
DA:19,0
DA:101,72
DA:103,72
LF:5
LH:4
BRDA:1,0,0,144
BRDA:1,0,1,72
BRDA:1,1,0,72
BRDA:26,2,0,0
BRDA:26,2,1,0
BRDA:76,3,0,0
BRDA:76,3,1,0
BRDA:85,4,0,0
BRDA:85,4,1,0
BRF:9
BRH:3
end_of_record
TN:
SF:src/components/AvatarImage/index.tsx
FN:1,(anonymous_0)
FN:14,(anonymous_1)
FNF:2
FNH:2
FNDA:112,(anonymous_0)
FNDA:2,(anonymous_1)
DA:1,896
DA:14,112
DA:15,2
DA:16,112
DA:18,112
LF:5
LH:5
BRDA:1,0,0,224
BRDA:1,0,1,112
BRDA:1,1,0,112
BRDA:15,2,0,2
BRDA:15,2,1,2
BRF:5
BRH:5
end_of_record
TN:
SF:src/components/BCGovLogo/index.tsx
FN:1,(anonymous_0)
FN:6,(anonymous_1)
FNF:2
FNH:2
FNDA:112,(anonymous_0)
FNDA:224,(anonymous_1)
DA:1,896
DA:6,112
DA:7,224
DA:8,112
DA:10,112
LF:5
LH:5
BRDA:1,0,0,224
BRDA:1,0,1,112
BRDA:1,1,0,112
BRF:3
BRH:3
end_of_record
TN:
SF:src/components/BCHeader/constants.ts
FNF:0
FNH:0
DA:3,112
DA:5,112
DA:7,112
DA:12,112
DA:108,112
LF:5
LH:5
BRF:0
BRH:0
end_of_record
TN:
SF:src/components/BCHeader/index.tsx
FN:34,(anonymous_1)
FN:40,(anonymous_2)
FN:57,(anonymous_3)
FN:66,(anonymous_4)
FN:75,(anonymous_5)
FN:101,(anonymous_6)
FN:110,(anonymous_7)
FN:123,(anonymous_8)
FN:134,(anonymous_9)
FN:150,(anonymous_10)
FN:153,(anonymous_11)
FN:160,(anonymous_12)
FN:34,(anonymous_13)
FNF:13
FNH:6
FNDA:2,(anonymous_1)
FNDA:0,(anonymous_2)
FNDA:0,(anonymous_3)
FNDA:2,(anonymous_4)
FNDA:2,(anonymous_5)
FNDA:0,(anonymous_6)
FNDA:0,(anonymous_7)
FNDA:0,(anonymous_8)
FNDA:0,(anonymous_9)
FNDA:6,(anonymous_10)
FNDA:26,(anonymous_11)
FNDA:0,(anonymous_12)
FNDA:1,(anonymous_13)
DA:34,112
DA:35,2
DA:36,2
DA:37,2
DA:38,2
DA:40,2
DA:45,0
DA:46,0
DA:47,0
DA:49,0
DA:50,0
DA:57,2
DA:58,0
DA:59,0
DA:65,112
DA:66,2
DA:67,2
DA:68,0
DA:69,0
DA:73,2
DA:76,2
DA:101,0
DA:110,0
DA:123,0
DA:134,40
DA:151,6
DA:154,66
DA:155,66
DA:161,40
DA:162,40
DA:163,40
DA:181,112
DA:183,72
LF:33
LH:21
BRDA:45,0,0,0
BRDA:45,0,1,0
BRDA:67,1,0,0
BRDA:139,2,0,0
BRDA:139,2,1,2
BRDA:158,3,0,22
BRDA:158,3,1,4
BRDA:159,4,0,26
BRDA:159,4,1,0
BRDA:161,5,0,0
BRF:10
BRH:4
end_of_record
TN:
SF:src/components/Card/FavouriteCard/index.tsx
FN:17,(anonymous_1)
FN:27,(anonymous_2)
FN:28,(anonymous_3)
FN:34,(anonymous_4)
FN:35,(anonymous_5)
FN:44,(anonymous_6)
FN:52,(anonymous_7)
FN:59,(anonymous_8)
FN:17,(anonymous_9)
FNF:9
FNH:0
FNDA:0,(anonymous_1)
FNDA:0,(anonymous_2)
FNDA:0,(anonymous_3)
FNDA:0,(anonymous_4)
FNDA:0,(anonymous_5)
FNDA:0,(anonymous_6)
FNDA:0,(anonymous_7)
FNDA:0,(anonymous_8)
FNDA:0,(anonymous_9)
DA:17,112
DA:20,0
DA:21,0
DA:22,0
DA:23,0
DA:24,0
DA:26,0
DA:27,0
DA:29,0
DA:33,112
DA:34,0
DA:36,0
DA:40,0
DA:44,0
DA:53,0
DA:54,0
DA:60,0
DA:61,0
DA:72,112
DA:74,112
LF:20
LH:4
BRDA:42,0,0,0
BRDA:42,0,1,0
BRDA:51,1,0,0
BRDA:51,1,1,0
BRF:4
BRH:0
end_of_record
TN:
SF:src/components/Card/StandardCard/index.tsx
FN:28,(anonymous_1)
FN:34,(anonymous_2)
FN:45,(anonymous_3)
FN:28,(anonymous_4)
FNF:4
FNH:0
FNDA:0,(anonymous_1)
FNDA:0,(anonymous_2)
FNDA:0,(anonymous_3)
FNDA:0,(anonymous_4)
DA:28,112
DA:30,0
DA:31,112
DA:32,0
DA:33,0
DA:34,0
DA:45,0
DA:68,112
DA:70,112
LF:9
LH:4
BRDA:43,0,0,0
BRDA:43,0,1,0
BRDA:52,1,0,0
BRDA:52,1,1,0
BRDA:56,2,0,0
BRDA:56,2,1,0
BRF:6
BRH:0
end_of_record
TN:
SF:src/components/ComboButton/index.tsx
FN:1,(anonymous_0)
FN:23,(anonymous_1)
FN:29,(anonymous_2)
FNF:3
FNH:1
FNDA:112,(anonymous_0)
FNDA:0,(anonymous_1)
FNDA:0,(anonymous_2)
DA:1,896
DA:23,112
DA:24,0
DA:30,0
DA:34,72
DA:36,112
LF:6
LH:4
BRDA:1,0,0,224
BRDA:1,0,1,112
BRDA:1,1,0,112
BRF:3
BRH:3
end_of_record
TN:
SF:src/components/DescriptionBox/index.tsx
FN:1,(anonymous_0)
FN:9,(anonymous_1)
FNF:2
FNH:1
FNDA:112,(anonymous_0)
FNDA:0,(anonymous_1)
DA:1,896
DA:9,112
DA:15,0
DA:19,112
DA:21,112
LF:5
LH:4
BRDA:1,0,0,224
BRDA:1,0,1,112
BRDA:1,1,0,112
BRF:3
BRH:3
end_of_record
TN:
SF:src/components/EmptySection/index.tsx
FN:1,(anonymous_0)
FN:17,(anonymous_1)
FNF:2
FNH:2
FNDA:112,(anonymous_0)
FNDA:2,(anonymous_1)
DA:1,896
DA:17,112
DA:22,2
DA:23,2
DA:26,2
DA:27,0
DA:30,2
DA:39,112
DA:41,112
LF:9
LH:8
BRDA:1,0,0,224
BRDA:1,0,1,112
BRDA:1,1,0,112
BRDA:22,2,0,2
BRDA:26,3,0,0
BRF:5
BRH:4
end_of_record
TN:
SF:src/components/FavouriteActivities/index.tsx
FN:19,(anonymous_1)
FN:54,(anonymous_2)
FN:19,(anonymous_3)
FNF:3
FNH:0
FNDA:0,(anonymous_1)
FNDA:0,(anonymous_2)
FNDA:0,(anonymous_3)
DA:19,112
DA:20,0
DA:22,112
DA:27,0
DA:55,0
DA:66,112
DA:68,112
LF:7
LH:4
BRDA:44,0,0,0
BRDA:44,0,1,0
BRDA:45,1,0,0
BRDA:45,1,1,0
BRDA:45,1,2,0
BRDA:46,2,0,0
BRDA:46,2,1,0
BRF:7
BRH:0
end_of_record
TN:
SF:src/components/FormProgress/index.tsx
FN:19,(anonymous_1)
FN:38,(anonymous_2)
FN:19,(anonymous_3)
FNF:3
FNH:0
FNDA:0,(anonymous_1)
FNDA:0,(anonymous_2)
FNDA:0,(anonymous_3)
DA:19,72
DA:20,72
DA:21,0
DA:38,0
DA:45,72
DA:47,72
LF:6
LH:4
BRF:0
BRH:0
end_of_record
TN:
SF:src/components/FormReview/constants.ts
FNF:0
FNH:0
DA:1,112
LF:1
LH:1
BRF:0
BRH:0
end_of_record
TN:
SF:src/components/FormReview/index.tsx
FN:133,(anonymous_1)
FN:176,(anonymous_2)
FN:222,(anonymous_3)
FN:252,(anonymous_4)
FN:254,(anonymous_5)
FN:289,(anonymous_6)
FNF:6
FNH:0
FNDA:0,(anonymous_1)
FNDA:0,(anonymous_2)
FNDA:0,(anonymous_3)
FNDA:0,(anonymous_4)
FNDA:0,(anonymous_5)
FNDA:0,(anonymous_6)
DA:25,112
DA:58,112
DA:59,112
DA:60,112
DA:68,112
DA:88,112
DA:98,112
DA:118,112
DA:120,112
DA:133,112
DA:134,0
DA:148,100
DA:313,112
DA:315,112
LF:14
LH:13
BRDA:158,0,0,0
BRDA:158,0,1,0
BRF:2
BRH:0
end_of_record
TN:
SF:src/components/InfoSection/index.tsx
FN:1,(anonymous_0)
FN:22,(anonymous_1)
FNF:2
FNH:1
FNDA:112,(anonymous_0)
FNDA:0,(anonymous_1)
DA:1,896
DA:22,112
DA:27,0
DA:40,112
DA:42,112
LF:5
LH:4
BRDA:1,0,0,224
BRDA:1,0,1,112
BRDA:1,1,0,112
BRDA:34,2,0,0
BRDA:34,2,1,0
BRF:5
BRH:3
end_of_record
TN:
SF:src/components/InfoSection/InfoSectionColumn/index.tsx
FN:1,(anonymous_0)
FN:11,(anonymous_1)
FN:14,(anonymous_2)
FNF:3
FNH:1
FNDA:112,(anonymous_0)
FNDA:0,(anonymous_1)
FNDA:0,(anonymous_2)
DA:1,896
DA:11,112
DA:14,0
DA:15,0
DA:18,0
DA:35,112
DA:37,112
LF:7
LH:4
BRDA:1,0,0,224
BRDA:1,0,1,112
BRDA:1,1,0,112
BRDA:30,2,0,0
BRDA:30,2,1,0
BRF:5
BRH:3
end_of_record
TN:
SF:src/components/InfoSection/InfoSectionRow/index.tsx
FN:1,(anonymous_0)
FN:12,(anonymous_1)
FN:17,(anonymous_2)
FNF:3
FNH:1
FNDA:112,(anonymous_0)
FNDA:0,(anonymous_1)
FNDA:0,(anonymous_2)
DA:1,896
DA:12,112
DA:15,0
DA:18,0
DA:22,112
DA:24,112
LF:6
LH:4
BRDA:1,0,0,224
BRDA:1,0,1,112
BRDA:1,1,0,112
BRF:3
BRH:3
end_of_record
TN:
SF:src/components/InputErrorText/index.tsx
FN:1,(anonymous_0)
FN:9,(anonymous_1)
FNF:2
FNH:1
FNDA:112,(anonymous_0)
FNDA:0,(anonymous_1)
DA:1,896
DA:9,112
DA:12,0
DA:16,112
DA:18,112
LF:5
LH:4
BRDA:1,0,0,224
BRDA:1,0,1,112
BRDA:1,1,0,112
BRF:3
BRH:3
end_of_record
TN:
SF:src/components/Logout/index.tsx
FN:5,(anonymous_1)
FN:10,(anonymous_2)
FN:5,(anonymous_3)
FNF:3
FNH:0
FNDA:0,(anonymous_1)
FNDA:0,(anonymous_2)
FNDA:0,(anonymous_3)
DA:5,12
DA:6,12
DA:8,0
DA:9,0
DA:10,0
DA:12,0
DA:15,0
DA:19,12
DA:21,12
LF:9
LH:4
BRDA:8,0,0,0
BRDA:8,0,1,0
BRF:2
BRH:0
end_of_record
TN:
SF:src/components/ModalStateManager/index.tsx
FN:9,(anonymous_1)
FNF:1
FNH:0
FNDA:0,(anonymous_1)
DA:9,112
DA:14,0
DA:15,0
DA:16,0
DA:27,112
DA:29,112
LF:6
LH:3
BRDA:18,0,0,0
BRDA:18,0,1,0
BRDA:18,1,0,0
BRDA:18,1,1,0
BRDA:24,2,0,0
BRDA:24,2,1,0
BRF:6
BRH:0
end_of_record
TN:
SF:src/components/MyProfile/index.tsx
FN:36,(anonymous_1)
FN:45,(anonymous_2)
FN:53,(anonymous_3)
FN:64,(anonymous_4)
FN:87,(anonymous_5)
FN:93,(anonymous_6)
FN:105,(anonymous_7)
FN:36,(anonymous_8)
FNF:8
FNH:4
FNDA:2,(anonymous_1)
FNDA:0,(anonymous_2)
FNDA:0,(anonymous_3)
FNDA:2,(anonymous_4)
FNDA:6,(anonymous_5)
FNDA:0,(anonymous_6)
FNDA:0,(anonymous_7)
FNDA:1,(anonymous_8)
DA:18,112
DA:36,112
DA:37,2
DA:38,2
DA:40,2
DA:41,2
DA:43,112
DA:45,2
DA:46,0
DA:47,0
DA:48,0
DA:50,0
DA:53,2
DA:54,0
DA:55,0
DA:56,0
DA:58,0
DA:59,0
DA:60,0
DA:64,2
DA:65,2
DA:66,0
DA:67,0
DA:71,2
DA:88,6
DA:89,6
DA:94,0
DA:95,0
DA:105,0
DA:119,112
DA:121,112
LF:31
LH:16
BRDA:46,0,0,0
BRDA:54,1,0,0
BRDA:58,2,0,0
BRDA:65,3,0,0
BRDA:92,4,0,6
BRDA:92,4,1,0
BRF:6
BRH:1
end_of_record
TN:
SF:src/components/NotificationsCentral/index.tsx
FN:1,(anonymous_0)
FN:10,(anonymous_1)
FNF:2
FNH:2
FNDA:112,(anonymous_0)
FNDA:2,(anonymous_1)
DA:1,896
DA:10,112
DA:11,2
DA:33,112
DA:35,112
LF:5
LH:5
BRDA:1,0,0,224
BRDA:1,0,1,112
BRDA:1,1,0,112
BRF:3
BRH:3
end_of_record
TN:
SF:src/components/PageTitle/index.tsx
FN:24,(anonymous_1)
FN:39,(anonymous_2)
FN:40,(anonymous_3)
FN:46,(anonymous_4)
FN:47,(anonymous_5)
FN:52,(anonymous_6)
FN:69,(anonymous_7)
FN:70,(anonymous_8)
FN:24,(anonymous_9)
FNF:9
FNH:0
FNDA:0,(anonymous_1)
FNDA:0,(anonymous_2)
FNDA:0,(anonymous_3)
FNDA:0,(anonymous_4)
FNDA:0,(anonymous_5)
FNDA:0,(anonymous_6)
FNDA:0,(anonymous_7)
FNDA:0,(anonymous_8)
FNDA:0,(anonymous_9)
DA:24,112
DA:29,0
DA:30,0
DA:31,0
DA:33,0
DA:38,0
DA:39,0
DA:41,0
DA:45,112
DA:46,0
DA:48,0
DA:52,0
DA:54,0
DA:56,0
DA:69,0
DA:70,0
DA:86,112
DA:88,112
LF:18
LH:4
BRDA:61,0,0,0
BRDA:61,0,1,0
BRDA:61,1,0,0
BRDA:61,1,1,0
BRDA:65,2,0,0
BRDA:65,2,1,0
BRDA:68,3,0,0
BRDA:68,3,1,0
BRDA:74,4,0,0
BRDA:74,4,1,0
BRF:10
BRH:0
end_of_record
TN:
SF:src/components/PanelSectionName/index.tsx
FN:1,(anonymous_0)
FN:9,(anonymous_1)
FNF:2
FNH:2
FNDA:112,(anonymous_0)
FNDA:12,(anonymous_1)
DA:1,896
DA:9,112
DA:10,12
DA:15,112
DA:17,112
LF:5
LH:5
BRDA:1,0,0,224
BRDA:1,0,1,112
BRDA:1,1,0,112
BRDA:10,2,0,4
BRDA:10,2,1,8
BRF:5
BRH:5
end_of_record
TN:
SF:src/components/Participants/index.tsx
FN:1,(anonymous_0)
FN:12,(anonymous_1)
FN:14,(anonymous_2)
FNF:3
FNH:1
FNDA:72,(anonymous_0)
FNDA:0,(anonymous_1)
FNDA:0,(anonymous_2)
DA:1,576
DA:12,72
DA:13,0
DA:15,0
DA:26,72
DA:28,72
LF:6
LH:4
BRDA:1,0,0,144
BRDA:1,0,1,72
BRDA:1,1,0,72
BRF:3
BRH:3
end_of_record
TN:
SF:src/components/RecentActivities/constants.ts
FN:28,(anonymous_0)
FN:32,(anonymous_1)
FNF:2
FNH:0
FNDA:0,(anonymous_0)
FNDA:0,(anonymous_1)
DA:1,112
DA:10,112
DA:18,112
DA:28,112
DA:29,0
DA:32,112
DA:33,0
LF:7
LH:5
BRF:0
BRH:0
end_of_record
TN:
SF:src/components/RecentActivities/index.tsx
FN:34,(anonymous_1)
FN:47,(anonymous_2)
FN:34,(anonymous_3)
FNF:3
FNH:0
FNDA:0,(anonymous_1)
FNDA:0,(anonymous_2)
FNDA:0,(anonymous_3)
DA:34,112
DA:35,0
DA:40,0
DA:45,112
DA:47,0
DA:48,0
DA:51,0
DA:128,112
DA:130,112
LF:9
LH:4
BRDA:67,0,0,0
BRDA:67,0,1,0
BRDA:67,1,0,0
BRDA:67,1,1,0
BRDA:73,2,0,0
BRDA:73,2,1,0
BRDA:94,3,0,0
BRDA:94,3,1,0
BRF:8
BRH:0
end_of_record
TN:
SF:src/components/RecentActivities/RecentActivitiesTable/index.tsx
FN:1,(anonymous_0)
FN:31,(anonymous_1)
FN:39,(anonymous_2)
FN:41,(anonymous_3)
FN:98,(anonymous_4)
FN:112,(anonymous_5)
FN:115,(anonymous_6)
FN:132,(anonymous_7)
FN:144,(anonymous_8)
FNF:9
FNH:1
FNDA:112,(anonymous_0)
FNDA:0,(anonymous_1)
FNDA:0,(anonymous_2)
FNDA:0,(anonymous_3)
FNDA:0,(anonymous_4)
FNDA:0,(anonymous_5)
FNDA:0,(anonymous_6)
FNDA:0,(anonymous_7)
FNDA:0,(anonymous_8)
DA:1,896
DA:31,112
DA:37,0
DA:39,0
DA:41,0
DA:42,0
DA:44,0
DA:46,0
DA:54,0
DA:60,0
DA:65,0
DA:72,0
DA:78,0
DA:79,0
DA:86,0
DA:94,0
DA:99,0
DA:113,0
DA:116,0
DA:117,0
DA:119,0
DA:132,0
DA:144,0
DA:158,112
DA:160,112
LF:25
LH:4
BRDA:1,0,0,224
BRDA:1,0,1,112
BRDA:1,1,0,112
BRDA:44,2,0,0
BRDA:44,2,1,0
BRDA:44,2,2,0
BRDA:44,2,3,0
BRDA:44,2,4,0
BRDA:44,2,5,0
BRDA:44,2,6,0
BRDA:44,2,7,0
BRDA:61,3,0,0
BRDA:61,3,1,0
BRDA:116,4,0,0
BRDA:116,5,0,0
BRDA:116,5,1,0
BRDA:129,6,0,0
BRDA:129,6,1,0
BRDA:137,7,0,0
BRDA:137,7,1,0
BRF:20
BRH:3
end_of_record
TN:
SF:src/components/RecentSeedlots/constants.ts
FNF:0
FNH:0
DA:1,72
LF:1
LH:1
BRF:0
BRH:0
end_of_record
TN:
SF:src/components/RecentSeedlots/index.tsx
FN:16,(anonymous_1)
FN:19,(anonymous_2)
FN:22,(anonymous_3)
FN:25,(anonymous_4)
FN:31,(anonymous_5)
FNF:5
FNH:0
FNDA:0,(anonymous_1)
FNDA:0,(anonymous_2)
FNDA:0,(anonymous_3)
FNDA:0,(anonymous_4)
FNDA:0,(anonymous_5)
DA:16,72
DA:17,0
DA:19,0
DA:20,0
DA:21,0
DA:23,0
DA:27,0
DA:31,0
DA:32,0
DA:35,0
DA:47,0
DA:75,72
DA:77,72
LF:13
LH:3
BRDA:55,0,0,0
BRDA:55,0,1,0
BRF:2
BRH:0
end_of_record
TN:
SF:src/components/RightPanelTitle/index.tsx
FN:1,(anonymous_0)
FN:13,(anonymous_1)
FNF:2
FNH:2
FNDA:112,(anonymous_0)
FNDA:4,(anonymous_1)
DA:1,896
DA:13,112
DA:14,4
DA:27,112
DA:29,112
LF:5
LH:5
BRDA:1,0,0,224
BRDA:1,0,1,112
BRDA:1,1,0,112
BRF:3
BRH:3
end_of_record
TN:
SF:src/components/SeedlotActivities/index.tsx
FN:1,(anonymous_0)
FN:9,(anonymous_1)
FN:63,(anonymous_2)
FNF:3
FNH:1
FNDA:112,(anonymous_0)
FNDA:0,(anonymous_1)
FNDA:0,(anonymous_2)
DA:1,896
DA:9,112
DA:10,0
DA:61,0
DA:64,0
DA:78,112
DA:80,112
LF:7
LH:4
BRDA:1,0,0,224
BRDA:1,0,1,112
BRDA:1,1,0,112
BRF:3
BRH:3
end_of_record
TN:
SF:src/components/SeedlotActivityHistory/index.tsx
FN:1,(anonymous_0)
FN:100,(anonymous_1)
FN:117,(anonymous_2)
FNF:3
FNH:1
FNDA:72,(anonymous_0)
FNDA:0,(anonymous_1)
FNDA:0,(anonymous_2)
DA:1,576
DA:15,72
DA:22,72
DA:100,72
DA:101,0
DA:118,0
DA:119,0
DA:133,72
DA:135,72
LF:9
LH:6
BRDA:1,0,0,144
BRDA:1,0,1,72
BRDA:1,1,0,72
BRF:3
BRH:3
end_of_record
TN:
SF:src/components/SeedlotRegistrationProgress/index.tsx
FN:1,(anonymous_0)
FN:15,(anonymous_1)
FNF:2
FNH:1
FNDA:112,(anonymous_0)
FNDA:0,(anonymous_1)
DA:1,896
DA:15,112
DA:20,0
DA:69,112
DA:71,112
LF:5
LH:4
BRDA:1,0,0,224
BRDA:1,0,1,112
BRDA:1,1,0,112
BRDA:24,2,0,0
BRDA:24,2,1,0
BRF:5
BRH:3
end_of_record
TN:
SF:src/components/SeedlotRegistrationSteps/CollectionStep/constants.ts
FNF:0
FNH:0
DA:1,112
DA:2,112
DA:3,112
DA:5,112
LF:4
LH:4
BRF:0
BRH:0
end_of_record
TN:
SF:src/components/SeedlotRegistrationSteps/CollectionStep/index.tsx
FN:36,(anonymous_1)
FN:54,(anonymous_2)
FN:62,(anonymous_3)
FN:66,(anonymous_4)
FN:70,(anonymous_5)
FN:73,(anonymous_6)
FN:84,(anonymous_7)
FN:97,(anonymous_8)
FN:110,(anonymous_9)
FN:121,(anonymous_10)
FN:133,(anonymous_11)
FN:148,(anonymous_12)
FN:166,(anonymous_13)
FN:183,(anonymous_14)
FN:194,(anonymous_15)
FN:216,(anonymous_16)
FN:234,(anonymous_17)
FN:237,(anonymous_18)
FN:256,(anonymous_19)
FN:259,(anonymous_20)
FN:260,(anonymous_21)
FN:284,(anonymous_22)
FN:307,(anonymous_23)
FN:334,(anonymous_24)
FN:350,(anonymous_25)
FN:371,(anonymous_26)
FN:386,(anonymous_27)
FN:394,(anonymous_28)
FN:410,(anonymous_29)
FN:36,(anonymous_30)
FNF:30
FNH:1
FNDA:0,(anonymous_1)
FNDA:0,(anonymous_2)
FNDA:0,(anonymous_3)
FNDA:0,(anonymous_4)
FNDA:0,(anonymous_5)
FNDA:0,(anonymous_6)
FNDA:0,(anonymous_7)
FNDA:0,(anonymous_8)
FNDA:0,(anonymous_9)
FNDA:0,(anonymous_10)
FNDA:0,(anonymous_11)
FNDA:0,(anonymous_12)
FNDA:0,(anonymous_13)
FNDA:0,(anonymous_14)
FNDA:0,(anonymous_15)
FNDA:0,(anonymous_16)
FNDA:0,(anonymous_17)
FNDA:100,(anonymous_18)
FNDA:0,(anonymous_19)
FNDA:0,(anonymous_20)
FNDA:0,(anonymous_21)
FNDA:0,(anonymous_22)
FNDA:0,(anonymous_23)
FNDA:0,(anonymous_24)
FNDA:0,(anonymous_25)
FNDA:0,(anonymous_26)
FNDA:0,(anonymous_27)
FNDA:0,(anonymous_28)
FNDA:0,(anonymous_29)
FNDA:0,(anonymous_30)
DA:36,112
DA:46,0
DA:47,0
DA:48,0
DA:49,0
DA:50,0
DA:54,0
DA:55,0
DA:56,0
DA:57,0
DA:58,0
DA:61,12
DA:62,0
DA:67,0
DA:68,0
DA:70,0
DA:73,0
DA:74,0
DA:75,0
DA:76,0
DA:78,0
DA:79,0
DA:80,0
DA:81,0
DA:84,0
DA:85,0
DA:90,0
DA:91,0
DA:92,0
DA:93,0
DA:94,0
DA:97,0
DA:98,0
DA:99,0
DA:104,0
DA:105,0
DA:106,0
DA:107,0
DA:110,0
DA:111,0
DA:112,0
DA:113,0
DA:114,0
DA:115,0
DA:116,0
DA:118,0
DA:121,0
DA:122,0
DA:123,0
DA:124,0
DA:125,0
DA:126,0
DA:127,0
DA:128,0
DA:129,0
DA:133,0
DA:134,0
DA:135,0
DA:137,0
DA:139,0
DA:142,0
DA:143,0
DA:145,0
DA:148,0
DA:149,100
DA:150,100
DA:152,100
DA:153,100
DA:154,100
DA:155,100
DA:157,100
DA:161,100
DA:163,100
DA:166,0
DA:167,0
DA:168,0
DA:169,0
DA:170,0
DA:172,0
DA:177,0
DA:178,0
DA:180,0
DA:183,0
DA:184,0
DA:185,0
DA:186,0
DA:187,0
DA:189,0
DA:191,0
DA:194,0
DA:195,0
DA:196,0
DA:197,0
DA:200,0
DA:217,0
DA:234,0
DA:237,0
DA:257,0
DA:259,0
DA:261,0
DA:285,0
DA:308,0
DA:335,0
DA:351,0
DA:372,0
DA:387,0
DA:394,0
DA:411,0
DA:421,12
DA:423,12
LF:110
LH:13
BRDA:75,0,0,0
BRDA:75,0,1,0
BRDA:76,1,0,0
BRDA:76,1,1,0
BRDA:86,2,0,0
BRDA:86,2,1,0
BRDA:91,3,0,0
BRDA:91,3,1,0
BRDA:92,4,0,0
BRDA:92,4,1,0
BRDA:98,5,0,0
BRDA:98,5,1,0
BRDA:100,6,0,0
BRDA:100,6,1,0
BRDA:106,7,0,100
BRDA:106,7,1,0
BRDA:114,8,0,100
BRDA:122,9,0,0
BRDA:122,9,1,0
BRDA:123,10,0,0
BRDA:127,11,0,0
BRDA:135,12,0,0
BRDA:135,12,1,0
BRDA:153,13,0,0
BRDA:153,13,1,0
BRDA:155,14,0,0
BRDA:155,14,1,0
BRDA:177,15,0,0
BRDA:186,16,0,0
BRDA:186,16,1,0
BRDA:232,17,0,0
BRDA:232,17,1,0
BRDA:249,18,0,0
BRDA:249,18,1,0
BRDA:254,19,0,0
BRDA:254,19,1,0
BRDA:265,20,0,0
BRDA:265,20,1,0
BRF:38
BRH:2
end_of_record
TN:
SF:src/components/SeedlotRegistrationSteps/CollectionStep/utils.ts
FN:6,(anonymous_0)
FN:13,(anonymous_1)
FN:20,(anonymous_2)
FNF:3
FNH:0
FNDA:0,(anonymous_0)
FNDA:0,(anonymous_1)
FNDA:0,(anonymous_2)
DA:6,112
DA:13,112
DA:14,0
DA:20,112
LF:4
LH:3
BRDA:14,0,0,0
BRDA:14,0,1,0
BRDA:20,1,0,0
BRDA:20,1,1,0
BRF:4
BRH:0
end_of_record
TN:
SF:src/components/SeedlotRegistrationSteps/ExtractionAndStorageStep/constants.ts
FNF:0
FNH:0
DA:3,112
DA:5,112
DA:71,112
LF:3
LH:3
BRF:0
BRH:0
end_of_record
TN:
SF:src/components/SeedlotRegistrationSteps/ExtractionAndStorageStep/definitions.ts
FNF:0
FNH:0
DA:12,112
LF:1
LH:1
BRF:0
BRH:0
end_of_record
TN:
SF:src/components/SeedlotRegistrationSteps/ExtractionAndStorageStep/index.tsx
FN:51,(anonymous_1)
FN:69,(anonymous_2)
FN:85,(anonymous_3)
FN:89,(anonymous_4)
FN:90,(anonymous_5)
FN:93,(anonymous_6)
FN:141,(anonymous_7)
FN:186,(anonymous_8)
FN:257,(anonymous_9)
FN:289,(anonymous_10)
FN:292,(anonymous_11)
FN:315,(anonymous_12)
FN:318,(anonymous_13)
FN:319,(anonymous_14)
FN:340,(anonymous_15)
FN:362,(anonymous_16)
FN:385,(anonymous_17)
FN:404,(anonymous_18)
FN:435,(anonymous_19)
FN:438,(anonymous_20)
FN:462,(anonymous_21)
FN:465,(anonymous_22)
FN:466,(anonymous_23)
FN:487,(anonymous_24)
FN:509,(anonymous_25)
FN:532,(anonymous_26)
FN:51,(anonymous_27)
FNF:27
FNH:0
FNDA:0,(anonymous_1)
FNDA:0,(anonymous_2)
FNDA:0,(anonymous_3)
FNDA:0,(anonymous_4)
FNDA:0,(anonymous_5)
FNDA:0,(anonymous_6)
FNDA:0,(anonymous_7)
FNDA:0,(anonymous_8)
FNDA:0,(anonymous_9)
FNDA:0,(anonymous_10)
FNDA:0,(anonymous_11)
FNDA:0,(anonymous_12)
FNDA:0,(anonymous_13)
FNDA:0,(anonymous_14)
FNDA:0,(anonymous_15)
FNDA:0,(anonymous_16)
FNDA:0,(anonymous_17)
FNDA:0,(anonymous_18)
FNDA:0,(anonymous_19)
FNDA:0,(anonymous_20)
FNDA:0,(anonymous_21)
FNDA:0,(anonymous_22)
FNDA:0,(anonymous_23)
FNDA:0,(anonymous_24)
FNDA:0,(anonymous_25)
FNDA:0,(anonymous_26)
FNDA:0,(anonymous_27)
DA:51,112
DA:60,0
DA:61,0
DA:62,0
DA:63,0
DA:64,0
DA:65,0
DA:69,0
DA:70,0
DA:74,0
DA:84,112
DA:85,0
DA:89,0
DA:90,0
DA:93,0
DA:97,0
DA:98,0
DA:99,0
DA:103,0
DA:104,0
DA:105,0
DA:111,0
DA:112,0
DA:119,0
DA:123,0
DA:124,0
DA:127,0
DA:134,0
DA:141,0
DA:142,0
DA:143,0
DA:144,0
DA:146,0
DA:147,0
DA:149,0
DA:151,0
DA:152,0
DA:154,0
DA:158,0
DA:159,0
DA:162,0
DA:163,0
DA:164,0
DA:168,0
DA:169,0
DA:172,0
DA:173,0
DA:174,0
DA:176,0
DA:178,0
DA:181,0
DA:182,0
DA:183,0
DA:184,0
DA:186,0
DA:194,0
DA:195,0
DA:201,0
DA:202,0
DA:208,0
DA:209,0
DA:210,0
DA:211,0
DA:212,0
DA:223,0
DA:229,0
DA:235,0
DA:236,0
DA:237,0
DA:241,0
DA:258,0
DA:259,0
DA:269,0
DA:289,0
DA:292,0
DA:316,0
DA:318,0
DA:320,0
DA:321,0
DA:322,0
DA:341,0
DA:363,0
DA:385,0
DA:405,0
DA:406,0
DA:416,0
DA:435,0
DA:438,0
DA:463,0
DA:465,0
DA:467,0
DA:468,0
DA:469,0
DA:488,0
DA:510,0
DA:532,0
DA:539,112
DA:541,112
LF:98
LH:4
BRDA:72,0,0,0
BRDA:72,0,1,0
BRDA:79,1,0,0
BRDA:79,1,1,0
BRDA:98,2,0,0
BRDA:98,2,1,0
BRDA:103,3,0,0
BRDA:103,4,0,0
BRDA:103,4,1,0
BRDA:111,5,0,0
BRDA:111,5,1,0
BRDA:121,6,0,0
BRDA:121,6,1,0
BRDA:123,7,0,0
BRDA:136,8,0,0
BRDA:136,8,1,0
BRDA:144,9,0,0
BRDA:144,9,1,0
BRDA:144,9,2,0
BRDA:144,9,3,0
BRDA:144,9,4,0
BRDA:144,9,5,0
BRDA:144,9,6,0
BRDA:146,10,0,0
BRDA:151,11,0,0
BRDA:158,12,0,0
BRDA:158,13,0,0
BRDA:158,13,1,0
BRDA:168,14,0,0
BRDA:168,15,0,0
BRDA:168,15,1,0
BRDA:194,16,0,0
BRDA:194,16,1,0
BRDA:194,17,0,0
BRDA:194,17,1,0
BRDA:201,18,0,0
BRDA:209,19,0,0
BRDA:209,19,1,0
BRDA:209,20,0,0
BRDA:209,20,1,0
BRDA:210,21,0,0
BRDA:210,21,1,0
BRDA:211,22,0,0
BRDA:211,22,1,0
BRDA:216,23,0,0
BRDA:216,23,1,0
BRDA:218,24,0,0
BRDA:218,24,1,0
BRDA:226,25,0,0
BRDA:226,25,1,0
BRDA:236,26,0,0
BRDA:236,27,0,0
BRDA:236,27,1,0
BRDA:264,28,0,0
BRDA:264,28,1,0
BRDA:271,29,0,0
BRDA:271,29,1,0
BRDA:273,30,0,0
BRDA:273,30,1,0
BRDA:288,31,0,0
BRDA:288,31,1,0
BRDA:308,32,0,0
BRDA:308,32,1,0
BRDA:314,33,0,0
BRDA:314,33,1,0
BRDA:320,34,0,0
BRDA:327,35,0,0
BRDA:327,35,1,0
BRDA:327,36,0,0
BRDA:327,36,1,0
BRDA:379,37,0,0
BRDA:379,37,1,0
BRDA:379,37,2,0
BRDA:379,37,3,0
BRDA:411,38,0,0
BRDA:411,38,1,0
BRDA:418,39,0,0
BRDA:418,39,1,0
BRDA:420,40,0,0
BRDA:420,40,1,0
BRDA:455,41,0,0
BRDA:455,41,1,0
BRDA:461,42,0,0
BRDA:461,42,1,0
BRDA:467,43,0,0
BRDA:474,44,0,0
BRDA:474,44,1,0
BRDA:474,45,0,0
BRDA:474,45,1,0
BRDA:526,46,0,0
BRDA:526,46,1,0
BRDA:526,46,2,0
BRDA:526,46,3,0
BRF:93
BRH:0
end_of_record
TN:
SF:src/components/SeedlotRegistrationSteps/InterimStep/constants.ts
FNF:0
FNH:0
DA:1,112
LF:1
LH:1
BRF:0
BRH:0
end_of_record
TN:
SF:src/components/SeedlotRegistrationSteps/InterimStep/index.tsx
FN:44,(anonymous_1)
FN:81,(anonymous_2)
FN:90,(anonymous_3)
FN:94,(anonymous_4)
FN:98,(anonymous_5)
FN:101,(anonymous_6)
FN:134,(anonymous_7)
FN:168,(anonymous_8)
FN:218,(anonymous_9)
FN:233,(anonymous_10)
FN:258,(anonymous_11)
FN:285,(anonymous_12)
FN:288,(anonymous_13)
FN:311,(anonymous_14)
FN:314,(anonymous_15)
FN:315,(anonymous_16)
FN:342,(anonymous_17)
FN:365,(anonymous_18)
FN:394,(anonymous_19)
FN:408,(anonymous_20)
FN:446,(anonymous_21)
FN:44,(anonymous_22)
FNF:22
FNH:0
FNDA:0,(anonymous_1)
FNDA:0,(anonymous_2)
FNDA:0,(anonymous_3)
FNDA:0,(anonymous_4)
FNDA:0,(anonymous_5)
FNDA:0,(anonymous_6)
FNDA:0,(anonymous_7)
FNDA:0,(anonymous_8)
FNDA:0,(anonymous_9)
FNDA:0,(anonymous_10)
FNDA:0,(anonymous_11)
FNDA:0,(anonymous_12)
FNDA:0,(anonymous_13)
FNDA:0,(anonymous_14)
FNDA:0,(anonymous_15)
FNDA:0,(anonymous_16)
FNDA:0,(anonymous_17)
FNDA:0,(anonymous_18)
FNDA:0,(anonymous_19)
FNDA:0,(anonymous_20)
FNDA:0,(anonymous_21)
FNDA:0,(anonymous_22)
DA:33,112
DA:44,112
DA:53,0
DA:63,0
DA:72,0
DA:73,0
DA:74,0
DA:75,0
DA:79,0
DA:81,0
DA:82,0
DA:86,0
DA:89,112
DA:90,0
DA:95,0
DA:96,0
DA:98,0
DA:101,0
DA:102,0
DA:103,0
DA:107,0
DA:108,0
DA:109,0
DA:115,0
DA:116,0
DA:117,0
DA:121,0
DA:124,0
DA:125,0
DA:126,0
DA:130,0
DA:134,0
DA:135,0
DA:136,0
DA:138,0
DA:139,0
DA:140,0
DA:143,0
DA:145,0
DA:146,0
DA:149,0
DA:150,0
DA:152,0
DA:153,0
DA:154,0
DA:156,0
DA:158,0
DA:159,0
DA:160,0
DA:162,0
DA:165,0
DA:168,0
DA:176,0
DA:177,0
DA:183,0
DA:184,0
DA:187,0
DA:188,0
DA:189,0
DA:190,0
DA:195,0
DA:201,0
DA:207,0
DA:208,0
DA:209,0
DA:213,0
DA:214,0
DA:215,0
DA:216,0
DA:218,0
DA:219,0
DA:220,0
DA:221,0
DA:223,0
DA:233,0
DA:234,0
DA:235,0
DA:236,0
DA:238,0
DA:239,0
DA:243,0
DA:259,0
DA:260,0
DA:265,0
DA:285,0
DA:288,0
DA:312,0
DA:314,0
DA:316,0
DA:317,0
DA:343,0
DA:366,0
DA:395,0
DA:408,0
DA:446,0
DA:455,112
DA:457,112
LF:97
LH:5
BRDA:107,0,0,0
BRDA:107,1,0,0
BRDA:107,1,1,0
BRDA:115,2,0,0
BRDA:124,3,0,0
BRDA:138,4,0,0
BRDA:139,5,0,0
BRDA:143,6,0,0
BRDA:143,7,0,0
BRDA:143,7,1,0
BRDA:145,8,0,0
BRDA:145,9,0,0
BRDA:145,9,1,0
BRDA:152,10,0,0
BRDA:153,11,0,0
BRDA:158,12,0,0
BRDA:159,13,0,0
BRDA:176,14,0,0
BRDA:176,14,1,0
BRDA:176,15,0,0
BRDA:176,15,1,0
BRDA:183,16,0,0
BRDA:184,17,0,0
BRDA:184,17,1,0
BRDA:188,18,0,0
BRDA:188,18,1,0
BRDA:189,19,0,0
BRDA:189,19,1,0
BRDA:191,20,0,0
BRDA:191,20,1,0
BRDA:198,21,0,0
BRDA:198,21,1,0
BRDA:203,22,0,0
BRDA:203,22,1,0
BRDA:208,23,0,0
BRDA:208,24,0,0
BRDA:208,24,1,0
BRDA:220,25,0,0
BRDA:220,25,1,0
BRDA:221,26,0,0
BRDA:221,26,1,0
BRDA:234,27,0,0
BRDA:234,27,1,0
BRDA:261,28,0,0
BRDA:261,28,1,0
BRDA:267,29,0,0
BRDA:267,29,1,0
BRDA:269,30,0,0
BRDA:269,30,1,0
BRDA:294,31,0,0
BRDA:294,31,1,0
BRDA:305,32,0,0
BRDA:305,32,1,0
BRDA:316,33,0,0
BRDA:320,34,0,0
BRDA:320,34,1,0
BRDA:323,35,0,0
BRDA:323,35,1,0
BRDA:434,36,0,0
BRDA:434,36,1,0
BRF:60
BRH:0
end_of_record
TN:
SF:src/components/SeedlotRegistrationSteps/OrchardStep/constants.ts
FNF:0
FNH:0
DA:2,112
DA:4,112
DA:9,112
LF:3
LH:3
BRF:0
BRH:0
end_of_record
TN:
SF:src/components/SeedlotRegistrationSteps/OrchardStep/index.tsx
FN:50,(anonymous_1)
FN:69,(anonymous_2)
FN:71,(anonymous_3)
FN:80,(anonymous_4)
FN:81,(anonymous_5)
FN:83,(anonymous_6)
FN:92,(anonymous_7)
FN:113,(anonymous_8)
FN:117,(anonymous_9)
FN:125,(anonymous_10)
FN:133,(anonymous_11)
FN:138,(anonymous_12)
FN:149,(anonymous_13)
FN:165,(anonymous_14)
FN:168,(anonymous_15)
FN:175,(anonymous_16)
FN:177,(anonymous_17)
FN:188,(anonymous_18)
FN:190,(anonymous_19)
FN:193,(anonymous_20)
FN:204,(anonymous_21)
FN:214,(anonymous_22)
FN:224,(anonymous_23)
FN:244,(anonymous_24)
FN:265,(anonymous_25)
FN:289,(anonymous_26)
FN:292,(anonymous_27)
FN:346,(anonymous_28)
FN:349,(anonymous_29)
FN:355,(anonymous_30)
FN:368,(anonymous_31)
FN:371,(anonymous_32)
FN:390,(anonymous_33)
FN:404,(anonymous_34)
FN:424,(anonymous_35)
FN:439,(anonymous_36)
FN:450,(anonymous_37)
FN:456,(anonymous_38)
FN:467,(anonymous_39)
FN:50,(anonymous_40)
FNF:40
FNH:0
FNDA:0,(anonymous_1)
FNDA:0,(anonymous_2)
FNDA:0,(anonymous_3)
FNDA:0,(anonymous_4)
FNDA:0,(anonymous_5)
FNDA:0,(anonymous_6)
FNDA:0,(anonymous_7)
FNDA:0,(anonymous_8)
FNDA:0,(anonymous_9)
FNDA:0,(anonymous_10)
FNDA:0,(anonymous_11)
FNDA:0,(anonymous_12)
FNDA:0,(anonymous_13)
FNDA:0,(anonymous_14)
FNDA:0,(anonymous_15)
FNDA:0,(anonymous_16)
FNDA:0,(anonymous_17)
FNDA:0,(anonymous_18)
FNDA:0,(anonymous_19)
FNDA:0,(anonymous_20)
FNDA:0,(anonymous_21)
FNDA:0,(anonymous_22)
FNDA:0,(anonymous_23)
FNDA:0,(anonymous_24)
FNDA:0,(anonymous_25)
FNDA:0,(anonymous_26)
FNDA:0,(anonymous_27)
FNDA:0,(anonymous_28)
FNDA:0,(anonymous_29)
FNDA:0,(anonymous_30)
FNDA:0,(anonymous_31)
FNDA:0,(anonymous_32)
FNDA:0,(anonymous_33)
FNDA:0,(anonymous_34)
FNDA:0,(anonymous_35)
FNDA:0,(anonymous_36)
FNDA:0,(anonymous_37)
FNDA:0,(anonymous_38)
FNDA:0,(anonymous_39)
FNDA:0,(anonymous_40)
DA:50,112
DA:58,0
DA:59,0
DA:60,0
DA:61,0
DA:62,0
DA:63,0
DA:64,0
DA:65,0
DA:67,0
DA:69,0
DA:70,0
DA:72,0
DA:73,0
DA:75,0
DA:77,0
DA:80,0
DA:81,0
DA:83,0
DA:84,0
DA:85,0
DA:92,0
DA:93,0
DA:95,0
DA:96,0
DA:103,0
DA:111,112
DA:113,0
DA:117,0
DA:118,0
DA:119,0
DA:121,0
DA:122,0
DA:125,0
DA:126,0
DA:127,0
DA:129,0
DA:130,0
DA:133,0
DA:134,0
DA:135,0
DA:138,0
DA:139,0
DA:140,0
DA:143,0
DA:145,0
DA:149,0
DA:150,0
DA:151,0
DA:152,0
DA:153,0
DA:157,0
DA:158,0
DA:165,0
DA:166,0
DA:167,0
DA:168,0
DA:169,0
DA:175,0
DA:176,0
DA:177,0
DA:178,0
DA:179,0
DA:180,0
DA:188,0
DA:189,0
DA:190,0
DA:191,0
DA:193,0
DA:194,0
DA:196,0
DA:199,0
DA:202,0
DA:204,0
DA:205,0
DA:206,0
DA:207,0
DA:209,0
DA:210,0
DA:214,0
DA:215,0
DA:216,0
DA:226,0
DA:227,0
DA:228,0
DA:229,0
DA:244,0
DA:252,0
DA:255,0
DA:266,0
DA:289,0
DA:293,0
DA:294,0
DA:295,0
DA:299,0
DA:300,0
DA:346,0
DA:349,0
DA:355,0
DA:368,0
DA:372,0
DA:390,0
DA:404,0
DA:424,0
DA:439,0
DA:451,0
DA:452,0
DA:462,0
DA:463,0
DA:467,0
DA:500,112
DA:502,112
LF:112
LH:4
BRDA:72,0,0,0
BRDA:72,1,0,0
BRDA:72,1,1,0
BRDA:84,2,0,0
BRDA:95,3,0,0
BRDA:95,3,1,0
BRDA:98,4,0,0
BRDA:98,4,1,0
BRDA:105,5,0,0
BRDA:105,5,1,0
BRDA:106,6,0,0
BRDA:106,6,1,0
BRDA:118,7,0,0
BRDA:126,8,0,0
BRDA:140,9,0,0
BRDA:140,9,1,0
BRDA:140,10,0,0
BRDA:140,10,1,0
BRDA:140,10,2,0
BRDA:152,11,0,0
BRDA:178,12,0,0
BRDA:194,13,0,0
BRDA:206,14,0,0
BRDA:209,15,0,0
BRDA:215,16,0,0
BRDA:216,17,0,0
BRDA:216,17,1,0
BRDA:226,18,0,0
BRDA:226,18,1,0
BRDA:226,19,0,0
BRDA:226,19,1,0
BRDA:269,20,0,0
BRDA:269,20,1,0
BRDA:278,21,0,0
BRDA:278,21,1,0
BRDA:284,22,0,0
BRDA:284,22,1,0
BRDA:293,23,0,0
BRDA:293,23,1,0
BRDA:305,24,0,0
BRDA:305,24,1,0
BRDA:305,25,0,0
BRDA:305,25,1,0
BRDA:367,26,0,0
BRDA:367,26,1,0
BRDA:431,27,0,0
BRDA:431,27,1,0
BRDA:451,28,0,0
BRDA:451,29,0,0
BRDA:451,29,1,0
BRDA:462,30,0,0
BRF:51
BRH:0
end_of_record
TN:
SF:src/components/SeedlotRegistrationSteps/OrchardStep/OrchardWarnModal/constants.ts
FNF:0
FNH:0
DA:3,112
LF:1
LH:1
BRF:0
BRH:0
end_of_record
TN:
SF:src/components/SeedlotRegistrationSteps/OrchardStep/OrchardWarnModal/index.tsx
FN:1,(anonymous_0)
FN:15,(anonymous_1)
FN:27,(anonymous_2)
FN:30,(anonymous_3)
FNF:4
FNH:1
FNDA:112,(anonymous_0)
FNDA:0,(anonymous_1)
FNDA:0,(anonymous_2)
FNDA:0,(anonymous_3)
DA:1,896
DA:15,112
DA:20,0
DA:28,0
DA:31,0
DA:32,0
DA:37,112
DA:39,112
LF:8
LH:4
BRDA:1,0,0,224
BRDA:1,0,1,112
BRDA:1,1,0,112
BRF:3
BRH:3
end_of_record
TN:
SF:src/components/SeedlotRegistrationSteps/OwnershipStep/constants.ts
FNF:0
FNH:0
DA:4,112
DA:6,112
DA:8,112
DA:51,112
DA:67,112
LF:5
LH:5
BRF:0
BRH:0
end_of_record
TN:
SF:src/components/SeedlotRegistrationSteps/OwnershipStep/index.tsx
FN:53,(anonymous_1)
FN:73,(anonymous_2)
FN:85,(anonymous_3)
FN:119,(anonymous_4)
FN:137,(anonymous_5)
FN:213,(anonymous_6)
FN:226,(anonymous_7)
FN:238,(anonymous_8)
FN:266,(anonymous_9)
FN:270,(anonymous_10)
FN:279,(anonymous_11)
FN:304,(anonymous_12)
FN:314,(anonymous_13)
FN:333,(anonymous_14)
FN:338,(anonymous_15)
FN:343,(anonymous_16)
FN:347,(anonymous_17)
FNF:17
FNH:1
FNDA:0,(anonymous_1)
FNDA:0,(anonymous_2)
FNDA:0,(anonymous_3)
FNDA:0,(anonymous_4)
FNDA:0,(anonymous_5)
FNDA:0,(anonymous_6)
FNDA:0,(anonymous_7)
FNDA:0,(anonymous_8)
FNDA:0,(anonymous_9)
FNDA:0,(anonymous_10)
FNDA:0,(anonymous_11)
FNDA:0,(anonymous_12)
FNDA:0,(anonymous_13)
FNDA:0,(anonymous_14)
FNDA:40,(anonymous_15)
FNDA:0,(anonymous_16)
FNDA:0,(anonymous_17)
DA:53,112
DA:66,0
DA:67,0
DA:69,0
DA:71,0
DA:73,0
DA:74,0
DA:75,0
DA:76,0
DA:77,0
DA:82,0
DA:85,0
DA:94,0
DA:95,0
DA:96,0
DA:108,0
DA:116,0
DA:119,0
DA:127,0
DA:128,0
DA:129,0
DA:130,0
DA:132,0
DA:137,0
DA:146,0
DA:156,0
DA:157,0
DA:158,0
DA:166,0
DA:169,0
DA:172,0
DA:178,0
DA:184,0
DA:185,0
DA:186,0
DA:187,0
DA:189,0
DA:190,0
DA:191,0
DA:192,0
DA:194,0
DA:195,0
DA:196,0
DA:197,0
DA:200,0
DA:201,0
DA:203,0
DA:205,40
DA:206,40
DA:208,40
DA:209,40
DA:213,40
DA:215,40
DA:216,40
DA:221,40
DA:222,40
DA:223,0
DA:226,0
DA:230,0
DA:231,0
DA:232,0
DA:233,0
DA:234,0
DA:235,0
DA:238,0
DA:239,0
DA:240,0
DA:249,0
DA:251,0
DA:252,0
DA:253,0
DA:262,0
DA:266,0
DA:267,0
DA:270,0
DA:271,0
DA:272,0
DA:279,0
DA:280,0
DA:281,0
DA:282,0
DA:285,0
DA:305,0
DA:315,0
DA:334,0
DA:339,0
DA:343,0
DA:347,0
DA:357,72
DA:359,72
LF:90
LH:12
BRDA:95,0,0,0
BRDA:95,0,1,0
BRDA:95,1,0,0
BRDA:95,1,1,0
BRDA:95,1,2,0
BRDA:129,2,0,0
BRDA:129,2,1,0
BRDA:156,3,0,0
BRDA:157,4,0,0
BRDA:157,4,1,0
BRDA:166,5,0,0
BRDA:169,6,0,0
BRDA:169,6,1,0
BRDA:178,7,0,40
BRDA:178,7,1,0
BRDA:178,8,0,40
BRDA:178,8,1,40
BRDA:187,9,0,0
BRDA:187,9,1,0
BRDA:187,10,0,0
BRDA:187,10,1,0
BRDA:190,11,0,0
BRDA:190,11,1,0
BRDA:191,12,0,0
BRDA:191,12,1,0
BRDA:195,13,0,0
BRDA:195,13,1,0
BRDA:203,14,0,0
BRDA:203,14,1,0
BRDA:215,15,0,0
BRDA:239,16,0,0
BRDA:239,16,1,0
BRDA:251,17,0,0
BRDA:251,17,1,0
BRDA:252,18,0,0
BRDA:252,18,1,0
BRDA:271,19,0,0
BRDA:287,20,0,0
BRDA:287,20,1,0
BRDA:309,21,0,0
BRDA:309,21,1,0
BRDA:320,22,0,0
BRDA:320,22,1,0
BRF:43
BRH:3
end_of_record
TN:
SF:src/components/SeedlotRegistrationSteps/OwnershipStep/utils.ts
FN:12,(anonymous_0)
FN:14,(anonymous_1)
FN:22,(anonymous_2)
FN:31,(anonymous_3)
FN:43,(anonymous_4)
FN:54,(anonymous_5)
FN:65,(anonymous_6)
FN:76,(anonymous_7)
FN:87,(anonymous_8)
FN:96,(anonymous_9)
FN:112,(anonymous_10)
FN:124,(anonymous_11)
FN:152,(anonymous_12)
FN:159,(anonymous_13)
FN:161,(anonymous_14)
FN:207,(anonymous_15)
FN:209,(anonymous_16)
FNF:17
FNH:0
FNDA:0,(anonymous_0)
FNDA:0,(anonymous_1)
FNDA:0,(anonymous_2)
FNDA:0,(anonymous_3)
FNDA:0,(anonymous_4)
FNDA:0,(anonymous_5)
FNDA:0,(anonymous_6)
FNDA:0,(anonymous_7)
FNDA:0,(anonymous_8)
FNDA:0,(anonymous_9)
FNDA:0,(anonymous_10)
FNDA:0,(anonymous_11)
FNDA:0,(anonymous_12)
FNDA:0,(anonymous_13)
FNDA:0,(anonymous_14)
FNDA:0,(anonymous_15)
FNDA:0,(anonymous_16)
DA:10,112
DA:12,72
DA:13,0
DA:14,0
DA:15,0
DA:16,0
DA:19,40
DA:22,72
DA:27,0
DA:28,0
DA:29,0
DA:30,0
DA:31,0
DA:32,0
DA:34,40
DA:43,72
DA:48,0
DA:49,0
DA:54,0
DA:55,0
DA:56,0
DA:57,40
DA:65,72
DA:66,0
DA:67,0
DA:69,0
DA:70,0
DA:71,0
DA:73,40
DA:76,72
DA:77,0
DA:78,0
DA:81,0
DA:82,0
DA:84,40
DA:87,72
DA:88,0
DA:89,0
DA:90,0
DA:93,40
DA:96,72
DA:97,0
DA:98,0
DA:99,0
DA:100,0
DA:101,0
DA:102,0
DA:104,0
DA:105,0
DA:106,0
DA:109,40
DA:112,72
DA:113,0
DA:114,0
DA:115,0
DA:116,0
DA:117,0
DA:118,0
DA:119,0
DA:120,0
DA:124,72
DA:130,0
DA:131,0
DA:133,0
DA:134,0
DA:136,0
DA:137,0
DA:142,0
DA:143,0
DA:144,0
DA:152,72
DA:153,0
DA:154,0
DA:156,0
DA:159,72
DA:161,72
DA:162,0
DA:163,0
DA:164,0
DA:166,0
DA:167,0
DA:168,0
DA:173,0
DA:174,0
DA:175,0
DA:180,0
DA:182,0
DA:184,0
DA:186,0
DA:187,0
DA:188,0
DA:193,0
DA:194,0
DA:195,0
DA:200,0
DA:207,72
DA:208,0
DA:209,0
DA:210,0
DA:212,0
LF:100
LH:21
BRDA:15,0,0,0
BRDA:31,1,0,0
BRDA:31,1,1,0
BRDA:48,2,0,0
BRDA:66,3,0,0
BRDA:66,4,0,0
BRDA:66,4,1,0
BRDA:70,5,0,0
BRDA:77,6,0,0
BRDA:77,7,0,0
BRDA:77,7,1,0
BRDA:77,7,2,0
BRDA:81,8,0,0
BRDA:88,9,0,0
BRDA:89,10,0,0
BRDA:99,11,0,0
BRDA:100,12,0,0
BRDA:104,13,0,0
BRDA:113,14,0,0
BRDA:114,15,0,0
BRDA:115,16,0,0
BRDA:116,17,0,0
BRDA:117,18,0,0
BRDA:118,19,0,0
BRDA:119,20,0,0
BRDA:130,21,0,0
BRDA:130,21,1,0
BRDA:133,22,0,0
BRDA:153,23,0,0
BRDA:153,24,0,0
BRDA:153,24,1,0
BRDA:164,25,0,0
BRDA:164,25,1,0
BRDA:164,25,2,0
BRDA:164,25,3,0
BRDA:164,25,4,0
BRDA:164,25,5,0
BRDA:164,25,6,0
BRDA:164,25,7,0
BRF:39
BRH:0
end_of_record
TN:
SF:src/components/SeedlotRegistrationSteps/OwnershipStep/SingleOwnerInfo/index.tsx
FN:49,(anonymous_1)
FN:63,(anonymous_2)
FN:67,(anonymous_3)
FN:70,(anonymous_4)
FN:87,(anonymous_5)
FN:107,(anonymous_6)
FN:113,(anonymous_7)
FN:120,(anonymous_8)
FN:130,(anonymous_9)
FN:144,(anonymous_10)
FN:156,(anonymous_11)
FN:167,(anonymous_12)
FN:195,(anonymous_13)
FN:202,(anonymous_14)
FN:212,(anonymous_15)
FN:231,(anonymous_16)
FN:238,(anonymous_17)
FN:246,(anonymous_18)
FN:261,(anonymous_19)
FN:268,(anonymous_20)
FN:276,(anonymous_21)
FN:296,(anonymous_22)
FN:301,(anonymous_23)
FN:306,(anonymous_24)
FN:316,(anonymous_25)
FN:321,(anonymous_26)
FN:326,(anonymous_27)
FN:354,(anonymous_28)
FN:49,(anonymous_29)
FNF:29
FNH:1
FNDA:0,(anonymous_1)
FNDA:0,(anonymous_2)
FNDA:0,(anonymous_3)
FNDA:0,(anonymous_4)
FNDA:0,(anonymous_5)
FNDA:0,(anonymous_6)
FNDA:0,(anonymous_7)
FNDA:0,(anonymous_8)
FNDA:0,(anonymous_9)
FNDA:0,(anonymous_10)
FNDA:0,(anonymous_11)
FNDA:0,(anonymous_12)
FNDA:0,(anonymous_13)
FNDA:0,(anonymous_14)
FNDA:0,(anonymous_15)
FNDA:0,(anonymous_16)
FNDA:0,(anonymous_17)
FNDA:0,(anonymous_18)
FNDA:0,(anonymous_19)
FNDA:0,(anonymous_20)
FNDA:0,(anonymous_21)
FNDA:0,(anonymous_22)
FNDA:0,(anonymous_23)
FNDA:40,(anonymous_24)
FNDA:0,(anonymous_25)
FNDA:0,(anonymous_26)
FNDA:0,(anonymous_27)
FNDA:0,(anonymous_28)
FNDA:0,(anonymous_29)
DA:49,112
DA:53,0
DA:54,0
DA:55,0
DA:56,0
DA:62,12
DA:63,0
DA:68,0
DA:71,0
DA:75,0
DA:88,0
DA:93,0
DA:107,0
DA:113,0
DA:121,0
DA:122,0
DA:123,0
DA:124,0
DA:126,0
DA:127,0
DA:144,0
DA:157,0
DA:168,0
DA:169,0
DA:170,0
DA:171,0
DA:175,0
DA:176,0
DA:177,0
DA:179,0
DA:195,0
DA:205,0
DA:206,0
DA:218,0
DA:219,0
DA:231,0
DA:239,0
DA:240,0
DA:250,0
DA:251,0
DA:261,0
DA:269,0
DA:270,0
DA:280,0
DA:281,0
DA:296,0
DA:301,0
DA:306,0
DA:316,0
DA:321,0
DA:326,0
DA:354,0
DA:365,12
DA:367,72
LF:54
LH:4
BRDA:57,0,0,0
BRDA:57,0,1,0
BRDA:79,1,0,0
BRDA:79,1,1,0
BRDA:89,2,0,0
BRDA:89,2,1,0
BRDA:108,3,0,0
BRDA:108,3,1,0
BRDA:119,4,0,0
BRDA:119,4,1,0
BRDA:121,5,0,0
BRDA:121,5,1,0
BRDA:123,6,0,0
BRDA:123,6,1,0
BRDA:146,7,0,0
BRDA:146,7,1,0
BRDA:147,8,0,0
BRDA:147,8,1,0
BRDA:150,9,0,0
BRDA:150,9,1,0
BRDA:160,10,0,0
BRDA:160,10,1,0
BRDA:163,11,0,0
BRDA:163,11,1,0
BRDA:168,12,0,0
BRDA:175,13,0,0
BRDA:175,14,0,0
BRDA:175,14,1,0
BRDA:185,15,0,0
BRDA:185,15,1,0
BRDA:205,16,0,0
BRDA:205,17,0,40
BRDA:205,17,1,0
BRDA:218,18,0,40
BRDA:239,19,0,0
BRDA:239,20,0,0
BRDA:239,20,1,0
BRDA:250,21,0,0
BRDA:269,22,0,0
BRDA:269,23,0,0
BRDA:269,23,1,0
BRDA:280,24,0,0
BRDA:333,25,0,0
BRDA:333,25,1,0
BRDA:336,26,0,0
BRDA:336,26,1,0
BRF:46
BRH:2
end_of_record
TN:
SF:src/components/SeedlotRegistrationSteps/ParentTreeStep/constants.tsx
FN:17,(anonymous_0)
FN:24,(anonymous_1)
FN:35,(anonymous_2)
FN:71,(anonymous_3)
FN:75,(anonymous_4)
FN:623,(anonymous_5)
FN:628,(anonymous_6)
FNF:7
FNH:5
FNDA:336,(anonymous_0)
FNDA:336,(anonymous_1)
FNDA:336,(anonymous_2)
FNDA:336,(anonymous_3)
FNDA:112,(anonymous_4)
FNDA:0,(anonymous_5)
FNDA:0,(anonymous_6)
DA:9,112
DA:11,112
DA:13,112
DA:15,112
DA:17,112
DA:18,336
DA:19,112
DA:21,224
DA:24,112
DA:25,336
DA:35,112
DA:36,336
DA:37,336
DA:39,112
DA:41,336
DA:63,112
DA:71,112
DA:72,336
DA:75,112
DA:125,112
DA:127,112
DA:142,112
DA:157,112
DA:225,112
DA:543,112
DA:547,112
DA:598,112
DA:613,112
DA:623,112
DA:624,0
DA:628,0
LF:31
LH:29
BRDA:18,0,0,112
BRDA:18,1,0,336
BRDA:18,1,1,224
BRDA:37,2,0,112
BRF:4
BRH:4
end_of_record
TN:
SF:src/components/SeedlotRegistrationSteps/ParentTreeStep/index.tsx
FN:61,(anonymous_1)
FN:100,(anonymous_2)
FN:111,(anonymous_3)
FN:122,(anonymous_4)
FN:139,(anonymous_5)
FN:164,(anonymous_6)
FN:167,(anonymous_7)
FN:170,(anonymous_8)
FN:181,(anonymous_9)
FN:191,(anonymous_10)
FN:200,(anonymous_11)
FN:213,(anonymous_12)
FN:214,(anonymous_13)
FN:219,(anonymous_14)
FN:226,(anonymous_15)
FN:227,(anonymous_16)
FN:232,(anonymous_17)
FN:239,(anonymous_18)
FN:240,(anonymous_19)
FN:254,(anonymous_20)
FN:297,(anonymous_21)
FN:332,(anonymous_22)
FN:366,(anonymous_23)
FN:371,(anonymous_24)
FN:379,(anonymous_25)
FN:401,(anonymous_26)
FN:469,(anonymous_27)
FN:486,(anonymous_28)
FN:497,(anonymous_29)
FN:534,(anonymous_30)
FN:549,(anonymous_31)
FN:550,(anonymous_32)
FN:61,(anonymous_33)
FNF:33
FNH:1
FNDA:0,(anonymous_1)
FNDA:0,(anonymous_2)
FNDA:0,(anonymous_3)
FNDA:0,(anonymous_4)
FNDA:0,(anonymous_5)
FNDA:0,(anonymous_6)
FNDA:0,(anonymous_7)
FNDA:0,(anonymous_8)
FNDA:0,(anonymous_9)
FNDA:0,(anonymous_10)
FNDA:0,(anonymous_11)
FNDA:0,(anonymous_12)
FNDA:0,(anonymous_13)
FNDA:0,(anonymous_14)
FNDA:0,(anonymous_15)
FNDA:0,(anonymous_16)
FNDA:0,(anonymous_17)
FNDA:0,(anonymous_18)
FNDA:0,(anonymous_19)
FNDA:0,(anonymous_20)
FNDA:0,(anonymous_21)
FNDA:0,(anonymous_22)
FNDA:0,(anonymous_23)
FNDA:0,(anonymous_24)
FNDA:0,(anonymous_25)
FNDA:0,(anonymous_26)
FNDA:0,(anonymous_27)
FNDA:0,(anonymous_28)
FNDA:0,(anonymous_29)
FNDA:0,(anonymous_30)
FNDA:0,(anonymous_31)
FNDA:40,(anonymous_32)
FNDA:0,(anonymous_33)
DA:61,112
DA:69,0
DA:70,0
DA:71,0
DA:72,0
DA:75,0
DA:76,0
DA:77,0
DA:80,0
DA:81,0
DA:82,0
DA:85,0
DA:86,0
DA:92,0
DA:96,0
DA:97,0
DA:98,0
DA:99,0
DA:100,0
DA:101,0
DA:103,0
DA:104,0
DA:105,0
DA:108,0
DA:110,0
DA:112,0
DA:113,0
DA:114,0
DA:115,0
DA:121,0
DA:123,0
DA:131,0
DA:132,0
DA:138,0
DA:140,0
DA:148,0
DA:162,0
DA:165,0
DA:167,0
DA:170,0
DA:181,0
DA:182,0
DA:183,0
DA:188,0
DA:191,0
DA:200,0
DA:212,0
DA:213,0
DA:215,0
DA:216,0
DA:217,0
DA:220,0
DA:221,0
DA:225,0
DA:226,0
DA:228,0
DA:229,0
DA:230,0
DA:233,0
DA:234,0
DA:238,112
DA:239,0
DA:240,0
DA:249,0
DA:254,0
DA:301,0
DA:332,0
DA:366,0
DA:371,0
DA:379,0
DA:402,0
DA:470,0
DA:487,0
DA:497,0
DA:535,0
DA:536,0
DA:538,0
DA:549,0
DA:551,40
DA:552,0
DA:563,112
DA:565,112
LF:82
LH:5
BRDA:183,0,0,0
BRDA:184,1,0,0
BRDA:184,1,1,0
BRDA:184,1,2,0
BRDA:287,2,0,0
BRDA:287,2,1,0
BRDA:324,3,0,0
BRDA:324,3,1,0
BRDA:388,4,0,0
BRDA:388,4,1,0
BRDA:388,5,0,0
BRDA:388,5,1,0
BRDA:402,6,0,0
BRDA:402,6,1,0
BRDA:402,7,0,0
BRDA:402,7,1,0
BRDA:420,8,0,0
BRDA:420,8,1,0
BRDA:436,9,0,0
BRDA:436,9,1,0
BRDA:459,10,0,0
BRDA:459,10,1,0
BRDA:459,11,0,0
BRDA:459,11,1,0
BRDA:489,12,0,0
BRDA:489,12,1,0
BRDA:535,13,0,0
BRDA:535,13,1,0
BRF:28
BRH:0
end_of_record
TN:
SF:src/components/SeedlotRegistrationSteps/ParentTreeStep/utils.ts
FN:16,(anonymous_0)
FN:30,(anonymous_1)
FN:33,(anonymous_2)
FN:44,(anonymous_3)
FN:47,(anonymous_4)
FN:58,(anonymous_5)
FN:61,(anonymous_6)
FN:82,(anonymous_7)
FN:85,(anonymous_8)
FN:94,(anonymous_9)
FN:127,(anonymous_10)
FN:131,(anonymous_11)
FN:140,(anonymous_12)
FN:149,(anonymous_13)
FN:172,(anonymous_14)
FN:181,(anonymous_15)
FN:194,(anonymous_16)
FN:203,(anonymous_17)
FN:228,(anonymous_18)
FN:236,(anonymous_19)
FN:237,(anonymous_20)
FN:239,(anonymous_21)
FN:240,(anonymous_22)
FN:248,(anonymous_23)
FN:256,(anonymous_24)
FN:262,(anonymous_25)
FN:275,(anonymous_26)
FN:298,(anonymous_27)
FN:314,(anonymous_28)
FN:323,(anonymous_29)
FN:335,(anonymous_30)
FN:353,(anonymous_31)
FN:354,(anonymous_32)
FN:359,(anonymous_33)
FN:392,(anonymous_34)
FN:410,(anonymous_35)
FN:421,(anonymous_36)
FN:423,(anonymous_37)
FN:426,(anonymous_38)
FN:430,(anonymous_39)
FN:445,(anonymous_40)
FN:454,(anonymous_41)
FN:462,(anonymous_42)
FN:474,(anonymous_43)
FN:481,(anonymous_44)
FN:485,(anonymous_45)
FN:501,(anonymous_46)
FN:513,(anonymous_47)
FN:518,(anonymous_48)
FN:526,(anonymous_49)
FN:534,(anonymous_50)
FNF:51
FNH:0
FNDA:0,(anonymous_0)
FNDA:0,(anonymous_1)
FNDA:0,(anonymous_2)
FNDA:0,(anonymous_3)
FNDA:0,(anonymous_4)
FNDA:0,(anonymous_5)
FNDA:0,(anonymous_6)
FNDA:0,(anonymous_7)
FNDA:0,(anonymous_8)
FNDA:0,(anonymous_9)
FNDA:0,(anonymous_10)
FNDA:0,(anonymous_11)
FNDA:0,(anonymous_12)
FNDA:0,(anonymous_13)
FNDA:0,(anonymous_14)
FNDA:0,(anonymous_15)
FNDA:0,(anonymous_16)
FNDA:0,(anonymous_17)
FNDA:0,(anonymous_18)
FNDA:0,(anonymous_19)
FNDA:0,(anonymous_20)
FNDA:0,(anonymous_21)
FNDA:0,(anonymous_22)
FNDA:0,(anonymous_23)
FNDA:0,(anonymous_24)
FNDA:0,(anonymous_25)
FNDA:0,(anonymous_26)
FNDA:0,(anonymous_27)
FNDA:0,(anonymous_28)
FNDA:0,(anonymous_29)
FNDA:0,(anonymous_30)
FNDA:0,(anonymous_31)
FNDA:0,(anonymous_32)
FNDA:0,(anonymous_33)
FNDA:0,(anonymous_34)
FNDA:0,(anonymous_35)
FNDA:0,(anonymous_36)
FNDA:0,(anonymous_37)
FNDA:0,(anonymous_38)
FNDA:0,(anonymous_39)
FNDA:0,(anonymous_40)
FNDA:0,(anonymous_41)
FNDA:0,(anonymous_42)
FNDA:0,(anonymous_43)
FNDA:0,(anonymous_44)
FNDA:0,(anonymous_45)
FNDA:0,(anonymous_46)
FNDA:0,(anonymous_47)
FNDA:0,(anonymous_48)
FNDA:0,(anonymous_49)
FNDA:0,(anonymous_50)
DA:16,112
DA:17,0
DA:19,0
DA:21,0
DA:23,0
DA:25,0
DA:30,112
DA:31,0
DA:33,0
DA:34,0
DA:35,0
DA:41,0
DA:44,112
DA:45,0
DA:47,0
DA:48,0
DA:49,0
DA:55,0
DA:58,112
DA:59,0
DA:60,0
DA:61,0
DA:63,0
DA:64,0
DA:66,0
DA:70,0
DA:73,0
DA:76,0
DA:77,0
DA:79,0
DA:82,112
DA:83,0
DA:85,0
DA:87,0
DA:88,0
DA:91,0
DA:94,112
DA:100,0
DA:101,0
DA:104,0
DA:108,0
DA:112,0
DA:116,0
DA:120,0
DA:123,0
DA:127,112
DA:128,0
DA:129,0
DA:130,0
DA:131,0
DA:132,0
DA:136,0
DA:140,0
DA:141,0
DA:142,0
DA:146,0
DA:149,112
DA:158,0
DA:159,0
DA:160,0
DA:163,0
DA:166,0
DA:168,0
DA:171,0
DA:172,0
DA:173,0
DA:174,0
DA:175,0
DA:177,0
DA:181,112
DA:190,0
DA:191,0
DA:192,0
DA:194,0
DA:195,0
DA:196,0
DA:200,0
DA:201,0
DA:203,0
DA:204,0
DA:205,0
DA:206,0
DA:209,0
DA:215,0
DA:216,0
DA:217,0
DA:225,0
DA:228,112
DA:234,0
DA:235,0
DA:236,0
DA:237,0
DA:238,0
DA:239,0
DA:240,0
DA:241,0
DA:244,0
DA:245,0
DA:248,72
DA:254,0
DA:255,40
DA:256,0
DA:257,0
DA:259,0
DA:262,72
DA:270,0
DA:273,40
DA:275,0
DA:276,0
DA:277,0
DA:279,0
DA:280,0
DA:281,0
DA:282,0
DA:285,0
DA:289,0
DA:291,0
DA:294,0
DA:298,72
DA:304,0
DA:305,40
DA:306,0
DA:308,0
DA:309,0
DA:311,0
DA:314,72
DA:321,0
DA:322,40
DA:323,0
DA:324,0
DA:325,0
DA:335,72
DA:346,0
DA:347,40
DA:348,0
DA:349,0
DA:350,0
DA:351,0
DA:352,0
DA:353,0
DA:354,0
DA:356,0
DA:359,0
DA:360,0
DA:361,0
DA:365,0
DA:366,0
DA:379,0
DA:386,0
DA:387,0
DA:388,0
DA:392,72
DA:400,0
DA:401,40
DA:402,0
DA:404,0
DA:407,0
DA:410,72
DA:417,0
DA:418,40
DA:419,0
DA:421,0
DA:422,0
DA:423,0
DA:424,0
DA:425,0
DA:426,0
DA:427,0
DA:430,0
DA:431,0
DA:434,0
DA:437,0
DA:440,0
DA:441,0
DA:442,0
DA:445,72
DA:450,0
DA:451,40
DA:452,0
DA:453,0
DA:454,0
DA:455,0
DA:462,0
DA:463,0
DA:468,0
DA:471,0
DA:474,72
DA:475,0
DA:476,40
DA:477,0
DA:478,0
DA:481,72
DA:482,0
DA:483,40
DA:484,0
DA:485,0
DA:486,0
DA:487,0
DA:490,0
DA:491,0
DA:492,0
DA:493,0
DA:494,0
DA:495,0
DA:501,72
DA:505,0
DA:506,40
DA:509,0
DA:511,0
DA:513,0
DA:514,0
DA:515,0
DA:516,0
DA:518,0
DA:519,0
DA:523,0
DA:526,72
DA:532,0
DA:533,40
DA:534,0
DA:535,0
DA:536,0
DA:537,0
DA:538,0
DA:539,0
DA:542,0
DA:543,0
DA:546,0
DA:547,0
DA:550,0
DA:553,0
DA:554,0
DA:555,0
LF:233
LH:34
BRDA:17,0,0,0
BRDA:17,0,1,0
BRDA:17,0,2,0
BRDA:17,0,3,0
BRDA:34,1,0,0
BRDA:63,2,0,0
BRDA:63,2,1,0
BRDA:73,3,0,0
BRDA:76,4,0,0
BRDA:87,5,0,0
BRDA:100,6,0,0
BRDA:132,7,0,0
BRDA:133,8,0,0
BRDA:133,8,1,0
BRDA:141,9,0,0
BRDA:158,10,0,0
BRDA:196,11,0,0
BRDA:197,12,0,0
BRDA:197,12,1,0
BRDA:205,13,0,0
BRDA:236,14,0,0
BRDA:236,14,1,0
BRDA:277,15,0,0
BRDA:277,15,1,0
BRDA:291,16,0,0
BRDA:305,17,0,0
BRDA:308,18,0,0
BRDA:321,19,0,0
BRDA:347,20,0,0
BRDA:360,21,0,0
BRDA:401,22,0,0
BRDA:401,22,1,0
BRDA:424,23,0,0
BRDA:427,24,0,0
BRDA:427,24,1,0
BRDA:486,25,0,0
BRDA:511,26,0,0
BRDA:546,27,0,0
BRF:38
BRH:0
end_of_record
TN:
SF:src/components/SeedlotRegistrationSteps/ParentTreeStep/TableComponents/index.tsx
FN:23,(anonymous_0)
FN:29,(anonymous_1)
FN:35,(anonymous_2)
FN:42,(anonymous_3)
FN:46,(anonymous_4)
FN:49,(anonymous_5)
FN:50,(anonymous_6)
FN:73,(anonymous_7)
FN:77,(anonymous_8)
FN:80,(anonymous_9)
FN:81,(anonymous_10)
FN:107,(anonymous_11)
FN:121,(anonymous_12)
FN:128,(anonymous_13)
FN:148,(anonymous_14)
FN:157,(anonymous_15)
FN:158,(anonymous_16)
FN:161,(anonymous_17)
FN:182,(anonymous_18)
FN:195,(anonymous_19)
FN:199,(anonymous_20)
FN:202,(anonymous_21)
FN:225,(anonymous_22)
FN:232,(anonymous_23)
FN:235,(anonymous_24)
FN:247,(anonymous_25)
FN:261,(anonymous_26)
FN:280,(anonymous_27)
FN:295,(anonymous_28)
FN:317,(anonymous_29)
FN:339,(anonymous_30)
FN:355,(anonymous_31)
FN:368,(anonymous_32)
FN:371,(anonymous_33)
FN:381,(anonymous_34)
FN:384,(anonymous_35)
FNF:36
FNH:0
FNDA:0,(anonymous_0)
FNDA:0,(anonymous_1)
FNDA:0,(anonymous_2)
FNDA:0,(anonymous_3)
FNDA:0,(anonymous_4)
FNDA:0,(anonymous_5)
FNDA:0,(anonymous_6)
FNDA:0,(anonymous_7)
FNDA:0,(anonymous_8)
FNDA:0,(anonymous_9)
FNDA:0,(anonymous_10)
FNDA:0,(anonymous_11)
FNDA:0,(anonymous_12)
FNDA:0,(anonymous_13)
FNDA:0,(anonymous_14)
FNDA:0,(anonymous_15)
FNDA:0,(anonymous_16)
FNDA:0,(anonymous_17)
FNDA:0,(anonymous_18)
FNDA:0,(anonymous_19)
FNDA:0,(anonymous_20)
FNDA:0,(anonymous_21)
FNDA:0,(anonymous_22)
FNDA:0,(anonymous_23)
FNDA:0,(anonymous_24)
FNDA:0,(anonymous_25)
FNDA:0,(anonymous_26)
FNDA:0,(anonymous_27)
FNDA:0,(anonymous_28)
FNDA:0,(anonymous_29)
FNDA:0,(anonymous_30)
FNDA:0,(anonymous_31)
FNDA:0,(anonymous_32)
FNDA:0,(anonymous_33)
FNDA:0,(anonymous_34)
FNDA:0,(anonymous_35)
DA:23,112
DA:28,0
DA:29,0
DA:34,0
DA:35,0
DA:37,0
DA:42,0
DA:47,0
DA:49,0
DA:51,0
DA:73,0
DA:78,0
DA:80,0
DA:82,0
DA:107,112
DA:114,0
DA:115,0
DA:121,0
DA:125,0
DA:128,112
DA:135,0
DA:136,0
DA:149,0
DA:157,0
DA:159,0
DA:162,0
DA:182,112
DA:191,0
DA:192,0
DA:196,0
DA:200,0
DA:203,0
DA:204,0
DA:205,0
DA:207,0
DA:222,0
DA:226,0
DA:233,0
DA:236,0
DA:247,112
DA:253,0
DA:254,0
DA:262,0
DA:263,0
DA:273,0
DA:274,0
DA:281,0
DA:282,0
DA:292,0
DA:295,112
DA:307,0
DA:308,0
DA:309,0
DA:310,0
DA:318,0
DA:332,0
DA:340,0
DA:355,112
DA:360,0
DA:361,0
DA:369,0
DA:372,0
DA:382,0
DA:385,0
DA:392,0
LF:65
LH:7
BRDA:29,0,0,0
BRDA:29,0,1,0
BRDA:29,0,2,0
BRDA:35,1,0,0
BRDA:35,1,1,0
BRDA:67,2,0,0
BRDA:67,2,1,0
BRDA:114,3,0,0
BRDA:135,4,0,0
BRDA:135,4,1,0
BRDA:139,5,0,0
BRDA:139,5,1,0
BRDA:191,6,0,0
BRDA:200,7,0,0
BRDA:200,7,1,0
BRDA:204,8,0,0
BRDA:226,9,0,0
BRDA:226,9,1,0
BRDA:233,10,0,0
BRDA:233,10,1,0
BRDA:253,11,0,0
BRDA:253,12,0,0
BRDA:253,12,1,0
BRDA:273,13,0,0
BRDA:273,14,0,0
BRDA:273,14,1,0
BRDA:309,15,0,0
BRDA:360,16,0,0
BRF:28
BRH:0
end_of_record
TN:
SF:src/components/SeedlotRegistrationSteps/ParentTreeStep/TableComponents/utils.ts
FN:5,(anonymous_0)
FN:9,(anonymous_1)
FN:16,(anonymous_2)
FN:24,(anonymous_3)
FN:36,(anonymous_4)
FN:46,(anonymous_5)
FN:51,(anonymous_6)
FN:67,(anonymous_7)
FN:71,(anonymous_8)
FN:82,(anonymous_9)
FN:127,(anonymous_10)
FNF:11
FNH:0
FNDA:0,(anonymous_0)
FNDA:0,(anonymous_1)
FNDA:0,(anonymous_2)
FNDA:0,(anonymous_3)
FNDA:0,(anonymous_4)
FNDA:0,(anonymous_5)
FNDA:0,(anonymous_6)
FNDA:0,(anonymous_7)
FNDA:0,(anonymous_8)
FNDA:0,(anonymous_9)
FNDA:0,(anonymous_10)
DA:5,112
DA:6,0
DA:9,112
DA:14,0
DA:15,0
DA:16,0
DA:17,0
DA:18,0
DA:21,0
DA:24,112
DA:25,0
DA:26,0
DA:27,0
DA:28,0
DA:30,0
DA:36,112
DA:42,0
DA:45,0
DA:46,0
DA:47,0
DA:51,0
DA:52,0
DA:53,0
DA:54,0
DA:55,0
DA:56,0
DA:59,0
DA:61,0
DA:63,0
DA:67,0
DA:68,0
DA:69,0
DA:70,0
DA:71,0
DA:72,0
DA:74,0
DA:78,0
DA:82,112
DA:90,0
DA:91,0
DA:92,0
DA:93,0
DA:94,0
DA:95,0
DA:96,0
DA:97,0
DA:98,0
DA:99,0
DA:101,0
DA:105,0
DA:106,0
DA:109,0
DA:112,0
DA:113,0
DA:116,0
DA:117,0
DA:119,0
DA:122,0
DA:123,0
DA:124,0
DA:127,112
DA:133,0
DA:134,0
DA:135,0
DA:136,0
DA:137,0
DA:138,0
LF:67
LH:6
BRDA:27,0,0,0
BRDA:53,1,0,0
BRDA:53,1,1,0
BRDA:54,2,0,0
BRDA:54,2,1,0
BRDA:55,3,0,0
BRDA:55,3,1,0
BRDA:56,4,0,0
BRDA:56,4,1,0
BRDA:70,5,0,0
BRDA:94,6,0,0
BRDA:95,7,0,0
BRDA:95,7,1,0
BRDA:97,8,0,0
BRDA:97,8,1,0
BRDA:112,9,0,0
BRDA:116,10,0,0
BRDA:116,10,1,0
BRDA:136,11,0,0
BRDA:136,11,1,0
BRF:20
BRH:0
end_of_record
TN:
SF:src/components/SeedlotRegistrationSteps/ParentTreeStep/UploadFileModal/constants.ts
FNF:0
FNH:0
DA:1,112
LF:1
LH:1
BRF:0
BRH:0
end_of_record
TN:
SF:src/components/SeedlotRegistrationSteps/ParentTreeStep/UploadFileModal/index.tsx
FN:1,(anonymous_0)
FN:22,(anonymous_1)
FN:28,(anonymous_2)
FN:55,(anonymous_3)
FN:59,(anonymous_4)
FN:73,(anonymous_5)
FN:88,(anonymous_6)
FNF:7
FNH:1
FNDA:112,(anonymous_0)
FNDA:0,(anonymous_1)
FNDA:0,(anonymous_2)
FNDA:0,(anonymous_3)
FNDA:0,(anonymous_4)
FNDA:0,(anonymous_5)
FNDA:0,(anonymous_6)
DA:1,896
DA:22,112
DA:28,0
DA:29,0
DA:30,0
DA:31,0
DA:32,0
DA:33,0
DA:34,0
DA:35,0
DA:36,0
DA:37,0
DA:38,0
DA:39,0
DA:41,0
DA:42,0
DA:44,0
DA:47,0
DA:56,0
DA:57,0
DA:60,0
DA:74,0
DA:88,0
DA:103,112
DA:105,112
LF:25
LH:4
BRDA:1,0,0,224
BRDA:1,0,1,112
BRDA:1,1,0,112
BRDA:34,2,0,0
BRDA:34,2,1,0
BRDA:37,3,0,0
BRDA:37,3,1,0
BRDA:79,4,0,0
BRDA:79,4,1,0
BRF:9
BRH:3
end_of_record
TN:
SF:src/components/SeedlotRegistrationSteps/SubmitModal/constants.ts
FNF:0
FNH:0
DA:1,112
LF:1
LH:1
BRF:0
BRH:0
end_of_record
TN:
SF:src/components/SeedlotRegistrationSteps/SubmitModal/index.tsx
FN:1,(anonymous_0)
FN:18,(anonymous_1)
FN:25,(anonymous_2)
FN:28,(anonymous_3)
FN:35,(anonymous_4)
FN:44,(anonymous_5)
FNF:6
FNH:1
FNDA:112,(anonymous_0)
FNDA:0,(anonymous_1)
FNDA:0,(anonymous_2)
FNDA:0,(anonymous_3)
FNDA:0,(anonymous_4)
FNDA:0,(anonymous_5)
DA:1,896
DA:18,112
DA:24,0
DA:26,0
DA:28,0
DA:36,0
DA:44,0
DA:62,112
DA:64,112
LF:9
LH:4
BRDA:1,0,0,224
BRDA:1,0,1,112
BRDA:1,1,0,112
BRDA:29,2,0,0
BRDA:29,2,1,0
BRF:5
BRH:3
end_of_record
TN:
SF:src/components/SeedlotSummary/index.tsx
FN:1,(anonymous_0)
FN:15,(anonymous_1)
FNF:2
FNH:1
FNDA:72,(anonymous_0)
FNDA:0,(anonymous_1)
DA:1,576
DA:15,72
DA:16,0
DA:101,72
DA:103,72
LF:5
LH:4
BRDA:1,0,0,144
BRDA:1,0,1,72
BRDA:1,1,0,72
BRF:3
BRH:3
end_of_record
TN:
SF:src/components/SeedlotTable/Table.tsx
FN:1,(anonymous_0)
FN:19,(anonymous_1)
FN:34,(anonymous_2)
FN:38,(anonymous_3)
FN:49,(anonymous_4)
FN:54,(anonymous_5)
FN:60,(anonymous_6)
FN:61,(anonymous_7)
FN:64,(anonymous_8)
FN:87,(anonymous_9)
FN:97,(anonymous_10)
FN:103,(anonymous_11)
FN:114,(anonymous_12)
FN:118,(anonymous_13)
FN:121,(anonymous_14)
FNF:15
FNH:1
FNDA:40,(anonymous_0)
FNDA:0,(anonymous_1)
FNDA:0,(anonymous_2)
FNDA:0,(anonymous_3)
FNDA:0,(anonymous_4)
FNDA:0,(anonymous_5)
FNDA:0,(anonymous_6)
FNDA:0,(anonymous_7)
FNDA:0,(anonymous_8)
FNDA:0,(anonymous_9)
FNDA:0,(anonymous_10)
FNDA:0,(anonymous_11)
FNDA:0,(anonymous_12)
FNDA:0,(anonymous_13)
FNDA:0,(anonymous_14)
DA:1,320
DA:19,40
DA:28,0
DA:29,0
DA:30,0
DA:31,0
DA:34,0
DA:35,0
DA:38,0
DA:39,0
DA:40,0
DA:41,0
DA:42,0
DA:43,0
DA:45,0
DA:48,0
DA:49,0
DA:51,0
DA:54,0
DA:55,0
DA:56,0
DA:57,0
DA:59,0
DA:60,0
DA:61,0
DA:62,0
DA:63,0
DA:64,0
DA:65,0
DA:66,0
DA:69,0
DA:71,0
DA:72,0
DA:74,0
DA:78,0
DA:87,0
DA:98,0
DA:103,0
DA:115,0
DA:118,0
DA:122,0
DA:146,40
DA:148,40
LF:43
LH:4
BRDA:1,0,0,40
BRDA:1,0,1,0
BRDA:1,1,0,40
BRDA:1,2,0,40
BRDA:1,2,1,40
BRDA:40,3,0,0
BRDA:40,3,1,0
BRDA:40,4,0,0
BRDA:40,4,1,0
BRDA:42,5,0,0
BRDA:42,5,1,0
BRDA:55,6,0,0
BRDA:65,7,0,0
BRDA:71,8,0,0
BRDA:81,9,0,0
BRDA:81,9,1,0
BRDA:127,10,0,0
BRDA:127,10,1,0
BRDA:140,11,0,0
BRDA:140,11,1,0
BRF:20
BRH:4
end_of_record
TN:
SF:src/components/SeedlotTable/constants.ts
FNF:0
FNH:0
DA:3,40
DA:34,40
DA:45,40
LF:3
LH:3
BRF:0
BRH:0
end_of_record
TN:
SF:src/components/SeedlotTable/index.tsx
FN:26,(anonymous_1)
FN:33,(anonymous_2)
FN:45,(anonymous_3)
FN:46,(anonymous_4)
FN:26,(anonymous_5)
FNF:5
FNH:0
FNDA:0,(anonymous_1)
FNDA:0,(anonymous_2)
FNDA:0,(anonymous_3)
FNDA:0,(anonymous_4)
FNDA:0,(anonymous_5)
DA:26,112
DA:27,72
DA:29,0
DA:34,0
DA:46,0
DA:65,72
DA:67,72
LF:7
LH:4
BRF:0
BRH:0
end_of_record
TN:
SF:src/components/SeedlotTable/utils.ts
FN:3,(anonymous_0)
FN:9,(anonymous_1)
FN:20,(anonymous_2)
FNF:3
FNH:0
FNDA:0,(anonymous_0)
FNDA:0,(anonymous_1)
FNDA:0,(anonymous_2)
DA:3,40
DA:8,0
DA:9,0
DA:10,0
DA:11,0
DA:13,0
DA:14,0
DA:16,0
DA:19,0
DA:20,0
DA:21,0
DA:22,0
DA:24,0
DA:25,0
DA:27,0
DA:30,0
LF:16
LH:1
BRDA:8,0,0,0
BRDA:8,1,0,0
BRDA:8,1,1,0
BRDA:10,2,0,0
BRDA:13,3,0,0
BRDA:19,4,0,0
BRDA:19,5,0,0
BRDA:19,5,1,0
BRDA:21,6,0,0
BRDA:24,7,0,0
BRF:10
BRH:0
end_of_record
TN:
SF:src/components/SilentCheckSso/index.tsx
FN:3,(anonymous_1)
FN:4,(anonymous_2)
FN:11,(anonymous_3)
FNF:3
FNH:0
FNDA:0,(anonymous_1)
FNDA:0,(anonymous_2)
FNDA:0,(anonymous_3)
DA:3,12
DA:4,0
DA:5,0
DA:6,0
DA:7,0
DA:9,0
DA:11,0
DA:12,0
DA:16,0
DA:20,12
DA:22,12
LF:11
LH:3
BRF:0
BRH:0
end_of_record
TN:
SF:src/components/StatusItem/index.tsx
FN:1,(anonymous_0)
FN:6,(anonymous_1)
FN:33,(anonymous_2)
FNF:3
FNH:1
FNDA:72,(anonymous_0)
FNDA:0,(anonymous_1)
FNDA:0,(anonymous_2)
DA:1,576
DA:6,72
DA:7,0
DA:10,0
DA:13,0
DA:16,0
DA:19,0
DA:22,0
DA:25,0
DA:33,72
DA:34,0
DA:37,72
DA:39,72
LF:13
LH:5
BRDA:1,0,0,144
BRDA:1,0,1,72
BRDA:1,1,0,72
BRDA:7,2,0,0
BRDA:7,2,1,0
BRDA:7,2,2,0
BRDA:7,2,3,0
BRDA:7,2,4,0
BRDA:7,2,5,0
BRF:9
BRH:3
end_of_record
TN:
SF:src/components/StatusTag/definitions.ts
FNF:0
FNH:0
DA:1,40
LF:1
LH:1
BRF:0
BRH:0
end_of_record
TN:
SF:src/components/StatusTag/index.tsx
FN:1,(anonymous_0)
FN:12,(anonymous_1)
FNF:2
FNH:1
FNDA:40,(anonymous_0)
FNDA:0,(anonymous_1)
DA:1,320
DA:12,40
DA:13,0
DA:14,0
DA:19,40
DA:21,40
LF:6
LH:4
BRDA:1,0,0,80
BRDA:1,0,1,40
BRDA:1,1,0,40
BRDA:13,2,0,0
BRDA:13,2,1,0
BRF:5
BRH:3
end_of_record
TN:
SF:src/components/Subtitle/index.tsx
FN:1,(anonymous_0)
FN:10,(anonymous_1)
FNF:2
FNH:2
FNDA:112,(anonymous_0)
FNDA:2,(anonymous_1)
DA:1,896
DA:10,112
DA:11,2
DA:14,112
DA:16,112
LF:5
LH:5
BRDA:1,0,0,224
BRDA:1,0,1,112
BRDA:1,1,0,112
BRDA:11,2,0,2
BRDA:11,2,1,0
BRF:5
BRH:4
end_of_record
TN:
SF:src/components/TitleAccordion/index.tsx
FN:1,(anonymous_0)
FN:8,(anonymous_1)
FNF:2
FNH:1
FNDA:112,(anonymous_0)
FNDA:0,(anonymous_1)
DA:1,896
DA:8,112
DA:11,0
DA:15,112
DA:17,112
LF:5
LH:4
BRDA:1,0,0,224
BRDA:1,0,1,112
BRDA:1,1,0,112
BRF:3
BRH:3
end_of_record
TN:
SF:src/components/Toast/ErrorToast/index.tsx
FN:1,(anonymous_0)
FN:6,(anonymous_1)
FNF:2
FNH:1
FNDA:40,(anonymous_0)
FNDA:0,(anonymous_1)
DA:1,320
DA:6,40
DA:9,0
DA:16,40
DA:18,40
LF:5
LH:4
BRDA:1,0,0,80
BRDA:1,0,1,40
BRDA:1,1,0,40
BRF:3
BRH:3
end_of_record
TN:
SF:src/config/DateFormat.ts
FNF:0
FNH:0
DA:6,40
DA:11,40
LF:2
LH:2
BRF:0
BRH:0
end_of_record
TN:
SF:src/config/FavouriteActivitiyMap.ts
FNF:0
FNH:0
DA:3,112
LF:1
LH:1
BRF:0
BRH:0
end_of_record
TN:
SF:src/config/TimeUnits.ts
FNF:0
FNH:0
DA:2,40
DA:4,40
DA:6,40
DA:8,40
DA:10,40
DA:12,40
DA:14,40
LF:7
LH:7
BRF:0
BRH:0
end_of_record
TN:
SF:src/config/ToastifyConfig.ts
FNF:0
FNH:0
DA:9,40
LF:1
LH:1
BRF:0
BRH:0
end_of_record
TN:
SF:src/contexts/AuthContext.tsx
FN:30,(anonymous_1)
FN:37,startKeycloak
FN:54,logout
FN:69,(anonymous_4)
FN:72,(anonymous_5)
FN:85,(anonymous_6)
FN:108,useAuth
FNF:7
FNH:4
FNDA:12,(anonymous_1)
FNDA:24,startKeycloak
FNDA:0,logout
FNDA:0,(anonymous_4)
FNDA:0,(anonymous_5)
FNDA:12,(anonymous_6)
FNDA:48,useAuth
DA:22,12
DA:24,12
DA:30,12
DA:31,12
DA:32,12
DA:38,24
DA:39,24
DA:40,0
DA:41,0
DA:42,0
DA:43,0
DA:46,24
DA:48,24
DA:55,0
DA:56,0
DA:57,0
DA:58,0
DA:59,0
DA:62,0
DA:69,12
DA:70,0
DA:71,0
DA:74,0
DA:75,0
DA:80,12
DA:81,12
DA:82,12
DA:85,12
DA:96,12
DA:103,12
DA:108,48
DA:109,48
DA:111,48
DA:112,0
DA:115,48
DA:116,12
DA:118,12
LF:37
LH:22
BRDA:70,0,0,0
BRDA:111,1,0,0
BRF:2
BRH:0
end_of_record
TN:
SF:src/contexts/AuthProvider.tsx
FN:1,(anonymous_0)
FN:21,(anonymous_1)
FN:50,(anonymous_2)
FN:76,(anonymous_3)
FN:83,(anonymous_4)
FN:97,(anonymous_5)
FN:106,(anonymous_6)
FN:116,(anonymous_7)
FN:124,(anonymous_8)
FN:126,(anonymous_9)
FN:137,(anonymous_10)
FN:140,(anonymous_11)
FN:151,(anonymous_12)
FN:153,(anonymous_13)
FN:156,(anonymous_14)
FN:163,(anonymous_15)
FNF:16
FNH:5
FNDA:100,(anonymous_0)
FNDA:0,(anonymous_1)
FNDA:0,(anonymous_2)
FNDA:100,(anonymous_3)
FNDA:200,(anonymous_4)
FNDA:0,(anonymous_5)
FNDA:200,(anonymous_6)
FNDA:0,(anonymous_7)
FNDA:0,(anonymous_8)
FNDA:0,(anonymous_9)
FNDA:0,(anonymous_10)
FNDA:0,(anonymous_11)
FNDA:0,(anonymous_12)
FNDA:0,(anonymous_13)
FNDA:0,(anonymous_14)
FNDA:100,(anonymous_15)
DA:1,900
DA:19,100
DA:21,100
DA:22,0
DA:23,0
DA:24,0
DA:26,0
DA:27,0
DA:28,0
DA:30,0
DA:31,0
DA:34,0
DA:35,0
DA:36,0
DA:39,0
DA:50,100
DA:51,0
DA:52,0
DA:55,0
DA:56,0
DA:57,0
DA:58,0
DA:73,0
DA:76,100
DA:77,100
DA:78,100
DA:79,100
DA:80,100
DA:81,100
DA:83,100
DA:84,160
DA:85,200
DA:86,80
DA:87,0
DA:88,0
DA:90,120
DA:91,200
DA:92,200
DA:94,200
DA:97,140
DA:98,40
DA:101,0
DA:106,60
DA:107,160
DA:108,200
DA:109,80
DA:110,0
DA:111,0
DA:112,0
DA:116,60
DA:117,40
DA:119,0
DA:124,60
DA:125,40
DA:127,0
DA:128,0
DA:129,0
DA:130,0
DA:131,0
DA:132,0
DA:133,0
DA:134,0
DA:135,0
DA:137,0
DA:140,60
DA:141,40
DA:142,0
DA:143,0
DA:148,60
DA:150,100
DA:151,40
DA:152,0
DA:154,0
DA:156,0
DA:159,0
DA:163,100
DA:173,100
DA:178,100
DA:180,100
LF:79
LH:37
BRDA:1,0,0,200
BRDA:1,0,1,100
BRDA:1,1,0,100
BRDA:23,2,0,0
BRDA:30,3,0,0
BRDA:34,4,0,0
BRDA:36,5,0,0
BRDA:36,5,1,0
BRDA:108,6,0,0
BRDA:117,7,0,0
BRDA:117,7,1,0
BRDA:132,8,0,0
BRDA:142,9,0,0
BRDA:150,10,0,0
BRDA:150,11,0,100
BRDA:150,11,1,100
BRF:16
BRH:5
end_of_record
TN:
SF:src/enums/ActivityIcons.ts
FNF:0
FNH:0
DA:5,112
LF:1
LH:1
BRF:0
BRH:0
end_of_record
TN:
SF:src/enums/ActivityStatus.ts
FNF:0
FNH:0
DA:1,72
LF:1
LH:1
BRF:0
BRH:0
end_of_record
TN:
SF:src/enums/FilesAndDocsIcons.ts
FNF:0
FNH:0
DA:5,112
LF:1
LH:1
BRF:0
BRH:0
end_of_record
TN:
SF:src/layout/PrivateLayout/index.tsx
FN:1,(anonymous_0)
FN:10,(anonymous_1)
FNF:2
FNH:2
FNDA:112,(anonymous_0)
FNDA:2,(anonymous_1)
DA:1,896
DA:10,112
DA:11,2
DA:19,112
DA:21,112
LF:5
LH:5
BRDA:1,0,0,224
BRDA:1,0,1,112
BRDA:1,1,0,112
BRF:3
BRH:3
end_of_record
TN:
SF:src/routes/ProtectedRoute.tsx
FN:1,(anonymous_0)
FN:9,(anonymous_1)
FNF:2
FNH:2
FNDA:112,(anonymous_0)
FNDA:2,(anonymous_1)
DA:1,896
DA:9,112
DA:10,102
DA:11,2
DA:12,2
DA:13,2
DA:16,0
DA:17,12
DA:19,12
LF:9
LH:8
BRDA:1,0,0,224
BRDA:1,0,1,112
BRDA:1,1,0,112
BRDA:10,2,0,2
BRF:4
BRH:4
end_of_record
TN:
SF:src/service/KeycloakService.ts
FN:4,(anonymous_0)
FN:16,(anonymous_1)
FN:18,(anonymous_2)
FN:20,(anonymous_3)
FN:22,(anonymous_4)
FN:24,(anonymous_5)
FN:32,(anonymous_6)
FN:35,(anonymous_7)
FN:42,(anonymous_8)
FNF:9
FNH:6
FNDA:24,(anonymous_0)
FNDA:12,(anonymous_1)
FNDA:14,(anonymous_2)
FNDA:0,(anonymous_3)
FNDA:0,(anonymous_4)
FNDA:12,(anonymous_5)
FNDA:2,(anonymous_6)
FNDA:0,(anonymous_7)
FNDA:2,(anonymous_8)
DA:4,24
DA:10,12
DA:12,12
DA:14,12
DA:16,12
DA:18,14
DA:20,12
DA:22,12
DA:24,12
DA:25,12
DA:26,12
DA:27,0
DA:29,12
DA:32,12
DA:33,2
DA:34,2
DA:35,0
DA:36,0
DA:39,2
DA:42,12
DA:43,2
DA:44,2
DA:45,2
DA:46,2
DA:47,2
DA:48,2
DA:49,2
DA:51,2
DA:62,12
LF:29
LH:26
BRDA:26,0,0,0
BRDA:34,1,0,0
BRDA:34,2,0,2
BRDA:34,2,1,0
BRF:4
BRH:1
end_of_record
TN:
SF:src/shared-constants/shared-constants.ts
FNF:0
FNH:0
DA:2,112
LF:1
LH:1
BRF:0
BRH:0
end_of_record
TN:
SF:src/styles/classPrefix.ts
FNF:0
FNH:0
DA:1,100
LF:1
LH:1
BRF:0
BRH:0
end_of_record
TN:
SF:src/types/LoginProviders.ts
FN:9,(anonymous_0)
FNF:1
FNH:1
FNDA:112,(anonymous_0)
DA:9,112
DA:10,112
DA:11,112
LF:3
LH:3
BRDA:9,0,0,112
BRDA:9,0,1,112
BRF:2
BRH:2
end_of_record
TN:
SF:src/utils/DateUtils.ts
FN:1,(anonymous_0)
FNF:1
FNH:0
FNDA:0,(anonymous_0)
DA:1,112
DA:2,0
DA:3,0
DA:4,0
DA:6,0
LF:5
LH:1
BRDA:2,0,0,0
BRF:1
BRH:0
end_of_record
TN:
SF:src/utils/FocusUtils.ts
FN:1,(anonymous_0)
FNF:1
FNH:0
FNDA:0,(anonymous_0)
DA:1,40
DA:2,0
LF:2
LH:1
BRF:0
BRH:0
end_of_record
TN:
SF:src/utils/HistoryStatus.ts
FN:1,(anonymous_0)
FNF:1
FNH:0
FNDA:0,(anonymous_0)
DA:1,112
DA:2,0
DA:3,0
DA:4,0
DA:5,0
DA:6,0
DA:8,0
DA:9,0
DA:11,0
DA:12,0
DA:14,0
DA:15,0
DA:17,0
DA:18,0
DA:20,0
DA:22,0
LF:16
LH:1
BRDA:6,0,0,0
BRDA:6,0,1,0
BRDA:6,0,2,0
BRDA:6,0,3,0
BRDA:6,0,4,0
BRF:5
BRH:0
end_of_record
TN:
SF:src/utils/KeyboardUtil.ts
FN:3,(anonymous_0)
FNF:1
FNH:0
FNDA:0,(anonymous_0)
DA:3,112
DA:4,0
DA:5,0
LF:3
LH:1
BRDA:4,0,0,0
BRF:1
BRH:0
end_of_record
TN:
SF:src/utils/MultiOptionsUtils.ts
FN:9,(anonymous_0)
FN:10,(anonymous_1)
FN:12,(anonymous_2)
FN:17,(anonymous_3)
FN:19,(anonymous_4)
FN:34,(anonymous_5)
FN:39,(anonymous_6)
FN:47,(anonymous_7)
FN:52,(anonymous_8)
FN:61,(anonymous_9)
FN:72,(anonymous_10)
FN:82,(anonymous_11)
FNF:12
FNH:0
FNDA:0,(anonymous_0)
FNDA:0,(anonymous_1)
FNDA:0,(anonymous_2)
FNDA:0,(anonymous_3)
FNDA:0,(anonymous_4)
FNDA:0,(anonymous_5)
FNDA:0,(anonymous_6)
FNDA:0,(anonymous_7)
FNDA:0,(anonymous_8)
FNDA:0,(anonymous_9)
FNDA:0,(anonymous_10)
FNDA:0,(anonymous_11)
DA:3,112
DA:9,112
DA:10,112
DA:12,112
DA:13,0
DA:14,0
DA:17,112
DA:19,112
DA:24,0
DA:25,0
DA:29,0
DA:34,112
DA:37,0
DA:39,0
DA:40,0
DA:41,0
DA:42,0
DA:43,0
DA:44,0
DA:47,0
DA:49,0
DA:52,112
DA:59,0
DA:61,0
DA:62,0
DA:63,0
DA:64,0
DA:65,0
DA:66,0
DA:68,0
DA:69,0
DA:71,0
DA:72,0
DA:73,0
DA:78,0
DA:79,0
DA:82,0
DA:84,0
LF:38
LH:8
BRDA:22,0,0,0
BRDA:24,1,0,0
BRDA:25,2,0,0
BRDA:25,2,1,0
BRDA:29,3,0,0
BRDA:29,3,1,0
BRDA:54,4,0,0
BRDA:55,5,0,0
BRDA:56,6,0,0
BRDA:57,7,0,0
BRDA:65,8,0,0
BRDA:68,9,0,0
BRDA:71,10,0,0
BRF:13
BRH:0
end_of_record
TN:
SF:src/utils/PaginationUtils.ts
FN:4,(anonymous_0)
FN:5,(anonymous_1)
FN:9,(anonymous_2)
FN:13,(anonymous_3)
FN:28,(anonymous_4)
FN:44,(anonymous_5)
FNF:6
FNH:0
FNDA:0,(anonymous_0)
FNDA:0,(anonymous_1)
FNDA:0,(anonymous_2)
FNDA:0,(anonymous_3)
FNDA:0,(anonymous_4)
FNDA:0,(anonymous_5)
DA:4,112
DA:5,0
DA:9,112
DA:10,0
DA:13,112
DA:20,0
DA:21,0
DA:22,0
DA:24,0
DA:25,0
DA:28,112
DA:36,0
DA:37,0
DA:38,0
DA:40,0
DA:41,0
DA:44,112
DA:53,0
DA:54,0
DA:55,0
DA:56,0
LF:21
LH:5
BRDA:21,0,0,0
BRDA:37,1,0,0
BRF:2
BRH:0
end_of_record
TN:
SF:src/utils/RecordUtils.ts
FN:4,recordKeys
FN:11,recordValues
FN:18,recordEntries
FNF:3
FNH:0
FNDA:0,recordKeys
FNDA:0,recordValues
FNDA:0,recordEntries
DA:5,0
DA:12,0
DA:19,0
LF:3
LH:0
BRF:0
BRH:0
end_of_record
TN:
SF:src/utils/SeedlotUtils.ts
FN:11,(anonymous_0)
FN:12,(anonymous_1)
FN:22,(anonymous_2)
FN:38,(anonymous_3)
FN:44,(anonymous_4)
FN:49,(anonymous_5)
FN:64,(anonymous_6)
FNF:7
FNH:0
FNDA:0,(anonymous_0)
FNDA:0,(anonymous_1)
FNDA:0,(anonymous_2)
FNDA:0,(anonymous_3)
FNDA:0,(anonymous_4)
FNDA:0,(anonymous_5)
FNDA:0,(anonymous_6)
DA:11,40
DA:12,0
DA:13,0
DA:14,0
DA:16,0
DA:22,40
DA:38,40
DA:42,0
DA:44,0
DA:45,0
DA:49,0
DA:50,0
DA:52,0
DA:54,0
DA:56,0
DA:58,0
DA:61,0
DA:64,40
DA:68,0
LF:19
LH:4
BRDA:13,0,0,0
BRDA:30,1,0,0
BRDA:30,1,1,0
BRDA:50,2,0,0
BRDA:54,3,0,0
BRF:5
BRH:0
end_of_record
TN:
SF:src/utils/StringUtils.ts
FN:9,(anonymous_0)
FNF:1
FNH:0
FNDA:0,(anonymous_0)
DA:9,112
LF:1
LH:1
BRF:0
BRH:0
end_of_record
TN:
SF:src/utils/ThemePreference.tsx
FN:19,useThemePreference
FN:33,ThemePreference
FN:36,(anonymous_3)
FN:41,(anonymous_4)
FN:45,(anonymous_5)
FNF:5
FNH:5
FNDA:2,useThemePreference
FNDA:224,ThemePreference
FNDA:224,(anonymous_3)
FNDA:224,(anonymous_4)
FNDA:224,(anonymous_5)
DA:11,112
DA:12,112
DA:19,2
DA:20,2
DA:21,112
DA:33,224
DA:34,224
DA:36,224
DA:41,224
DA:42,224
DA:45,224
DA:46,224
DA:47,0
DA:49,224
DA:50,0
DA:54,224
DA:59,112
DA:61,112
LF:18
LH:16
BRDA:46,0,0,0
BRDA:49,1,0,0
BRF:2
BRH:0
end_of_record
TN:
SF:src/utils/UrlUtils.ts
FN:1,(anonymous_0)
FNF:1
FNH:0
FNDA:0,(anonymous_0)
DA:1,12
DA:2,0
DA:3,0
DA:4,0
LF:4
LH:1
BRF:0
BRH:0
end_of_record
TN:
SF:src/utils/filterUtils.ts
FN:8,(anonymous_0)
FNF:1
FNH:0
FNDA:0,(anonymous_0)
DA:8,112
DA:9,0
DA:10,0
DA:12,0
DA:13,0
DA:15,0
LF:6
LH:1
BRDA:9,0,0,0
BRDA:12,1,0,0
BRF:2
BRH:0
end_of_record
TN:
SF:src/views/Dashboard/dashboard.tsx
FN:1,(anonymous_0)
FN:15,(anonymous_1)
FNF:2
FNH:1
FNDA:112,(anonymous_0)
FNDA:0,(anonymous_1)
DA:1,896
DA:15,112
DA:16,0
DA:40,112
DA:42,112
LF:5
LH:4
BRDA:1,0,0,224
BRDA:1,0,1,112
BRDA:1,1,0,112
BRF:3
BRH:3
end_of_record
TN:
SF:src/views/FourOhFour/index.tsx
FN:1,(anonymous_0)
FN:7,(anonymous_1)
FN:36,(anonymous_2)
FNF:3
FNH:1
FNDA:40,(anonymous_0)
FNDA:0,(anonymous_1)
FNDA:0,(anonymous_2)
DA:1,320
DA:7,40
DA:13,0
DA:23,0
DA:37,0
DA:48,40
DA:50,40
LF:7
LH:4
BRDA:1,0,0,80
BRDA:1,0,1,40
BRDA:1,1,0,40
BRF:3
BRH:3
end_of_record
TN:
SF:src/views/Landing/index.tsx
FN:22,(anonymous_1)
FN:27,(anonymous_2)
FN:42,(anonymous_3)
FN:72,(anonymous_4)
FN:83,(anonymous_5)
FN:22,(anonymous_6)
FNF:6
FNH:6
FNDA:224,(anonymous_1)
FNDA:10,(anonymous_2)
FNDA:24,(anonymous_3)
FNDA:105,(anonymous_4)
FNDA:5,(anonymous_5)
FNDA:12,(anonymous_6)
DA:22,224
DA:23,224
DA:24,224
DA:25,24
DA:27,24
DA:28,110
DA:29,100
DA:30,100
DA:33,110
DA:34,110
DA:39,110
DA:42,124
DA:43,124
DA:44,100
DA:46,24
DA:50,24
DA:72,5
DA:83,5
DA:104,12
DA:106,12
LF:20
LH:20
BRDA:28,0,0,100
BRDA:29,1,0,100
BRDA:29,1,1,100
BRDA:43,2,0,0
BRDA:43,2,1,24
BRDA:44,3,0,0
BRDA:44,3,1,0
BRF:7
BRH:4
end_of_record
TN:
SF:src/views/Seedlot/CreateAClass/index.tsx
FN:15,(anonymous_1)
FN:22,(anonymous_2)
FN:15,(anonymous_3)
FNF:3
FNH:0
FNDA:0,(anonymous_1)
FNDA:0,(anonymous_2)
FNDA:0,(anonymous_3)
DA:15,112
DA:16,112
DA:17,0
DA:22,0
DA:37,112
DA:39,112
LF:6
LH:4
BRF:0
BRH:0
end_of_record
TN:
SF:src/views/Seedlot/CreateAClass/CreationForm/constants.ts
FNF:0
FNH:0
DA:4,40
DA:14,40
DA:21,40
DA:28,40
LF:4
LH:4
BRF:0
BRH:0
end_of_record
TN:
SF:src/views/Seedlot/CreateAClass/CreationForm/index.tsx
FN:1,(anonymous_0)
FN:56,(anonymous_1)
FN:65,(anonymous_2)
FN:66,(anonymous_3)
FN:75,(anonymous_4)
FN:81,(anonymous_5)
FN:85,(anonymous_6)
FN:92,(anonymous_7)
FN:97,(anonymous_8)
FN:102,(anonymous_9)
FN:107,(anonymous_10)
FN:108,(anonymous_11)
FN:110,(anonymous_12)
FN:123,(anonymous_13)
FN:124,(anonymous_14)
FN:133,(anonymous_15)
FN:139,(anonymous_16)
FN:147,(anonymous_17)
FN:170,(anonymous_18)
FN:173,(anonymous_19)
FN:185,(anonymous_20)
FN:189,(anonymous_21)
FN:207,(anonymous_22)
FN:208,(anonymous_23)
FN:217,(anonymous_24)
FN:219,(anonymous_25)
FN:229,(anonymous_26)
FN:230,(anonymous_27)
FN:240,(anonymous_28)
FN:241,(anonymous_29)
FN:250,(anonymous_30)
FN:256,(anonymous_31)
FN:258,(anonymous_32)
FN:271,(anonymous_33)
FN:291,(anonymous_34)
FN:295,(anonymous_35)
FN:310,(anonymous_36)
FN:364,(anonymous_37)
FN:399,(anonymous_38)
FN:404,(anonymous_39)
FN:408,(anonymous_40)
FN:428,(anonymous_41)
FN:449,(anonymous_42)
FN:470,(anonymous_43)
FN:485,(anonymous_44)
FN:56,(anonymous_45)
FNF:46
FNH:1
FNDA:40,(anonymous_0)
FNDA:0,(anonymous_1)
FNDA:0,(anonymous_2)
FNDA:0,(anonymous_3)
FNDA:0,(anonymous_4)
FNDA:0,(anonymous_5)
FNDA:0,(anonymous_6)
FNDA:0,(anonymous_7)
FNDA:0,(anonymous_8)
FNDA:0,(anonymous_9)
FNDA:0,(anonymous_10)
FNDA:0,(anonymous_11)
FNDA:0,(anonymous_12)
FNDA:0,(anonymous_13)
FNDA:0,(anonymous_14)
FNDA:0,(anonymous_15)
FNDA:0,(anonymous_16)
FNDA:0,(anonymous_17)
FNDA:0,(anonymous_18)
FNDA:0,(anonymous_19)
FNDA:0,(anonymous_20)
FNDA:0,(anonymous_21)
FNDA:0,(anonymous_22)
FNDA:0,(anonymous_23)
FNDA:0,(anonymous_24)
FNDA:0,(anonymous_25)
FNDA:0,(anonymous_26)
FNDA:0,(anonymous_27)
FNDA:0,(anonymous_28)
FNDA:0,(anonymous_29)
FNDA:0,(anonymous_30)
FNDA:0,(anonymous_31)
FNDA:0,(anonymous_32)
FNDA:0,(anonymous_33)
FNDA:0,(anonymous_34)
FNDA:0,(anonymous_35)
FNDA:0,(anonymous_36)
FNDA:0,(anonymous_37)
FNDA:0,(anonymous_38)
FNDA:0,(anonymous_39)
FNDA:0,(anonymous_40)
FNDA:0,(anonymous_41)
FNDA:0,(anonymous_42)
FNDA:0,(anonymous_43)
FNDA:0,(anonymous_44)
FNDA:0,(anonymous_45)
DA:1,320
DA:56,40
DA:57,0
DA:59,0
DA:60,0
DA:61,0
DA:65,0
DA:66,0
DA:75,0
DA:76,0
DA:77,0
DA:80,0
DA:81,0
DA:86,0
DA:89,0
DA:90,0
DA:92,0
DA:95,0
DA:97,0
DA:100,0
DA:102,0
DA:107,0
DA:108,0
DA:109,0
DA:110,0
DA:121,0
DA:123,0
DA:124,0
DA:133,0
DA:134,0
DA:135,0
DA:139,0
DA:140,0
DA:142,0
DA:146,0
DA:147,0
DA:157,0
DA:158,0
DA:159,0
DA:162,0
DA:163,0
DA:170,0
DA:173,0
DA:185,0
DA:186,0
DA:187,0
DA:188,0
DA:189,0
DA:202,0
DA:203,0
DA:207,0
DA:208,0
DA:217,0
DA:218,0
DA:219,0
DA:229,0
DA:230,0
DA:239,40
DA:240,0
DA:242,0
DA:250,0
DA:256,0
DA:257,0
DA:258,0
DA:259,0
DA:268,0
DA:271,0
DA:276,0
DA:291,0
DA:295,0
DA:310,0
DA:311,0
DA:314,0
DA:315,0
DA:316,0
DA:317,0
DA:320,0
DA:325,0
DA:326,0
DA:327,0
DA:328,0
DA:331,0
DA:332,0
DA:333,0
DA:334,0
DA:337,0
DA:338,0
DA:339,0
DA:340,0
DA:345,0
DA:346,0
DA:349,0
DA:364,0
DA:401,0
DA:406,0
DA:408,0
DA:428,0
DA:449,0
DA:470,0
DA:485,0
DA:501,40
DA:503,40
LF:102
LH:5
BRDA:1,0,0,40
BRDA:1,0,1,0
BRDA:1,1,0,40
BRDA:1,2,0,40
BRDA:1,2,1,40
BRDA:86,3,0,0
BRDA:86,3,1,0
BRDA:109,4,0,0
BRDA:134,5,0,0
BRDA:134,6,0,0
BRDA:134,6,1,0
BRDA:142,7,0,0
BRDA:142,7,1,0
BRDA:142,8,0,0
BRDA:142,8,1,0
BRDA:146,9,0,0
BRDA:157,10,0,0
BRDA:162,11,0,0
BRDA:162,12,0,0
BRDA:162,12,1,0
BRDA:187,13,0,0
BRDA:187,13,1,0
BRDA:193,14,0,0
BRDA:193,14,1,0
BRDA:202,15,0,0
BRDA:202,16,0,0
BRDA:202,16,1,0
BRDA:202,16,2,0
BRDA:257,17,0,0
BRDA:274,18,0,0
BRDA:276,19,0,0
BRDA:276,19,1,0
BRDA:278,20,0,0
BRDA:278,20,1,0
BRDA:283,21,0,0
BRDA:283,21,1,0
BRDA:288,22,0,0
BRDA:288,22,1,0
BRDA:289,23,0,0
BRDA:289,23,1,0
BRDA:296,24,0,0
BRDA:296,24,1,0
BRDA:298,25,0,0
BRDA:298,25,1,0
BRDA:302,26,0,0
BRDA:302,26,1,0
BRDA:314,27,0,0
BRDA:314,28,0,0
BRDA:314,28,1,0
BRDA:320,29,0,0
BRDA:321,30,0,0
BRDA:321,30,1,0
BRDA:321,30,2,0
BRDA:331,31,0,0
BRDA:331,32,0,0
BRDA:331,32,1,0
BRDA:337,33,0,0
BRDA:337,34,0,0
BRDA:337,34,1,0
BRDA:353,35,0,0
BRDA:353,35,1,0
BRDA:395,36,0,0
BRDA:395,36,1,0
BRDA:412,37,0,0
BRDA:412,37,1,0
BRDA:452,38,0,0
BRDA:452,38,1,0
BRF:67
BRH:4
end_of_record
TN:
SF:src/views/Seedlot/CreateAClass/CreationForm/utils.ts
FN:3,(anonymous_0)
FNF:1
FNH:0
FNDA:0,(anonymous_0)
DA:3,40
LF:1
LH:1
BRF:0
BRH:0
end_of_record
TN:
SF:src/views/Seedlot/MySeedlots/constants.ts
FNF:0
FNH:0
DA:1,112
DA:10,112
LF:2
LH:2
BRF:0
BRH:0
end_of_record
TN:
SF:src/views/Seedlot/MySeedlots/index.tsx
FN:25,(anonymous_1)
FN:30,(anonymous_2)
FN:33,(anonymous_3)
FN:36,(anonymous_4)
FN:42,(anonymous_5)
FN:50,(anonymous_6)
FN:65,(anonymous_7)
FN:25,(anonymous_8)
FNF:8
FNH:1
FNDA:0,(anonymous_1)
FNDA:0,(anonymous_2)
FNDA:0,(anonymous_3)
FNDA:0,(anonymous_4)
FNDA:40,(anonymous_5)
FNDA:0,(anonymous_6)
FNDA:0,(anonymous_7)
FNDA:0,(anonymous_8)
DA:25,112
DA:26,112
DA:28,0
DA:30,0
DA:31,0
DA:32,0
DA:34,0
DA:38,40
DA:42,0
DA:43,40
DA:46,40
DA:50,40
DA:65,40
DA:91,112
DA:93,112
LF:15
LH:9
BRDA:76,0,0,0
BRDA:76,0,1,0
BRF:2
BRH:0
end_of_record
TN:
SF:src/views/Seedlot/MySeedlots/SeedlotDataTable/index.tsx
FN:44,(anonymous_1)
FN:48,(anonymous_2)
FN:65,(anonymous_3)
FN:78,(anonymous_4)
FN:86,(anonymous_5)
FN:87,(anonymous_6)
FN:117,(anonymous_7)
FN:44,(anonymous_8)
FNF:8
FNH:0
FNDA:0,(anonymous_1)
FNDA:0,(anonymous_2)
FNDA:0,(anonymous_3)
FNDA:0,(anonymous_4)
FNDA:0,(anonymous_5)
FNDA:0,(anonymous_6)
FNDA:0,(anonymous_7)
FNDA:0,(anonymous_8)
DA:44,72
DA:45,0
DA:46,0
DA:48,0
DA:49,0
DA:50,0
DA:52,0
DA:55,72
DA:57,0
DA:68,0
DA:79,0
DA:87,0
DA:118,0
DA:123,72
DA:125,72
LF:15
LH:4
BRDA:49,0,0,0
BRF:1
BRH:0
end_of_record
TN:
SF:src/views/Seedlot/SeedlotCreatedFeedback/index.tsx
FN:12,(anonymous_1)
FN:45,(anonymous_2)
FN:57,(anonymous_3)
FN:69,(anonymous_4)
FN:12,(anonymous_5)
FNF:5
FNH:0
FNDA:0,(anonymous_1)
FNDA:0,(anonymous_2)
FNDA:0,(anonymous_3)
FNDA:0,(anonymous_4)
FNDA:0,(anonymous_5)
DA:12,112
DA:13,0
DA:14,72
DA:16,0
DA:45,0
DA:57,0
DA:69,0
DA:82,72
DA:84,72
LF:9
LH:4
BRF:0
BRH:0
end_of_record
TN:
SF:src/views/Seedlot/SeedlotDashboard/index.tsx
FN:1,(anonymous_0)
FN:14,(anonymous_1)
FNF:2
FNH:1
FNDA:112,(anonymous_0)
FNDA:0,(anonymous_1)
DA:1,896
DA:14,112
DA:15,0
DA:29,112
DA:31,112
LF:5
LH:4
BRDA:1,0,0,224
BRDA:1,0,1,112
BRDA:1,1,0,112
BRF:3
BRH:3
end_of_record
TN:
SF:src/views/Seedlot/SeedlotDashboard/RecentSeedlots/constants.ts
FNF:0
FNH:0
DA:1,40
LF:1
LH:1
BRF:0
BRH:0
end_of_record
TN:
SF:src/views/Seedlot/SeedlotDashboard/RecentSeedlots/index.tsx
FN:1,(anonymous_0)
FN:13,(anonymous_1)
FNF:2
FNH:1
FNDA:40,(anonymous_0)
FNDA:0,(anonymous_1)
DA:1,360
DA:13,40
DA:14,0
DA:16,0
DA:18,0
DA:29,40
DA:31,40
LF:7
LH:4
BRDA:1,0,0,80
BRDA:1,0,1,40
BRDA:1,1,0,40
BRDA:16,2,0,0
BRDA:16,2,1,0
BRF:5
BRH:3
end_of_record
TN:
SF:src/views/Seedlot/SeedlotDetails/index.tsx
FN:35,(anonymous_1)
FN:39,(anonymous_2)
FN:43,(anonymous_3)
FN:47,(anonymous_4)
FN:51,(anonymous_5)
FN:56,(anonymous_6)
FN:60,(anonymous_7)
FN:66,(anonymous_8)
FN:73,(anonymous_9)
FN:80,(anonymous_10)
FN:81,(anonymous_11)
FN:51,(anonymous_12)
FNF:12
FNH:0
FNDA:0,(anonymous_1)
FNDA:0,(anonymous_2)
FNDA:0,(anonymous_3)
FNDA:0,(anonymous_4)
FNDA:0,(anonymous_5)
FNDA:0,(anonymous_6)
FNDA:0,(anonymous_7)
FNDA:0,(anonymous_8)
FNDA:0,(anonymous_9)
FNDA:0,(anonymous_10)
FNDA:0,(anonymous_11)
FNDA:0,(anonymous_12)
DA:32,112
DA:35,0
DA:39,0
DA:43,0
DA:47,0
DA:51,72
DA:52,0
DA:53,0
DA:54,0
DA:56,0
DA:57,0
DA:58,0
DA:59,0
DA:61,0
DA:62,0
DA:63,0
DA:68,0
DA:73,0
DA:75,72
DA:76,0
DA:80,0
DA:81,0
DA:143,72
DA:145,72
LF:24
LH:5
BRDA:57,0,0,0
BRDA:61,1,0,0
BRDA:61,2,0,0
BRDA:61,2,1,0
BRDA:88,3,0,0
BRDA:88,3,1,0
BRDA:106,4,0,0
BRDA:106,4,1,0
BRDA:123,5,0,0
BRDA:123,5,1,0
BRDA:127,6,0,0
BRDA:127,6,1,0
BRF:12
BRH:0
end_of_record
TN:
SF:src/views/Seedlot/SeedlotDetails/ApplicantInformation/index.tsx
FN:1,(anonymous_0)
FN:18,(anonymous_1)
FN:21,(anonymous_2)
FN:81,(anonymous_3)
FNF:4
FNH:1
FNDA:40,(anonymous_0)
FNDA:0,(anonymous_1)
FNDA:0,(anonymous_2)
FNDA:0,(anonymous_3)
DA:1,320
DA:18,40
DA:21,0
DA:22,0
DA:23,0
DA:27,0
DA:81,0
DA:167,40
DA:169,40
LF:9
LH:4
BRDA:1,0,0,80
BRDA:1,0,1,40
BRDA:1,1,0,40
BRDA:22,2,0,0
BRDA:39,3,0,0
BRDA:39,3,1,0
BRDA:48,4,0,0
BRDA:48,4,1,0
BRDA:55,5,0,0
BRDA:55,5,1,0
BRDA:64,6,0,0
BRDA:64,6,1,0
BRDA:71,7,0,0
BRDA:71,7,1,0
BRDA:80,8,0,0
BRDA:80,8,1,0
BRDA:90,9,0,0
BRDA:90,9,1,0
BRDA:99,10,0,0
BRDA:99,10,1,0
BRDA:106,11,0,0
BRDA:106,11,1,0
BRDA:115,12,0,0
BRDA:115,12,1,0
BRDA:122,13,0,0
BRDA:122,13,1,0
BRDA:131,14,0,0
BRDA:131,14,1,0
BRDA:131,15,0,0
BRDA:131,15,1,0
BRDA:138,16,0,0
BRDA:138,16,1,0
BRDA:147,17,0,0
BRDA:147,17,1,0
BRDA:147,18,0,0
BRDA:147,18,1,0
BRF:36
BRH:3
end_of_record
TN:
SF:src/views/Seedlot/SeedlotDetails/FormProgress/index.tsx
FN:1,(anonymous_0)
FN:19,(anonymous_1)
FN:44,(anonymous_2)
FN:19,(anonymous_3)
FNF:4
FNH:1
FNDA:40,(anonymous_0)
FNDA:0,(anonymous_1)
FNDA:0,(anonymous_2)
FNDA:0,(anonymous_3)
DA:1,360
DA:19,40
DA:20,40
DA:21,0
DA:22,0
DA:24,0
DA:44,0
DA:52,40
DA:54,40
LF:9
LH:5
BRDA:1,0,0,80
BRDA:1,0,1,40
BRDA:1,1,0,40
BRDA:21,2,0,0
BRDA:33,3,0,0
BRDA:33,3,1,0
BRDA:45,4,0,0
BRDA:45,4,1,0
BRF:8
BRH:3
end_of_record
TN:
SF:src/views/Seedlot/SeedlotDetails/SeedlotSummary/FieldValue.tsx
FN:5,(anonymous_0)
FNF:1
FNH:0
FNDA:0,(anonymous_0)
DA:5,40
DA:10,0
DA:11,0
DA:13,0
DA:14,0
DA:20,0
LF:6
LH:1
BRDA:10,0,0,0
BRDA:13,1,0,0
BRF:2
BRH:0
end_of_record
TN:
SF:src/views/Seedlot/SeedlotDetails/SeedlotSummary/Status.tsx
FN:6,(anonymous_0)
FNF:1
FNH:0
FNDA:0,(anonymous_0)
DA:6,40
DA:10,0
DA:11,0
DA:13,0
DA:14,0
DA:16,0
LF:6
LH:1
BRDA:10,0,0,0
BRDA:13,1,0,0
BRF:2
BRH:0
end_of_record
TN:
SF:src/views/Seedlot/SeedlotDetails/SeedlotSummary/index.tsx
FN:1,(anonymous_0)
FN:15,(anonymous_1)
FNF:2
FNH:1
FNDA:40,(anonymous_0)
FNDA:0,(anonymous_1)
DA:1,320
DA:15,40
DA:16,0
DA:81,40
DA:83,40
LF:5
LH:4
BRDA:1,0,0,80
BRDA:1,0,1,40
BRDA:1,1,0,40
BRF:3
BRH:3
end_of_record
TN:
SF:src/views/Seedlot/SeedlotRegistrationForm/constants.ts
FNF:0
FNH:0
DA:3,112
DA:36,112
LF:2
LH:2
BRF:0
BRH:0
end_of_record
TN:
SF:src/views/Seedlot/SeedlotRegistrationForm/index.tsx
FN:64,(anonymous_1)
FN:96,(anonymous_2)
FN:107,(anonymous_3)
FN:118,(anonymous_4)
FN:127,(anonymous_5)
FN:128,(anonymous_6)
FN:138,(anonymous_7)
FN:144,(anonymous_8)
FN:152,(anonymous_9)
FN:159,(anonymous_10)
FN:160,(anonymous_11)
FN:177,(anonymous_12)
FN:184,(anonymous_13)
FN:191,(anonymous_14)
FN:207,(anonymous_15)
FN:225,(anonymous_16)
FN:226,(anonymous_17)
FN:237,(anonymous_18)
FN:247,(anonymous_19)
FN:248,(anonymous_20)
FN:260,(anonymous_21)
FN:271,(anonymous_22)
FN:285,(anonymous_23)
FN:286,(anonymous_24)
FN:287,(anonymous_25)
FN:304,(anonymous_26)
FN:337,(anonymous_27)
FN:347,(anonymous_28)
FN:363,(anonymous_29)
FN:64,(anonymous_30)
FNF:30
FNH:0
FNDA:0,(anonymous_1)
FNDA:0,(anonymous_2)
FNDA:0,(anonymous_3)
FNDA:0,(anonymous_4)
FNDA:0,(anonymous_5)
FNDA:0,(anonymous_6)
FNDA:0,(anonymous_7)
FNDA:0,(anonymous_8)
FNDA:0,(anonymous_9)
FNDA:0,(anonymous_10)
FNDA:0,(anonymous_11)
FNDA:0,(anonymous_12)
FNDA:0,(anonymous_13)
FNDA:0,(anonymous_14)
FNDA:0,(anonymous_15)
FNDA:0,(anonymous_16)
FNDA:0,(anonymous_17)
FNDA:0,(anonymous_18)
FNDA:0,(anonymous_19)
FNDA:0,(anonymous_20)
FNDA:0,(anonymous_21)
FNDA:0,(anonymous_22)
FNDA:0,(anonymous_23)
FNDA:0,(anonymous_24)
FNDA:0,(anonymous_25)
FNDA:0,(anonymous_26)
FNDA:0,(anonymous_27)
FNDA:0,(anonymous_28)
FNDA:0,(anonymous_29)
FNDA:0,(anonymous_30)
DA:61,112
DA:62,112
DA:64,112
DA:65,0
DA:66,0
DA:68,0
DA:72,0
DA:75,0
DA:84,0
DA:89,0
DA:94,0
DA:96,0
DA:100,0
DA:105,0
DA:107,0
DA:110,0
DA:118,0
DA:119,0
DA:120,0
DA:121,0
DA:124,72
DA:128,0
DA:129,0
DA:130,0
DA:131,0
DA:132,0
DA:133,0
DA:138,0
DA:139,0
DA:140,0
DA:141,0
DA:144,0
DA:146,0
DA:152,0
DA:153,0
DA:154,0
DA:157,0
DA:158,0
DA:159,0
DA:161,0
DA:165,0
DA:166,0
DA:167,0
DA:168,0
DA:169,0
DA:170,0
DA:174,0
DA:177,0
DA:178,0
DA:179,0
DA:180,0
DA:181,0
DA:184,0
DA:185,0
DA:186,0
DA:187,0
DA:188,0
DA:191,0
DA:192,0
DA:193,0
DA:194,0
DA:196,0
DA:201,0
DA:204,0
DA:207,0
DA:216,0
DA:225,0
DA:226,0
DA:231,0
DA:237,0
DA:242,0
DA:247,0
DA:248,0
DA:254,0
DA:260,0
DA:265,0
DA:271,0
DA:275,0
DA:279,0
DA:285,0
DA:286,0
DA:287,0
DA:305,0
DA:306,0
DA:337,0
DA:347,0
DA:363,0
DA:379,72
DA:381,72
LF:89
LH:6
BRDA:66,0,0,0
BRDA:66,0,1,0
BRDA:129,1,0,0
BRDA:129,1,1,0
BRDA:130,2,0,0
BRDA:165,3,0,0
BRDA:168,4,0,0
BRDA:194,5,0,0
BRDA:194,5,1,0
BRDA:196,6,0,0
BRDA:196,6,1,0
BRDA:201,7,0,0
BRDA:201,7,1,0
BRDA:201,7,2,0
BRDA:201,7,3,0
BRDA:201,7,4,0
BRDA:201,7,5,0
BRDA:201,7,6,0
BRDA:224,8,0,0
BRDA:224,8,1,0
BRDA:315,9,0,0
BRDA:315,9,1,0
BRDA:315,10,0,0
BRDA:315,10,1,0
BRDA:315,10,2,0
BRDA:315,10,3,0
BRDA:315,10,4,0
BRDA:315,10,5,0
BRDA:331,11,0,0
BRDA:331,11,1,0
BRDA:357,12,0,0
BRDA:357,12,1,0
BRF:32
BRH:0
end_of_record
TN:
SF:src/views/Seedlot/SeedlotRegistrationForm/utils.ts
FN:14,(anonymous_0)
FN:70,(anonymous_1)
FN:82,(anonymous_2)
FN:95,(anonymous_3)
FN:114,(anonymous_4)
FN:125,(anonymous_5)
FN:134,(anonymous_6)
FN:152,(anonymous_7)
FN:157,(anonymous_8)
FN:168,(anonymous_9)
FN:171,(anonymous_10)
FN:183,(anonymous_11)
FNF:12
FNH:2
FNDA:112,(anonymous_0)
FNDA:40,(anonymous_1)
FNDA:0,(anonymous_2)
FNDA:0,(anonymous_3)
FNDA:0,(anonymous_4)
FNDA:0,(anonymous_5)
FNDA:0,(anonymous_6)
FNDA:0,(anonymous_7)
FNDA:0,(anonymous_8)
FNDA:0,(anonymous_9)
FNDA:0,(anonymous_10)
FNDA:0,(anonymous_11)
DA:14,112
DA:17,112
DA:70,112
DA:74,40
DA:75,40
DA:76,40
DA:77,40
DA:78,40
DA:79,40
DA:82,72
DA:85,40
DA:95,72
DA:96,40
DA:114,72
DA:115,0
DA:116,0
DA:117,0
DA:118,0
DA:119,0
DA:120,0
DA:122,40
DA:125,72
DA:126,40
DA:134,72
DA:138,40
DA:152,72
DA:153,0
DA:154,40
DA:157,72
DA:158,0
DA:159,40
DA:168,72
DA:169,0
DA:170,0
DA:171,0
DA:172,0
DA:173,0
DA:176,40
DA:183,72
DA:184,0
DA:185,0
DA:187,0
DA:188,0
DA:190,0
DA:191,0
DA:193,40
DA:194,0
DA:196,0
DA:197,0
DA:199,0
DA:200,0
DA:202,0
DA:203,0
DA:205,0
DA:206,0
DA:208,0
LF:56
LH:27
BRDA:172,0,0,0
BRDA:184,1,0,0
BRDA:187,2,0,0
BRDA:190,3,0,0
BRDA:193,4,0,0
BRDA:196,5,0,0
BRDA:199,6,0,0
BRDA:202,7,0,0
BRDA:205,8,0,0
BRF:9
BRH:0
end_of_record
